2026-05-16T17:40:15.467078Z NOTICE arc-keymintd[24002]: Post-stop arc-keymint
2026-05-16T17:40:17.320037Z INFO arc-prepare-host-generated-dir[24479]: INFO arc-prepare-host-generated-dir: [../../../../../tmp/portage/chromeos-base/arc-setup-0.0.1-r2482/work/arc-setup-0.0.1/arc/setup/arc_prepare_host_generated_dir_main.cc:34] Starting /usr/sbin/arc-prepare-host-generated-dir --log_tag=arc-prepare-host-generated-dir
2026-05-16T17:40:17.320127Z INFO arc-prepare-host-generated-dir[24479]: INFO arc-prepare-host-generated-dir: [../../../../../tmp/portage/chromeos-base/arc-setup-0.0.1-r2482/work/arc-setup-0.0.1/arc/setup/arc_setup.cc:2695] Debuggable is 0
2026-05-16T17:40:17.321358Z INFO arc-prepare-host-generated-dir[24479]: INFO arc-prepare-host-generated-dir: [../../../../../tmp/portage/chromeos-base/arc-setup-0.0.1-r2482/work/arc-setup-0.0.1/arc/setup/arc_setup.cc:2719] Running !ExpandPropertyFiles(property_files_source_dir, property_files_dest_path, modified_properties_dest_path, USE_ARCVM, hw_oemcrypto_support, true, debuggable, bus)...
2026-05-16T17:40:17.324378Z INFO arc-prepare-host-generated-dir[24479]: INFO arc-prepare-host-generated-dir: [../../../../../tmp/portage/chromeos-base/arc-setup-0.0.1-r2482/work/arc-setup-0.0.1/arc/setup/arc_setup.cc:2733] Running !GenerateFirstStageFstab( base::FilePath(kGeneratedPropertyFilesPathVm).Append("fstab"), base::FilePath(kArcVmVendorImagePath), cache_partition)...
2026-05-16T17:40:17.325412Z INFO arc-prepare-host-generated-dir[24479]: INFO arc-prepare-host-generated-dir: [../../../../../tmp/portage/chromeos-base/arc-setup-0.0.1-r2482/work/arc-setup-0.0.1/arc/setup/arc_prepare_host_generated_dir_main.cc:39] /usr/sbin/arc-prepare-host-generated-dir --log_tag=arc-prepare-host-generated-dir took 6ms
2026-05-18T17:59:50.224134Z INFO arc-prepare-host-generated-dir[2455]: INFO arc-prepare-host-generated-dir: [../../../../../tmp/portage/chromeos-base/arc-setup-0.0.1-r2482/work/arc-setup-0.0.1/arc/setup/arc_prepare_host_generated_dir_main.cc:34] Starting /usr/sbin/arc-prepare-host-generated-dir --log_tag=arc-prepare-host-generated-dir
2026-05-18T17:59:50.225281Z INFO arc-prepare-host-generated-dir[2455]: INFO arc-prepare-host-generated-dir: [../../../../../tmp/portage/chromeos-base/arc-setup-0.0.1-r2482/work/arc-setup-0.0.1/arc/setup/arc_setup.cc:2695] Debuggable is 0
2026-05-18T17:59:50.226137Z INFO arc-prepare-host-generated-dir[2455]: INFO arc-prepare-host-generated-dir: [../../../../../tmp/portage/chromeos-base/arc-setup-0.0.1-r2482/work/arc-setup-0.0.1/arc/setup/arc_setup.cc:2719] Running !ExpandPropertyFiles(property_files_source_dir, property_files_dest_path, modified_properties_dest_path, USE_ARCVM, hw_oemcrypto_support, true, debuggable, bus)...
2026-05-18T17:59:50.241690Z INFO arc-prepare-host-generated-dir[2455]: INFO arc-prepare-host-generated-dir: [../../../../../tmp/portage/chromeos-base/arc-setup-0.0.1-r2482/work/arc-setup-0.0.1/arc/setup/arc_setup.cc:2733] Running !GenerateFirstStageFstab( base::FilePath(kGeneratedPropertyFilesPathVm).Append("fstab"), base::FilePath(kArcVmVendorImagePath), cache_partition)...
2026-05-18T17:59:50.247398Z INFO arc-prepare-host-generated-dir[2455]: INFO arc-prepare-host-generated-dir: [../../../../../tmp/portage/chromeos-base/arc-setup-0.0.1-r2482/work/arc-setup-0.0.1/arc/setup/arc_prepare_host_generated_dir_main.cc:39] /usr/sbin/arc-prepare-host-generated-dir --log_tag=arc-prepare-host-generated-dir took 24ms
2026-05-18T18:00:24.528063Z NOTICE arc-keymintd[4878]: arc-keymint claiming its D-Bus name
2026-05-18T18:00:24.528064Z NOTICE arc-keymintd[4877]: Start arc-keymint
2026-05-18T18:00:24.528740Z NOTICE arc-keymintd[4879]: Executing: minijail0  -p -N -n --uts -l -e -S /usr/share/policy/arc-keymintd-seccomp.policy -u arc-keymintd -g arc-keymintd --profile minimalistic-mountns -k tmpfs,/sys,tmpfs,MS_NOEXEC|MS_NOSUID|MS_NODEV,mode=755,size=10M -k tmpfs,/var,tmpfs,MS_NOSUID|MS_NODEV|MS_NOEXEC,mode=755,size=10M -b /var/lib/metrics,,1 -k tmpfs,/run,tmpfs,MS_NODEV|MS_NOEXEC|MS_NOSUID,mode=755,size=10M -b /run/lock,,1 -b /run/dbus -- /usr/sbin/arc-keymintd
2026-05-18T18:00:24.566224Z INFO arc-keymintd[4885]: Running Daemon
2026-05-18T18:00:24.567095Z INFO arc-keymintd[4885]: Mojo init succeeded.
2026-05-18T18:00:24.567419Z INFO arc-keymintd[4885]: D-Bus registration succeeded
2026-05-18T18:00:24.567464Z INFO arc-keymintd[4885]: Receiving bootstrap mojo call from D-Bus client.
2026-05-18T18:00:24.603133Z INFO arc-keymintd[4885]: Mojo connection established.
2026-05-18T18:05:01.701665Z INFO arc-apk-cache-cleaner[7697]: Deleted 1 sessions
2026-05-18T18:05:01.705496Z INFO arc-apk-cache-cleaner[7697]: APK Cache cleaner succeeded.
