1970-01-01T00:00:00.000000Z y 0 ms
1970-01-01T00:00:00.000000Z I: power state 7 = G3S5, in 0x0078
2026-05-22T03:19:00.343000Z [293473.960400 PB PCH pwrbtn=LOW]
2026-05-22T03:19:00.345000Z [293473.962300 PB task 5 = lid-open]
2026-05-22T03:19:00.346000Z [293473.963700 PB task 5 = lid-open, wait 198500]
2026-05-22T03:19:00.347000Z [293473.964600 SW 0x01]
2026-05-22T03:19:00.355000Z [293473.972300 mkbp switches: 1]
2026-05-22T03:19:00.355000Z I: power state 2 = S5, in 0x100ab
2026-05-22T03:19:00.355000Z I: power state 2 = S5, in 0x300ab
2026-05-22T03:19:00.355000Z I: power state 2 = S5, in 0x300af
2026-05-22T03:19:00.355000Z I: power state 2 = S5, in 0x360a7
2026-05-22T03:19:00.551000Z [293474.167900 PB task 5 = lid-open]
2026-05-22T03:19:00.552000Z [293474.169400 PB PCH pwrbtn=HIGH]
2026-05-22T03:19:00.553000Z [293474.170400 PB task 0 = idle, wait -1]
2026-05-22T03:19:00.553000Z I: power state 2 = S5, in 0x300a7
2026-05-22T03:19:00.553000Z I: Clearing request to exit G3
2026-05-22T03:19:00.553000Z I: power state 8 = S5S4, in 0x38087
2026-05-22T03:19:00.553000Z I: power state 3 = S4, in 0x38087
2026-05-22T03:19:00.553000Z I: power state 9 = S4S3, in 0x38087
2026-05-22T03:19:00.653000Z [293474.270800 raa489000_init(1): DEVICE_ID=261]
2026-05-22T03:19:00.652000Z [293474.269700 PD:S5->S3]
2026-05-22T03:19:00.667000Z I: host sleep ev[293474.284600 C1: TCPC init ready]
2026-05-22T03:19:00.667000Z ent = 0
2026-05-22T03:19:00.667000Z I: power state 4 = S3, in 0x38087
2026-05-22T03:19:00.667000Z I: power state 10 = S3S0, in 0x38087
2026-05-22T03:19:00.675000Z [293474.292700 Motion pre-resume; loops 1; last 1416322 ms ago; a=0x0, s=0x0]
2026-05-22T03:19:00.683000Z [293474.300400 PD:S3->S0]
2026-05-22T03:19:00.684000Z [293474.301400 USB charge p0 m2 i0]
2026-05-22T03:19:00.685000Z [293474.302500 USB charge p1 m2 i0]
2026-05-22T03:19:00.685000Z I: power state 6 = S0, in 0x38087
2026-05-22T03:19:00.685000Z I: Reaching S0
2026-05-22T03:19:00.685000Z I: Turning on PWR_EC_PCH_SYS_PWROK
2026-05-22T03:19:00.685000Z I: power state 6 = S0, in 0x38d87
2026-05-22T03:19:00.753000Z [293474.369900 C1: Exit Low Power Mode]
2026-05-22T03:19:00.806000Z [293474.423400 C1: TCPC Enter Low Power Mode]
2026-05-22T03:19:01.009000Z [293474.626100 C0: No supported alt mode discovered]
2026-05-22T03:19:01.359000Z [293474.976400 MKBP not cleared within threshold, toggling.]
2026-05-22T03:19:01.359000Z I: power state 6 = S0, in 0x36da7
2026-05-22T03:19:01.359000Z I: power state 15 = S0S3, in 0x360a7
2026-05-22T03:19:01.536000Z [293475.153700 Motion pre-suspend; loops 1; last 1417183 ms ago; a=0x0, s=0x0]
2026-05-22T03:19:01.543000Z [293475.160000 raa489000_init(1): DEVICE_ID=261]
2026-05-22T03:19:01.541000Z [293475.158500 PD:S0->S3]
2026-05-22T03:19:01.541000Z I: host sleep event = 0
2026-05-22T03:19:01.557000Z I: po[293475.174200 C1: TCPC init ready]
2026-05-22T03:19:01.557000Z wer state 4 = S3, in 0x360a7
2026-05-22T03:19:01.557000Z I: power state 14 = S3S4, in 0x360a7
2026-05-22T03:19:01.557000Z I: power state 3 = S4, in 0x360a7
2026-05-22T03:19:01.557000Z I: power state 13 = S4S5, in 0x360a7
2026-05-22T03:19:01.574000Z [293475.191000 Motion pre-shutdown; loops 1; last 1417220 ms ago; a=0x0, s=0x0]
2026-05-22T03:19:01.576000Z [293475.193600 PD:S3->S5]
2026-05-22T03:19:01.577000Z [293475.194700 USB charge p0 m0 i0]
2026-05-22T03:19:01.579000Z [293475.196800 USB charge p1 m0 i0]
2026-05-22T03:19:01.579000Z I: power state 2 = S5, in 0x360a7
2026-05-22T03:19:01.641000Z [293475.258800 C1: Exit Low Power Mode]
2026-05-22T03:19:01.704000Z [293475.321300 C1: TCPC Enter Low Power Mode]
2026-05-22T03:19:02.361000Z [293475.978100 MKBP: The AP is failing to respond because it is sleeping or off]
2026-05-22T03:19:03.715000Z [293477.332800 Battery 27% (Display 25.1 %) / 3h:10 to full]
2026-05-22T03:19:03.715000Z I: power state 2 = S5, in 0x300a7
2026-05-22T03:19:03.715000Z I: Clearing request to exit G3
2026-05-22T03:19:03.715000Z I: power state 8 = S5S4, in 0x38087
2026-05-22T03:19:03.715000Z I: power state 3 = S4, in 0x38087
2026-05-22T03:19:03.715000Z I: power state 9 = S4S3, in 0x38087
2026-05-22T03:19:05.684000Z [293479.301500 raa489000_init(1): DEVICE_ID=261]
2026-05-22T03:19:05.683000Z [293479.300400 PD:S5->S3]
2026-05-22T03:19:05.698000Z I: host sleep[293479.315200 C1: TCPC init ready]
2026-05-22T03:19:05.698000Z  event = 0
2026-05-22T03:19:05.698000Z I: power state 4 = S3, in 0x38087
2026-05-22T03:19:05.698000Z I: power state 10 = S3S0, in 0x38087
2026-05-22T03:19:05.706000Z [293479.323500 Motion pre-resume; loops 1; last 1421353 ms ago; a=0x0, s=0x0]
2026-05-22T03:19:05.714000Z [293479.331000 PD:S3->S0]
2026-05-22T03:19:05.715000Z [293479.332100 USB charge p0 m2 i0]
2026-05-22T03:19:05.716000Z [293479.333600 USB charge p1 m2 i0]
2026-05-22T03:19:05.716000Z I: power state 6 = S0, in 0x38087
2026-05-22T03:19:05.716000Z I: Reaching S0
2026-05-22T03:19:05.716000Z I: Turning on PWR_EC_PCH_SYS_PWROK
2026-05-22T03:19:05.716000Z I: power state 6 = S0, in 0x38d87
2026-05-22T03:19:05.783000Z [293479.400600 C1: Exit Low Power Mode]
2026-05-22T03:19:05.837000Z [293479.454100 C1: TCPC Enter Low Power Mode]
2026-05-22T03:19:06.040000Z [293479.657100 C0: No supported alt mode discovered]
2026-05-22T03:19:06.446000Z [293480.063600 KB host not responding]
2026-05-22T03:19:06.610000Z [293480.227700 KB host not responding]
2026-05-22T03:19:06.706000Z [293480.323600 Executing host reboot command 5]
2026-05-22T03:19:06.783000Z [293480.400800 KB host not responding]
2026-05-22T03:19:06.894000Z [293480.511600 KB host not responding]
2026-05-22T03:19:07.034000Z [293480.651500 KB host not responding]
2026-05-22T03:19:07.135000Z [293480.752100 KB host not responding]
2026-05-22T03:19:07.492000Z [293481.109000 KB host not responding]
2026-05-22T03:19:08.126000Z [293481.743600 KB disable_scanning_mask changed: 0x00000002]
2026-05-22T03:19:08.128000Z [293481.745000 KB Clear Buffer]
2026-05-22T03:19:08.157000Z [293481.774000 power button pressed]
2026-05-22T03:19:08.158000Z [293481.775100 mkbp buttons: 1]
2026-05-22T03:19:08.159000Z [293481.776000 PB pressed]
2026-05-22T03:19:08.160000Z [293481.776900 PB task 1 = pressed]
2026-05-22T03:19:08.161000Z [293481.778200 SW 0x03]
2026-05-22T03:19:08.162000Z [293481.779700 PB PCH pwrbtn=LOW]
2026-05-22T03:19:08.170000Z [293481.786900 PB task 2 = t0, wait 22000]
2026-05-22T03:19:08.196000Z [293481.813300 PB task 2 = t0]
2026-05-22T03:19:08.197000Z [293481.814300 PB PCH pwrbtn=HIGH]
2026-05-22T03:19:08.198000Z [293481.815200 PB task 3 = t1, wait 3966100]
2026-05-22T03:19:08.353000Z [293481.970200 KB Clear Buffer]
2026-05-22T03:19:08.354000Z [293481.971500 KB Clear Buffer]
2026-05-22T03:19:08.356000Z [293481.972900 KB disable]
2026-05-22T03:19:08.357000Z [293481.974200 KB IRQ disable]
2026-05-22T03:19:08.358000Z [293481.975100 KB IRQ enable]
2026-05-22T03:19:08.362000Z [293481.979000 KB enable]
2026-05-22T03:19:08.364000Z [293481.981400 KS disable]
2026-05-22T03:19:08.368000Z [293481.985400 KB Clear Buffer]
2026-05-22T03:19:08.382000Z [293481.998900 KS enable]
2026-05-22T03:19:08.382000Z [293481.999700 KB Clear Buffer]
2026-05-22T03:19:08.382000Z I: host sleep event = 0
2026-05-22T03:19:10.636000Z [293483.918500 KB disable_scanning_mask changed: 0x00000000]
2026-05-22T03:19:10.638000Z [293483.919900 power button released]
2026-05-22T03:19:10.639000Z [293483.920900 mkbp buttons: 0]
2026-05-22T03:19:10.640000Z [293483.922600 PB released]
2026-05-22T03:19:10.643000Z [293483.925400 PB task 6 = released]
2026-05-22T03:19:10.644000Z [293483.926200 SW 0x01]
2026-05-22T03:19:10.649000Z [293483.930800 PB PCH pwrbtn=HIGH]
2026-05-22T03:19:10.656000Z [293483.937700 PB task 0 = idle, wait -1]
2026-05-22T03:19:24.107000Z [293497.413100 Battery 27% (Display 25.2 %) / 4h:19 to full]
2026-05-22T03:19:38.086000Z [293511.410100 Battery 27% (Display 25.3 %) / 3h:56 to full]
2026-05-22T03:19:43.075000Z [293516.416900 Battery 28% (Display 25.3 %) / 4h:13 to full]
2026-05-22T03:19:57.072000Z [293530.434700 Battery 28% (Display 25.4 %) / 3h:57 to full]
2026-05-22T03:20:12.053000Z [293545.452100 Battery 28% (Display 25.5 %) / 3h:50 to full]
2026-05-22T03:20:32.280000Z [293565.726700 Battery 28% (Display 25.6 %) / 4h:52 to full]
2026-05-22T03:20:59.268000Z [293592.766600 Battery 28% (Display 25.7 %) / 5h:45 to full]
2026-05-22T03:21:21.248000Z [293614.790600 Battery 28% (Display 25.8 %) / 5h:22 to full]
2026-05-22T03:21:47.483000Z [293641.078000 Battery 28% (Display 25.9 %) / 4h:49 to full]
2026-05-22T03:22:00.484000Z [293654.093800 Battery 28% (Display 26.0 %) / 3h:56 to full]
2026-05-22T03:22:13.474000Z [293667.114400 Battery 28% (Display 26.1 %) / 3h:43 to full]
2026-05-22T03:22:26.473000Z [293680.129700 Battery 28% (Display 26.2 %) / 3h:37 to full]
2026-05-22T03:22:39.505000Z [293693.177100 Battery 28% (Display 26.3 %) / 3h:39 to full]
2026-05-22T03:22:52.485000Z [293706.174400 Battery 28% (Display 26.4 %) / 3h:36 to full]
2026-05-22T03:22:52.736000Z [293706.425200 Battery 29% (Display 26.4 %) / 3h:36 to full]
2026-05-22T03:23:07.717000Z [293721.442000 Battery 29% (Display 26.5 %) / 3h:28 to full]
2026-05-22T03:23:19.713000Z [293733.458000 Battery 29% (Display 26.6 %) / 3h:26 to full]
2026-05-22T03:23:31.704000Z [293745.470900 Battery 29% (Display 26.7 %) / 3h:24 to full]
2026-05-22T03:23:43.696000Z [293757.485900 Battery 29% (Display 26.8 %) / 3h:24 to full]
2026-05-22T03:23:55.663000Z [293769.499300 Battery 29% (Display 26.9 %) / 3h:24 to full]
2026-05-22T03:24:07.905000Z [293781.763900 Battery 29% (Display 27.0 %) / 3h:23 to full]
2026-05-22T03:24:23.906000Z [293797.784900 Battery 29% (Display 27.1 %) / 3h:27 to full]
2026-05-22T03:24:35.898000Z [293809.799000 Battery 29% (Display 27.2 %) / 3h:24 to full]
2026-05-22T03:24:47.867000Z [293821.813100 Battery 29% (Display 27.3 %) / 3h:24 to full]
2026-05-22T03:24:59.859000Z [293833.825800 Battery 29% (Display 27.4 %) / 3h:22 to full]
2026-05-22T03:25:08.848000Z [293842.836900 Battery 30% (Display 27.4 %) / 3h:21 to full]
2026-05-22T03:25:11.850000Z [293845.839300 Battery 30% (Display 27.5 %) / 3h:22 to full]
2026-05-22T03:25:27.099000Z [293861.108700 Battery 30% (Display 27.6 %) / 3h:21 to full]
2026-05-22T03:25:39.057000Z [293873.121100 Battery 30% (Display 27.7 %) / 3h:21 to full]
2026-05-22T03:25:51.044000Z [293885.136900 Battery 30% (Display 27.8 %) / 3h:21 to full]
2026-05-22T03:26:03.026000Z [293897.148900 Battery 30% (Display 27.9 %) / 3h:21 to full]
2026-05-22T03:26:15.017000Z [293909.165400 Battery 30% (Display 28.0 %) / 3h:21 to full]
2026-05-22T03:26:27.253000Z [293921.427700 Battery 30% (Display 28.1 %) / 3h:20 to full]
2026-05-22T03:26:42.220000Z [293936.447400 Battery 30% (Display 28.2 %) / 3h:20 to full]
2026-05-22T03:26:54.204000Z [293948.459700 Battery 30% (Display 28.3 %) / 3h:20 to full]
2026-05-22T03:27:07.192000Z [293961.475300 Battery 30% (Display 28.4 %) / 3h:20 to full]
2026-05-22T03:27:19.433000Z [293973.743300 Battery 30% (Display 28.5 %) / 3h:21 to full]
2026-05-22T03:27:26.416000Z [293980.753800 Battery 31% (Display 28.5 %) / 3h:30 to full]
2026-05-22T03:27:32.395000Z [293986.758900 Battery 31% (Display 28.6 %) / 3h:28 to full]
2026-05-22T03:27:44.382000Z [293998.773500 Battery 31% (Display 28.7 %) / 3h:24 to full]
2026-05-22T03:28:00.377000Z [294014.793200 Battery 31% (Display 28.8 %) / 3h:29 to full]
2026-05-22T03:28:14.334000Z [294028.808900 Battery 31% (Display 28.9 %) / 3h:33 to full]
2026-05-22T03:28:27.571000Z [294042.073600 Battery 31% (Display 29.0 %) / 3h:29 to full]
2026-05-22T03:28:41.560000Z [294056.091100 Battery 31% (Display 29.1 %) / 3h:34 to full]
2026-05-22T03:28:53.533000Z [294068.105900 Battery 31% (Display 29.2 %) / 3h:25 to full]
2026-05-22T03:29:05.524000Z [294080.118700 Battery 31% (Display 29.3 %) / 3h:21 to full]
2026-05-22T03:29:22.529000Z [294097.144800 Battery 31% (Display 29.4 %) / 3h:28 to full]
2026-05-22T03:29:34.750000Z [294109.409000 Battery 31% (Display 29.5 %) / 3h:24 to full]
2026-05-22T03:29:47.741000Z [294122.424000 Battery 31% (Display 29.6 %) / 3h:23 to full]
2026-05-22T03:29:50.745000Z [294125.427800 Battery 32% (Display 29.6 %) / 3h:24 to full]
2026-05-22T03:30:00.734000Z [294135.438700 Battery 32% (Display 29.7 %) / 3h:33 to full]
2026-05-22T03:30:14.714000Z [294149.459800 Battery 32% (Display 29.8 %) / 3h:30 to full]
2026-05-22T03:30:36.699000Z [294171.491400 Battery 32% (Display 29.9 %) / 4h:16 to full]
2026-05-22T03:30:50.947000Z [294185.759100 Battery 32% (Display 30.0 %) / 3h:45 to full]
2026-05-22T03:31:03.951000Z [294198.780100 Battery 32% (Display 30.1 %) / 3h:34 to full]
2026-05-22T03:31:16.935000Z [294211.795600 Battery 32% (Display 30.2 %) / 3h:27 to full]
2026-05-22T03:31:37.933000Z [294232.825800 Battery 32% (Display 30.3 %) / 4h:21 to full]
2026-05-22T03:31:50.930000Z [294245.840000 Battery 32% (Display 30.4 %) / 3h:47 to full]
2026-05-22T03:32:07.164000Z [294262.112200 Battery 32% (Display 30.5 %) / 3h:29 to full]
2026-05-22T03:32:22.158000Z [294277.128600 Battery 32% (Display 30.6 %) / 3h:32 to full]
2026-05-22T03:32:40.138000Z [294295.153900 Battery 33% (Display 30.7 %) / 4h:19 to full]
2026-05-22T03:33:07.124000Z [294322.191700 Battery 33% (Display 30.8 %) / 5h:39 to full]
2026-05-22T03:33:30.340000Z [294345.469300 Battery 33% (Display 30.9 %) / 5h:11 to full]
2026-05-22T03:33:46.342000Z [294361.492800 Battery 33% (Display 31.0 %) / 4h:4 to full]
2026-05-22T03:34:02.318000Z [294377.511900 Battery 33% (Display 31.1 %) / 3h:28 to full]
2026-05-22T03:34:16.321000Z [294391.535500 Battery 33% (Display 31.2 %) / 3h:29 to full]
2026-05-22T03:34:28.561000Z [294403.797200 Battery 33% (Display 31.3 %) / 3h:24 to full]
2026-05-22T03:34:40.556000Z [294415.812000 Battery 33% (Display 31.4 %) / 3h:19 to full]
2026-05-22T03:34:53.540000Z [294428.834900 Battery 33% (Display 31.5 %) / 3h:22 to full]
2026-05-22T03:35:09.536000Z [294444.851700 Battery 33% (Display 31.6 %) / 3h:18 to full]
2026-05-22T03:35:21.532000Z [294456.868100 Battery 33% (Display 31.7 %) / 3h:22 to full]
2026-05-22T03:35:31.516000Z [294466.879100 Battery 34% (Display 31.7 %) / 3h:22 to full]
2026-05-22T03:35:34.491000Z [294469.883800 Battery 34% (Display 31.8 %) / 3h:22 to full]
2026-05-22T03:35:47.730000Z [294483.149900 Battery 34% (Display 31.9 %) / 3h:18 to full]
2026-05-22T03:35:59.715000Z [294495.163000 Battery 34% (Display 32.0 %) / 3h:15 to full]
2026-05-22T03:36:11.706000Z [294507.177400 Battery 34% (Display 32.1 %) / 3h:17 to full]
2026-05-22T03:36:27.673000Z [294523.197900 Battery 34% (Display 32.2 %) / 3h:19 to full]
2026-05-22T03:36:40.912000Z [294536.463200 Battery 34% (Display 32.3 %) / 3h:17 to full]
2026-05-22T03:36:52.904000Z [294548.480500 Battery 34% (Display 32.4 %) / 3h:16 to full]
2026-05-22T03:37:04.872000Z [294560.494300 Battery 34% (Display 32.5 %) / 3h:14 to full]
2026-05-22T03:37:17.861000Z [294573.508700 Battery 34% (Display 32.6 %) / 3h:14 to full]
2026-05-22T03:37:29.853000Z [294585.523200 Battery 34% (Display 32.7 %) / 3h:14 to full]
2026-05-22T03:37:44.850000Z [294600.542200 Battery 34% (Display 32.8 %) / 3h:13 to full]
2026-05-22T03:37:51.090000Z [294606.801300 Battery 35% (Display 32.8 %) / 3h:14 to full]
2026-05-22T03:37:58.079000Z [294613.809200 Battery 35% (Display 32.9 %) / 3h:15 to full]
2026-05-22T03:38:13.085000Z [294628.833400 Battery 35% (Display 33.0 %) / 3h:26 to full]
2026-05-22T03:38:26.082000Z [294641.873500 Battery 35% (Display 33.1 %) / 3h:23 to full]
2026-05-22T03:38:43.062000Z [294658.875600 Battery 35% (Display 33.2 %) / 3h:55 to full]
2026-05-22T03:39:03.286000Z [294679.150500 Battery 35% (Display 33.3 %) / 3h:40 to full]
2026-05-22T03:39:16.275000Z [294692.167700 Battery 35% (Display 33.4 %) / 3h:24 to full]
2026-05-22T03:39:33.250000Z [294709.197000 Battery 35% (Display 33.5 %) / 3h:45 to full]
2026-05-22T03:39:48.217000Z [294724.216500 Battery 35% (Display 33.6 %) / 3h:37 to full]
2026-05-22T03:40:00.210000Z [294736.231900 Battery 35% (Display 33.7 %) / 3h:19 to full]
2026-05-22T03:40:13.451000Z [294749.499200 Battery 35% (Display 33.8 %) / 3h:16 to full]
2026-05-22T03:40:28.443000Z [294764.516800 Battery 36% (Display 33.9 %) / 3h:14 to full]
2026-05-22T03:40:40.408000Z [294776.533100 Battery 36% (Display 34.0 %) / 3h:12 to full]
2026-05-22T03:40:53.398000Z [294789.546900 Battery 36% (Display 34.1 %) / 3h:13 to full]
2026-05-22T03:41:06.392000Z [294802.566500 Battery 36% (Display 34.2 %) / 3h:16 to full]
2026-05-22T03:41:18.633000Z [294814.831000 Battery 36% (Display 34.3 %) / 3h:12 to full]
2026-05-22T03:41:30.598000Z [294826.847200 Battery 36% (Display 34.4 %) / 3h:10 to full]
2026-05-22T03:41:46.594000Z [294842.864500 Battery 36% (Display 34.5 %) / 3h:9 to full]
2026-05-22T03:41:58.586000Z [294854.878900 Battery 36% (Display 34.6 %) / 3h:8 to full]
2026-05-22T03:42:10.579000Z [294866.891600 Battery 36% (Display 34.7 %) / 3h:11 to full]
2026-05-22T03:42:24.557000Z [294880.911500 Battery 36% (Display 34.8 %) / 3h:15 to full]
