Running /usr/bin/dev_debug_vboot 
+ date
Thu May 21 22:20:14 CDT 2026
# DEV_DEBUG_FORCE=()
# OPT_CLEANUP=(yes)
# OPT_BIOS=()
# OPT_FORCE=()
# OPT_IMAGE=()
# OPT_KERNEL=()
# FLAG_SAVE_LOG_FILE=(yes)
+ crossystem --all
act_fwver               = 0x00010001                     # [RO/int] Active firmware version
act_kernver             = (error)                        # [RO/int] Active kernel version
arch                    = x86                            # [RO/str] Platform architecture
backup_nvram_request    = 1                              # [RW/int] Backup the nvram somewhere at the next boot. Cleared on success.
battery_cutoff_request  = 0                              # [RW/int] Cut off battery and shutdown on next boot
block_devmode           = 1                              # [RW/int] Block all use of developer mode
board_id                = 5                              # [RO/int] Board hardware revision number
clear_tpm_owner_done    = 1                              # [RW/int] Clear TPM owner done
clear_tpm_owner_request = 0                              # [RW/int] Clear TPM owner on next boot
cros_debug              = 0                              # [RO/int] OS should allow debug features
dbg_reset               = 0                              # [RW/int] Debug reset mode request
debug_build             = 0                              # [RO/int] OS image built for debug features
dev_boot_altfw          = 0                              # [RW/int] Enable developer mode alternate bootloader
dev_boot_signed_only    = 0                              # [RW/int] Enable developer mode boot only from official kernels
dev_boot_usb            = 0                              # [RW/int] Enable developer mode boot from external disk (USB/SD)
dev_default_boot        = disk                           # [RW/str] Default boot from disk, altfw or usb
dev_enable_udc          = 0                              # [RW/int] Enable USB Device Controller
devsw_boot              = 0                              # [RO/int] Developer switch position at boot
devsw_cur               = 0                              # [RO/int] Developer switch current position
diagnostic_request      = 0                              # [RW/int] Request diagnostic rom run on next boot
disable_dev_request     = 0                              # [RW/int] Disable virtual dev-mode on next boot
ecfw_act                = RW                             # [RO/str] Active EC firmware
post_ec_sync_delay      = 0                              # [RW/int] Short delay after EC software sync (persistent, writable, eve only)
fw_prev_result          = unknown                        # [RO/str] Firmware result of previous boot
fw_prev_tried           = B                              # [RO/str] Firmware tried on previous boot (A or B)
fw_result               = success                        # [RW/str] Firmware result this boot
fw_tried                = B                              # [RO/str] Firmware tried this boot (A or B)
fw_try_count            = 0                              # [RW/int] Number of times to try fw_try_next
fw_try_next             = B                              # [RW/str] Firmware to try next (A or B)
fw_vboot2               = 1                              # [RO/int] 1 if firmware was selected by vboot2 or 0 otherwise
fwid                    = Google_Craask.15217.1007.0     # [RO/str] Active firmware ID
fwupdate_tries          = 0                              # [RW/int] Times to try OS firmware update (inside kern_nv)
hwid                    = CRAASKVIN-HOWA D4B-D3B-E4E-E2H-Q6I-A4Y # [RO/str] Hardware ID
inside_vm               = 0                              # [RO/int] Running in a VM?
kern_nv                 = 0x0010                         # [RO/int] Non-volatile field for kernel use
kernel_max_rollforward  = 0x00010007                     # [RW/int] Max kernel version to store into TPM
kernkey_vfy             = sig                            # [RO/str] Type of verification done on kernel keyblock
loc_idx                 = 0                              # [RW/int] Localization index for firmware screens
mainfw_act              = B                              # [RO/str] Active main firmware
mainfw_type             = normal                         # [RO/str] Active main firmware type
minios_priority         = A                              # [RW/str] miniOS image to try first (A or B)
nvram_cleared           = 0                              # [RW/int] Have NV settings been lost?  Write 0 to clear
display_request         = 0                              # [RW/int] Should we initialize the display at boot?
oem_lock                = 0                              # [RW/int] Device OEM Lock state
phase_enforcement       = (error)                        # [RO/int] Board should have full security settings applied
recovery_reason         = 0                              # [RO/int] Recovery mode reason for current boot
recovery_request        = 0                              # [RW/int] Recovery mode request
recovery_subcode        = 0                              # [RW/int] Recovery reason subcode
recoverysw_boot         = 0                              # [RO/int] Recovery switch position at boot
recoverysw_cur          = (error)                        # [RO/int] Recovery switch current position
recoverysw_ec_boot      = 0                              # [RO/int] Recovery switch position at EC boot
ro_fwid                 = Google_Craask.15217.439.0      # [RO/str] Read-only firmware ID
tpm_attack              = 0                              # [RW/int] TPM was interrupted since this flag was cleared
tpm_fwver               = 0x00010001                     # [RO/int] Firmware version stored in TPM
tpm_kernver             = 0x00010007                     # [RO/int] Kernel version stored in TPM
tpm_rebooted            = 0                              # [RO/int] TPM requesting repeated reboot
try_ro_sync             = 0                              # [RO/int] try read only software sync
vdat_flags              = 0x00008802                     # [RO/int] Flags from VbSharedData
vdat_lfdebug            = Check A result=0
Check B result=0
Firmware index booted=0x01
Active firmware version=0x00010001
Firmware version in TPM =0x00010001
Lowest combined version from firmware=0x00000000
 # [RO/str] LoadFirmware() debug data (not in print-all)
wipeout_request         = 0                              # [RW/int] Firmware requested factory reset (wipeout)
wpsw_cur                = 1                              # [RO/int] Firmware write protect hardware switch current position
+ rootdev -s
/dev/mmcblk0p3
+ ls -aCF /root
./  ../  .force_update_firmware
+ ls -aCF /mnt/stateful_partition
./   encrypted/     etc/   lost+found/	  unencrypted/
../  encrypted.key  home/  reboot_vault/  var_overlay/
+ cgpt show /dev/mmcblk0
       start        size    part  contents
           0           1          PMBR (Boot GUID: AF781C44-A84F-7348-B701-B49B898912E7)
           1           1          Pri GPT header
           2          32          Pri GPT table
    17321984    43487184       1  Label: "STATE"
                                  Type: Linux data
                                  UUID: 83E29312-E746-244E-AA06-82B9D88B8BF4
      405504       65536       2  Label: "KERN-A"
                                  Type: ChromeOS kernel
                                  UUID: CE82C505-7C71-B946-95DB-6350C75DF7D2
                                  Attr: priority=2 tries=0 successful=1 error_counter=0 
      471040     8388608       3  Label: "ROOT-A"
                                  Type: ChromeOS rootfs
                                  UUID: B4325F1F-FDAC-B044-8066-F7012B86C260
     8859648       65536       4  Label: "KERN-B"
                                  Type: ChromeOS kernel
                                  UUID: A4094C7E-0A3D-924F-9D9E-B6757E845DFE
                                  Attr: priority=1 tries=0 successful=1 error_counter=0 
     8925184     8388608       5  Label: "ROOT-B"
                                  Type: ChromeOS rootfs
                                  UUID: 295F7AD4-DD40-004D-A0B5-6EDD5ED829BE
      262208           1       6  Label: "KERN-C"
                                  Type: ChromeOS kernel
                                  UUID: D3AE8CD9-38E0-AC48-A4AA-F7CD0A2B8CAC
                                  Attr: priority=0 tries=15 successful=0 error_counter=0 
      262209           1       7  Label: "ROOT-C"
                                  Type: ChromeOS rootfs
                                  UUID: 500BF088-F52B-E449-85F0-A8C266A7E49B
      266240        8192       8  Label: "OEM"
                                  Type: Linux data
                                  UUID: 8522463E-D4A1-6D41-A798-A5CDCF4200A4
          64      262144       9  Label: "MINIOS-A"
                                  Type: ChromeOS miniOS
                                  UUID: 2552ED7C-3677-8247-8C73-2FDEBC7A4713
    60809168      262144      10  Label: "MINIOS-B"
                                  Type: ChromeOS miniOS
                                  UUID: 368BD4B0-3CBD-0B46-86A3-BB477710A25E
    17313792        8192      11  Label: "POWERWASH-DATA"
                                  Type: Linux data
                                  UUID: 0AA106FF-7198-4F4C-B9C7-170161A0F818
      274432      131072      12  Label: "EFI-SYSTEM"
                                  Type: EFI System Partition
                                  UUID: AF781C44-A84F-7348-B701-B49B898912E7
                                  Attr: legacy_boot=1 
    61071327          32          Sec GPT table
    61071359           1          Sec GPT header
+ futility flash --wp-status
Warning: Setting BIOS Control at 0xdc from 0x8b to 0x89 failed.
New value is 0x8b.
PR0: Warning: 0x0083d000-0x0085cfff is read-only.
GPR0: Warning: 0x00001000-0x0014ffff is read-only.
At least some flash regions are write protected. For write operations,
you should use a flash layout and include only writable regions. See
manpage for more details.
Warning: Setting BIOS Control at 0xdc from 0x8b to 0x89 failed.
New value is 0x8b.
PR0: Warning: 0x0083d000-0x0085cfff is read-only.
GPR0: Warning: 0x00001000-0x0014ffff is read-only.
At least some flash regions are write protected. For write operations,
you should use a flash layout and include only writable regions. See
manpage for more details.
WP status: enabled
# Extracting BIOS components...
# Reading BIOS image from flash...
+ futility read bios.rom
INFO: load_system_firmware: Reading SPI Flash (programmer internal)...
Warning: Setting BIOS Control at 0xdc from 0x8b to 0x89 failed.
New value is 0x8b.
PR0: Warning: 0x0083d000-0x0085cfff is read-only.
GPR0: Warning: 0x00001000-0x0014ffff is read-only.
At least some flash regions are write protected. For write operations,
you should use a flash layout and include only writable regions. See
manpage for more details.
Wrote AP firmware to bios.rom
+ futility dump_fmap -x bios.rom
hit at 0x00c06000
fmap_signature   __FMAP__
fmap_version:    1.1
fmap_base:       0x0
fmap_size:       0x01000000 (16777216)
fmap_name:       FLASH
fmap_nareas:     32
area:            1
area_offset:     0x00000000
area_size:       0x003a0000 (3801088)
area_name:       SI_ALL
saved as "SI_ALL"
area:            2
area_offset:     0x00000000
area_size:       0x00001000 (4096)
area_name:       SI_DESC
saved as "SI_DESC"
area:            3
area_offset:     0x00001000
area_size:       0x0039f000 (3796992)
area_name:       SI_ME
saved as "SI_ME"
area:            4
area_offset:     0x003a0000
area_size:       0x00c60000 (12976128)
area_name:       SI_BIOS
saved as "SI_BIOS"
area:            5
area_offset:     0x003a0000
area_size:       0x0039d000 (3788800)
area_name:       RW_SECTION_A
saved as "RW_SECTION_A"
area:            6
area_offset:     0x003a0000
area_size:       0x00002000 (8192)
area_name:       VBLOCK_A
saved as "VBLOCK_A"
area:            7
area_offset:     0x003a2000
area_size:       0x002347c0 (2312128)
area_name:       FW_MAIN_A
saved as "FW_MAIN_A"
area:            8
area_offset:     0x005d67c0
area_size:       0x00000040 (64)
area_name:       RW_FWID_A
saved as "RW_FWID_A"
area:            9
area_offset:     0x005d6800
area_size:       0x00166800 (1468416)
area_name:       ME_RW_A
saved as "ME_RW_A"
area:            10
area_offset:     0x0073d000
area_size:       0x00100000 (1048576)
area_name:       RW_LEGACY
saved as "RW_LEGACY"
area:            11
area_offset:     0x0083d000
area_size:       0x00026000 (155648)
area_name:       RW_MISC
saved as "RW_MISC"
area:            12
area_offset:     0x0083d000
area_size:       0x00020000 (131072)
area_name:       UNIFIED_MRC_CACHE
saved as "UNIFIED_MRC_CACHE"
area:            13
area_offset:     0x0083d000
area_size:       0x00010000 (65536)
area_name:       RECOVERY_MRC_CACHE
saved as "RECOVERY_MRC_CACHE"
area:            14
area_offset:     0x0084d000
area_size:       0x00010000 (65536)
area_name:       RW_MRC_CACHE
saved as "RW_MRC_CACHE"
area:            15
area_offset:     0x0085d000
area_size:       0x00001000 (4096)
area_name:       RW_ELOG
saved as "RW_ELOG"
area:            16
area_offset:     0x0085e000
area_size:       0x00001000 (4096)
area_name:       RW_SHARED
saved as "RW_SHARED"
area:            17
area_offset:     0x0085e000
area_size:       0x00001000 (4096)
area_name:       SHARED_DATA
saved as "SHARED_DATA"
area:            18
area_offset:     0x0085f000
area_size:       0x00002000 (8192)
area_name:       RW_VPD
saved as "RW_VPD"
area:            19
area_offset:     0x00861000
area_size:       0x00002000 (8192)
area_name:       RW_NVRAM
saved as "RW_NVRAM"
area:            20
area_offset:     0x00863000
area_size:       0x0039d000 (3788800)
area_name:       RW_SECTION_B
saved as "RW_SECTION_B"
area:            21
area_offset:     0x00863000
area_size:       0x00002000 (8192)
area_name:       VBLOCK_B
saved as "VBLOCK_B"
area:            22
area_offset:     0x00865000
area_size:       0x002347c0 (2312128)
area_name:       FW_MAIN_B
saved as "FW_MAIN_B"
area:            23
area_offset:     0x00a997c0
area_size:       0x00000040 (64)
area_name:       RW_FWID_B
saved as "RW_FWID_B"
area:            24
area_offset:     0x00a99800
area_size:       0x00166800 (1468416)
area_name:       ME_RW_B
saved as "ME_RW_B"
area:            25
area_offset:     0x00c00000
area_size:       0x00400000 (4194304)
area_name:       WP_RO
saved as "WP_RO"
area:            26
area_offset:     0x00c00000
area_size:       0x00004000 (16384)
area_name:       RO_VPD
saved as "RO_VPD"
area:            27
area_offset:     0x00c04000
area_size:       0x00002000 (8192)
area_name:       RO_GSCVD
saved as "RO_GSCVD"
area:            28
area_offset:     0x00c06000
area_size:       0x003fa000 (4169728)
area_name:       RO_SECTION
saved as "RO_SECTION"
area:            29
area_offset:     0x00c06000
area_size:       0x00000800 (2048)
area_name:       FMAP
saved as "FMAP"
area:            30
area_offset:     0x00c06800
area_size:       0x00000040 (64)
area_name:       RO_FRID
saved as "RO_FRID"
area:            31
area_offset:     0x00c07000
area_size:       0x00003000 (12288)
area_name:       GBB
saved as "GBB"
area:            32
area_offset:     0x00c0a000
area_size:       0x003f6000 (4153344)
area_name:       COREBOOT
saved as "COREBOOT"
# Pulling root and recovery keys from GBB...
+ futility gbb -g --rootkey rootkey.vbpubk --recoverykey recoverykey.vbpubk GBB
 - exported root_key to file: rootkey.vbpubk
 - exported recovery_key to file: recoverykey.vbpubk
+ futility vbutil_key --unpack rootkey.vbpubk
Public Key file:   rootkey.vbpubk
Algorithm:         8 RSA4096 SHA512
Key Version:       1
Key sha1sum:       3e073b0b6faffa08050bca136ebe62fb9550dead
+ futility vbutil_key --unpack recoverykey.vbpubk
Public Key file:   recoverykey.vbpubk
Algorithm:         8 RSA4096 SHA512
Key Version:       2
Key sha1sum:       10a46dba75ef67320422fe73148feb321d723cde
+ futility verify -P bios.rom
bios::RO_GSCVD::version::0.0
bios::RO_GSCVD::board_id::1213159233
bios::RO_GSCVD::board_id_string::HOWA
bios::RO_GSCVD::root_key::valid
bios::RO_GSCVD::root_key::api::1.0
bios::RO_GSCVD::root_key::algorithm::7::RSA4096 SHA256
bios::RO_GSCVD::root_key::version::1
bios::RO_GSCVD::root_key::sha1_sum::06c76668f2c6d270ae9e8f7925b7278d6b7fc36f
bios::GBB::version::1.2
bios::GBB::flags::0
bios::GBB::hwid::offset::128
bios::GBB::hwid::size::256
bios::GBB::bmpvf::offset::4480
bios::GBB::bmpvf::size::0
bios::GBB::root_key::offset::384
bios::GBB::root_key::size::4096
bios::GBB::recovery_key::offset::4480
bios::GBB::recovery_key::size::4096
bios::GBB::size::8576
bios::GBB::header::valid
bios::GBB::hwid::value::CRAASKVIN-HOWA D4B-D3B-E4E-E2H-Q6I-A4Y
bios::GBB::hwid::digest::algorithm::2::SHA256
bios::GBB::hwid::digest::hex::e47cc29c1c979e302d5677245fea560a53a9ad20964716012cfccf27253a2fe7
bios::GBB::hwid::digest::valid
bios::GBB::root_key::valid
bios::GBB::root_key::api::1.0
bios::GBB::root_key::algorithm::8::RSA4096 SHA512
bios::GBB::root_key::version::1
bios::GBB::root_key::sha1_sum::3e073b0b6faffa08050bca136ebe62fb9550dead
bios::GBB::recovery_key::valid
bios::GBB::recovery_key::api::1.0
bios::GBB::recovery_key::algorithm::8::RSA4096 SHA512
bios::GBB::recovery_key::version::2
bios::GBB::recovery_key::sha1_sum::10a46dba75ef67320422fe73148feb321d723cde
bios::VBLOCK_A::keyblock::valid
bios::VBLOCK_A::keyblock::size::1720
bios::VBLOCK_A::keyblock::signature::valid
bios::VBLOCK_A::keyblock::signature::size::512
bios::VBLOCK_A::keyblock::signature::data_size::1144
bios::VBLOCK_A::keyblock::flags::23::!DEV:DEV:!REC:!MINIOS
bios::VBLOCK_A::keyblock::data_key::algorithm::7::RSA4096 SHA256
bios::VBLOCK_A::keyblock::data_key::version::1
bios::VBLOCK_A::keyblock::data_key::sha1_sum::f764aa0dea62c1c9a01cbc8a1fb882f480a9bb8f
bios::VBLOCK_A::preamble::valid
bios::VBLOCK_A::preamble::signature::valid
bios::VBLOCK_A::preamble::size::2164
bios::VBLOCK_A::preamble::header_version::2.1
bios::VBLOCK_A::preamble::firmware_version::1
bios::VBLOCK_A::preamble::kernel_subkey::algorithm::8::RSA4096 SHA512
bios::VBLOCK_A::preamble::kernel_subkey::version::1
bios::VBLOCK_A::preamble::kernel_subkey::sha1_sum::402c0e0a5a22466caf7a2bc303e37e5411a171e2
bios::VBLOCK_A::preamble::flags::0
bios::VBLOCK_A::body::size::2036992
bios::VBLOCK_A::body::signature::valid
bios::VBLOCK_A::verified
bios::VBLOCK_B::keyblock::valid
bios::VBLOCK_B::keyblock::size::1720
bios::VBLOCK_B::keyblock::signature::valid
bios::VBLOCK_B::keyblock::signature::size::512
bios::VBLOCK_B::keyblock::signature::data_size::1144
bios::VBLOCK_B::keyblock::flags::23::!DEV:DEV:!REC:!MINIOS
bios::VBLOCK_B::keyblock::data_key::algorithm::7::RSA4096 SHA256
bios::VBLOCK_B::keyblock::data_key::version::1
bios::VBLOCK_B::keyblock::data_key::sha1_sum::f764aa0dea62c1c9a01cbc8a1fb882f480a9bb8f
bios::VBLOCK_B::preamble::valid
bios::VBLOCK_B::preamble::signature::valid
bios::VBLOCK_B::preamble::size::2164
bios::VBLOCK_B::preamble::header_version::2.1
bios::VBLOCK_B::preamble::firmware_version::1
bios::VBLOCK_B::preamble::kernel_subkey::algorithm::8::RSA4096 SHA512
bios::VBLOCK_B::preamble::kernel_subkey::version::1
bios::VBLOCK_B::preamble::kernel_subkey::sha1_sum::402c0e0a5a22466caf7a2bc303e37e5411a171e2
bios::VBLOCK_B::preamble::flags::0
bios::VBLOCK_B::body::size::2038528
bios::VBLOCK_B::body::signature::valid
bios::VBLOCK_B::verified
# Verify firmware A with root key: 
# OK
#   TPM=0x00010001, this=0x00010001
# Verify firmware B with root key: 
# OK
#   TPM=0x00010001, this=0x00010001
# Examining kernels...
# copying /dev/mmcblk0p2 to kern_0...
+ dd if=/dev/mmcblk0p2 of=kern_0
65536+0 records in
65536+0 records out
33554432 bytes (34 MB, 32 MiB) copied, 0.139823 s, 240 MB/s
# Kernel /dev/mmcblk0p2: 
+ futility vbutil_keyblock --unpack kern_0
Keyblock file:        kern_0
Signature             ignored
Flags:                23  !DEV DEV !REC !MINIOS
Data key algorithm:   4 RSA2048 SHA256
Data key version:     1
Data key sha1sum:     7062e04bf38ed9c6183e3c8e4e42840db8bd7c4d
# OK
#   Verify /dev/mmcblk0p2 with VBLOCK_A: 
+ futility verify -P --publickey VBLOCK_A kern_0
kernel::keyblock::valid
kernel::keyblock::size::1208
kernel::keyblock::signature::valid
kernel::keyblock::signature::size::512
kernel::keyblock::signature::data_size::632
kernel::keyblock::flags::23::!DEV:DEV:!REC:!MINIOS
kernel::keyblock::data_key::algorithm::4::RSA2048 SHA256
kernel::keyblock::data_key::version::1
kernel::keyblock::data_key::sha1_sum::7062e04bf38ed9c6183e3c8e4e42840db8bd7c4d
kernel::preamble::valid
kernel::preamble::signature::valid
kernel::preamble::size::64328
kernel::preamble::header_version::2.2
kernel::preamble::kernel_version::7
kernel::preamble::flags::0
kernel::body::address::1048576
kernel::body::size::12845056
kernel::bootloader::address::13873152
kernel::bootloader::size::0
kernel::vmlinuz_header::address::13873152
kernel::vmlinuz_header::size::20480
kernel::body::signature::valid
kernel::verified
# OK
#     TPM=0x00010007 this=0x00010007
#   Verify /dev/mmcblk0p2 with VBLOCK_B: 
+ futility verify -P --publickey VBLOCK_B kern_0
kernel::keyblock::valid
kernel::keyblock::size::1208
kernel::keyblock::signature::valid
kernel::keyblock::signature::size::512
kernel::keyblock::signature::data_size::632
kernel::keyblock::flags::23::!DEV:DEV:!REC:!MINIOS
kernel::keyblock::data_key::algorithm::4::RSA2048 SHA256
kernel::keyblock::data_key::version::1
kernel::keyblock::data_key::sha1_sum::7062e04bf38ed9c6183e3c8e4e42840db8bd7c4d
kernel::preamble::valid
kernel::preamble::signature::valid
kernel::preamble::size::64328
kernel::preamble::header_version::2.2
kernel::preamble::kernel_version::7
kernel::preamble::flags::0
kernel::body::address::1048576
kernel::body::size::12845056
kernel::bootloader::address::13873152
kernel::bootloader::size::0
kernel::vmlinuz_header::address::13873152
kernel::vmlinuz_header::size::20480
kernel::body::signature::valid
kernel::verified
# OK
#     TPM=0x00010007 this=0x00010007
#   Verify /dev/mmcblk0p2 with recoverykey.vbpubk: 
+ futility verify -P --publickey recoverykey.vbpubk kern_0
kernel::keyblock::valid
kernel::keyblock::size::1208
kernel::keyblock::signature::invalid
kernel::keyblock::signature::size::512
kernel::keyblock::signature::data_size::632
kernel::keyblock::flags::23::!DEV:DEV:!REC:!MINIOS
kernel::keyblock::data_key::algorithm::4::RSA2048 SHA256
kernel::keyblock::data_key::version::1
kernel::keyblock::data_key::sha1_sum::7062e04bf38ed9c6183e3c8e4e42840db8bd7c4d
kernel::preamble::valid
kernel::preamble::signature::valid
kernel::preamble::size::64328
kernel::preamble::header_version::2.2
kernel::preamble::kernel_version::7
kernel::preamble::flags::0
kernel::body::address::1048576
kernel::body::size::12845056
kernel::bootloader::address::13873152
kernel::bootloader::size::0
kernel::vmlinuz_header::address::13873152
kernel::vmlinuz_header::size::20480
kernel::body::signature::valid
# FAILED
# copying /dev/mmcblk0p4 to kern_1...
+ dd if=/dev/mmcblk0p4 of=kern_1
65536+0 records in
65536+0 records out
33554432 bytes (34 MB, 32 MiB) copied, 0.117602 s, 285 MB/s
# Kernel /dev/mmcblk0p4: 
+ futility vbutil_keyblock --unpack kern_1
Keyblock file:        kern_1
Signature             ignored
Flags:                23  !DEV DEV !REC !MINIOS
Data key algorithm:   4 RSA2048 SHA256
Data key version:     1
Data key sha1sum:     7062e04bf38ed9c6183e3c8e4e42840db8bd7c4d
# OK
#   Verify /dev/mmcblk0p4 with VBLOCK_A: 
+ futility verify -P --publickey VBLOCK_A kern_1
kernel::keyblock::valid
kernel::keyblock::size::1208
kernel::keyblock::signature::valid
kernel::keyblock::signature::size::512
kernel::keyblock::signature::data_size::632
kernel::keyblock::flags::23::!DEV:DEV:!REC:!MINIOS
kernel::keyblock::data_key::algorithm::4::RSA2048 SHA256
kernel::keyblock::data_key::version::1
kernel::keyblock::data_key::sha1_sum::7062e04bf38ed9c6183e3c8e4e42840db8bd7c4d
kernel::preamble::valid
kernel::preamble::signature::valid
kernel::preamble::size::64328
kernel::preamble::header_version::2.2
kernel::preamble::kernel_version::7
kernel::preamble::flags::0
kernel::body::address::1048576
kernel::body::size::12914688
kernel::bootloader::address::13942784
kernel::bootloader::size::0
kernel::vmlinuz_header::address::13942784
kernel::vmlinuz_header::size::20480
kernel::body::signature::valid
kernel::verified
# OK
#     TPM=0x00010007 this=0x00010007
#   Verify /dev/mmcblk0p4 with VBLOCK_B: 
+ futility verify -P --publickey VBLOCK_B kern_1
kernel::keyblock::valid
kernel::keyblock::size::1208
kernel::keyblock::signature::valid
kernel::keyblock::signature::size::512
kernel::keyblock::signature::data_size::632
kernel::keyblock::flags::23::!DEV:DEV:!REC:!MINIOS
kernel::keyblock::data_key::algorithm::4::RSA2048 SHA256
kernel::keyblock::data_key::version::1
kernel::keyblock::data_key::sha1_sum::7062e04bf38ed9c6183e3c8e4e42840db8bd7c4d
kernel::preamble::valid
kernel::preamble::signature::valid
kernel::preamble::size::64328
kernel::preamble::header_version::2.2
kernel::preamble::kernel_version::7
kernel::preamble::flags::0
kernel::body::address::1048576
kernel::body::size::12914688
kernel::bootloader::address::13942784
kernel::bootloader::size::0
kernel::vmlinuz_header::address::13942784
kernel::vmlinuz_header::size::20480
kernel::body::signature::valid
kernel::verified
# OK
#     TPM=0x00010007 this=0x00010007
#   Verify /dev/mmcblk0p4 with recoverykey.vbpubk: 
+ futility verify -P --publickey recoverykey.vbpubk kern_1
kernel::keyblock::valid
kernel::keyblock::size::1208
kernel::keyblock::signature::invalid
kernel::keyblock::signature::size::512
kernel::keyblock::signature::data_size::632
kernel::keyblock::flags::23::!DEV:DEV:!REC:!MINIOS
kernel::keyblock::data_key::algorithm::4::RSA2048 SHA256
kernel::keyblock::data_key::version::1
kernel::keyblock::data_key::sha1_sum::7062e04bf38ed9c6183e3c8e4e42840db8bd7c4d
kernel::preamble::valid
kernel::preamble::signature::valid
kernel::preamble::size::64328
kernel::preamble::header_version::2.2
kernel::preamble::kernel_version::7
kernel::preamble::flags::0
kernel::body::address::1048576
kernel::body::size::12914688
kernel::bootloader::address::13942784
kernel::bootloader::size::0
kernel::vmlinuz_header::address::13942784
kernel::vmlinuz_header::size::20480
kernel::body::signature::valid
# FAILED
# copying /dev/mmcblk0p6 to kern_2...
+ dd if=/dev/mmcblk0p6 of=kern_2
1+0 records in
1+0 records out
512 bytes copied, 0.00396796 s, 129 kB/s
# Kernel /dev/mmcblk0p6: 
+ futility vbutil_keyblock --unpack kern_2
Invalid keyblock file: kern_2
ERROR: Unpack: vbutil_keyblock: Error reading keyblock.
# FAILED
+ od -Ax -tx1 kern_2 | head
000000 00 00 00 00 00 00 00 00 00 00 00 00 00 00 00 00
*
000200
# Report UMA metrics: System firmware matched OS bundled firmware.
