2026-05-13T15:18:40.458277Z INFO fwupd[3741]: FuContext            battery level now 56
2026-05-13T15:22:10.486085Z INFO fwupd[3741]: FuContext            battery level now 55
2026-05-13T15:25:40.524767Z INFO fwupd[3741]: FuContext            battery level now 54
2026-05-13T15:29:10.552245Z INFO fwupd[3741]: FuContext            battery level now 53
2026-05-13T15:32:40.584208Z INFO fwupd[3741]: FuContext            battery level now 52
2026-05-13T15:36:10.614743Z INFO fwupd[3741]: FuContext            battery level now 51
2026-05-13T16:43:36.314398Z INFO fwupd[3741]: FuEngine             failed to add device /sys/devices/pci0000:00/0000:00:16.0/0000:00:16.0-dd17041c-09ea-4b17-a271-5b989867ec65: failed to setup: failed to connect to MCHI: 00cbe07e8537eec788c9f80b2d9f40e4bf5e16d2 [BootGuard Configuration] has not been opened
2026-05-13T16:43:36.330057Z INFO fwupd[3741]: FuEngine             failed to add device /sys/devices/pci0000:00/0000:00:16.0/0000:00:16.0-dd17041c-09ea-4b17-a271-5b989867ec65: failed to setup: failed to connect to MKHI: 1d10887a051b3991a3314f760163248231628504 [BootGuard Configuration] has not been opened
2026-05-13T16:43:36.350880Z INFO fwupd[3741]: FuEngine             failed to add device /sys/devices/pci0000:00/0000:00:16.0/0000:00:16.0-8c2f4425-77d6-4755-aca3-891fdbc66a58: failed to setup: failed to connect to MCHI: 00cbe07e8537eec788c9f80b2d9f40e4bf5e16d2 [BootGuard Configuration] has not been opened
2026-05-13T16:43:36.365590Z INFO fwupd[3741]: FuEngine             failed to add device /sys/devices/pci0000:00/0000:00:16.0/0000:00:16.0-8c2f4425-77d6-4755-aca3-891fdbc66a58: failed to setup: failed to connect to MKHI: 1d10887a051b3991a3314f760163248231628504 [BootGuard Configuration] has not been opened
2026-05-13T16:43:36.396155Z INFO fwupd[3741]: FuEngine             failed to add device /sys/devices/pci0000:00/0000:00:16.0/0000:00:16.0-42b3ce2f-bd9f-485a-96ae-26406230b1ff: failed to setup: failed to connect to MCHI: 00cbe07e8537eec788c9f80b2d9f40e4bf5e16d2 [BootGuard Configuration] has not been opened
2026-05-13T16:43:36.403152Z INFO fwupd[3741]: FuEngine             failed to add device /sys/devices/pci0000:00/0000:00:16.0/0000:00:16.0-42b3ce2f-bd9f-485a-96ae-26406230b1ff: failed to setup: failed to connect to MKHI: 1d10887a051b3991a3314f760163248231628504 [BootGuard Configuration] has not been opened
2026-05-13T16:43:36.421035Z INFO fwupd[3741]: FuEngine             failed to add device /sys/devices/pci0000:00/0000:00:16.0/0000:00:16.0-b638ab7e-94e2-4ea2-a552-d1c54b627f04: failed to setup: failed to connect to MCHI: 00cbe07e8537eec788c9f80b2d9f40e4bf5e16d2 [BootGuard Configuration] has not been opened
2026-05-13T16:43:36.428758Z INFO fwupd[3741]: FuEngine             failed to add device /sys/devices/pci0000:00/0000:00:16.0/0000:00:16.0-b638ab7e-94e2-4ea2-a552-d1c54b627f04: failed to setup: failed to connect to MKHI: 1d10887a051b3991a3314f760163248231628504 [BootGuard Configuration] has not been opened
2026-05-13T16:43:36.438240Z INFO fwupd[3741]: FuEngine             failed to add device /sys/devices/pci0000:00/0000:00:16.0/0000:00:16.0-fbf6fcf1-96cf-4e2e-a6a6-1bab8cbe36b1: failed to setup: failed to connect to MCHI: 00cbe07e8537eec788c9f80b2d9f40e4bf5e16d2 [BootGuard Configuration] has not been opened
2026-05-13T16:43:36.442568Z INFO fwupd[3741]: FuEngine             failed to add device /sys/devices/pci0000:00/0000:00:16.0/0000:00:16.0-fbf6fcf1-96cf-4e2e-a6a6-1bab8cbe36b1: failed to setup: failed to connect to MKHI: 1d10887a051b3991a3314f760163248231628504 [BootGuard Configuration] has not been opened
2026-05-13T16:43:36.451649Z INFO fwupd[3741]: FuEngine             failed to add device /sys/devices/pci0000:00/0000:00:16.0/0000:00:16.0-6861ec7b-d07a-4673-856c-7f22b4d55769: failed to setup: failed to connect to MCHI: 00cbe07e8537eec788c9f80b2d9f40e4bf5e16d2 [BootGuard Configuration] has not been opened
2026-05-13T16:43:36.456359Z INFO fwupd[3741]: FuEngine             failed to add device /sys/devices/pci0000:00/0000:00:16.0/0000:00:16.0-6861ec7b-d07a-4673-856c-7f22b4d55769: failed to setup: failed to connect to MKHI: 1d10887a051b3991a3314f760163248231628504 [BootGuard Configuration] has not been opened
2026-05-13T16:43:36.466043Z INFO fwupd[3741]: FuEngine             failed to add device /sys/devices/pci0000:00/0000:00:16.0/0000:00:16.0-8e6a6715-9abc-4043-88ef-9e39c6f63e0f: failed to setup: failed to connect to MCHI: 00cbe07e8537eec788c9f80b2d9f40e4bf5e16d2 [BootGuard Configuration] has not been opened
2026-05-13T16:43:36.470813Z INFO fwupd[3741]: FuEngine             failed to add device /sys/devices/pci0000:00/0000:00:16.0/0000:00:16.0-8e6a6715-9abc-4043-88ef-9e39c6f63e0f: failed to setup: failed to connect to MKHI: 1d10887a051b3991a3314f760163248231628504 [BootGuard Configuration] has not been opened
2026-05-13T16:43:36.480668Z INFO fwupd[3741]: FuEngine             failed to add device /sys/devices/pci0000:00/0000:00:16.0/0000:00:16.0-082ee5a7-7c25-470a-9643-0c06f0466ea1: failed to setup: failed to connect to MCHI: 00cbe07e8537eec788c9f80b2d9f40e4bf5e16d2 [BootGuard Configuration] has not been opened
2026-05-13T16:43:36.485328Z INFO fwupd[3741]: FuEngine             failed to add device /sys/devices/pci0000:00/0000:00:16.0/0000:00:16.0-082ee5a7-7c25-470a-9643-0c06f0466ea1: failed to setup: failed to connect to MKHI: 1d10887a051b3991a3314f760163248231628504 [BootGuard Configuration] has not been opened
2026-05-13T16:43:36.500497Z INFO fwupd[3741]: FuEngine             failed to add device /sys/devices/pci0000:00/0000:00:16.0/0000:00:16.0-55213584-9a29-4916-badf-0fb7ed682aeb: failed to setup: failed to connect to MCHI: 00cbe07e8537eec788c9f80b2d9f40e4bf5e16d2 [BootGuard Configuration] has not been opened
2026-05-13T16:43:36.507154Z INFO fwupd[3741]: FuEngine             failed to add device /sys/devices/pci0000:00/0000:00:16.0/0000:00:16.0-55213584-9a29-4916-badf-0fb7ed682aeb: failed to setup: failed to connect to MKHI: 1d10887a051b3991a3314f760163248231628504 [BootGuard Configuration] has not been opened
2026-05-13T16:45:41.449607Z INFO fwupd[3741]: FuContext            battery level now 50
2026-05-13T16:50:41.498716Z INFO fwupd[3741]: FuContext            battery level now 49
2026-05-13T16:54:41.537307Z INFO fwupd[3741]: FuContext            battery level now 48
2026-05-13T16:57:41.566024Z INFO fwupd[3741]: FuContext            battery level now 47
2026-05-13T17:02:41.617693Z INFO fwupd[3741]: FuContext            battery level now 46
2026-05-13T17:41:48.289226Z INFO fwupd[3741]: FuEngine             failed to add device /sys/devices/pci0000:00/0000:00:16.0/0000:00:16.0-55213584-9a29-4916-badf-0fb7ed682aeb: failed to setup: failed to connect to MCHI: 00cbe07e8537eec788c9f80b2d9f40e4bf5e16d2 [BootGuard Configuration] has not been opened
2026-05-13T17:41:48.303558Z INFO fwupd[3741]: FuEngine             failed to add device /sys/devices/pci0000:00/0000:00:16.0/0000:00:16.0-55213584-9a29-4916-badf-0fb7ed682aeb: failed to setup: failed to connect to MKHI: 1d10887a051b3991a3314f760163248231628504 [BootGuard Configuration] has not been opened
2026-05-13T17:41:48.316596Z INFO fwupd[3741]: FuEngine             failed to add device /sys/devices/pci0000:00/0000:00:16.0/0000:00:16.0-dd17041c-09ea-4b17-a271-5b989867ec65: failed to setup: failed to connect to MCHI: 00cbe07e8537eec788c9f80b2d9f40e4bf5e16d2 [BootGuard Configuration] has not been opened
2026-05-13T17:41:48.327229Z INFO fwupd[3741]: FuEngine             failed to add device /sys/devices/pci0000:00/0000:00:16.0/0000:00:16.0-dd17041c-09ea-4b17-a271-5b989867ec65: failed to setup: failed to connect to MKHI: 1d10887a051b3991a3314f760163248231628504 [BootGuard Configuration] has not been opened
2026-05-13T17:41:48.340363Z INFO fwupd[3741]: FuEngine             failed to add device /sys/devices/pci0000:00/0000:00:16.0/0000:00:16.0-082ee5a7-7c25-470a-9643-0c06f0466ea1: failed to setup: failed to connect to MCHI: 00cbe07e8537eec788c9f80b2d9f40e4bf5e16d2 [BootGuard Configuration] has not been opened
2026-05-13T17:41:48.348292Z INFO fwupd[3741]: FuEngine             failed to add device /sys/devices/pci0000:00/0000:00:16.0/0000:00:16.0-082ee5a7-7c25-470a-9643-0c06f0466ea1: failed to setup: failed to connect to MKHI: 1d10887a051b3991a3314f760163248231628504 [BootGuard Configuration] has not been opened
2026-05-13T17:41:48.362412Z INFO fwupd[3741]: FuEngine             failed to add device /sys/devices/pci0000:00/0000:00:16.0/0000:00:16.0-6861ec7b-d07a-4673-856c-7f22b4d55769: failed to setup: failed to connect to MCHI: 00cbe07e8537eec788c9f80b2d9f40e4bf5e16d2 [BootGuard Configuration] has not been opened
2026-05-13T17:41:48.367451Z INFO fwupd[3741]: FuEngine             failed to add device /sys/devices/pci0000:00/0000:00:16.0/0000:00:16.0-6861ec7b-d07a-4673-856c-7f22b4d55769: failed to setup: failed to connect to MKHI: 1d10887a051b3991a3314f760163248231628504 [BootGuard Configuration] has not been opened
2026-05-13T17:41:48.378302Z INFO fwupd[3741]: FuEngine             failed to add device /sys/devices/pci0000:00/0000:00:16.0/0000:00:16.0-8c2f4425-77d6-4755-aca3-891fdbc66a58: failed to setup: failed to connect to MCHI: 00cbe07e8537eec788c9f80b2d9f40e4bf5e16d2 [BootGuard Configuration] has not been opened
2026-05-13T17:41:48.385712Z INFO fwupd[3741]: FuEngine             failed to add device /sys/devices/pci0000:00/0000:00:16.0/0000:00:16.0-8c2f4425-77d6-4755-aca3-891fdbc66a58: failed to setup: failed to connect to MKHI: 1d10887a051b3991a3314f760163248231628504 [BootGuard Configuration] has not been opened
2026-05-13T17:41:48.395309Z INFO fwupd[3741]: FuEngine             failed to add device /sys/devices/pci0000:00/0000:00:16.0/0000:00:16.0-fbf6fcf1-96cf-4e2e-a6a6-1bab8cbe36b1: failed to setup: failed to connect to MCHI: 00cbe07e8537eec788c9f80b2d9f40e4bf5e16d2 [BootGuard Configuration] has not been opened
2026-05-13T17:41:48.399574Z INFO fwupd[3741]: FuEngine             failed to add device /sys/devices/pci0000:00/0000:00:16.0/0000:00:16.0-fbf6fcf1-96cf-4e2e-a6a6-1bab8cbe36b1: failed to setup: failed to connect to MKHI: 1d10887a051b3991a3314f760163248231628504 [BootGuard Configuration] has not been opened
2026-05-13T17:41:48.412170Z INFO fwupd[3741]: FuEngine             failed to add device /sys/devices/pci0000:00/0000:00:16.0/0000:00:16.0-b638ab7e-94e2-4ea2-a552-d1c54b627f04: failed to setup: failed to connect to MCHI: 00cbe07e8537eec788c9f80b2d9f40e4bf5e16d2 [BootGuard Configuration] has not been opened
2026-05-13T17:41:48.421223Z INFO fwupd[3741]: FuEngine             failed to add device /sys/devices/pci0000:00/0000:00:16.0/0000:00:16.0-b638ab7e-94e2-4ea2-a552-d1c54b627f04: failed to setup: failed to connect to MKHI: 1d10887a051b3991a3314f760163248231628504 [BootGuard Configuration] has not been opened
2026-05-13T17:41:48.426481Z INFO fwupd[3741]: FuEngine             failed to add device /sys/devices/pci0000:00/0000:00:16.0/0000:00:16.0-42b3ce2f-bd9f-485a-96ae-26406230b1ff: failed to setup: failed to connect to MCHI: 00cbe07e8537eec788c9f80b2d9f40e4bf5e16d2 [BootGuard Configuration] has not been opened
2026-05-13T17:41:48.431810Z INFO fwupd[3741]: FuEngine             failed to add device /sys/devices/pci0000:00/0000:00:16.0/0000:00:16.0-42b3ce2f-bd9f-485a-96ae-26406230b1ff: failed to setup: failed to connect to MKHI: 1d10887a051b3991a3314f760163248231628504 [BootGuard Configuration] has not been opened
2026-05-13T17:41:48.442931Z INFO fwupd[3741]: FuEngine             failed to add device /sys/devices/pci0000:00/0000:00:16.0/0000:00:16.0-8e6a6715-9abc-4043-88ef-9e39c6f63e0f: failed to setup: failed to connect to MCHI: 00cbe07e8537eec788c9f80b2d9f40e4bf5e16d2 [BootGuard Configuration] has not been opened
2026-05-13T17:41:48.447709Z INFO fwupd[3741]: FuEngine             failed to add device /sys/devices/pci0000:00/0000:00:16.0/0000:00:16.0-8e6a6715-9abc-4043-88ef-9e39c6f63e0f: failed to setup: failed to connect to MKHI: 1d10887a051b3991a3314f760163248231628504 [BootGuard Configuration] has not been opened
2026-05-13T17:42:28.000727Z WARNING fwupdtool-activate[66858]: Decompressing…: 0%
2026-05-13T17:42:28.003985Z WARNING fwupdtool-activate[66858]: [31m[1mWARNING[0m: UEFI ESP partition not detected or configured
2026-05-13T17:42:28.003985Z WARNING fwupdtool-activate[66858]: See https://github.com/fwupd/fwupd/wiki/PluginFlag:esp-not-found for more information.
2026-05-13T17:42:28.005257Z WARNING fwupdtool-activate[66858]: No firmware to activate
2026-05-13T17:42:29.099447Z INFO fwupd[3741]: FuMain               Received SIGTERM
2026-05-13T17:43:24.151310Z INFO fwupd[3821]: FuDebug              verbose to info (on console 0)
2026-05-13T17:43:24.173194Z INFO fwupd[3821]: FuRemoteList         loading remote from /etc/fwupd/remotes.d/fwupd-peripherals.conf
2026-05-13T17:43:24.186405Z INFO fwupd[3821]: FuRemoteList         loading remote from /etc/fwupd/remotes.d/lvfs-testing.conf
2026-05-13T17:43:24.189489Z INFO fwupd[3821]: FuRemoteList         loading remote from /etc/fwupd/remotes.d/lvfs.conf
2026-05-13T17:43:24.189914Z INFO fwupd[3821]: FuRemoteList         auto-fixing remote lvfs MetadataURI from https://storage.googleapis.com/chromeos-localmirror/lvfs/firmware.xml.xz to https://storage.googleapis.com/chromeos-localmirror/lvfs/firmware.xml.zst
2026-05-13T17:43:24.203170Z INFO fwupd[3821]: FuRemoteList         loading remote from /etc/fwupd/remotes.d/vendor-directory.conf
2026-05-13T17:43:24.203170Z INFO fwupd[3821]: FuRemoteList         enabled remotes: fwupd-peripherals[1000], vendor-directory[1000], lvfs[0]
2026-05-13T17:43:24.235771Z INFO fwupd[3821]: FuEngine             client certificate now exists: nothing to do
2026-05-13T17:43:26.550674Z INFO fwupd[3821]: FuQuirks             loading quirks from /usr/share/fwupd/quirks.d
2026-05-13T17:43:26.566549Z INFO fwupd[3821]: FuQuirks             loading quirks from /var/lib/fwupd/quirks.d
2026-05-13T17:43:26.679446Z INFO fwupd[3821]: FuContext            failed to load smbios: Failed to open file "/sys/firmware/dmi/tables/smbios_entry_point": Permission denied
2026-05-13T17:43:26.679674Z INFO fwupd[3821]: FuContext            failed to load fdt: cannot find /sys/firmware/fdt or override /var/lib/fwupd/system.dtb
2026-05-13T17:43:26.686216Z INFO fwupd[3821]: FuContext            Failed to get block devices: failed to call org.freedesktop.UDisks2.Manager.GetBlockDevices(): The name org.freedesktop.UDisks2 was not provided by any .service files
2026-05-13T17:43:26.686790Z INFO fwupd[3821]: FuContext            added udev subsystem watch of firmware-attributes
2026-05-13T17:43:26.733634Z INFO fwupd[3821]: FuEngine             loading metadata for remote 'vendor-directory'
2026-05-13T17:43:26.734455Z INFO fwupd[3821]: FuEngine             using /usr/share/fwupd/remotes.d/vendor/firmware/20250822_CHICONY_LENOVO_CKFO518_RTS5862_GC05A2_V9808.0011.cab as metadata source
2026-05-13T17:43:26.734915Z INFO fwupd[3821]: FuEngine             using /usr/share/fwupd/remotes.d/vendor/firmware/20250505_Shinetech_ASUS_DK235C-1C_RTS5859_GC2607_v0008.5051.cab as metadata source
2026-05-13T17:43:26.736446Z INFO fwupd[3821]: FuEngine             using /usr/share/fwupd/remotes.d/vendor/firmware/BBF503N3B_V0018_20250409.cab as metadata source
2026-05-13T17:43:26.736974Z INFO fwupd[3821]: FuEngine             using /usr/share/fwupd/remotes.d/vendor/firmware/YHVA-5_V0038.cab as metadata source
2026-05-13T17:43:26.737633Z INFO fwupd[3821]: FuEngine             ignoring: /usr/share/fwupd/remotes.d/vendor/firmware/README.md
2026-05-13T17:43:26.737633Z INFO fwupd[3821]: FuEngine             using /usr/share/fwupd/remotes.d/vendor/firmware/20250823_BNN755UBP_RTS5862FL_SC521PC_v2510.cab as metadata source
2026-05-13T17:43:26.738400Z INFO fwupd[3821]: FuEngine             using /usr/share/fwupd/remotes.d/vendor/firmware/b98f12abc69cae57e65f2f436cb31a4562766fbbc1539aef563feec42756809b-FW0_v1112_CAP.cab as metadata source
2026-05-13T17:43:26.738945Z INFO fwupd[3821]: FuEngine             using /usr/share/fwupd/remotes.d/vendor/firmware/C7FMF11-3_v0015.cab as metadata source
2026-05-13T17:43:26.739531Z INFO fwupd[3821]: FuEngine             using /usr/share/fwupd/remotes.d/vendor/firmware/9cfa3af86e5e72df127fecd43c6255ee7bf3b3516a26c94bad0e3a21038baefd-firmware_v0004_1.cab as metadata source
2026-05-13T17:43:26.764364Z INFO fwupd[3821]: FuEngine             using /usr/share/fwupd/remotes.d/vendor/firmware/2SF202N3B_v0005.cab as metadata source
2026-05-13T17:43:26.784939Z INFO fwupd[3821]: FuEngine             using /usr/share/fwupd/remotes.d/vendor/firmware/303bef0da8ff6acd8590bfcebdbdbc8e13bfebd63ca81df5bb6796b8b68c45d5-20230724_YHVA-3_RTS5856_OV2740_Chrome_acerR1-15_cache.cab as metadata source
2026-05-13T17:43:26.807088Z INFO fwupd[3821]: FuEngine             using /usr/share/fwupd/remotes.d/vendor/firmware/YHVN-5_v0010.cab as metadata source
2026-05-13T17:43:26.813510Z INFO fwupd[3821]: FuEngine             using /usr/share/fwupd/remotes.d/vendor/firmware/unsigned_SOLVIT_V6_TLC_256Gb_UFS31_GEN1_128GB_P21_FW01_e52a9b8_241106_13h23m.cab as metadata source
2026-05-13T17:43:26.813945Z INFO fwupd[3821]: FuEngine             using /usr/share/fwupd/remotes.d/vendor/firmware/YHVA-3_V0038.cab as metadata source
2026-05-13T17:43:26.814569Z INFO fwupd[3821]: FuEngine             using /usr/share/fwupd/remotes.d/vendor/firmware/C7FOF10-1_V0011_20250225.cab as metadata source
2026-05-13T17:43:26.814964Z INFO fwupd[3821]: FuEngine             using /usr/share/fwupd/remotes.d/vendor/firmware/HAA-N1H8D3-00Z_V0021_20250409.cab as metadata source
2026-05-13T17:43:26.818048Z INFO fwupd[3821]: FuEngine             ignoring: Error opening directory "/var/lib/fwupd/local.d": No such file or directory
2026-05-13T17:43:26.818675Z INFO fwupd[3821]: FuEngine             loading local metadata: /usr/share/fwupd/local.d/fwupd-camera-bkc.xml
2026-05-13T17:43:26.819552Z INFO fwupd[3821]: FuEngine             loading local metadata: /usr/share/fwupd/local.d/fwupd-camera-nissa-bkc.xml
2026-05-13T17:43:26.820415Z INFO fwupd[3821]: FuEngine             loading local metadata: /usr/share/fwupd/local.d/fwupd-storage-bkc.xml
2026-05-13T17:43:26.821120Z INFO fwupd[3821]: FuEngine             loading local metadata: /usr/share/fwupd/local.d/mmc-firmware-bkc.xml
2026-05-13T17:43:26.856726Z INFO fwupd[3821]: FuCabinet            failed to verify FW.metainfo.xml: no JcatItem
2026-05-13T17:43:26.856726Z INFO fwupd[3821]: FuCabinet            processing file: FW.metainfo.xml
2026-05-13T17:43:26.856726Z INFO fwupd[3821]: FuCabinet            processing release: 98.08
2026-05-13T17:43:26.875502Z INFO fwupd[3821]: FuCabinet            failed to verify FW.metainfo.xml: no JcatItem
2026-05-13T17:43:26.875502Z INFO fwupd[3821]: FuCabinet            processing file: FW.metainfo.xml
2026-05-13T17:43:26.875719Z INFO fwupd[3821]: FuCabinet            processing release: 00.08
2026-05-13T17:43:26.879734Z INFO fwupd[3821]: FuCabinet            failed to verify USB camera updater.metainfo.xml: no JcatItem
2026-05-13T17:43:26.879734Z INFO fwupd[3821]: FuCabinet            processing file: USB camera updater.metainfo.xml
2026-05-13T17:43:26.882851Z INFO fwupd[3821]: FuCabinet            processing release: 00.18
2026-05-13T17:43:26.889729Z INFO fwupd[3821]: FuCabinet            failed to verify FW.metainfo.xml: no JcatItem
2026-05-13T17:43:26.889729Z INFO fwupd[3821]: FuCabinet            processing file: FW.metainfo.xml
2026-05-13T17:43:26.889935Z INFO fwupd[3821]: FuCabinet            processing release: 0.38
2026-05-13T17:43:26.911325Z INFO fwupd[3821]: FuCabinet            failed to verify FW.metainfo.xml: no JcatItem
2026-05-13T17:43:26.911325Z INFO fwupd[3821]: FuCabinet            processing file: FW.metainfo.xml
2026-05-13T17:43:26.911504Z INFO fwupd[3821]: FuCabinet            processing release: 25.10
2026-05-13T17:43:27.038998Z INFO fwupd[3821]: FuCabinet            verified metadata FW.metainfo.xml: 2
2026-05-13T17:43:27.038998Z INFO fwupd[3821]: FuCabinet            processing file: FW.metainfo.xml
2026-05-13T17:43:27.039306Z INFO fwupd[3821]: FuCabinet            processing release: 11.12
2026-05-13T17:43:27.042735Z INFO fwupd[3821]: FuCabinet            verified payload FW0_v1112_CAP.bin: 2
2026-05-13T17:43:27.048640Z INFO fwupd[3821]: FuCabinet            failed to verify FW.metainfo.xml: no JcatItem
2026-05-13T17:43:27.048640Z INFO fwupd[3821]: FuCabinet            processing file: FW.metainfo.xml
2026-05-13T17:43:27.049466Z INFO fwupd[3821]: FuCabinet            processing release: 0.15
2026-05-13T17:43:27.071767Z INFO fwupd[3821]: FuCabinet            verified metadata FW.metainfo.xml: 2
2026-05-13T17:43:27.071767Z INFO fwupd[3821]: FuCabinet            processing file: FW.metainfo.xml
2026-05-13T17:43:27.072108Z INFO fwupd[3821]: FuCabinet            processing release: 0.04
2026-05-13T17:43:27.076310Z INFO fwupd[3821]: FuCabinet            verified payload FW0_v0004_CAP.bin: 2
2026-05-13T17:43:27.097243Z INFO fwupd[3821]: FuCabinet            failed to verify USB camera updater.metainfo.xml: no JcatItem
2026-05-13T17:43:27.097243Z INFO fwupd[3821]: FuCabinet            processing file: USB camera updater.metainfo.xml
2026-05-13T17:43:27.097837Z INFO fwupd[3821]: FuCabinet            processing release: 0.5
2026-05-13T17:43:27.103862Z INFO fwupd[3821]: FuCabinet            verified metadata FW.metainfo.xml: 2
2026-05-13T17:43:27.103862Z INFO fwupd[3821]: FuCabinet            processing file: FW.metainfo.xml
2026-05-13T17:43:27.104260Z INFO fwupd[3821]: FuCabinet            processing release: 0.15
2026-05-13T17:43:27.107282Z INFO fwupd[3821]: FuCabinet            verified payload 20230724_YHVA-3_RTS5856_OV2740_Chrome_acerR1-15_cache.dfu: 2
2026-05-13T17:43:27.112185Z INFO fwupd[3821]: FuCabinet            failed to verify FW.metainfo.xml: no JcatItem
2026-05-13T17:43:27.112185Z INFO fwupd[3821]: FuCabinet            processing file: FW.metainfo.xml
2026-05-13T17:43:27.112185Z INFO fwupd[3821]: FuCabinet            processing release: 0.10
2026-05-13T17:43:27.123369Z INFO fwupd[3821]: FuCabinet            failed to verify firmware.metainfo.xml: no JcatItem
2026-05-13T17:43:27.123369Z INFO fwupd[3821]: FuCabinet            processing file: firmware.metainfo.xml
2026-05-13T17:43:27.123666Z INFO fwupd[3821]: FuCabinet            processing release: 2101
2026-05-13T17:43:27.132468Z INFO fwupd[3821]: FuCabinet            failed to verify FW.metainfo.xml: no JcatItem
2026-05-13T17:43:27.132468Z INFO fwupd[3821]: FuCabinet            processing file: FW.metainfo.xml
2026-05-13T17:43:27.132468Z INFO fwupd[3821]: FuCabinet            processing release: 0.38
2026-05-13T17:43:27.135588Z INFO fwupd[3821]: FuCabinet            failed to verify USB camera updater.metainfo.xml: no JcatItem
2026-05-13T17:43:27.135588Z INFO fwupd[3821]: FuCabinet            processing file: USB camera updater.metainfo.xml
2026-05-13T17:43:27.135864Z INFO fwupd[3821]: FuCabinet            processing release: 0.11
2026-05-13T17:43:27.143851Z INFO fwupd[3821]: FuCabinet            failed to verify USB camera updater.metainfo.xml: no JcatItem
2026-05-13T17:43:27.143851Z INFO fwupd[3821]: FuCabinet            processing file: USB camera updater.metainfo.xml
2026-05-13T17:43:27.143851Z INFO fwupd[3821]: FuCabinet            processing release: 00.21
2026-05-13T17:43:28.740238Z INFO fwupd[3821]: FuEngine             3994 components now in silo
2026-05-13T17:43:28.763720Z INFO fwupd[3821]: FuContext            added udev subsystem watch of usb
2026-05-13T17:43:28.763720Z INFO fwupd[3821]: FuContext            added udev subsystem watch of block
2026-05-13T17:43:28.763720Z INFO fwupd[3821]: FuContext            added udev subsystem watch of block:disk for plugin algoltek_usbcr
2026-05-13T17:43:28.763760Z INFO fwupd[3821]: FuContext            added udev subsystem watch of i2c
2026-05-13T17:43:28.763775Z INFO fwupd[3821]: FuContext            added udev subsystem watch of platform
2026-05-13T17:43:28.763835Z INFO fwupd[3821]: FuContext            added udev subsystem watch of block:partition for plugin android_boot
2026-05-13T17:43:28.763872Z INFO fwupd[3821]: FuContext            added udev subsystem watch of hidraw
2026-05-13T17:43:28.763925Z INFO fwupd[3821]: FuContext            added udev subsystem watch of pci
2026-05-13T17:43:28.763972Z INFO fwupd[3821]: FuContext            added udev subsystem watch of drm
2026-05-13T17:43:28.764210Z INFO fwupd[3821]: FuContext            added udev subsystem watch of drm_dp_aux_dev for plugin bnr_dp
2026-05-13T17:43:28.764582Z INFO fwupd[3821]: FuContext            added udev subsystem watch of i2c-dev
2026-05-13T17:43:28.764793Z INFO fwupd[3821]: FuContext            added udev subsystem watch of mei
2026-05-13T17:43:28.765232Z INFO fwupd[3821]: FuContext            added udev subsystem watch of mtd for plugin mtd
2026-05-13T17:43:28.765275Z INFO fwupd[3821]: FuContext            added udev subsystem watch of nvme for plugin nvme
2026-05-13T17:43:28.765364Z INFO fwupd[3821]: FuContext            added udev subsystem watch of wwan
2026-05-13T17:43:28.768414Z INFO fwupd[3821]: FuContext            added udev subsystem watch of serio
2026-05-13T17:43:28.768414Z INFO fwupd[3821]: FuContext            added udev subsystem watch of thunderbolt
2026-05-13T17:43:28.773132Z INFO fwupd[3821]: FuPluginUefiDbx      cannot find default ESP: failed to call org.freedesktop.UDisks2.Manager.GetBlockDevices(): The name org.freedesktop.UDisks2 was not provided by any .service files
2026-05-13T17:43:28.773132Z INFO fwupd[3821]: FuEngine             plugins disabled: uefi_capsule, fastboot, logitech_scribe, logitech_tap, test, test_ble, uefi_pk
2026-05-13T17:43:28.773692Z INFO fwupd[3821]: FuContext            battery threshold now 10
2026-05-13T17:43:28.774039Z INFO fwupd[3821]: FuEngine             disabling plugin because: failed to startup using amd_kria: only for aarch64
2026-05-13T17:43:28.774039Z INFO fwupd[3821]: FuEngine             disabling plugin because: failed to startup using bios: system uses coreboot
2026-05-13T17:43:28.774110Z INFO fwupd[3821]: FuEngine             disabling plugin because: failed to startup using dell: firmware updating not supported: no structures with type de
2026-05-13T17:43:28.774110Z INFO fwupd[3821]: FuEngine             disabling plugin because: failed to startup using lenovo_thinklmi: unsupported manufacturer
2026-05-13T17:43:28.777028Z INFO fwupd[3821]: FuContext            battery level now 46
2026-05-13T17:43:28.777028Z INFO fwupd[3821]: FuContext            power state now battery
2026-05-13T17:43:28.777146Z INFO fwupd[3821]: FuEngine             disabling plugin because: failed to startup using redfish: no username and password specified, and no vendor quirk for 'ipmi-create-user'
2026-05-13T17:43:28.777165Z INFO fwupd[3821]: FuEngine             disabling plugin because: failed to startup using snap: not run as a snap and no snap FDE
2026-05-13T17:43:28.777190Z INFO fwupd[3821]: FuEngine             disabling plugin because: failed to startup using uefi_mok: /sys/firmware/efi/mok-variables/HSIStatus does not exist
2026-05-13T17:43:28.777206Z INFO fwupd[3821]: FuEngine             disabling plugin because: failed to startup using uefi_recovery: kernel efivars support missing: /sys/firmware/efi/efivars
2026-05-13T17:43:28.777232Z INFO fwupd[3821]: FuEngine             disabling plugin because: failed to startup using uefi_sbat: SecureBoot is not available
2026-05-13T17:43:28.780321Z INFO fwupd[3821]: FuEngine             disabling plugin because: failed to startup using upower: no owner for org.freedesktop.UPower
2026-05-13T17:43:28.780712Z INFO fwupd[3821]: FuEngine             disabling plugin because: failed to coldplug using acpi_phat: Failed to open file "/sys/firmware/acpi/tables/PHAT": No such file or directory
2026-05-13T17:43:28.780861Z INFO fwupd[3821]: FuEngine             disabling plugin because: failed to coldplug using vbe: cannot find /sys/firmware/fdt or override /var/lib/fwupd/system.dtb
2026-05-13T17:43:28.780963Z INFO fwupd[3821]: FuEngine             using plugins: algoltek_usb, algoltek_usbcr, amd_pmc, analogix, android_boot, asus_hid, ata, aver_hid, bcm57xx, bnr_dp, ccgx, ccgx_dmc, cfu, corsair, cros_ec, dell_dock, dell_kestrel, dfu, ebitdo, egis_moc, elan_kbd, elanfp, elantp, emmc, ep963x, focalfp, fpc, framework_qmk, fresco_pd, genesys, genesys_gl32xx, goodix_moc, goodixtp, hpi_cfu, huddly_usb, hughski_colorhug, igsc, ilitek_its, intel_amt, intel_cvs, intel_mchi, intel_mkhi, intel_usb4, jabra, jabra_file, jabra_gnp, kinetic_dp, legion_hid, legion_hid2, linux_display, logitech_hidpp, logitech_rallysystem, mediatek_scaler, mtd, nordic_hid, nvme, parade_lspcon, parade_usbhub, pixart_rf, powerd, qc_firehose, qc_s5gen2, qsi_dock, realtek_mst, rp_pico, rts54hub, scsi, steelseries, synaptics_cape, synaptics_cxaudio, synaptics_mst, synaptics_prometheus, synaptics_rmi, synaptics_vmm9, system76_launch, telink_dfu, thelio_io, ti_tps6598x, uefi_db, uefi_dbx, uefi_esrt, uefi_kek, uf2, usi_dock, vli, wacom_raw, wacom_usb, wch_ch341a, wch_ch347, wistron_dock, thunderbolt
2026-05-13T17:43:28.950858Z INFO fwupd[3821]: FuDeviceList         ::added 10feb8f8641be9b4f44d52078baa6338209a53ef [N116BCA-EA1]
2026-05-13T17:43:28.953090Z INFO fwupd[3821]: FuPluginDfu          DFU v1.1
2026-05-13T17:43:29.065133Z INFO fwupd[3821]: FuDeviceList         ::added 71d1c58c2a49c133825341887ed230da06146708 [ACER HD User Facing]
2026-05-13T17:43:29.082506Z INFO fwupd[3821]: FuEngine             failed to add device /sys/devices/pci0000:00/0000:00:16.0/mei/mei0: failed to subclass open: failed to open /dev/mei0: Permission denied
2026-05-13T17:43:29.087989Z INFO fwupd[3821]: FuEngine             failed to add device /sys/devices/pci0000:00/0000:00:16.0/mei/mei0: failed to subclass open: failed to open /dev/mei0: Permission denied
2026-05-13T17:43:29.105455Z INFO fwupd[3821]: FuDeviceList         ::added ed4bece7e5c86fef111edaf6c005e528af3b6c92 [DV4032]
2026-05-13T17:43:29.107650Z INFO fwupd[3821]: FuPluginScsi         found ufshci controller at /sys/devices/pci0000:00/0000:00:1a.0
2026-05-13T17:43:29.132196Z INFO fwupd[3821]: FuPluginScsi         found ufshci controller at /sys/devices/pci0000:00/0000:00:1a.0
2026-05-13T17:43:29.156600Z INFO fwupd[3821]: FuPluginScsi         found ufshci controller at /sys/devices/pci0000:00/0000:00:1a.0
2026-05-13T17:43:29.306619Z INFO fwupd[3821]: FuContext            display-state now connected
2026-05-13T17:43:29.307072Z INFO fwupd[3821]: FuEngine             resetting update motd timeout
2026-05-13T17:43:29.309352Z INFO fwupd[3821]: FuMain               fwupd 2.0.19 ready for requests (locale en_US.UTF-8)
2026-05-13T17:44:23.324197Z INFO fwupd[3821]: FuContext            battery level now 45
2026-05-13T17:44:38.890055Z INFO fwupd[3821]: FuEngine             timestamp increased, so no rollback
2026-05-13T17:44:39.180764Z INFO fwupd[3821]: FuEngine             loading metadata for remote 'vendor-directory'
2026-05-13T17:44:39.180906Z INFO fwupd[3821]: FuEngine             using /usr/share/fwupd/remotes.d/vendor/firmware/20250822_CHICONY_LENOVO_CKFO518_RTS5862_GC05A2_V9808.0011.cab as metadata source
2026-05-13T17:44:39.180948Z INFO fwupd[3821]: FuEngine             using /usr/share/fwupd/remotes.d/vendor/firmware/20250505_Shinetech_ASUS_DK235C-1C_RTS5859_GC2607_v0008.5051.cab as metadata source
2026-05-13T17:44:39.181067Z INFO fwupd[3821]: FuEngine             using /usr/share/fwupd/remotes.d/vendor/firmware/BBF503N3B_V0018_20250409.cab as metadata source
2026-05-13T17:44:39.181067Z INFO fwupd[3821]: FuEngine             using /usr/share/fwupd/remotes.d/vendor/firmware/YHVA-5_V0038.cab as metadata source
2026-05-13T17:44:39.181136Z INFO fwupd[3821]: FuEngine             ignoring: /usr/share/fwupd/remotes.d/vendor/firmware/README.md
2026-05-13T17:44:39.181136Z INFO fwupd[3821]: FuEngine             using /usr/share/fwupd/remotes.d/vendor/firmware/20250823_BNN755UBP_RTS5862FL_SC521PC_v2510.cab as metadata source
2026-05-13T17:44:39.181204Z INFO fwupd[3821]: FuEngine             using /usr/share/fwupd/remotes.d/vendor/firmware/b98f12abc69cae57e65f2f436cb31a4562766fbbc1539aef563feec42756809b-FW0_v1112_CAP.cab as metadata source
2026-05-13T17:44:39.181263Z INFO fwupd[3821]: FuEngine             using /usr/share/fwupd/remotes.d/vendor/firmware/C7FMF11-3_v0015.cab as metadata source
2026-05-13T17:44:39.181322Z INFO fwupd[3821]: FuEngine             using /usr/share/fwupd/remotes.d/vendor/firmware/9cfa3af86e5e72df127fecd43c6255ee7bf3b3516a26c94bad0e3a21038baefd-firmware_v0004_1.cab as metadata source
2026-05-13T17:44:39.181384Z INFO fwupd[3821]: FuEngine             using /usr/share/fwupd/remotes.d/vendor/firmware/2SF202N3B_v0005.cab as metadata source
2026-05-13T17:44:39.181441Z INFO fwupd[3821]: FuEngine             using /usr/share/fwupd/remotes.d/vendor/firmware/303bef0da8ff6acd8590bfcebdbdbc8e13bfebd63ca81df5bb6796b8b68c45d5-20230724_YHVA-3_RTS5856_OV2740_Chrome_acerR1-15_cache.cab as metadata source
2026-05-13T17:44:39.181499Z INFO fwupd[3821]: FuEngine             using /usr/share/fwupd/remotes.d/vendor/firmware/YHVN-5_v0010.cab as metadata source
2026-05-13T17:44:39.181558Z INFO fwupd[3821]: FuEngine             using /usr/share/fwupd/remotes.d/vendor/firmware/unsigned_SOLVIT_V6_TLC_256Gb_UFS31_GEN1_128GB_P21_FW01_e52a9b8_241106_13h23m.cab as metadata source
2026-05-13T17:44:39.181617Z INFO fwupd[3821]: FuEngine             using /usr/share/fwupd/remotes.d/vendor/firmware/YHVA-3_V0038.cab as metadata source
2026-05-13T17:44:39.181671Z INFO fwupd[3821]: FuEngine             using /usr/share/fwupd/remotes.d/vendor/firmware/C7FOF10-1_V0011_20250225.cab as metadata source
2026-05-13T17:44:39.181729Z INFO fwupd[3821]: FuEngine             using /usr/share/fwupd/remotes.d/vendor/firmware/HAA-N1H8D3-00Z_V0021_20250409.cab as metadata source
2026-05-13T17:44:39.181863Z INFO fwupd[3821]: FuEngine             ignoring: Error opening directory "/var/lib/fwupd/local.d": No such file or directory
2026-05-13T17:44:39.181910Z INFO fwupd[3821]: FuEngine             loading local metadata: /usr/share/fwupd/local.d/fwupd-camera-bkc.xml
2026-05-13T17:44:39.181951Z INFO fwupd[3821]: FuEngine             loading local metadata: /usr/share/fwupd/local.d/fwupd-camera-nissa-bkc.xml
2026-05-13T17:44:39.181988Z INFO fwupd[3821]: FuEngine             loading local metadata: /usr/share/fwupd/local.d/fwupd-storage-bkc.xml
2026-05-13T17:44:39.182020Z INFO fwupd[3821]: FuEngine             loading local metadata: /usr/share/fwupd/local.d/mmc-firmware-bkc.xml
2026-05-13T17:44:39.188996Z INFO fwupd[3821]: FuCabinet            failed to verify FW.metainfo.xml: no JcatItem
2026-05-13T17:44:39.188996Z INFO fwupd[3821]: FuCabinet            processing file: FW.metainfo.xml
2026-05-13T17:44:39.189263Z INFO fwupd[3821]: FuCabinet            processing release: 98.08
2026-05-13T17:44:39.192147Z INFO fwupd[3821]: FuCabinet            failed to verify FW.metainfo.xml: no JcatItem
2026-05-13T17:44:39.192147Z INFO fwupd[3821]: FuCabinet            processing file: FW.metainfo.xml
2026-05-13T17:44:39.192329Z INFO fwupd[3821]: FuCabinet            processing release: 00.08
2026-05-13T17:44:39.195563Z INFO fwupd[3821]: FuCabinet            failed to verify USB camera updater.metainfo.xml: no JcatItem
2026-05-13T17:44:39.195563Z INFO fwupd[3821]: FuCabinet            processing file: USB camera updater.metainfo.xml
2026-05-13T17:44:39.195800Z INFO fwupd[3821]: FuCabinet            processing release: 00.18
2026-05-13T17:44:39.200979Z INFO fwupd[3821]: FuCabinet            failed to verify FW.metainfo.xml: no JcatItem
2026-05-13T17:44:39.200979Z INFO fwupd[3821]: FuCabinet            processing file: FW.metainfo.xml
2026-05-13T17:44:39.200979Z INFO fwupd[3821]: FuCabinet            processing release: 0.38
2026-05-13T17:44:39.205839Z INFO fwupd[3821]: FuCabinet            failed to verify FW.metainfo.xml: no JcatItem
2026-05-13T17:44:39.205960Z INFO fwupd[3821]: FuCabinet            processing file: FW.metainfo.xml
2026-05-13T17:44:39.206418Z INFO fwupd[3821]: FuCabinet            processing release: 25.10
2026-05-13T17:44:39.215979Z INFO fwupd[3821]: FuCabinet            verified metadata FW.metainfo.xml: 2
2026-05-13T17:44:39.215979Z INFO fwupd[3821]: FuCabinet            processing file: FW.metainfo.xml
2026-05-13T17:44:39.215979Z INFO fwupd[3821]: FuCabinet            processing release: 11.12
2026-05-13T17:44:39.217815Z INFO fwupd[3821]: FuCabinet            verified payload FW0_v1112_CAP.bin: 2
2026-05-13T17:44:39.225970Z INFO fwupd[3821]: FuCabinet            failed to verify FW.metainfo.xml: no JcatItem
2026-05-13T17:44:39.225970Z INFO fwupd[3821]: FuCabinet            processing file: FW.metainfo.xml
2026-05-13T17:44:39.225970Z INFO fwupd[3821]: FuCabinet            processing release: 0.15
2026-05-13T17:44:39.227406Z INFO fwupd[3821]: FuCabinet            verified metadata FW.metainfo.xml: 2
2026-05-13T17:44:39.227406Z INFO fwupd[3821]: FuCabinet            processing file: FW.metainfo.xml
2026-05-13T17:44:39.227701Z INFO fwupd[3821]: FuCabinet            processing release: 0.04
2026-05-13T17:44:39.231500Z INFO fwupd[3821]: FuCabinet            verified payload FW0_v0004_CAP.bin: 2
2026-05-13T17:44:39.233238Z INFO fwupd[3821]: FuCabinet            failed to verify USB camera updater.metainfo.xml: no JcatItem
2026-05-13T17:44:39.233238Z INFO fwupd[3821]: FuCabinet            processing file: USB camera updater.metainfo.xml
2026-05-13T17:44:39.233426Z INFO fwupd[3821]: FuCabinet            processing release: 0.5
2026-05-13T17:44:39.236267Z INFO fwupd[3821]: FuCabinet            verified metadata FW.metainfo.xml: 2
2026-05-13T17:44:39.236267Z INFO fwupd[3821]: FuCabinet            processing file: FW.metainfo.xml
2026-05-13T17:44:39.236471Z INFO fwupd[3821]: FuCabinet            processing release: 0.15
2026-05-13T17:44:39.238354Z INFO fwupd[3821]: FuCabinet            verified payload 20230724_YHVA-3_RTS5856_OV2740_Chrome_acerR1-15_cache.dfu: 2
2026-05-13T17:44:39.239653Z INFO fwupd[3821]: FuCabinet            failed to verify FW.metainfo.xml: no JcatItem
2026-05-13T17:44:39.239653Z INFO fwupd[3821]: FuCabinet            processing file: FW.metainfo.xml
2026-05-13T17:44:39.239799Z INFO fwupd[3821]: FuCabinet            processing release: 0.10
2026-05-13T17:44:39.245677Z INFO fwupd[3821]: FuCabinet            failed to verify firmware.metainfo.xml: no JcatItem
2026-05-13T17:44:39.245677Z INFO fwupd[3821]: FuCabinet            processing file: firmware.metainfo.xml
2026-05-13T17:44:39.245879Z INFO fwupd[3821]: FuCabinet            processing release: 2101
2026-05-13T17:44:39.251413Z INFO fwupd[3821]: FuCabinet            failed to verify FW.metainfo.xml: no JcatItem
2026-05-13T17:44:39.251413Z INFO fwupd[3821]: FuCabinet            processing file: FW.metainfo.xml
2026-05-13T17:44:39.252602Z INFO fwupd[3821]: FuCabinet            processing release: 0.38
2026-05-13T17:44:39.253607Z INFO fwupd[3821]: FuCabinet            failed to verify USB camera updater.metainfo.xml: no JcatItem
2026-05-13T17:44:39.253607Z INFO fwupd[3821]: FuCabinet            processing file: USB camera updater.metainfo.xml
2026-05-13T17:44:39.253783Z INFO fwupd[3821]: FuCabinet            processing release: 0.11
2026-05-13T17:44:39.256326Z INFO fwupd[3821]: FuCabinet            failed to verify USB camera updater.metainfo.xml: no JcatItem
2026-05-13T17:44:39.256326Z INFO fwupd[3821]: FuCabinet            processing file: USB camera updater.metainfo.xml
2026-05-13T17:44:39.256497Z INFO fwupd[3821]: FuCabinet            processing release: 00.21
2026-05-13T17:44:40.446502Z INFO fwupd[3821]: FuEngine             3991 components now in silo
2026-05-13T17:44:40.461985Z INFO fwupd[3821]: FuEngine             resetting update motd timeout
2026-05-13T17:44:40.462700Z INFO fwupd[3821]: FuRemoteList         /var/lib/fwupd/metadata/lvfs/firmware.xml.zst.NL6FP3 changed, reloading all remotes
2026-05-13T17:44:40.463089Z INFO fwupd[3821]: FuRemoteList         loading remote from /etc/fwupd/remotes.d/fwupd-peripherals.conf
2026-05-13T17:44:40.463345Z INFO fwupd[3821]: FuRemoteList         loading remote from /etc/fwupd/remotes.d/lvfs-testing.conf
2026-05-13T17:44:40.463634Z INFO fwupd[3821]: FuRemoteList         loading remote from /etc/fwupd/remotes.d/lvfs.conf
2026-05-13T17:44:40.463752Z INFO fwupd[3821]: FuRemoteList         auto-fixing remote lvfs MetadataURI from https://storage.googleapis.com/chromeos-localmirror/lvfs/firmware.xml.xz to https://storage.googleapis.com/chromeos-localmirror/lvfs/firmware.xml.zst
2026-05-13T17:44:40.464168Z INFO fwupd[3821]: FuRemoteList         loading remote from /etc/fwupd/remotes.d/vendor-directory.conf
2026-05-13T17:44:40.464444Z INFO fwupd[3821]: FuRemoteList         enabled remotes: fwupd-peripherals[1000], vendor-directory[1000], lvfs[0]
2026-05-13T17:44:40.465067Z INFO fwupd[3821]: FuEngine             loading metadata for remote 'vendor-directory'
2026-05-13T17:44:40.465964Z INFO fwupd[3821]: FuEngine             using /usr/share/fwupd/remotes.d/vendor/firmware/20250822_CHICONY_LENOVO_CKFO518_RTS5862_GC05A2_V9808.0011.cab as metadata source
2026-05-13T17:44:40.465964Z INFO fwupd[3821]: FuEngine             using /usr/share/fwupd/remotes.d/vendor/firmware/20250505_Shinetech_ASUS_DK235C-1C_RTS5859_GC2607_v0008.5051.cab as metadata source
2026-05-13T17:44:40.465964Z INFO fwupd[3821]: FuEngine             using /usr/share/fwupd/remotes.d/vendor/firmware/BBF503N3B_V0018_20250409.cab as metadata source
2026-05-13T17:44:40.465964Z INFO fwupd[3821]: FuEngine             using /usr/share/fwupd/remotes.d/vendor/firmware/YHVA-5_V0038.cab as metadata source
2026-05-13T17:44:40.465964Z INFO fwupd[3821]: FuEngine             ignoring: /usr/share/fwupd/remotes.d/vendor/firmware/README.md
2026-05-13T17:44:40.465964Z INFO fwupd[3821]: FuEngine             using /usr/share/fwupd/remotes.d/vendor/firmware/20250823_BNN755UBP_RTS5862FL_SC521PC_v2510.cab as metadata source
2026-05-13T17:44:40.465964Z INFO fwupd[3821]: FuEngine             using /usr/share/fwupd/remotes.d/vendor/firmware/b98f12abc69cae57e65f2f436cb31a4562766fbbc1539aef563feec42756809b-FW0_v1112_CAP.cab as metadata source
2026-05-13T17:44:40.465964Z INFO fwupd[3821]: FuEngine             using /usr/share/fwupd/remotes.d/vendor/firmware/C7FMF11-3_v0015.cab as metadata source
2026-05-13T17:44:40.465964Z INFO fwupd[3821]: FuEngine             using /usr/share/fwupd/remotes.d/vendor/firmware/9cfa3af86e5e72df127fecd43c6255ee7bf3b3516a26c94bad0e3a21038baefd-firmware_v0004_1.cab as metadata source
2026-05-13T17:44:40.465964Z INFO fwupd[3821]: FuEngine             using /usr/share/fwupd/remotes.d/vendor/firmware/2SF202N3B_v0005.cab as metadata source
2026-05-13T17:44:40.465964Z INFO fwupd[3821]: FuEngine             using /usr/share/fwupd/remotes.d/vendor/firmware/303bef0da8ff6acd8590bfcebdbdbc8e13bfebd63ca81df5bb6796b8b68c45d5-20230724_YHVA-3_RTS5856_OV2740_Chrome_acerR1-15_cache.cab as metadata source
2026-05-13T17:44:40.465964Z INFO fwupd[3821]: FuEngine             using /usr/share/fwupd/remotes.d/vendor/firmware/YHVN-5_v0010.cab as metadata source
2026-05-13T17:44:40.465964Z INFO fwupd[3821]: FuEngine             using /usr/share/fwupd/remotes.d/vendor/firmware/unsigned_SOLVIT_V6_TLC_256Gb_UFS31_GEN1_128GB_P21_FW01_e52a9b8_241106_13h23m.cab as metadata source
2026-05-13T17:44:40.465964Z INFO fwupd[3821]: FuEngine             using /usr/share/fwupd/remotes.d/vendor/firmware/YHVA-3_V0038.cab as metadata source
2026-05-13T17:44:40.465964Z INFO fwupd[3821]: FuEngine             using /usr/share/fwupd/remotes.d/vendor/firmware/C7FOF10-1_V0011_20250225.cab as metadata source
2026-05-13T17:44:40.465964Z INFO fwupd[3821]: FuEngine             using /usr/share/fwupd/remotes.d/vendor/firmware/HAA-N1H8D3-00Z_V0021_20250409.cab as metadata source
2026-05-13T17:44:40.465964Z INFO fwupd[3821]: FuEngine             ignoring: Error opening directory "/var/lib/fwupd/local.d": No such file or directory
2026-05-13T17:44:40.465964Z INFO fwupd[3821]: FuEngine             loading local metadata: /usr/share/fwupd/local.d/fwupd-camera-bkc.xml
2026-05-13T17:44:40.466022Z INFO fwupd[3821]: FuEngine             loading local metadata: /usr/share/fwupd/local.d/fwupd-camera-nissa-bkc.xml
2026-05-13T17:44:40.466053Z INFO fwupd[3821]: FuEngine             loading local metadata: /usr/share/fwupd/local.d/fwupd-storage-bkc.xml
2026-05-13T17:44:40.466077Z INFO fwupd[3821]: FuEngine             loading local metadata: /usr/share/fwupd/local.d/mmc-firmware-bkc.xml
2026-05-13T17:44:40.469403Z INFO fwupd[3821]: FuEngine             3991 components now in silo
2026-05-13T17:44:40.478633Z INFO fwupd[3821]: FuEngine             resetting update motd timeout
2026-05-13T17:46:23.340306Z INFO fwupd[3821]: FuContext            battery level now 44
2026-05-13T19:00:44.293091Z INFO fwupd[3821]: FuEngine             failed to add device /sys/devices/pci0000:00/0000:00:16.0/0000:00:16.0-fbf6fcf1-96cf-4e2e-a6a6-1bab8cbe36b1: failed to setup: failed to connect to MCHI: 00cbe07e8537eec788c9f80b2d9f40e4bf5e16d2 [BootGuard Configuration] has not been opened
2026-05-13T19:00:44.296875Z INFO fwupd[3821]: FuEngine             failed to add device /sys/devices/pci0000:00/0000:00:16.0/0000:00:16.0-fbf6fcf1-96cf-4e2e-a6a6-1bab8cbe36b1: failed to setup: failed to connect to MKHI: 1d10887a051b3991a3314f760163248231628504 [BootGuard Configuration] has not been opened
2026-05-13T19:00:44.303390Z INFO fwupd[3821]: FuEngine             failed to add device /sys/devices/pci0000:00/0000:00:16.0/0000:00:16.0-dd17041c-09ea-4b17-a271-5b989867ec65: failed to setup: failed to connect to MCHI: 00cbe07e8537eec788c9f80b2d9f40e4bf5e16d2 [BootGuard Configuration] has not been opened
2026-05-13T19:00:44.306963Z INFO fwupd[3821]: FuEngine             failed to add device /sys/devices/pci0000:00/0000:00:16.0/0000:00:16.0-dd17041c-09ea-4b17-a271-5b989867ec65: failed to setup: failed to connect to MKHI: 1d10887a051b3991a3314f760163248231628504 [BootGuard Configuration] has not been opened
2026-05-13T19:00:44.313562Z INFO fwupd[3821]: FuEngine             failed to add device /sys/devices/pci0000:00/0000:00:16.0/0000:00:16.0-8c2f4425-77d6-4755-aca3-891fdbc66a58: failed to setup: failed to connect to MCHI: 00cbe07e8537eec788c9f80b2d9f40e4bf5e16d2 [BootGuard Configuration] has not been opened
2026-05-13T19:00:44.316878Z INFO fwupd[3821]: FuEngine             failed to add device /sys/devices/pci0000:00/0000:00:16.0/0000:00:16.0-8c2f4425-77d6-4755-aca3-891fdbc66a58: failed to setup: failed to connect to MKHI: 1d10887a051b3991a3314f760163248231628504 [BootGuard Configuration] has not been opened
2026-05-13T19:00:44.323532Z INFO fwupd[3821]: FuEngine             failed to add device /sys/devices/pci0000:00/0000:00:16.0/0000:00:16.0-8e6a6715-9abc-4043-88ef-9e39c6f63e0f: failed to setup: failed to connect to MCHI: 00cbe07e8537eec788c9f80b2d9f40e4bf5e16d2 [BootGuard Configuration] has not been opened
2026-05-13T19:00:44.326844Z INFO fwupd[3821]: FuEngine             failed to add device /sys/devices/pci0000:00/0000:00:16.0/0000:00:16.0-8e6a6715-9abc-4043-88ef-9e39c6f63e0f: failed to setup: failed to connect to MKHI: 1d10887a051b3991a3314f760163248231628504 [BootGuard Configuration] has not been opened
2026-05-13T19:00:44.335465Z INFO fwupd[3821]: FuEngine             failed to add device /sys/devices/pci0000:00/0000:00:16.0/0000:00:16.0-082ee5a7-7c25-470a-9643-0c06f0466ea1: failed to setup: failed to connect to MCHI: 00cbe07e8537eec788c9f80b2d9f40e4bf5e16d2 [BootGuard Configuration] has not been opened
2026-05-13T19:00:44.341477Z INFO fwupd[3821]: FuEngine             failed to add device /sys/devices/pci0000:00/0000:00:16.0/0000:00:16.0-082ee5a7-7c25-470a-9643-0c06f0466ea1: failed to setup: failed to connect to MKHI: 1d10887a051b3991a3314f760163248231628504 [BootGuard Configuration] has not been opened
2026-05-13T19:00:44.352989Z INFO fwupd[3821]: FuEngine             failed to add device /sys/devices/pci0000:00/0000:00:16.0/0000:00:16.0-42b3ce2f-bd9f-485a-96ae-26406230b1ff: failed to setup: failed to connect to MCHI: 00cbe07e8537eec788c9f80b2d9f40e4bf5e16d2 [BootGuard Configuration] has not been opened
2026-05-13T19:00:44.358066Z INFO fwupd[3821]: FuEngine             failed to add device /sys/devices/pci0000:00/0000:00:16.0/0000:00:16.0-42b3ce2f-bd9f-485a-96ae-26406230b1ff: failed to setup: failed to connect to MKHI: 1d10887a051b3991a3314f760163248231628504 [BootGuard Configuration] has not been opened
2026-05-13T19:00:44.367258Z INFO fwupd[3821]: FuEngine             failed to add device /sys/devices/pci0000:00/0000:00:16.0/0000:00:16.0-b638ab7e-94e2-4ea2-a552-d1c54b627f04: failed to setup: failed to connect to MCHI: 00cbe07e8537eec788c9f80b2d9f40e4bf5e16d2 [BootGuard Configuration] has not been opened
2026-05-13T19:00:44.371702Z INFO fwupd[3821]: FuEngine             failed to add device /sys/devices/pci0000:00/0000:00:16.0/0000:00:16.0-b638ab7e-94e2-4ea2-a552-d1c54b627f04: failed to setup: failed to connect to MKHI: 1d10887a051b3991a3314f760163248231628504 [BootGuard Configuration] has not been opened
2026-05-13T19:00:44.384678Z INFO fwupd[3821]: FuEngine             failed to add device /sys/devices/pci0000:00/0000:00:16.0/0000:00:16.0-6861ec7b-d07a-4673-856c-7f22b4d55769: failed to setup: failed to connect to MCHI: 00cbe07e8537eec788c9f80b2d9f40e4bf5e16d2 [BootGuard Configuration] has not been opened
2026-05-13T19:00:44.395487Z INFO fwupd[3821]: FuEngine             failed to add device /sys/devices/pci0000:00/0000:00:16.0/0000:00:16.0-6861ec7b-d07a-4673-856c-7f22b4d55769: failed to setup: failed to connect to MKHI: 1d10887a051b3991a3314f760163248231628504 [BootGuard Configuration] has not been opened
2026-05-13T19:00:44.407341Z INFO fwupd[3821]: FuEngine             failed to add device /sys/devices/pci0000:00/0000:00:16.0/0000:00:16.0-55213584-9a29-4916-badf-0fb7ed682aeb: failed to setup: failed to connect to MCHI: 00cbe07e8537eec788c9f80b2d9f40e4bf5e16d2 [BootGuard Configuration] has not been opened
2026-05-13T19:00:44.413576Z INFO fwupd[3821]: FuEngine             failed to add device /sys/devices/pci0000:00/0000:00:16.0/0000:00:16.0-55213584-9a29-4916-badf-0fb7ed682aeb: failed to setup: failed to connect to MKHI: 1d10887a051b3991a3314f760163248231628504 [BootGuard Configuration] has not been opened
2026-05-13T19:02:19.421811Z INFO fwupd[3821]: FuContext            battery level now 43
2026-05-13T19:14:35.303822Z INFO fwupd[3821]: FuEngine             failed to add device /sys/devices/pci0000:00/0000:00:16.0/0000:00:16.0-8e6a6715-9abc-4043-88ef-9e39c6f63e0f: failed to setup: failed to connect to MCHI: 00cbe07e8537eec788c9f80b2d9f40e4bf5e16d2 [BootGuard Configuration] has not been opened
2026-05-13T19:14:35.312372Z INFO fwupd[3821]: FuEngine             failed to add device /sys/devices/pci0000:00/0000:00:16.0/0000:00:16.0-8e6a6715-9abc-4043-88ef-9e39c6f63e0f: failed to setup: failed to connect to MKHI: 1d10887a051b3991a3314f760163248231628504 [BootGuard Configuration] has not been opened
2026-05-13T19:14:35.327024Z INFO fwupd[3821]: FuEngine             failed to add device /sys/devices/pci0000:00/0000:00:16.0/0000:00:16.0-6861ec7b-d07a-4673-856c-7f22b4d55769: failed to setup: failed to connect to MCHI: 00cbe07e8537eec788c9f80b2d9f40e4bf5e16d2 [BootGuard Configuration] has not been opened
2026-05-13T19:14:35.335693Z INFO fwupd[3821]: FuEngine             failed to add device /sys/devices/pci0000:00/0000:00:16.0/0000:00:16.0-6861ec7b-d07a-4673-856c-7f22b4d55769: failed to setup: failed to connect to MKHI: 1d10887a051b3991a3314f760163248231628504 [BootGuard Configuration] has not been opened
2026-05-13T19:14:35.351371Z INFO fwupd[3821]: FuEngine             failed to add device /sys/devices/pci0000:00/0000:00:16.0/0000:00:16.0-082ee5a7-7c25-470a-9643-0c06f0466ea1: failed to setup: failed to connect to MCHI: 00cbe07e8537eec788c9f80b2d9f40e4bf5e16d2 [BootGuard Configuration] has not been opened
2026-05-13T19:14:35.358367Z INFO fwupd[3821]: FuEngine             failed to add device /sys/devices/pci0000:00/0000:00:16.0/0000:00:16.0-082ee5a7-7c25-470a-9643-0c06f0466ea1: failed to setup: failed to connect to MKHI: 1d10887a051b3991a3314f760163248231628504 [BootGuard Configuration] has not been opened
2026-05-13T19:14:35.373374Z INFO fwupd[3821]: FuEngine             failed to add device /sys/devices/pci0000:00/0000:00:16.0/0000:00:16.0-b638ab7e-94e2-4ea2-a552-d1c54b627f04: failed to setup: failed to connect to MCHI: 00cbe07e8537eec788c9f80b2d9f40e4bf5e16d2 [BootGuard Configuration] has not been opened
2026-05-13T19:14:35.384607Z INFO fwupd[3821]: FuEngine             failed to add device /sys/devices/pci0000:00/0000:00:16.0/0000:00:16.0-b638ab7e-94e2-4ea2-a552-d1c54b627f04: failed to setup: failed to connect to MKHI: 1d10887a051b3991a3314f760163248231628504 [BootGuard Configuration] has not been opened
2026-05-13T19:14:35.399799Z INFO fwupd[3821]: FuEngine             failed to add device /sys/devices/pci0000:00/0000:00:16.0/0000:00:16.0-8c2f4425-77d6-4755-aca3-891fdbc66a58: failed to setup: failed to connect to MCHI: 00cbe07e8537eec788c9f80b2d9f40e4bf5e16d2 [BootGuard Configuration] has not been opened
2026-05-13T19:14:35.408024Z INFO fwupd[3821]: FuEngine             failed to add device /sys/devices/pci0000:00/0000:00:16.0/0000:00:16.0-8c2f4425-77d6-4755-aca3-891fdbc66a58: failed to setup: failed to connect to MKHI: 1d10887a051b3991a3314f760163248231628504 [BootGuard Configuration] has not been opened
2026-05-13T19:14:35.425185Z INFO fwupd[3821]: FuEngine             failed to add device /sys/devices/pci0000:00/0000:00:16.0/0000:00:16.0-dd17041c-09ea-4b17-a271-5b989867ec65: failed to setup: failed to connect to MCHI: 00cbe07e8537eec788c9f80b2d9f40e4bf5e16d2 [BootGuard Configuration] has not been opened
2026-05-13T19:14:35.433048Z INFO fwupd[3821]: FuEngine             failed to add device /sys/devices/pci0000:00/0000:00:16.0/0000:00:16.0-dd17041c-09ea-4b17-a271-5b989867ec65: failed to setup: failed to connect to MKHI: 1d10887a051b3991a3314f760163248231628504 [BootGuard Configuration] has not been opened
2026-05-13T19:14:35.448142Z INFO fwupd[3821]: FuEngine             failed to add device /sys/devices/pci0000:00/0000:00:16.0/0000:00:16.0-fbf6fcf1-96cf-4e2e-a6a6-1bab8cbe36b1: failed to setup: failed to connect to MCHI: 00cbe07e8537eec788c9f80b2d9f40e4bf5e16d2 [BootGuard Configuration] has not been opened
2026-05-13T19:14:35.453128Z INFO fwupd[3821]: FuEngine             failed to add device /sys/devices/pci0000:00/0000:00:16.0/0000:00:16.0-fbf6fcf1-96cf-4e2e-a6a6-1bab8cbe36b1: failed to setup: failed to connect to MKHI: 1d10887a051b3991a3314f760163248231628504 [BootGuard Configuration] has not been opened
2026-05-13T19:14:35.462216Z INFO fwupd[3821]: FuEngine             failed to add device /sys/devices/pci0000:00/0000:00:16.0/0000:00:16.0-42b3ce2f-bd9f-485a-96ae-26406230b1ff: failed to setup: failed to connect to MCHI: 00cbe07e8537eec788c9f80b2d9f40e4bf5e16d2 [BootGuard Configuration] has not been opened
2026-05-13T19:14:35.467292Z INFO fwupd[3821]: FuEngine             failed to add device /sys/devices/pci0000:00/0000:00:16.0/0000:00:16.0-42b3ce2f-bd9f-485a-96ae-26406230b1ff: failed to setup: failed to connect to MKHI: 1d10887a051b3991a3314f760163248231628504 [BootGuard Configuration] has not been opened
2026-05-13T19:14:35.478280Z INFO fwupd[3821]: FuEngine             failed to add device /sys/devices/pci0000:00/0000:00:16.0/0000:00:16.0-55213584-9a29-4916-badf-0fb7ed682aeb: failed to setup: failed to connect to MCHI: 00cbe07e8537eec788c9f80b2d9f40e4bf5e16d2 [BootGuard Configuration] has not been opened
2026-05-13T19:14:35.483149Z INFO fwupd[3821]: FuEngine             failed to add device /sys/devices/pci0000:00/0000:00:16.0/0000:00:16.0-55213584-9a29-4916-badf-0fb7ed682aeb: failed to setup: failed to connect to MKHI: 1d10887a051b3991a3314f760163248231628504 [BootGuard Configuration] has not been opened
2026-05-13T19:16:40.436199Z INFO fwupd[3821]: FuContext            battery level now 42
2026-05-13T19:20:40.473417Z INFO fwupd[3821]: FuContext            battery level now 41
2026-05-13T19:24:10.501945Z INFO fwupd[3821]: FuContext            battery level now 40
2026-05-13T19:28:10.535313Z INFO fwupd[3821]: FuContext            battery level now 39
2026-05-13T19:31:40.563260Z INFO fwupd[3821]: FuContext            battery level now 38
2026-05-14T12:48:10.279449Z INFO fwupd[3821]: FuEngine             failed to add device /sys/devices/pci0000:00/0000:00:16.0/0000:00:16.0-42b3ce2f-bd9f-485a-96ae-26406230b1ff: failed to setup: failed to connect to MCHI: 00cbe07e8537eec788c9f80b2d9f40e4bf5e16d2 [BootGuard Configuration] has not been opened
2026-05-14T12:48:10.286670Z INFO fwupd[3821]: FuEngine             failed to add device /sys/devices/pci0000:00/0000:00:16.0/0000:00:16.0-42b3ce2f-bd9f-485a-96ae-26406230b1ff: failed to setup: failed to connect to MKHI: 1d10887a051b3991a3314f760163248231628504 [BootGuard Configuration] has not been opened
2026-05-14T12:48:10.313600Z INFO fwupd[3821]: FuEngine             failed to add device /sys/devices/pci0000:00/0000:00:16.0/0000:00:16.0-8e6a6715-9abc-4043-88ef-9e39c6f63e0f: failed to setup: failed to connect to MCHI: 00cbe07e8537eec788c9f80b2d9f40e4bf5e16d2 [BootGuard Configuration] has not been opened
2026-05-14T12:48:10.322126Z INFO fwupd[3821]: FuEngine             failed to add device /sys/devices/pci0000:00/0000:00:16.0/0000:00:16.0-8e6a6715-9abc-4043-88ef-9e39c6f63e0f: failed to setup: failed to connect to MKHI: 1d10887a051b3991a3314f760163248231628504 [BootGuard Configuration] has not been opened
2026-05-14T12:48:10.341845Z INFO fwupd[3821]: FuEngine             failed to add device /sys/devices/pci0000:00/0000:00:16.0/0000:00:16.0-6861ec7b-d07a-4673-856c-7f22b4d55769: failed to setup: failed to connect to MCHI: 00cbe07e8537eec788c9f80b2d9f40e4bf5e16d2 [BootGuard Configuration] has not been opened
2026-05-14T12:48:10.353969Z INFO fwupd[3821]: FuEngine             failed to add device /sys/devices/pci0000:00/0000:00:16.0/0000:00:16.0-6861ec7b-d07a-4673-856c-7f22b4d55769: failed to setup: failed to connect to MKHI: 1d10887a051b3991a3314f760163248231628504 [BootGuard Configuration] has not been opened
2026-05-14T12:48:10.369474Z INFO fwupd[3821]: FuEngine             failed to add device /sys/devices/pci0000:00/0000:00:16.0/0000:00:16.0-b638ab7e-94e2-4ea2-a552-d1c54b627f04: failed to setup: failed to connect to MCHI: 00cbe07e8537eec788c9f80b2d9f40e4bf5e16d2 [BootGuard Configuration] has not been opened
2026-05-14T12:48:10.373428Z INFO fwupd[3821]: FuEngine             failed to add device /sys/devices/pci0000:00/0000:00:16.0/0000:00:16.0-b638ab7e-94e2-4ea2-a552-d1c54b627f04: failed to setup: failed to connect to MKHI: 1d10887a051b3991a3314f760163248231628504 [BootGuard Configuration] has not been opened
2026-05-14T12:48:10.381469Z INFO fwupd[3821]: FuEngine             failed to add device /sys/devices/pci0000:00/0000:00:16.0/0000:00:16.0-fbf6fcf1-96cf-4e2e-a6a6-1bab8cbe36b1: failed to setup: failed to connect to MCHI: 00cbe07e8537eec788c9f80b2d9f40e4bf5e16d2 [BootGuard Configuration] has not been opened
2026-05-14T12:48:10.386275Z INFO fwupd[3821]: FuEngine             failed to add device /sys/devices/pci0000:00/0000:00:16.0/0000:00:16.0-fbf6fcf1-96cf-4e2e-a6a6-1bab8cbe36b1: failed to setup: failed to connect to MKHI: 1d10887a051b3991a3314f760163248231628504 [BootGuard Configuration] has not been opened
2026-05-14T12:48:10.403243Z INFO fwupd[3821]: FuEngine             failed to add device /sys/devices/pci0000:00/0000:00:16.0/0000:00:16.0-dd17041c-09ea-4b17-a271-5b989867ec65: failed to setup: failed to connect to MCHI: 00cbe07e8537eec788c9f80b2d9f40e4bf5e16d2 [BootGuard Configuration] has not been opened
2026-05-14T12:48:10.408395Z INFO fwupd[3821]: FuEngine             failed to add device /sys/devices/pci0000:00/0000:00:16.0/0000:00:16.0-dd17041c-09ea-4b17-a271-5b989867ec65: failed to setup: failed to connect to MKHI: 1d10887a051b3991a3314f760163248231628504 [BootGuard Configuration] has not been opened
2026-05-14T12:48:10.424144Z INFO fwupd[3821]: FuEngine             failed to add device /sys/devices/pci0000:00/0000:00:16.0/0000:00:16.0-55213584-9a29-4916-badf-0fb7ed682aeb: failed to setup: failed to connect to MCHI: 00cbe07e8537eec788c9f80b2d9f40e4bf5e16d2 [BootGuard Configuration] has not been opened
2026-05-14T12:48:10.429704Z INFO fwupd[3821]: FuEngine             failed to add device /sys/devices/pci0000:00/0000:00:16.0/0000:00:16.0-55213584-9a29-4916-badf-0fb7ed682aeb: failed to setup: failed to connect to MKHI: 1d10887a051b3991a3314f760163248231628504 [BootGuard Configuration] has not been opened
2026-05-14T12:48:10.444789Z INFO fwupd[3821]: FuEngine             failed to add device /sys/devices/pci0000:00/0000:00:16.0/0000:00:16.0-8c2f4425-77d6-4755-aca3-891fdbc66a58: failed to setup: failed to connect to MCHI: 00cbe07e8537eec788c9f80b2d9f40e4bf5e16d2 [BootGuard Configuration] has not been opened
2026-05-14T12:48:10.449519Z INFO fwupd[3821]: FuEngine             failed to add device /sys/devices/pci0000:00/0000:00:16.0/0000:00:16.0-8c2f4425-77d6-4755-aca3-891fdbc66a58: failed to setup: failed to connect to MKHI: 1d10887a051b3991a3314f760163248231628504 [BootGuard Configuration] has not been opened
2026-05-14T12:48:10.461449Z INFO fwupd[3821]: FuEngine             failed to add device /sys/devices/pci0000:00/0000:00:16.0/0000:00:16.0-082ee5a7-7c25-470a-9643-0c06f0466ea1: failed to setup: failed to connect to MCHI: 00cbe07e8537eec788c9f80b2d9f40e4bf5e16d2 [BootGuard Configuration] has not been opened
2026-05-14T12:48:10.464132Z INFO fwupd[3821]: FuEngine             failed to add device /sys/devices/pci0000:00/0000:00:16.0/0000:00:16.0-082ee5a7-7c25-470a-9643-0c06f0466ea1: failed to setup: failed to connect to MKHI: 1d10887a051b3991a3314f760163248231628504 [BootGuard Configuration] has not been opened
2026-05-14T12:48:46.006677Z INFO fwupd[3821]: FuContext            battery level now 37
2026-05-14T12:50:46.018153Z INFO fwupd[3821]: FuContext            battery level now 36
2026-05-14T13:09:28.286729Z INFO fwupd[3821]: FuEngine             failed to add device /sys/devices/pci0000:00/0000:00:16.0/0000:00:16.0-8c2f4425-77d6-4755-aca3-891fdbc66a58: failed to setup: failed to connect to MCHI: 00cbe07e8537eec788c9f80b2d9f40e4bf5e16d2 [BootGuard Configuration] has not been opened
2026-05-14T13:09:28.300197Z INFO fwupd[3821]: FuEngine             failed to add device /sys/devices/pci0000:00/0000:00:16.0/0000:00:16.0-8c2f4425-77d6-4755-aca3-891fdbc66a58: failed to setup: failed to connect to MKHI: 1d10887a051b3991a3314f760163248231628504 [BootGuard Configuration] has not been opened
2026-05-14T13:09:28.326931Z INFO fwupd[3821]: FuEngine             failed to add device /sys/devices/pci0000:00/0000:00:16.0/0000:00:16.0-b638ab7e-94e2-4ea2-a552-d1c54b627f04: failed to setup: failed to connect to MCHI: 00cbe07e8537eec788c9f80b2d9f40e4bf5e16d2 [BootGuard Configuration] has not been opened
2026-05-14T13:09:28.339210Z INFO fwupd[3821]: FuEngine             failed to add device /sys/devices/pci0000:00/0000:00:16.0/0000:00:16.0-b638ab7e-94e2-4ea2-a552-d1c54b627f04: failed to setup: failed to connect to MKHI: 1d10887a051b3991a3314f760163248231628504 [BootGuard Configuration] has not been opened
2026-05-14T13:09:28.363021Z INFO fwupd[3821]: FuEngine             failed to add device /sys/devices/pci0000:00/0000:00:16.0/0000:00:16.0-8e6a6715-9abc-4043-88ef-9e39c6f63e0f: failed to setup: failed to connect to MCHI: 00cbe07e8537eec788c9f80b2d9f40e4bf5e16d2 [BootGuard Configuration] has not been opened
2026-05-14T13:09:28.369676Z INFO fwupd[3821]: FuEngine             failed to add device /sys/devices/pci0000:00/0000:00:16.0/0000:00:16.0-8e6a6715-9abc-4043-88ef-9e39c6f63e0f: failed to setup: failed to connect to MKHI: 1d10887a051b3991a3314f760163248231628504 [BootGuard Configuration] has not been opened
2026-05-14T13:09:28.398663Z INFO fwupd[3821]: FuEngine             failed to add device /sys/devices/pci0000:00/0000:00:16.0/0000:00:16.0-dd17041c-09ea-4b17-a271-5b989867ec65: failed to setup: failed to connect to MCHI: 00cbe07e8537eec788c9f80b2d9f40e4bf5e16d2 [BootGuard Configuration] has not been opened
2026-05-14T13:09:28.406670Z INFO fwupd[3821]: FuEngine             failed to add device /sys/devices/pci0000:00/0000:00:16.0/0000:00:16.0-dd17041c-09ea-4b17-a271-5b989867ec65: failed to setup: failed to connect to MKHI: 1d10887a051b3991a3314f760163248231628504 [BootGuard Configuration] has not been opened
2026-05-14T13:09:28.417166Z INFO fwupd[3821]: FuEngine             failed to add device /sys/devices/pci0000:00/0000:00:16.0/0000:00:16.0-55213584-9a29-4916-badf-0fb7ed682aeb: failed to setup: failed to connect to MCHI: 00cbe07e8537eec788c9f80b2d9f40e4bf5e16d2 [BootGuard Configuration] has not been opened
2026-05-14T13:09:28.421709Z INFO fwupd[3821]: FuEngine             failed to add device /sys/devices/pci0000:00/0000:00:16.0/0000:00:16.0-55213584-9a29-4916-badf-0fb7ed682aeb: failed to setup: failed to connect to MKHI: 1d10887a051b3991a3314f760163248231628504 [BootGuard Configuration] has not been opened
2026-05-14T13:09:28.433395Z INFO fwupd[3821]: FuEngine             failed to add device /sys/devices/pci0000:00/0000:00:16.0/0000:00:16.0-082ee5a7-7c25-470a-9643-0c06f0466ea1: failed to setup: failed to connect to MCHI: 00cbe07e8537eec788c9f80b2d9f40e4bf5e16d2 [BootGuard Configuration] has not been opened
2026-05-14T13:09:28.437046Z INFO fwupd[3821]: FuEngine             failed to add device /sys/devices/pci0000:00/0000:00:16.0/0000:00:16.0-082ee5a7-7c25-470a-9643-0c06f0466ea1: failed to setup: failed to connect to MKHI: 1d10887a051b3991a3314f760163248231628504 [BootGuard Configuration] has not been opened
2026-05-14T13:09:28.451910Z INFO fwupd[3821]: FuEngine             failed to add device /sys/devices/pci0000:00/0000:00:16.0/0000:00:16.0-fbf6fcf1-96cf-4e2e-a6a6-1bab8cbe36b1: failed to setup: failed to connect to MCHI: 00cbe07e8537eec788c9f80b2d9f40e4bf5e16d2 [BootGuard Configuration] has not been opened
2026-05-14T13:09:28.459999Z INFO fwupd[3821]: FuEngine             failed to add device /sys/devices/pci0000:00/0000:00:16.0/0000:00:16.0-fbf6fcf1-96cf-4e2e-a6a6-1bab8cbe36b1: failed to setup: failed to connect to MKHI: 1d10887a051b3991a3314f760163248231628504 [BootGuard Configuration] has not been opened
2026-05-14T13:09:28.480811Z INFO fwupd[3821]: FuEngine             failed to add device /sys/devices/pci0000:00/0000:00:16.0/0000:00:16.0-6861ec7b-d07a-4673-856c-7f22b4d55769: failed to setup: failed to connect to MCHI: 00cbe07e8537eec788c9f80b2d9f40e4bf5e16d2 [BootGuard Configuration] has not been opened
2026-05-14T13:09:28.492391Z INFO fwupd[3821]: FuEngine             failed to add device /sys/devices/pci0000:00/0000:00:16.0/0000:00:16.0-6861ec7b-d07a-4673-856c-7f22b4d55769: failed to setup: failed to connect to MKHI: 1d10887a051b3991a3314f760163248231628504 [BootGuard Configuration] has not been opened
2026-05-14T13:09:28.507997Z INFO fwupd[3821]: FuEngine             failed to add device /sys/devices/pci0000:00/0000:00:16.0/0000:00:16.0-42b3ce2f-bd9f-485a-96ae-26406230b1ff: failed to setup: failed to connect to MCHI: 00cbe07e8537eec788c9f80b2d9f40e4bf5e16d2 [BootGuard Configuration] has not been opened
2026-05-14T13:09:28.514771Z INFO fwupd[3821]: FuEngine             failed to add device /sys/devices/pci0000:00/0000:00:16.0/0000:00:16.0-42b3ce2f-bd9f-485a-96ae-26406230b1ff: failed to setup: failed to connect to MKHI: 1d10887a051b3991a3314f760163248231628504 [BootGuard Configuration] has not been opened
2026-05-14T13:11:33.404539Z INFO fwupd[3821]: FuContext            battery level now 35
2026-05-14T13:13:03.410959Z INFO fwupd[3821]: FuContext            battery level now 34
2026-05-14T13:14:33.420595Z INFO fwupd[3821]: FuContext            battery level now 33
2026-05-14T13:16:33.428326Z INFO fwupd[3821]: FuContext            battery level now 32
2026-05-14T13:18:03.435454Z INFO fwupd[3821]: FuContext            battery level now 31
2026-05-14T13:19:33.442058Z INFO fwupd[3821]: FuContext            battery level now 30
2026-05-14T13:21:03.448488Z INFO fwupd[3821]: FuContext            battery level now 29
2026-05-14T13:22:33.455878Z INFO fwupd[3821]: FuContext            battery level now 28
2026-05-14T13:24:33.464400Z INFO fwupd[3821]: FuContext            battery level now 27
2026-05-14T13:26:33.479453Z INFO fwupd[3821]: FuContext            battery level now 26
2026-05-14T13:28:33.492539Z INFO fwupd[3821]: FuContext            battery level now 25
2026-05-14T13:31:03.505773Z INFO fwupd[3821]: FuContext            battery level now 24
2026-05-14T13:33:33.519161Z INFO fwupd[3821]: FuContext            battery level now 23
2026-05-14T13:36:03.536643Z INFO fwupd[3821]: FuContext            battery level now 22
2026-05-14T14:00:46.355942Z INFO fwupd[3821]: FuEngine             failed to add device /sys/devices/pci0000:00/0000:00:16.0/0000:00:16.0-fbf6fcf1-96cf-4e2e-a6a6-1bab8cbe36b1: failed to setup: failed to connect to MCHI: 00cbe07e8537eec788c9f80b2d9f40e4bf5e16d2 [BootGuard Configuration] has not been opened
2026-05-14T14:00:46.381082Z INFO fwupd[3821]: FuEngine             failed to add device /sys/devices/pci0000:00/0000:00:16.0/0000:00:16.0-fbf6fcf1-96cf-4e2e-a6a6-1bab8cbe36b1: failed to setup: failed to connect to MKHI: 1d10887a051b3991a3314f760163248231628504 [BootGuard Configuration] has not been opened
2026-05-14T14:00:46.414502Z INFO fwupd[3821]: FuEngine             failed to add device /sys/devices/pci0000:00/0000:00:16.0/0000:00:16.0-dd17041c-09ea-4b17-a271-5b989867ec65: failed to setup: failed to connect to MCHI: 00cbe07e8537eec788c9f80b2d9f40e4bf5e16d2 [BootGuard Configuration] has not been opened
2026-05-14T14:00:46.429586Z INFO fwupd[3821]: FuEngine             failed to add device /sys/devices/pci0000:00/0000:00:16.0/0000:00:16.0-dd17041c-09ea-4b17-a271-5b989867ec65: failed to setup: failed to connect to MKHI: 1d10887a051b3991a3314f760163248231628504 [BootGuard Configuration] has not been opened
2026-05-14T14:00:46.447959Z INFO fwupd[3821]: FuEngine             failed to add device /sys/devices/pci0000:00/0000:00:16.0/0000:00:16.0-55213584-9a29-4916-badf-0fb7ed682aeb: failed to setup: failed to connect to MCHI: 00cbe07e8537eec788c9f80b2d9f40e4bf5e16d2 [BootGuard Configuration] has not been opened
2026-05-14T14:00:46.455232Z INFO fwupd[3821]: FuEngine             failed to add device /sys/devices/pci0000:00/0000:00:16.0/0000:00:16.0-55213584-9a29-4916-badf-0fb7ed682aeb: failed to setup: failed to connect to MKHI: 1d10887a051b3991a3314f760163248231628504 [BootGuard Configuration] has not been opened
2026-05-14T14:00:46.468937Z INFO fwupd[3821]: FuEngine             failed to add device /sys/devices/pci0000:00/0000:00:16.0/0000:00:16.0-8c2f4425-77d6-4755-aca3-891fdbc66a58: failed to setup: failed to connect to MCHI: 00cbe07e8537eec788c9f80b2d9f40e4bf5e16d2 [BootGuard Configuration] has not been opened
2026-05-14T14:00:46.485409Z INFO fwupd[3821]: FuEngine             failed to add device /sys/devices/pci0000:00/0000:00:16.0/0000:00:16.0-8c2f4425-77d6-4755-aca3-891fdbc66a58: failed to setup: failed to connect to MKHI: 1d10887a051b3991a3314f760163248231628504 [BootGuard Configuration] has not been opened
2026-05-14T14:00:46.485409Z INFO fwupd[3821]: FuEngine             failed to add device /sys/devices/pci0000:00/0000:00:16.0/0000:00:16.0-8e6a6715-9abc-4043-88ef-9e39c6f63e0f: failed to setup: failed to connect to MCHI: 00cbe07e8537eec788c9f80b2d9f40e4bf5e16d2 [BootGuard Configuration] has not been opened
2026-05-14T14:00:46.490637Z INFO fwupd[3821]: FuEngine             failed to add device /sys/devices/pci0000:00/0000:00:16.0/0000:00:16.0-8e6a6715-9abc-4043-88ef-9e39c6f63e0f: failed to setup: failed to connect to MKHI: 1d10887a051b3991a3314f760163248231628504 [BootGuard Configuration] has not been opened
2026-05-14T14:00:46.499586Z INFO fwupd[3821]: FuEngine             failed to add device /sys/devices/pci0000:00/0000:00:16.0/0000:00:16.0-b638ab7e-94e2-4ea2-a552-d1c54b627f04: failed to setup: failed to connect to MCHI: 00cbe07e8537eec788c9f80b2d9f40e4bf5e16d2 [BootGuard Configuration] has not been opened
2026-05-14T14:00:46.511145Z INFO fwupd[3821]: FuEngine             failed to add device /sys/devices/pci0000:00/0000:00:16.0/0000:00:16.0-b638ab7e-94e2-4ea2-a552-d1c54b627f04: failed to setup: failed to connect to MKHI: 1d10887a051b3991a3314f760163248231628504 [BootGuard Configuration] has not been opened
2026-05-14T14:00:46.524705Z INFO fwupd[3821]: FuEngine             failed to add device /sys/devices/pci0000:00/0000:00:16.0/0000:00:16.0-082ee5a7-7c25-470a-9643-0c06f0466ea1: failed to setup: failed to connect to MCHI: 00cbe07e8537eec788c9f80b2d9f40e4bf5e16d2 [BootGuard Configuration] has not been opened
2026-05-14T14:00:46.533319Z INFO fwupd[3821]: FuEngine             failed to add device /sys/devices/pci0000:00/0000:00:16.0/0000:00:16.0-082ee5a7-7c25-470a-9643-0c06f0466ea1: failed to setup: failed to connect to MKHI: 1d10887a051b3991a3314f760163248231628504 [BootGuard Configuration] has not been opened
2026-05-14T14:00:46.541193Z INFO fwupd[3821]: FuEngine             failed to add device /sys/devices/pci0000:00/0000:00:16.0/0000:00:16.0-42b3ce2f-bd9f-485a-96ae-26406230b1ff: failed to setup: failed to connect to MCHI: 00cbe07e8537eec788c9f80b2d9f40e4bf5e16d2 [BootGuard Configuration] has not been opened
2026-05-14T14:00:46.545530Z INFO fwupd[3821]: FuEngine             failed to add device /sys/devices/pci0000:00/0000:00:16.0/0000:00:16.0-42b3ce2f-bd9f-485a-96ae-26406230b1ff: failed to setup: failed to connect to MKHI: 1d10887a051b3991a3314f760163248231628504 [BootGuard Configuration] has not been opened
2026-05-14T14:00:46.555056Z INFO fwupd[3821]: FuEngine             failed to add device /sys/devices/pci0000:00/0000:00:16.0/0000:00:16.0-6861ec7b-d07a-4673-856c-7f22b4d55769: failed to setup: failed to connect to MCHI: 00cbe07e8537eec788c9f80b2d9f40e4bf5e16d2 [BootGuard Configuration] has not been opened
2026-05-14T14:00:46.559589Z INFO fwupd[3821]: FuEngine             failed to add device /sys/devices/pci0000:00/0000:00:16.0/0000:00:16.0-6861ec7b-d07a-4673-856c-7f22b4d55769: failed to setup: failed to connect to MKHI: 1d10887a051b3991a3314f760163248231628504 [BootGuard Configuration] has not been opened
2026-05-14T14:01:21.405737Z INFO fwupd[3821]: FuContext            battery level now 21
2026-05-14T14:03:51.427873Z INFO fwupd[3821]: FuContext            battery level now 20
2026-05-14T14:06:21.456884Z INFO fwupd[3821]: FuContext            battery level now 19
2026-05-14T14:08:21.472618Z INFO fwupd[3821]: FuContext            battery level now 18
2026-05-14T14:09:51.485815Z INFO fwupd[3821]: FuContext            battery level now 17
2026-05-14T14:37:07.321076Z INFO fwupd[3821]: FuEngine             failed to add device /sys/devices/pci0000:00/0000:00:16.0/0000:00:16.0-082ee5a7-7c25-470a-9643-0c06f0466ea1: failed to setup: failed to connect to MCHI: 00cbe07e8537eec788c9f80b2d9f40e4bf5e16d2 [BootGuard Configuration] has not been opened
2026-05-14T14:37:07.364077Z INFO fwupd[3821]: FuEngine             failed to add device /sys/devices/pci0000:00/0000:00:16.0/0000:00:16.0-082ee5a7-7c25-470a-9643-0c06f0466ea1: failed to setup: failed to connect to MKHI: 1d10887a051b3991a3314f760163248231628504 [BootGuard Configuration] has not been opened
2026-05-14T14:37:07.403986Z INFO fwupd[3821]: FuEngine             failed to add device /sys/devices/pci0000:00/0000:00:16.0/0000:00:16.0-b638ab7e-94e2-4ea2-a552-d1c54b627f04: failed to setup: failed to connect to MCHI: 00cbe07e8537eec788c9f80b2d9f40e4bf5e16d2 [BootGuard Configuration] has not been opened
2026-05-14T14:37:07.411401Z INFO fwupd[3821]: FuEngine             failed to add device /sys/devices/pci0000:00/0000:00:16.0/0000:00:16.0-b638ab7e-94e2-4ea2-a552-d1c54b627f04: failed to setup: failed to connect to MKHI: 1d10887a051b3991a3314f760163248231628504 [BootGuard Configuration] has not been opened
2026-05-14T14:37:07.429818Z INFO fwupd[3821]: FuEngine             failed to add device /sys/devices/pci0000:00/0000:00:16.0/0000:00:16.0-fbf6fcf1-96cf-4e2e-a6a6-1bab8cbe36b1: failed to setup: failed to connect to MCHI: 00cbe07e8537eec788c9f80b2d9f40e4bf5e16d2 [BootGuard Configuration] has not been opened
2026-05-14T14:37:07.436434Z INFO fwupd[3821]: FuEngine             failed to add device /sys/devices/pci0000:00/0000:00:16.0/0000:00:16.0-fbf6fcf1-96cf-4e2e-a6a6-1bab8cbe36b1: failed to setup: failed to connect to MKHI: 1d10887a051b3991a3314f760163248231628504 [BootGuard Configuration] has not been opened
2026-05-14T14:37:07.453674Z INFO fwupd[3821]: FuEngine             failed to add device /sys/devices/pci0000:00/0000:00:16.0/0000:00:16.0-55213584-9a29-4916-badf-0fb7ed682aeb: failed to setup: failed to connect to MCHI: 00cbe07e8537eec788c9f80b2d9f40e4bf5e16d2 [BootGuard Configuration] has not been opened
2026-05-14T14:37:07.460219Z INFO fwupd[3821]: FuEngine             failed to add device /sys/devices/pci0000:00/0000:00:16.0/0000:00:16.0-55213584-9a29-4916-badf-0fb7ed682aeb: failed to setup: failed to connect to MKHI: 1d10887a051b3991a3314f760163248231628504 [BootGuard Configuration] has not been opened
2026-05-14T14:37:07.475747Z INFO fwupd[3821]: FuEngine             failed to add device /sys/devices/pci0000:00/0000:00:16.0/0000:00:16.0-dd17041c-09ea-4b17-a271-5b989867ec65: failed to setup: failed to connect to MCHI: 00cbe07e8537eec788c9f80b2d9f40e4bf5e16d2 [BootGuard Configuration] has not been opened
2026-05-14T14:37:07.483343Z INFO fwupd[3821]: FuEngine             failed to add device /sys/devices/pci0000:00/0000:00:16.0/0000:00:16.0-dd17041c-09ea-4b17-a271-5b989867ec65: failed to setup: failed to connect to MKHI: 1d10887a051b3991a3314f760163248231628504 [BootGuard Configuration] has not been opened
2026-05-14T14:37:07.497244Z INFO fwupd[3821]: FuEngine             failed to add device /sys/devices/pci0000:00/0000:00:16.0/0000:00:16.0-8c2f4425-77d6-4755-aca3-891fdbc66a58: failed to setup: failed to connect to MCHI: 00cbe07e8537eec788c9f80b2d9f40e4bf5e16d2 [BootGuard Configuration] has not been opened
2026-05-14T14:37:07.503910Z INFO fwupd[3821]: FuEngine             failed to add device /sys/devices/pci0000:00/0000:00:16.0/0000:00:16.0-8c2f4425-77d6-4755-aca3-891fdbc66a58: failed to setup: failed to connect to MKHI: 1d10887a051b3991a3314f760163248231628504 [BootGuard Configuration] has not been opened
2026-05-14T14:37:07.515997Z INFO fwupd[3821]: FuEngine             failed to add device /sys/devices/pci0000:00/0000:00:16.0/0000:00:16.0-8e6a6715-9abc-4043-88ef-9e39c6f63e0f: failed to setup: failed to connect to MCHI: 00cbe07e8537eec788c9f80b2d9f40e4bf5e16d2 [BootGuard Configuration] has not been opened
2026-05-14T14:37:07.521397Z INFO fwupd[3821]: FuEngine             failed to add device /sys/devices/pci0000:00/0000:00:16.0/0000:00:16.0-8e6a6715-9abc-4043-88ef-9e39c6f63e0f: failed to setup: failed to connect to MKHI: 1d10887a051b3991a3314f760163248231628504 [BootGuard Configuration] has not been opened
2026-05-14T14:37:07.531808Z INFO fwupd[3821]: FuEngine             failed to add device /sys/devices/pci0000:00/0000:00:16.0/0000:00:16.0-6861ec7b-d07a-4673-856c-7f22b4d55769: failed to setup: failed to connect to MCHI: 00cbe07e8537eec788c9f80b2d9f40e4bf5e16d2 [BootGuard Configuration] has not been opened
2026-05-14T14:37:07.537066Z INFO fwupd[3821]: FuEngine             failed to add device /sys/devices/pci0000:00/0000:00:16.0/0000:00:16.0-6861ec7b-d07a-4673-856c-7f22b4d55769: failed to setup: failed to connect to MKHI: 1d10887a051b3991a3314f760163248231628504 [BootGuard Configuration] has not been opened
2026-05-14T14:37:07.554636Z INFO fwupd[3821]: FuEngine             failed to add device /sys/devices/pci0000:00/0000:00:16.0/0000:00:16.0-42b3ce2f-bd9f-485a-96ae-26406230b1ff: failed to setup: failed to connect to MCHI: 00cbe07e8537eec788c9f80b2d9f40e4bf5e16d2 [BootGuard Configuration] has not been opened
2026-05-14T14:37:07.559885Z INFO fwupd[3821]: FuEngine             failed to add device /sys/devices/pci0000:00/0000:00:16.0/0000:00:16.0-42b3ce2f-bd9f-485a-96ae-26406230b1ff: failed to setup: failed to connect to MKHI: 1d10887a051b3991a3314f760163248231628504 [BootGuard Configuration] has not been opened
2026-05-14T14:39:12.429987Z INFO fwupd[3821]: FuContext            battery level now 16
2026-05-14T14:43:12.462681Z INFO fwupd[3821]: FuContext            battery level now 15
2026-05-14T14:47:42.498677Z INFO fwupd[3821]: FuContext            battery level now 14
2026-05-14T14:52:16.345938Z INFO fwupd[3821]: FuEngine             failed to add device /sys/devices/pci0000:00/0000:00:16.0/0000:00:16.0-082ee5a7-7c25-470a-9643-0c06f0466ea1: failed to setup: failed to connect to MCHI: 00cbe07e8537eec788c9f80b2d9f40e4bf5e16d2 [BootGuard Configuration] has not been opened
2026-05-14T14:52:16.368870Z INFO fwupd[3821]: FuEngine             failed to add device /sys/devices/pci0000:00/0000:00:16.0/0000:00:16.0-082ee5a7-7c25-470a-9643-0c06f0466ea1: failed to setup: failed to connect to MKHI: 1d10887a051b3991a3314f760163248231628504 [BootGuard Configuration] has not been opened
2026-05-14T14:52:16.388991Z INFO fwupd[3821]: FuEngine             failed to add device /sys/devices/pci0000:00/0000:00:16.0/0000:00:16.0-b638ab7e-94e2-4ea2-a552-d1c54b627f04: failed to setup: failed to connect to MCHI: 00cbe07e8537eec788c9f80b2d9f40e4bf5e16d2 [BootGuard Configuration] has not been opened
2026-05-14T14:52:16.416224Z INFO fwupd[3821]: FuEngine             failed to add device /sys/devices/pci0000:00/0000:00:16.0/0000:00:16.0-b638ab7e-94e2-4ea2-a552-d1c54b627f04: failed to setup: failed to connect to MKHI: 1d10887a051b3991a3314f760163248231628504 [BootGuard Configuration] has not been opened
2026-05-14T14:52:16.427808Z INFO fwupd[3821]: FuEngine             failed to add device /sys/devices/pci0000:00/0000:00:16.0/0000:00:16.0-8e6a6715-9abc-4043-88ef-9e39c6f63e0f: failed to setup: failed to connect to MCHI: 00cbe07e8537eec788c9f80b2d9f40e4bf5e16d2 [BootGuard Configuration] has not been opened
2026-05-14T14:52:16.435148Z INFO fwupd[3821]: FuEngine             failed to add device /sys/devices/pci0000:00/0000:00:16.0/0000:00:16.0-8e6a6715-9abc-4043-88ef-9e39c6f63e0f: failed to setup: failed to connect to MKHI: 1d10887a051b3991a3314f760163248231628504 [BootGuard Configuration] has not been opened
2026-05-14T14:52:16.450180Z INFO fwupd[3821]: FuEngine             failed to add device /sys/devices/pci0000:00/0000:00:16.0/0000:00:16.0-fbf6fcf1-96cf-4e2e-a6a6-1bab8cbe36b1: failed to setup: failed to connect to MCHI: 00cbe07e8537eec788c9f80b2d9f40e4bf5e16d2 [BootGuard Configuration] has not been opened
2026-05-14T14:52:16.464061Z INFO fwupd[3821]: FuEngine             failed to add device /sys/devices/pci0000:00/0000:00:16.0/0000:00:16.0-fbf6fcf1-96cf-4e2e-a6a6-1bab8cbe36b1: failed to setup: failed to connect to MKHI: 1d10887a051b3991a3314f760163248231628504 [BootGuard Configuration] has not been opened
2026-05-14T14:52:16.491430Z INFO fwupd[3821]: FuEngine             failed to add device /sys/devices/pci0000:00/0000:00:16.0/0000:00:16.0-8c2f4425-77d6-4755-aca3-891fdbc66a58: failed to setup: failed to connect to MCHI: 00cbe07e8537eec788c9f80b2d9f40e4bf5e16d2 [BootGuard Configuration] has not been opened
2026-05-14T14:52:16.505768Z INFO fwupd[3821]: FuEngine             failed to add device /sys/devices/pci0000:00/0000:00:16.0/0000:00:16.0-8c2f4425-77d6-4755-aca3-891fdbc66a58: failed to setup: failed to connect to MKHI: 1d10887a051b3991a3314f760163248231628504 [BootGuard Configuration] has not been opened
2026-05-14T14:52:16.515239Z INFO fwupd[3821]: FuEngine             failed to add device /sys/devices/pci0000:00/0000:00:16.0/0000:00:16.0-dd17041c-09ea-4b17-a271-5b989867ec65: failed to setup: failed to connect to MCHI: 00cbe07e8537eec788c9f80b2d9f40e4bf5e16d2 [BootGuard Configuration] has not been opened
2026-05-14T14:52:16.520982Z INFO fwupd[3821]: FuEngine             failed to add device /sys/devices/pci0000:00/0000:00:16.0/0000:00:16.0-dd17041c-09ea-4b17-a271-5b989867ec65: failed to setup: failed to connect to MKHI: 1d10887a051b3991a3314f760163248231628504 [BootGuard Configuration] has not been opened
2026-05-14T14:52:16.537655Z INFO fwupd[3821]: FuEngine             failed to add device /sys/devices/pci0000:00/0000:00:16.0/0000:00:16.0-6861ec7b-d07a-4673-856c-7f22b4d55769: failed to setup: failed to connect to MCHI: 00cbe07e8537eec788c9f80b2d9f40e4bf5e16d2 [BootGuard Configuration] has not been opened
2026-05-14T14:52:16.547522Z INFO fwupd[3821]: FuEngine             failed to add device /sys/devices/pci0000:00/0000:00:16.0/0000:00:16.0-6861ec7b-d07a-4673-856c-7f22b4d55769: failed to setup: failed to connect to MKHI: 1d10887a051b3991a3314f760163248231628504 [BootGuard Configuration] has not been opened
2026-05-14T14:52:16.558227Z INFO fwupd[3821]: FuEngine             failed to add device /sys/devices/pci0000:00/0000:00:16.0/0000:00:16.0-42b3ce2f-bd9f-485a-96ae-26406230b1ff: failed to setup: failed to connect to MCHI: 00cbe07e8537eec788c9f80b2d9f40e4bf5e16d2 [BootGuard Configuration] has not been opened
2026-05-14T14:52:16.563175Z INFO fwupd[3821]: FuEngine             failed to add device /sys/devices/pci0000:00/0000:00:16.0/0000:00:16.0-42b3ce2f-bd9f-485a-96ae-26406230b1ff: failed to setup: failed to connect to MKHI: 1d10887a051b3991a3314f760163248231628504 [BootGuard Configuration] has not been opened
2026-05-14T14:52:16.574211Z INFO fwupd[3821]: FuEngine             failed to add device /sys/devices/pci0000:00/0000:00:16.0/0000:00:16.0-55213584-9a29-4916-badf-0fb7ed682aeb: failed to setup: failed to connect to MCHI: 00cbe07e8537eec788c9f80b2d9f40e4bf5e16d2 [BootGuard Configuration] has not been opened
2026-05-14T14:52:16.578906Z INFO fwupd[3821]: FuEngine             failed to add device /sys/devices/pci0000:00/0000:00:16.0/0000:00:16.0-55213584-9a29-4916-badf-0fb7ed682aeb: failed to setup: failed to connect to MKHI: 1d10887a051b3991a3314f760163248231628504 [BootGuard Configuration] has not been opened
2026-05-14T15:35:50.365743Z INFO fwupd[3821]: FuEngine             failed to add device /sys/devices/pci0000:00/0000:00:16.0/0000:00:16.0-42b3ce2f-bd9f-485a-96ae-26406230b1ff: failed to setup: failed to connect to MCHI: 00cbe07e8537eec788c9f80b2d9f40e4bf5e16d2 [BootGuard Configuration] has not been opened
2026-05-14T15:35:50.381827Z INFO fwupd[3821]: FuEngine             failed to add device /sys/devices/pci0000:00/0000:00:16.0/0000:00:16.0-42b3ce2f-bd9f-485a-96ae-26406230b1ff: failed to setup: failed to connect to MKHI: 1d10887a051b3991a3314f760163248231628504 [BootGuard Configuration] has not been opened
2026-05-14T15:35:50.397869Z INFO fwupd[3821]: FuEngine             failed to add device /sys/devices/pci0000:00/0000:00:16.0/0000:00:16.0-55213584-9a29-4916-badf-0fb7ed682aeb: failed to setup: failed to connect to MCHI: 00cbe07e8537eec788c9f80b2d9f40e4bf5e16d2 [BootGuard Configuration] has not been opened
2026-05-14T15:35:50.408219Z INFO fwupd[3821]: FuEngine             failed to add device /sys/devices/pci0000:00/0000:00:16.0/0000:00:16.0-55213584-9a29-4916-badf-0fb7ed682aeb: failed to setup: failed to connect to MKHI: 1d10887a051b3991a3314f760163248231628504 [BootGuard Configuration] has not been opened
2026-05-14T15:35:50.417421Z INFO fwupd[3821]: FuEngine             failed to add device /sys/devices/pci0000:00/0000:00:16.0/0000:00:16.0-6861ec7b-d07a-4673-856c-7f22b4d55769: failed to setup: failed to connect to MCHI: 00cbe07e8537eec788c9f80b2d9f40e4bf5e16d2 [BootGuard Configuration] has not been opened
2026-05-14T15:35:50.423904Z INFO fwupd[3821]: FuEngine             failed to add device /sys/devices/pci0000:00/0000:00:16.0/0000:00:16.0-6861ec7b-d07a-4673-856c-7f22b4d55769: failed to setup: failed to connect to MKHI: 1d10887a051b3991a3314f760163248231628504 [BootGuard Configuration] has not been opened
2026-05-14T15:35:50.436459Z INFO fwupd[3821]: FuEngine             failed to add device /sys/devices/pci0000:00/0000:00:16.0/0000:00:16.0-082ee5a7-7c25-470a-9643-0c06f0466ea1: failed to setup: failed to connect to MCHI: 00cbe07e8537eec788c9f80b2d9f40e4bf5e16d2 [BootGuard Configuration] has not been opened
2026-05-14T15:35:50.443511Z INFO fwupd[3821]: FuEngine             failed to add device /sys/devices/pci0000:00/0000:00:16.0/0000:00:16.0-082ee5a7-7c25-470a-9643-0c06f0466ea1: failed to setup: failed to connect to MKHI: 1d10887a051b3991a3314f760163248231628504 [BootGuard Configuration] has not been opened
2026-05-14T15:35:50.464754Z INFO fwupd[3821]: FuEngine             failed to add device /sys/devices/pci0000:00/0000:00:16.0/0000:00:16.0-dd17041c-09ea-4b17-a271-5b989867ec65: failed to setup: failed to connect to MCHI: 00cbe07e8537eec788c9f80b2d9f40e4bf5e16d2 [BootGuard Configuration] has not been opened
2026-05-14T15:35:50.472178Z INFO fwupd[3821]: FuEngine             failed to add device /sys/devices/pci0000:00/0000:00:16.0/0000:00:16.0-dd17041c-09ea-4b17-a271-5b989867ec65: failed to setup: failed to connect to MKHI: 1d10887a051b3991a3314f760163248231628504 [BootGuard Configuration] has not been opened
2026-05-14T15:35:50.487460Z INFO fwupd[3821]: FuEngine             failed to add device /sys/devices/pci0000:00/0000:00:16.0/0000:00:16.0-8e6a6715-9abc-4043-88ef-9e39c6f63e0f: failed to setup: failed to connect to MCHI: 00cbe07e8537eec788c9f80b2d9f40e4bf5e16d2 [BootGuard Configuration] has not been opened
2026-05-14T15:35:50.496001Z INFO fwupd[3821]: FuEngine             failed to add device /sys/devices/pci0000:00/0000:00:16.0/0000:00:16.0-8e6a6715-9abc-4043-88ef-9e39c6f63e0f: failed to setup: failed to connect to MKHI: 1d10887a051b3991a3314f760163248231628504 [BootGuard Configuration] has not been opened
2026-05-14T15:35:50.505765Z INFO fwupd[3821]: FuEngine             failed to add device /sys/devices/pci0000:00/0000:00:16.0/0000:00:16.0-b638ab7e-94e2-4ea2-a552-d1c54b627f04: failed to setup: failed to connect to MCHI: 00cbe07e8537eec788c9f80b2d9f40e4bf5e16d2 [BootGuard Configuration] has not been opened
2026-05-14T15:35:50.510426Z INFO fwupd[3821]: FuEngine             failed to add device /sys/devices/pci0000:00/0000:00:16.0/0000:00:16.0-b638ab7e-94e2-4ea2-a552-d1c54b627f04: failed to setup: failed to connect to MKHI: 1d10887a051b3991a3314f760163248231628504 [BootGuard Configuration] has not been opened
2026-05-14T15:35:50.521209Z INFO fwupd[3821]: FuEngine             failed to add device /sys/devices/pci0000:00/0000:00:16.0/0000:00:16.0-fbf6fcf1-96cf-4e2e-a6a6-1bab8cbe36b1: failed to setup: failed to connect to MCHI: 00cbe07e8537eec788c9f80b2d9f40e4bf5e16d2 [BootGuard Configuration] has not been opened
2026-05-14T15:35:50.525217Z INFO fwupd[3821]: FuEngine             failed to add device /sys/devices/pci0000:00/0000:00:16.0/0000:00:16.0-fbf6fcf1-96cf-4e2e-a6a6-1bab8cbe36b1: failed to setup: failed to connect to MKHI: 1d10887a051b3991a3314f760163248231628504 [BootGuard Configuration] has not been opened
2026-05-14T15:35:50.533467Z INFO fwupd[3821]: FuEngine             failed to add device /sys/devices/pci0000:00/0000:00:16.0/0000:00:16.0-8c2f4425-77d6-4755-aca3-891fdbc66a58: failed to setup: failed to connect to MCHI: 00cbe07e8537eec788c9f80b2d9f40e4bf5e16d2 [BootGuard Configuration] has not been opened
2026-05-14T15:35:50.538083Z INFO fwupd[3821]: FuEngine             failed to add device /sys/devices/pci0000:00/0000:00:16.0/0000:00:16.0-8c2f4425-77d6-4755-aca3-891fdbc66a58: failed to setup: failed to connect to MKHI: 1d10887a051b3991a3314f760163248231628504 [BootGuard Configuration] has not been opened
2026-05-15T12:48:09.338459Z INFO fwupd[3821]: FuEngine             failed to add device /sys/devices/pci0000:00/0000:00:16.0/0000:00:16.0-082ee5a7-7c25-470a-9643-0c06f0466ea1: failed to setup: failed to connect to MCHI: 00cbe07e8537eec788c9f80b2d9f40e4bf5e16d2 [BootGuard Configuration] has not been opened
2026-05-15T12:48:09.369813Z INFO fwupd[3821]: FuEngine             failed to add device /sys/devices/pci0000:00/0000:00:16.0/0000:00:16.0-082ee5a7-7c25-470a-9643-0c06f0466ea1: failed to setup: failed to connect to MKHI: 1d10887a051b3991a3314f760163248231628504 [BootGuard Configuration] has not been opened
2026-05-15T12:48:09.382796Z INFO fwupd[3821]: FuEngine             failed to add device /sys/devices/pci0000:00/0000:00:16.0/0000:00:16.0-b638ab7e-94e2-4ea2-a552-d1c54b627f04: failed to setup: failed to connect to MCHI: 00cbe07e8537eec788c9f80b2d9f40e4bf5e16d2 [BootGuard Configuration] has not been opened
2026-05-15T12:48:09.390167Z INFO fwupd[3821]: FuEngine             failed to add device /sys/devices/pci0000:00/0000:00:16.0/0000:00:16.0-b638ab7e-94e2-4ea2-a552-d1c54b627f04: failed to setup: failed to connect to MKHI: 1d10887a051b3991a3314f760163248231628504 [BootGuard Configuration] has not been opened
2026-05-15T12:48:09.406790Z INFO fwupd[3821]: FuEngine             failed to add device /sys/devices/pci0000:00/0000:00:16.0/0000:00:16.0-fbf6fcf1-96cf-4e2e-a6a6-1bab8cbe36b1: failed to setup: failed to connect to MCHI: 00cbe07e8537eec788c9f80b2d9f40e4bf5e16d2 [BootGuard Configuration] has not been opened
2026-05-15T12:48:09.415267Z INFO fwupd[3821]: FuEngine             failed to add device /sys/devices/pci0000:00/0000:00:16.0/0000:00:16.0-fbf6fcf1-96cf-4e2e-a6a6-1bab8cbe36b1: failed to setup: failed to connect to MKHI: 1d10887a051b3991a3314f760163248231628504 [BootGuard Configuration] has not been opened
2026-05-15T12:48:09.415267Z INFO fwupd[3821]: FuContext            battery level now 13
2026-05-15T12:48:09.434420Z INFO fwupd[3821]: FuEngine             failed to add device /sys/devices/pci0000:00/0000:00:16.0/0000:00:16.0-42b3ce2f-bd9f-485a-96ae-26406230b1ff: failed to setup: failed to connect to MCHI: 00cbe07e8537eec788c9f80b2d9f40e4bf5e16d2 [BootGuard Configuration] has not been opened
2026-05-15T12:48:09.437899Z INFO fwupd[3821]: FuEngine             failed to add device /sys/devices/pci0000:00/0000:00:16.0/0000:00:16.0-42b3ce2f-bd9f-485a-96ae-26406230b1ff: failed to setup: failed to connect to MKHI: 1d10887a051b3991a3314f760163248231628504 [BootGuard Configuration] has not been opened
2026-05-15T12:48:09.454710Z INFO fwupd[3821]: FuEngine             failed to add device /sys/devices/pci0000:00/0000:00:16.0/0000:00:16.0-6861ec7b-d07a-4673-856c-7f22b4d55769: failed to setup: failed to connect to MCHI: 00cbe07e8537eec788c9f80b2d9f40e4bf5e16d2 [BootGuard Configuration] has not been opened
2026-05-15T12:48:09.464948Z INFO fwupd[3821]: FuEngine             failed to add device /sys/devices/pci0000:00/0000:00:16.0/0000:00:16.0-6861ec7b-d07a-4673-856c-7f22b4d55769: failed to setup: failed to connect to MKHI: 1d10887a051b3991a3314f760163248231628504 [BootGuard Configuration] has not been opened
2026-05-15T12:48:09.483775Z INFO fwupd[3821]: FuEngine             failed to add device /sys/devices/pci0000:00/0000:00:16.0/0000:00:16.0-55213584-9a29-4916-badf-0fb7ed682aeb: failed to setup: failed to connect to MCHI: 00cbe07e8537eec788c9f80b2d9f40e4bf5e16d2 [BootGuard Configuration] has not been opened
2026-05-15T12:48:09.489459Z INFO fwupd[3821]: FuEngine             failed to add device /sys/devices/pci0000:00/0000:00:16.0/0000:00:16.0-55213584-9a29-4916-badf-0fb7ed682aeb: failed to setup: failed to connect to MKHI: 1d10887a051b3991a3314f760163248231628504 [BootGuard Configuration] has not been opened
2026-05-15T12:48:09.511805Z INFO fwupd[3821]: FuEngine             failed to add device /sys/devices/pci0000:00/0000:00:16.0/0000:00:16.0-8e6a6715-9abc-4043-88ef-9e39c6f63e0f: failed to setup: failed to connect to MCHI: 00cbe07e8537eec788c9f80b2d9f40e4bf5e16d2 [BootGuard Configuration] has not been opened
2026-05-15T12:48:09.517540Z INFO fwupd[3821]: FuEngine             failed to add device /sys/devices/pci0000:00/0000:00:16.0/0000:00:16.0-8e6a6715-9abc-4043-88ef-9e39c6f63e0f: failed to setup: failed to connect to MKHI: 1d10887a051b3991a3314f760163248231628504 [BootGuard Configuration] has not been opened
2026-05-15T12:48:09.530410Z INFO fwupd[3821]: FuEngine             failed to add device /sys/devices/pci0000:00/0000:00:16.0/0000:00:16.0-8c2f4425-77d6-4755-aca3-891fdbc66a58: failed to setup: failed to connect to MCHI: 00cbe07e8537eec788c9f80b2d9f40e4bf5e16d2 [BootGuard Configuration] has not been opened
2026-05-15T12:48:09.534606Z INFO fwupd[3821]: FuEngine             failed to add device /sys/devices/pci0000:00/0000:00:16.0/0000:00:16.0-8c2f4425-77d6-4755-aca3-891fdbc66a58: failed to setup: failed to connect to MKHI: 1d10887a051b3991a3314f760163248231628504 [BootGuard Configuration] has not been opened
2026-05-15T12:48:09.545638Z INFO fwupd[3821]: FuEngine             failed to add device /sys/devices/pci0000:00/0000:00:16.0/0000:00:16.0-dd17041c-09ea-4b17-a271-5b989867ec65: failed to setup: failed to connect to MCHI: 00cbe07e8537eec788c9f80b2d9f40e4bf5e16d2 [BootGuard Configuration] has not been opened
2026-05-15T12:48:09.550394Z INFO fwupd[3821]: FuEngine             failed to add device /sys/devices/pci0000:00/0000:00:16.0/0000:00:16.0-dd17041c-09ea-4b17-a271-5b989867ec65: failed to setup: failed to connect to MKHI: 1d10887a051b3991a3314f760163248231628504 [BootGuard Configuration] has not been opened
2026-05-15T12:49:45.027176Z INFO fwupd[3821]: FuContext            battery level now 12
