2026-05-11T13:26:25.979366Z INFO fwupd[3741]: FuContext            battery level now 92
2026-05-11T13:31:56.021660Z INFO fwupd[3741]: FuContext            battery level now 91
2026-05-11T13:36:56.062146Z INFO fwupd[3741]: FuContext            battery level now 90
2026-05-11T13:40:56.095769Z INFO fwupd[3741]: FuContext            battery level now 89
2026-05-11T13:45:26.134571Z INFO fwupd[3741]: FuContext            battery level now 88
2026-05-11T13:49:26.167476Z INFO fwupd[3741]: FuContext            battery level now 87
2026-05-11T13:53:56.207543Z INFO fwupd[3741]: FuContext            battery level now 86
2026-05-11T13:59:26.253901Z INFO fwupd[3741]: FuContext            battery level now 85
2026-05-11T14:03:26.285385Z INFO fwupd[3741]: FuContext            battery level now 84
2026-05-11T14:07:56.325133Z INFO fwupd[3741]: FuContext            battery level now 83
2026-05-11T15:36:47.315662Z INFO fwupd[3741]: FuEngine             failed to add device /sys/devices/pci0000:00/0000:00:16.0/0000:00:16.0-082ee5a7-7c25-470a-9643-0c06f0466ea1: failed to setup: failed to connect to MCHI: 00cbe07e8537eec788c9f80b2d9f40e4bf5e16d2 [BootGuard Configuration] has not been opened
2026-05-11T15:36:47.342645Z INFO fwupd[3741]: FuEngine             failed to add device /sys/devices/pci0000:00/0000:00:16.0/0000:00:16.0-082ee5a7-7c25-470a-9643-0c06f0466ea1: failed to setup: failed to connect to MKHI: 1d10887a051b3991a3314f760163248231628504 [BootGuard Configuration] has not been opened
2026-05-11T15:36:47.372042Z INFO fwupd[3741]: FuEngine             failed to add device /sys/devices/pci0000:00/0000:00:16.0/0000:00:16.0-8e6a6715-9abc-4043-88ef-9e39c6f63e0f: failed to setup: failed to connect to MCHI: 00cbe07e8537eec788c9f80b2d9f40e4bf5e16d2 [BootGuard Configuration] has not been opened
2026-05-11T15:36:47.391902Z INFO fwupd[3741]: FuEngine             failed to add device /sys/devices/pci0000:00/0000:00:16.0/0000:00:16.0-8e6a6715-9abc-4043-88ef-9e39c6f63e0f: failed to setup: failed to connect to MKHI: 1d10887a051b3991a3314f760163248231628504 [BootGuard Configuration] has not been opened
2026-05-11T15:36:47.408084Z INFO fwupd[3741]: FuEngine             failed to add device /sys/devices/pci0000:00/0000:00:16.0/0000:00:16.0-8c2f4425-77d6-4755-aca3-891fdbc66a58: failed to setup: failed to connect to MCHI: 00cbe07e8537eec788c9f80b2d9f40e4bf5e16d2 [BootGuard Configuration] has not been opened
2026-05-11T15:36:47.415900Z INFO fwupd[3741]: FuEngine             failed to add device /sys/devices/pci0000:00/0000:00:16.0/0000:00:16.0-8c2f4425-77d6-4755-aca3-891fdbc66a58: failed to setup: failed to connect to MKHI: 1d10887a051b3991a3314f760163248231628504 [BootGuard Configuration] has not been opened
2026-05-11T15:36:47.427396Z INFO fwupd[3741]: FuEngine             failed to add device /sys/devices/pci0000:00/0000:00:16.0/0000:00:16.0-b638ab7e-94e2-4ea2-a552-d1c54b627f04: failed to setup: failed to connect to MCHI: 00cbe07e8537eec788c9f80b2d9f40e4bf5e16d2 [BootGuard Configuration] has not been opened
2026-05-11T15:36:47.432389Z INFO fwupd[3741]: FuEngine             failed to add device /sys/devices/pci0000:00/0000:00:16.0/0000:00:16.0-b638ab7e-94e2-4ea2-a552-d1c54b627f04: failed to setup: failed to connect to MKHI: 1d10887a051b3991a3314f760163248231628504 [BootGuard Configuration] has not been opened
2026-05-11T15:36:47.445034Z INFO fwupd[3741]: FuEngine             failed to add device /sys/devices/pci0000:00/0000:00:16.0/0000:00:16.0-55213584-9a29-4916-badf-0fb7ed682aeb: failed to setup: failed to connect to MCHI: 00cbe07e8537eec788c9f80b2d9f40e4bf5e16d2 [BootGuard Configuration] has not been opened
2026-05-11T15:36:47.445615Z INFO fwupd[3741]: FuEngine             failed to add device /sys/devices/pci0000:00/0000:00:16.0/0000:00:16.0-55213584-9a29-4916-badf-0fb7ed682aeb: failed to setup: failed to connect to MKHI: 1d10887a051b3991a3314f760163248231628504 [BootGuard Configuration] has not been opened
2026-05-11T15:36:47.455136Z INFO fwupd[3741]: FuEngine             failed to add device /sys/devices/pci0000:00/0000:00:16.0/0000:00:16.0-fbf6fcf1-96cf-4e2e-a6a6-1bab8cbe36b1: failed to setup: failed to connect to MCHI: 00cbe07e8537eec788c9f80b2d9f40e4bf5e16d2 [BootGuard Configuration] has not been opened
2026-05-11T15:36:47.459930Z INFO fwupd[3741]: FuEngine             failed to add device /sys/devices/pci0000:00/0000:00:16.0/0000:00:16.0-fbf6fcf1-96cf-4e2e-a6a6-1bab8cbe36b1: failed to setup: failed to connect to MKHI: 1d10887a051b3991a3314f760163248231628504 [BootGuard Configuration] has not been opened
2026-05-11T15:36:47.469619Z INFO fwupd[3741]: FuEngine             failed to add device /sys/devices/pci0000:00/0000:00:16.0/0000:00:16.0-42b3ce2f-bd9f-485a-96ae-26406230b1ff: failed to setup: failed to connect to MCHI: 00cbe07e8537eec788c9f80b2d9f40e4bf5e16d2 [BootGuard Configuration] has not been opened
2026-05-11T15:36:47.474379Z INFO fwupd[3741]: FuEngine             failed to add device /sys/devices/pci0000:00/0000:00:16.0/0000:00:16.0-42b3ce2f-bd9f-485a-96ae-26406230b1ff: failed to setup: failed to connect to MKHI: 1d10887a051b3991a3314f760163248231628504 [BootGuard Configuration] has not been opened
2026-05-11T15:36:47.482869Z INFO fwupd[3741]: FuEngine             failed to add device /sys/devices/pci0000:00/0000:00:16.0/0000:00:16.0-6861ec7b-d07a-4673-856c-7f22b4d55769: failed to setup: failed to connect to MCHI: 00cbe07e8537eec788c9f80b2d9f40e4bf5e16d2 [BootGuard Configuration] has not been opened
2026-05-11T15:36:47.487389Z INFO fwupd[3741]: FuEngine             failed to add device /sys/devices/pci0000:00/0000:00:16.0/0000:00:16.0-6861ec7b-d07a-4673-856c-7f22b4d55769: failed to setup: failed to connect to MKHI: 1d10887a051b3991a3314f760163248231628504 [BootGuard Configuration] has not been opened
2026-05-11T15:36:47.496356Z INFO fwupd[3741]: FuEngine             failed to add device /sys/devices/pci0000:00/0000:00:16.0/0000:00:16.0-dd17041c-09ea-4b17-a271-5b989867ec65: failed to setup: failed to connect to MCHI: 00cbe07e8537eec788c9f80b2d9f40e4bf5e16d2 [BootGuard Configuration] has not been opened
2026-05-11T15:36:47.500993Z INFO fwupd[3741]: FuEngine             failed to add device /sys/devices/pci0000:00/0000:00:16.0/0000:00:16.0-dd17041c-09ea-4b17-a271-5b989867ec65: failed to setup: failed to connect to MKHI: 1d10887a051b3991a3314f760163248231628504 [BootGuard Configuration] has not been opened
2026-05-11T16:30:26.267307Z INFO fwupd[3741]: FuEngine             failed to add device /sys/devices/pci0000:00/0000:00:16.0/0000:00:16.0-dd17041c-09ea-4b17-a271-5b989867ec65: failed to setup: failed to connect to MCHI: 00cbe07e8537eec788c9f80b2d9f40e4bf5e16d2 [BootGuard Configuration] has not been opened
2026-05-11T16:30:26.279318Z INFO fwupd[3741]: FuEngine             failed to add device /sys/devices/pci0000:00/0000:00:16.0/0000:00:16.0-dd17041c-09ea-4b17-a271-5b989867ec65: failed to setup: failed to connect to MKHI: 1d10887a051b3991a3314f760163248231628504 [BootGuard Configuration] has not been opened
2026-05-11T16:30:26.298103Z INFO fwupd[3741]: FuEngine             failed to add device /sys/devices/pci0000:00/0000:00:16.0/0000:00:16.0-fbf6fcf1-96cf-4e2e-a6a6-1bab8cbe36b1: failed to setup: failed to connect to MCHI: 00cbe07e8537eec788c9f80b2d9f40e4bf5e16d2 [BootGuard Configuration] has not been opened
2026-05-11T16:30:26.308113Z INFO fwupd[3741]: FuEngine             failed to add device /sys/devices/pci0000:00/0000:00:16.0/0000:00:16.0-fbf6fcf1-96cf-4e2e-a6a6-1bab8cbe36b1: failed to setup: failed to connect to MKHI: 1d10887a051b3991a3314f760163248231628504 [BootGuard Configuration] has not been opened
2026-05-11T16:30:26.326079Z INFO fwupd[3741]: FuEngine             failed to add device /sys/devices/pci0000:00/0000:00:16.0/0000:00:16.0-082ee5a7-7c25-470a-9643-0c06f0466ea1: failed to setup: failed to connect to MCHI: 00cbe07e8537eec788c9f80b2d9f40e4bf5e16d2 [BootGuard Configuration] has not been opened
2026-05-11T16:30:26.334876Z INFO fwupd[3741]: FuEngine             failed to add device /sys/devices/pci0000:00/0000:00:16.0/0000:00:16.0-082ee5a7-7c25-470a-9643-0c06f0466ea1: failed to setup: failed to connect to MKHI: 1d10887a051b3991a3314f760163248231628504 [BootGuard Configuration] has not been opened
2026-05-11T16:30:26.357396Z INFO fwupd[3741]: FuEngine             failed to add device /sys/devices/pci0000:00/0000:00:16.0/0000:00:16.0-b638ab7e-94e2-4ea2-a552-d1c54b627f04: failed to setup: failed to connect to MCHI: 00cbe07e8537eec788c9f80b2d9f40e4bf5e16d2 [BootGuard Configuration] has not been opened
2026-05-11T16:30:26.365745Z INFO fwupd[3741]: FuEngine             failed to add device /sys/devices/pci0000:00/0000:00:16.0/0000:00:16.0-b638ab7e-94e2-4ea2-a552-d1c54b627f04: failed to setup: failed to connect to MKHI: 1d10887a051b3991a3314f760163248231628504 [BootGuard Configuration] has not been opened
2026-05-11T16:30:26.380473Z INFO fwupd[3741]: FuEngine             failed to add device /sys/devices/pci0000:00/0000:00:16.0/0000:00:16.0-6861ec7b-d07a-4673-856c-7f22b4d55769: failed to setup: failed to connect to MCHI: 00cbe07e8537eec788c9f80b2d9f40e4bf5e16d2 [BootGuard Configuration] has not been opened
2026-05-11T16:30:26.388088Z INFO fwupd[3741]: FuEngine             failed to add device /sys/devices/pci0000:00/0000:00:16.0/0000:00:16.0-6861ec7b-d07a-4673-856c-7f22b4d55769: failed to setup: failed to connect to MKHI: 1d10887a051b3991a3314f760163248231628504 [BootGuard Configuration] has not been opened
2026-05-11T16:30:26.407338Z INFO fwupd[3741]: FuEngine             failed to add device /sys/devices/pci0000:00/0000:00:16.0/0000:00:16.0-8c2f4425-77d6-4755-aca3-891fdbc66a58: failed to setup: failed to connect to MCHI: 00cbe07e8537eec788c9f80b2d9f40e4bf5e16d2 [BootGuard Configuration] has not been opened
2026-05-11T16:30:26.410967Z INFO fwupd[3741]: FuEngine             failed to add device /sys/devices/pci0000:00/0000:00:16.0/0000:00:16.0-8c2f4425-77d6-4755-aca3-891fdbc66a58: failed to setup: failed to connect to MKHI: 1d10887a051b3991a3314f760163248231628504 [BootGuard Configuration] has not been opened
2026-05-11T16:30:26.421284Z INFO fwupd[3741]: FuEngine             failed to add device /sys/devices/pci0000:00/0000:00:16.0/0000:00:16.0-8e6a6715-9abc-4043-88ef-9e39c6f63e0f: failed to setup: failed to connect to MCHI: 00cbe07e8537eec788c9f80b2d9f40e4bf5e16d2 [BootGuard Configuration] has not been opened
2026-05-11T16:30:26.425892Z INFO fwupd[3741]: FuEngine             failed to add device /sys/devices/pci0000:00/0000:00:16.0/0000:00:16.0-8e6a6715-9abc-4043-88ef-9e39c6f63e0f: failed to setup: failed to connect to MKHI: 1d10887a051b3991a3314f760163248231628504 [BootGuard Configuration] has not been opened
2026-05-11T16:30:26.435109Z INFO fwupd[3741]: FuEngine             failed to add device /sys/devices/pci0000:00/0000:00:16.0/0000:00:16.0-42b3ce2f-bd9f-485a-96ae-26406230b1ff: failed to setup: failed to connect to MCHI: 00cbe07e8537eec788c9f80b2d9f40e4bf5e16d2 [BootGuard Configuration] has not been opened
2026-05-11T16:30:26.440268Z INFO fwupd[3741]: FuEngine             failed to add device /sys/devices/pci0000:00/0000:00:16.0/0000:00:16.0-42b3ce2f-bd9f-485a-96ae-26406230b1ff: failed to setup: failed to connect to MKHI: 1d10887a051b3991a3314f760163248231628504 [BootGuard Configuration] has not been opened
2026-05-11T16:30:26.447986Z INFO fwupd[3741]: FuEngine             failed to add device /sys/devices/pci0000:00/0000:00:16.0/0000:00:16.0-55213584-9a29-4916-badf-0fb7ed682aeb: failed to setup: failed to connect to MCHI: 00cbe07e8537eec788c9f80b2d9f40e4bf5e16d2 [BootGuard Configuration] has not been opened
2026-05-11T16:30:26.452616Z INFO fwupd[3741]: FuEngine             failed to add device /sys/devices/pci0000:00/0000:00:16.0/0000:00:16.0-55213584-9a29-4916-badf-0fb7ed682aeb: failed to setup: failed to connect to MKHI: 1d10887a051b3991a3314f760163248231628504 [BootGuard Configuration] has not been opened
2026-05-11T16:49:20.288502Z INFO fwupd[3741]: FuEngine             failed to add device /sys/devices/pci0000:00/0000:00:16.0/0000:00:16.0-6861ec7b-d07a-4673-856c-7f22b4d55769: failed to setup: failed to connect to MCHI: 00cbe07e8537eec788c9f80b2d9f40e4bf5e16d2 [BootGuard Configuration] has not been opened
2026-05-11T16:49:20.311409Z INFO fwupd[3741]: FuEngine             failed to add device /sys/devices/pci0000:00/0000:00:16.0/0000:00:16.0-6861ec7b-d07a-4673-856c-7f22b4d55769: failed to setup: failed to connect to MKHI: 1d10887a051b3991a3314f760163248231628504 [BootGuard Configuration] has not been opened
2026-05-11T16:49:20.340091Z INFO fwupd[3741]: FuEngine             failed to add device /sys/devices/pci0000:00/0000:00:16.0/0000:00:16.0-dd17041c-09ea-4b17-a271-5b989867ec65: failed to setup: failed to connect to MCHI: 00cbe07e8537eec788c9f80b2d9f40e4bf5e16d2 [BootGuard Configuration] has not been opened
2026-05-11T16:49:20.346512Z INFO fwupd[3741]: FuEngine             failed to add device /sys/devices/pci0000:00/0000:00:16.0/0000:00:16.0-dd17041c-09ea-4b17-a271-5b989867ec65: failed to setup: failed to connect to MKHI: 1d10887a051b3991a3314f760163248231628504 [BootGuard Configuration] has not been opened
2026-05-11T16:49:20.357215Z INFO fwupd[3741]: FuEngine             failed to add device /sys/devices/pci0000:00/0000:00:16.0/0000:00:16.0-fbf6fcf1-96cf-4e2e-a6a6-1bab8cbe36b1: failed to setup: failed to connect to MCHI: 00cbe07e8537eec788c9f80b2d9f40e4bf5e16d2 [BootGuard Configuration] has not been opened
2026-05-11T16:49:20.361989Z INFO fwupd[3741]: FuEngine             failed to add device /sys/devices/pci0000:00/0000:00:16.0/0000:00:16.0-fbf6fcf1-96cf-4e2e-a6a6-1bab8cbe36b1: failed to setup: failed to connect to MKHI: 1d10887a051b3991a3314f760163248231628504 [BootGuard Configuration] has not been opened
2026-05-11T16:49:20.375499Z INFO fwupd[3741]: FuEngine             failed to add device /sys/devices/pci0000:00/0000:00:16.0/0000:00:16.0-42b3ce2f-bd9f-485a-96ae-26406230b1ff: failed to setup: failed to connect to MCHI: 00cbe07e8537eec788c9f80b2d9f40e4bf5e16d2 [BootGuard Configuration] has not been opened
2026-05-11T16:49:20.379937Z INFO fwupd[3741]: FuEngine             failed to add device /sys/devices/pci0000:00/0000:00:16.0/0000:00:16.0-42b3ce2f-bd9f-485a-96ae-26406230b1ff: failed to setup: failed to connect to MKHI: 1d10887a051b3991a3314f760163248231628504 [BootGuard Configuration] has not been opened
2026-05-11T16:49:20.392740Z INFO fwupd[3741]: FuEngine             failed to add device /sys/devices/pci0000:00/0000:00:16.0/0000:00:16.0-b638ab7e-94e2-4ea2-a552-d1c54b627f04: failed to setup: failed to connect to MCHI: 00cbe07e8537eec788c9f80b2d9f40e4bf5e16d2 [BootGuard Configuration] has not been opened
2026-05-11T16:49:20.399009Z INFO fwupd[3741]: FuEngine             failed to add device /sys/devices/pci0000:00/0000:00:16.0/0000:00:16.0-b638ab7e-94e2-4ea2-a552-d1c54b627f04: failed to setup: failed to connect to MKHI: 1d10887a051b3991a3314f760163248231628504 [BootGuard Configuration] has not been opened
2026-05-11T16:49:20.408148Z INFO fwupd[3741]: FuEngine             failed to add device /sys/devices/pci0000:00/0000:00:16.0/0000:00:16.0-8c2f4425-77d6-4755-aca3-891fdbc66a58: failed to setup: failed to connect to MCHI: 00cbe07e8537eec788c9f80b2d9f40e4bf5e16d2 [BootGuard Configuration] has not been opened
2026-05-11T16:49:20.414485Z INFO fwupd[3741]: FuEngine             failed to add device /sys/devices/pci0000:00/0000:00:16.0/0000:00:16.0-8c2f4425-77d6-4755-aca3-891fdbc66a58: failed to setup: failed to connect to MKHI: 1d10887a051b3991a3314f760163248231628504 [BootGuard Configuration] has not been opened
2026-05-11T16:49:20.429460Z INFO fwupd[3741]: FuEngine             failed to add device /sys/devices/pci0000:00/0000:00:16.0/0000:00:16.0-8e6a6715-9abc-4043-88ef-9e39c6f63e0f: failed to setup: failed to connect to MCHI: 00cbe07e8537eec788c9f80b2d9f40e4bf5e16d2 [BootGuard Configuration] has not been opened
2026-05-11T16:49:20.435064Z INFO fwupd[3741]: FuEngine             failed to add device /sys/devices/pci0000:00/0000:00:16.0/0000:00:16.0-8e6a6715-9abc-4043-88ef-9e39c6f63e0f: failed to setup: failed to connect to MKHI: 1d10887a051b3991a3314f760163248231628504 [BootGuard Configuration] has not been opened
2026-05-11T16:49:20.447495Z INFO fwupd[3741]: FuEngine             failed to add device /sys/devices/pci0000:00/0000:00:16.0/0000:00:16.0-082ee5a7-7c25-470a-9643-0c06f0466ea1: failed to setup: failed to connect to MCHI: 00cbe07e8537eec788c9f80b2d9f40e4bf5e16d2 [BootGuard Configuration] has not been opened
2026-05-11T16:49:20.451796Z INFO fwupd[3741]: FuEngine             failed to add device /sys/devices/pci0000:00/0000:00:16.0/0000:00:16.0-082ee5a7-7c25-470a-9643-0c06f0466ea1: failed to setup: failed to connect to MKHI: 1d10887a051b3991a3314f760163248231628504 [BootGuard Configuration] has not been opened
2026-05-11T16:49:20.462712Z INFO fwupd[3741]: FuEngine             failed to add device /sys/devices/pci0000:00/0000:00:16.0/0000:00:16.0-55213584-9a29-4916-badf-0fb7ed682aeb: failed to setup: failed to connect to MCHI: 00cbe07e8537eec788c9f80b2d9f40e4bf5e16d2 [BootGuard Configuration] has not been opened
2026-05-11T16:49:20.471249Z INFO fwupd[3741]: FuEngine             failed to add device /sys/devices/pci0000:00/0000:00:16.0/0000:00:16.0-55213584-9a29-4916-badf-0fb7ed682aeb: failed to setup: failed to connect to MKHI: 1d10887a051b3991a3314f760163248231628504 [BootGuard Configuration] has not been opened
2026-05-11T17:00:34.305117Z INFO fwupd[3741]: FuEngine             failed to add device /sys/devices/pci0000:00/0000:00:16.0/0000:00:16.0-082ee5a7-7c25-470a-9643-0c06f0466ea1: failed to setup: failed to connect to MCHI: 00cbe07e8537eec788c9f80b2d9f40e4bf5e16d2 [BootGuard Configuration] has not been opened
2026-05-11T17:00:34.311134Z INFO fwupd[3741]: FuEngine             failed to add device /sys/devices/pci0000:00/0000:00:16.0/0000:00:16.0-082ee5a7-7c25-470a-9643-0c06f0466ea1: failed to setup: failed to connect to MKHI: 1d10887a051b3991a3314f760163248231628504 [BootGuard Configuration] has not been opened
2026-05-11T17:00:34.338627Z INFO fwupd[3741]: FuEngine             failed to add device /sys/devices/pci0000:00/0000:00:16.0/0000:00:16.0-dd17041c-09ea-4b17-a271-5b989867ec65: failed to setup: failed to connect to MCHI: 00cbe07e8537eec788c9f80b2d9f40e4bf5e16d2 [BootGuard Configuration] has not been opened
2026-05-11T17:00:34.346887Z INFO fwupd[3741]: FuEngine             failed to add device /sys/devices/pci0000:00/0000:00:16.0/0000:00:16.0-dd17041c-09ea-4b17-a271-5b989867ec65: failed to setup: failed to connect to MKHI: 1d10887a051b3991a3314f760163248231628504 [BootGuard Configuration] has not been opened
2026-05-11T17:00:34.370702Z INFO fwupd[3741]: FuEngine             failed to add device /sys/devices/pci0000:00/0000:00:16.0/0000:00:16.0-42b3ce2f-bd9f-485a-96ae-26406230b1ff: failed to setup: failed to connect to MCHI: 00cbe07e8537eec788c9f80b2d9f40e4bf5e16d2 [BootGuard Configuration] has not been opened
2026-05-11T17:00:34.380249Z INFO fwupd[3741]: FuEngine             failed to add device /sys/devices/pci0000:00/0000:00:16.0/0000:00:16.0-42b3ce2f-bd9f-485a-96ae-26406230b1ff: failed to setup: failed to connect to MKHI: 1d10887a051b3991a3314f760163248231628504 [BootGuard Configuration] has not been opened
2026-05-11T17:00:34.394097Z INFO fwupd[3741]: FuEngine             failed to add device /sys/devices/pci0000:00/0000:00:16.0/0000:00:16.0-8e6a6715-9abc-4043-88ef-9e39c6f63e0f: failed to setup: failed to connect to MCHI: 00cbe07e8537eec788c9f80b2d9f40e4bf5e16d2 [BootGuard Configuration] has not been opened
2026-05-11T17:00:34.403706Z INFO fwupd[3741]: FuEngine             failed to add device /sys/devices/pci0000:00/0000:00:16.0/0000:00:16.0-8e6a6715-9abc-4043-88ef-9e39c6f63e0f: failed to setup: failed to connect to MKHI: 1d10887a051b3991a3314f760163248231628504 [BootGuard Configuration] has not been opened
2026-05-11T17:00:34.417097Z INFO fwupd[3741]: FuEngine             failed to add device /sys/devices/pci0000:00/0000:00:16.0/0000:00:16.0-55213584-9a29-4916-badf-0fb7ed682aeb: failed to setup: failed to connect to MCHI: 00cbe07e8537eec788c9f80b2d9f40e4bf5e16d2 [BootGuard Configuration] has not been opened
2026-05-11T17:00:34.427078Z INFO fwupd[3741]: FuEngine             failed to add device /sys/devices/pci0000:00/0000:00:16.0/0000:00:16.0-55213584-9a29-4916-badf-0fb7ed682aeb: failed to setup: failed to connect to MKHI: 1d10887a051b3991a3314f760163248231628504 [BootGuard Configuration] has not been opened
2026-05-11T17:00:34.434788Z INFO fwupd[3741]: FuEngine             failed to add device /sys/devices/pci0000:00/0000:00:16.0/0000:00:16.0-6861ec7b-d07a-4673-856c-7f22b4d55769: failed to setup: failed to connect to MCHI: 00cbe07e8537eec788c9f80b2d9f40e4bf5e16d2 [BootGuard Configuration] has not been opened
2026-05-11T17:00:34.439880Z INFO fwupd[3741]: FuEngine             failed to add device /sys/devices/pci0000:00/0000:00:16.0/0000:00:16.0-6861ec7b-d07a-4673-856c-7f22b4d55769: failed to setup: failed to connect to MKHI: 1d10887a051b3991a3314f760163248231628504 [BootGuard Configuration] has not been opened
2026-05-11T17:00:34.455199Z INFO fwupd[3741]: FuEngine             failed to add device /sys/devices/pci0000:00/0000:00:16.0/0000:00:16.0-fbf6fcf1-96cf-4e2e-a6a6-1bab8cbe36b1: failed to setup: failed to connect to MCHI: 00cbe07e8537eec788c9f80b2d9f40e4bf5e16d2 [BootGuard Configuration] has not been opened
2026-05-11T17:00:34.462014Z INFO fwupd[3741]: FuEngine             failed to add device /sys/devices/pci0000:00/0000:00:16.0/0000:00:16.0-fbf6fcf1-96cf-4e2e-a6a6-1bab8cbe36b1: failed to setup: failed to connect to MKHI: 1d10887a051b3991a3314f760163248231628504 [BootGuard Configuration] has not been opened
2026-05-11T17:00:34.471106Z INFO fwupd[3741]: FuEngine             failed to add device /sys/devices/pci0000:00/0000:00:16.0/0000:00:16.0-b638ab7e-94e2-4ea2-a552-d1c54b627f04: failed to setup: failed to connect to MCHI: 00cbe07e8537eec788c9f80b2d9f40e4bf5e16d2 [BootGuard Configuration] has not been opened
2026-05-11T17:00:34.476012Z INFO fwupd[3741]: FuEngine             failed to add device /sys/devices/pci0000:00/0000:00:16.0/0000:00:16.0-b638ab7e-94e2-4ea2-a552-d1c54b627f04: failed to setup: failed to connect to MKHI: 1d10887a051b3991a3314f760163248231628504 [BootGuard Configuration] has not been opened
2026-05-11T17:00:34.486946Z INFO fwupd[3741]: FuEngine             failed to add device /sys/devices/pci0000:00/0000:00:16.0/0000:00:16.0-8c2f4425-77d6-4755-aca3-891fdbc66a58: failed to setup: failed to connect to MCHI: 00cbe07e8537eec788c9f80b2d9f40e4bf5e16d2 [BootGuard Configuration] has not been opened
2026-05-11T17:00:34.492219Z INFO fwupd[3741]: FuEngine             failed to add device /sys/devices/pci0000:00/0000:00:16.0/0000:00:16.0-8c2f4425-77d6-4755-aca3-891fdbc66a58: failed to setup: failed to connect to MKHI: 1d10887a051b3991a3314f760163248231628504 [BootGuard Configuration] has not been opened
2026-05-11T17:39:05.305311Z INFO fwupd[3741]: FuEngine             failed to add device /sys/devices/pci0000:00/0000:00:16.0/0000:00:16.0-8c2f4425-77d6-4755-aca3-891fdbc66a58: failed to setup: failed to connect to MCHI: 00cbe07e8537eec788c9f80b2d9f40e4bf5e16d2 [BootGuard Configuration] has not been opened
2026-05-11T17:39:05.309823Z INFO fwupd[3741]: FuEngine             failed to add device /sys/devices/pci0000:00/0000:00:16.0/0000:00:16.0-8c2f4425-77d6-4755-aca3-891fdbc66a58: failed to setup: failed to connect to MKHI: 1d10887a051b3991a3314f760163248231628504 [BootGuard Configuration] has not been opened
2026-05-11T17:39:05.320983Z INFO fwupd[3741]: FuEngine             failed to add device /sys/devices/pci0000:00/0000:00:16.0/0000:00:16.0-fbf6fcf1-96cf-4e2e-a6a6-1bab8cbe36b1: failed to setup: failed to connect to MCHI: 00cbe07e8537eec788c9f80b2d9f40e4bf5e16d2 [BootGuard Configuration] has not been opened
2026-05-11T17:39:05.325575Z INFO fwupd[3741]: FuEngine             failed to add device /sys/devices/pci0000:00/0000:00:16.0/0000:00:16.0-fbf6fcf1-96cf-4e2e-a6a6-1bab8cbe36b1: failed to setup: failed to connect to MKHI: 1d10887a051b3991a3314f760163248231628504 [BootGuard Configuration] has not been opened
2026-05-11T17:39:05.336817Z INFO fwupd[3741]: FuEngine             failed to add device /sys/devices/pci0000:00/0000:00:16.0/0000:00:16.0-6861ec7b-d07a-4673-856c-7f22b4d55769: failed to setup: failed to connect to MCHI: 00cbe07e8537eec788c9f80b2d9f40e4bf5e16d2 [BootGuard Configuration] has not been opened
2026-05-11T17:39:05.344185Z INFO fwupd[3741]: FuEngine             failed to add device /sys/devices/pci0000:00/0000:00:16.0/0000:00:16.0-6861ec7b-d07a-4673-856c-7f22b4d55769: failed to setup: failed to connect to MKHI: 1d10887a051b3991a3314f760163248231628504 [BootGuard Configuration] has not been opened
2026-05-11T17:39:05.359403Z INFO fwupd[3741]: FuEngine             failed to add device /sys/devices/pci0000:00/0000:00:16.0/0000:00:16.0-082ee5a7-7c25-470a-9643-0c06f0466ea1: failed to setup: failed to connect to MCHI: 00cbe07e8537eec788c9f80b2d9f40e4bf5e16d2 [BootGuard Configuration] has not been opened
2026-05-11T17:39:05.368547Z INFO fwupd[3741]: FuEngine             failed to add device /sys/devices/pci0000:00/0000:00:16.0/0000:00:16.0-082ee5a7-7c25-470a-9643-0c06f0466ea1: failed to setup: failed to connect to MKHI: 1d10887a051b3991a3314f760163248231628504 [BootGuard Configuration] has not been opened
2026-05-11T17:39:05.381145Z INFO fwupd[3741]: FuEngine             failed to add device /sys/devices/pci0000:00/0000:00:16.0/0000:00:16.0-55213584-9a29-4916-badf-0fb7ed682aeb: failed to setup: failed to connect to MCHI: 00cbe07e8537eec788c9f80b2d9f40e4bf5e16d2 [BootGuard Configuration] has not been opened
2026-05-11T17:39:05.389161Z INFO fwupd[3741]: FuEngine             failed to add device /sys/devices/pci0000:00/0000:00:16.0/0000:00:16.0-55213584-9a29-4916-badf-0fb7ed682aeb: failed to setup: failed to connect to MKHI: 1d10887a051b3991a3314f760163248231628504 [BootGuard Configuration] has not been opened
2026-05-11T17:39:05.400621Z INFO fwupd[3741]: FuEngine             failed to add device /sys/devices/pci0000:00/0000:00:16.0/0000:00:16.0-dd17041c-09ea-4b17-a271-5b989867ec65: failed to setup: failed to connect to MCHI: 00cbe07e8537eec788c9f80b2d9f40e4bf5e16d2 [BootGuard Configuration] has not been opened
2026-05-11T17:39:05.406897Z INFO fwupd[3741]: FuEngine             failed to add device /sys/devices/pci0000:00/0000:00:16.0/0000:00:16.0-dd17041c-09ea-4b17-a271-5b989867ec65: failed to setup: failed to connect to MKHI: 1d10887a051b3991a3314f760163248231628504 [BootGuard Configuration] has not been opened
2026-05-11T17:39:05.418245Z INFO fwupd[3741]: FuEngine             failed to add device /sys/devices/pci0000:00/0000:00:16.0/0000:00:16.0-8e6a6715-9abc-4043-88ef-9e39c6f63e0f: failed to setup: failed to connect to MCHI: 00cbe07e8537eec788c9f80b2d9f40e4bf5e16d2 [BootGuard Configuration] has not been opened
2026-05-11T17:39:05.427369Z INFO fwupd[3741]: FuEngine             failed to add device /sys/devices/pci0000:00/0000:00:16.0/0000:00:16.0-8e6a6715-9abc-4043-88ef-9e39c6f63e0f: failed to setup: failed to connect to MKHI: 1d10887a051b3991a3314f760163248231628504 [BootGuard Configuration] has not been opened
2026-05-11T17:39:05.435390Z INFO fwupd[3741]: FuEngine             failed to add device /sys/devices/pci0000:00/0000:00:16.0/0000:00:16.0-42b3ce2f-bd9f-485a-96ae-26406230b1ff: failed to setup: failed to connect to MCHI: 00cbe07e8537eec788c9f80b2d9f40e4bf5e16d2 [BootGuard Configuration] has not been opened
2026-05-11T17:39:05.443810Z INFO fwupd[3741]: FuEngine             failed to add device /sys/devices/pci0000:00/0000:00:16.0/0000:00:16.0-42b3ce2f-bd9f-485a-96ae-26406230b1ff: failed to setup: failed to connect to MKHI: 1d10887a051b3991a3314f760163248231628504 [BootGuard Configuration] has not been opened
2026-05-11T17:39:05.458037Z INFO fwupd[3741]: FuEngine             failed to add device /sys/devices/pci0000:00/0000:00:16.0/0000:00:16.0-b638ab7e-94e2-4ea2-a552-d1c54b627f04: failed to setup: failed to connect to MCHI: 00cbe07e8537eec788c9f80b2d9f40e4bf5e16d2 [BootGuard Configuration] has not been opened
2026-05-11T17:39:05.470461Z INFO fwupd[3741]: FuEngine             failed to add device /sys/devices/pci0000:00/0000:00:16.0/0000:00:16.0-b638ab7e-94e2-4ea2-a552-d1c54b627f04: failed to setup: failed to connect to MKHI: 1d10887a051b3991a3314f760163248231628504 [BootGuard Configuration] has not been opened
2026-05-11T17:39:10.404662Z INFO fwupd[3741]: FuContext            battery level now 82
2026-05-11T17:46:54.303801Z INFO fwupd[3741]: FuEngine             failed to add device /sys/devices/pci0000:00/0000:00:16.0/0000:00:16.0-fbf6fcf1-96cf-4e2e-a6a6-1bab8cbe36b1: failed to setup: failed to connect to MCHI: 00cbe07e8537eec788c9f80b2d9f40e4bf5e16d2 [BootGuard Configuration] has not been opened
2026-05-11T17:46:54.315619Z INFO fwupd[3741]: FuEngine             failed to add device /sys/devices/pci0000:00/0000:00:16.0/0000:00:16.0-fbf6fcf1-96cf-4e2e-a6a6-1bab8cbe36b1: failed to setup: failed to connect to MKHI: 1d10887a051b3991a3314f760163248231628504 [BootGuard Configuration] has not been opened
2026-05-11T17:46:54.328389Z INFO fwupd[3741]: FuEngine             failed to add device /sys/devices/pci0000:00/0000:00:16.0/0000:00:16.0-6861ec7b-d07a-4673-856c-7f22b4d55769: failed to setup: failed to connect to MCHI: 00cbe07e8537eec788c9f80b2d9f40e4bf5e16d2 [BootGuard Configuration] has not been opened
2026-05-11T17:46:54.334489Z INFO fwupd[3741]: FuEngine             failed to add device /sys/devices/pci0000:00/0000:00:16.0/0000:00:16.0-6861ec7b-d07a-4673-856c-7f22b4d55769: failed to setup: failed to connect to MKHI: 1d10887a051b3991a3314f760163248231628504 [BootGuard Configuration] has not been opened
2026-05-11T17:46:54.351927Z INFO fwupd[3741]: FuEngine             failed to add device /sys/devices/pci0000:00/0000:00:16.0/0000:00:16.0-b638ab7e-94e2-4ea2-a552-d1c54b627f04: failed to setup: failed to connect to MCHI: 00cbe07e8537eec788c9f80b2d9f40e4bf5e16d2 [BootGuard Configuration] has not been opened
2026-05-11T17:46:54.358974Z INFO fwupd[3741]: FuEngine             failed to add device /sys/devices/pci0000:00/0000:00:16.0/0000:00:16.0-b638ab7e-94e2-4ea2-a552-d1c54b627f04: failed to setup: failed to connect to MKHI: 1d10887a051b3991a3314f760163248231628504 [BootGuard Configuration] has not been opened
2026-05-11T17:46:54.375203Z INFO fwupd[3741]: FuEngine             failed to add device /sys/devices/pci0000:00/0000:00:16.0/0000:00:16.0-dd17041c-09ea-4b17-a271-5b989867ec65: failed to setup: failed to connect to MCHI: 00cbe07e8537eec788c9f80b2d9f40e4bf5e16d2 [BootGuard Configuration] has not been opened
2026-05-11T17:46:54.380098Z INFO fwupd[3741]: FuEngine             failed to add device /sys/devices/pci0000:00/0000:00:16.0/0000:00:16.0-dd17041c-09ea-4b17-a271-5b989867ec65: failed to setup: failed to connect to MKHI: 1d10887a051b3991a3314f760163248231628504 [BootGuard Configuration] has not been opened
2026-05-11T17:46:54.398047Z INFO fwupd[3741]: FuEngine             failed to add device /sys/devices/pci0000:00/0000:00:16.0/0000:00:16.0-082ee5a7-7c25-470a-9643-0c06f0466ea1: failed to setup: failed to connect to MCHI: 00cbe07e8537eec788c9f80b2d9f40e4bf5e16d2 [BootGuard Configuration] has not been opened
2026-05-11T17:46:54.405605Z INFO fwupd[3741]: FuEngine             failed to add device /sys/devices/pci0000:00/0000:00:16.0/0000:00:16.0-082ee5a7-7c25-470a-9643-0c06f0466ea1: failed to setup: failed to connect to MKHI: 1d10887a051b3991a3314f760163248231628504 [BootGuard Configuration] has not been opened
2026-05-11T17:46:54.418312Z INFO fwupd[3741]: FuEngine             failed to add device /sys/devices/pci0000:00/0000:00:16.0/0000:00:16.0-55213584-9a29-4916-badf-0fb7ed682aeb: failed to setup: failed to connect to MCHI: 00cbe07e8537eec788c9f80b2d9f40e4bf5e16d2 [BootGuard Configuration] has not been opened
2026-05-11T17:46:54.423706Z INFO fwupd[3741]: FuEngine             failed to add device /sys/devices/pci0000:00/0000:00:16.0/0000:00:16.0-55213584-9a29-4916-badf-0fb7ed682aeb: failed to setup: failed to connect to MKHI: 1d10887a051b3991a3314f760163248231628504 [BootGuard Configuration] has not been opened
2026-05-11T17:46:54.435854Z INFO fwupd[3741]: FuEngine             failed to add device /sys/devices/pci0000:00/0000:00:16.0/0000:00:16.0-8e6a6715-9abc-4043-88ef-9e39c6f63e0f: failed to setup: failed to connect to MCHI: 00cbe07e8537eec788c9f80b2d9f40e4bf5e16d2 [BootGuard Configuration] has not been opened
2026-05-11T17:46:54.447256Z INFO fwupd[3741]: FuEngine             failed to add device /sys/devices/pci0000:00/0000:00:16.0/0000:00:16.0-8e6a6715-9abc-4043-88ef-9e39c6f63e0f: failed to setup: failed to connect to MKHI: 1d10887a051b3991a3314f760163248231628504 [BootGuard Configuration] has not been opened
2026-05-11T17:46:54.455968Z INFO fwupd[3741]: FuEngine             failed to add device /sys/devices/pci0000:00/0000:00:16.0/0000:00:16.0-8c2f4425-77d6-4755-aca3-891fdbc66a58: failed to setup: failed to connect to MCHI: 00cbe07e8537eec788c9f80b2d9f40e4bf5e16d2 [BootGuard Configuration] has not been opened
2026-05-11T17:46:54.462429Z INFO fwupd[3741]: FuEngine             failed to add device /sys/devices/pci0000:00/0000:00:16.0/0000:00:16.0-8c2f4425-77d6-4755-aca3-891fdbc66a58: failed to setup: failed to connect to MKHI: 1d10887a051b3991a3314f760163248231628504 [BootGuard Configuration] has not been opened
2026-05-11T17:46:54.473355Z INFO fwupd[3741]: FuEngine             failed to add device /sys/devices/pci0000:00/0000:00:16.0/0000:00:16.0-42b3ce2f-bd9f-485a-96ae-26406230b1ff: failed to setup: failed to connect to MCHI: 00cbe07e8537eec788c9f80b2d9f40e4bf5e16d2 [BootGuard Configuration] has not been opened
2026-05-11T17:46:54.480373Z INFO fwupd[3741]: FuEngine             failed to add device /sys/devices/pci0000:00/0000:00:16.0/0000:00:16.0-42b3ce2f-bd9f-485a-96ae-26406230b1ff: failed to setup: failed to connect to MKHI: 1d10887a051b3991a3314f760163248231628504 [BootGuard Configuration] has not been opened
2026-05-11T17:47:27.075691Z WARNING fwupdtool-activate[31516]: Decompressing…: 0%
2026-05-11T17:47:27.077942Z WARNING fwupdtool-activate[31516]: [31m[1mWARNING[0m: UEFI ESP partition not detected or configured
2026-05-11T17:47:27.077942Z WARNING fwupdtool-activate[31516]: See https://github.com/fwupd/fwupd/wiki/PluginFlag:esp-not-found for more information.
2026-05-11T17:47:27.079097Z WARNING fwupdtool-activate[31516]: No firmware to activate
2026-05-11T17:50:29.413524Z INFO fwupd[3741]: FuContext            battery level now 81
2026-05-11T17:55:29.462580Z INFO fwupd[3741]: FuContext            battery level now 80
2026-05-11T18:01:29.521584Z INFO fwupd[3741]: FuContext            battery level now 79
2026-05-11T18:06:29.565228Z INFO fwupd[3741]: FuContext            battery level now 78
2026-05-11T18:11:29.609642Z INFO fwupd[3741]: FuContext            battery level now 77
2026-05-11T18:16:29.654660Z INFO fwupd[3741]: FuContext            battery level now 76
2026-05-11T18:21:33.729301Z INFO fwupd[3741]: FuContext            battery level now 75
2026-05-11T18:52:28.269638Z INFO fwupd[3741]: FuEngine             failed to add device /sys/devices/pci0000:00/0000:00:16.0/0000:00:16.0-082ee5a7-7c25-470a-9643-0c06f0466ea1: failed to setup: failed to connect to MCHI: 00cbe07e8537eec788c9f80b2d9f40e4bf5e16d2 [BootGuard Configuration] has not been opened
2026-05-11T18:52:28.293014Z INFO fwupd[3741]: FuEngine             failed to add device /sys/devices/pci0000:00/0000:00:16.0/0000:00:16.0-082ee5a7-7c25-470a-9643-0c06f0466ea1: failed to setup: failed to connect to MKHI: 1d10887a051b3991a3314f760163248231628504 [BootGuard Configuration] has not been opened
2026-05-11T18:52:28.335000Z INFO fwupd[3741]: FuEngine             failed to add device /sys/devices/pci0000:00/0000:00:16.0/0000:00:16.0-8c2f4425-77d6-4755-aca3-891fdbc66a58: failed to setup: failed to connect to MCHI: 00cbe07e8537eec788c9f80b2d9f40e4bf5e16d2 [BootGuard Configuration] has not been opened
2026-05-11T18:52:28.348559Z INFO fwupd[3741]: FuEngine             failed to add device /sys/devices/pci0000:00/0000:00:16.0/0000:00:16.0-8c2f4425-77d6-4755-aca3-891fdbc66a58: failed to setup: failed to connect to MKHI: 1d10887a051b3991a3314f760163248231628504 [BootGuard Configuration] has not been opened
2026-05-11T18:52:28.372307Z INFO fwupd[3741]: FuEngine             failed to add device /sys/devices/pci0000:00/0000:00:16.0/0000:00:16.0-dd17041c-09ea-4b17-a271-5b989867ec65: failed to setup: failed to connect to MCHI: 00cbe07e8537eec788c9f80b2d9f40e4bf5e16d2 [BootGuard Configuration] has not been opened
2026-05-11T18:52:28.382833Z INFO fwupd[3741]: FuEngine             failed to add device /sys/devices/pci0000:00/0000:00:16.0/0000:00:16.0-dd17041c-09ea-4b17-a271-5b989867ec65: failed to setup: failed to connect to MKHI: 1d10887a051b3991a3314f760163248231628504 [BootGuard Configuration] has not been opened
2026-05-11T18:52:28.406527Z INFO fwupd[3741]: FuEngine             failed to add device /sys/devices/pci0000:00/0000:00:16.0/0000:00:16.0-b638ab7e-94e2-4ea2-a552-d1c54b627f04: failed to setup: failed to connect to MCHI: 00cbe07e8537eec788c9f80b2d9f40e4bf5e16d2 [BootGuard Configuration] has not been opened
2026-05-11T18:52:28.413039Z INFO fwupd[3741]: FuEngine             failed to add device /sys/devices/pci0000:00/0000:00:16.0/0000:00:16.0-b638ab7e-94e2-4ea2-a552-d1c54b627f04: failed to setup: failed to connect to MKHI: 1d10887a051b3991a3314f760163248231628504 [BootGuard Configuration] has not been opened
2026-05-11T18:52:28.425242Z INFO fwupd[3741]: FuEngine             failed to add device /sys/devices/pci0000:00/0000:00:16.0/0000:00:16.0-55213584-9a29-4916-badf-0fb7ed682aeb: failed to setup: failed to connect to MCHI: 00cbe07e8537eec788c9f80b2d9f40e4bf5e16d2 [BootGuard Configuration] has not been opened
2026-05-11T18:52:28.430229Z INFO fwupd[3741]: FuEngine             failed to add device /sys/devices/pci0000:00/0000:00:16.0/0000:00:16.0-55213584-9a29-4916-badf-0fb7ed682aeb: failed to setup: failed to connect to MKHI: 1d10887a051b3991a3314f760163248231628504 [BootGuard Configuration] has not been opened
2026-05-11T18:52:28.441519Z INFO fwupd[3741]: FuEngine             failed to add device /sys/devices/pci0000:00/0000:00:16.0/0000:00:16.0-8e6a6715-9abc-4043-88ef-9e39c6f63e0f: failed to setup: failed to connect to MCHI: 00cbe07e8537eec788c9f80b2d9f40e4bf5e16d2 [BootGuard Configuration] has not been opened
2026-05-11T18:52:28.446926Z INFO fwupd[3741]: FuEngine             failed to add device /sys/devices/pci0000:00/0000:00:16.0/0000:00:16.0-8e6a6715-9abc-4043-88ef-9e39c6f63e0f: failed to setup: failed to connect to MKHI: 1d10887a051b3991a3314f760163248231628504 [BootGuard Configuration] has not been opened
2026-05-11T18:52:28.461542Z INFO fwupd[3741]: FuEngine             failed to add device /sys/devices/pci0000:00/0000:00:16.0/0000:00:16.0-6861ec7b-d07a-4673-856c-7f22b4d55769: failed to setup: failed to connect to MCHI: 00cbe07e8537eec788c9f80b2d9f40e4bf5e16d2 [BootGuard Configuration] has not been opened
2026-05-11T18:52:28.468055Z INFO fwupd[3741]: FuEngine             failed to add device /sys/devices/pci0000:00/0000:00:16.0/0000:00:16.0-6861ec7b-d07a-4673-856c-7f22b4d55769: failed to setup: failed to connect to MKHI: 1d10887a051b3991a3314f760163248231628504 [BootGuard Configuration] has not been opened
2026-05-11T18:52:28.477321Z INFO fwupd[3741]: FuEngine             failed to add device /sys/devices/pci0000:00/0000:00:16.0/0000:00:16.0-fbf6fcf1-96cf-4e2e-a6a6-1bab8cbe36b1: failed to setup: failed to connect to MCHI: 00cbe07e8537eec788c9f80b2d9f40e4bf5e16d2 [BootGuard Configuration] has not been opened
2026-05-11T18:52:28.481435Z INFO fwupd[3741]: FuEngine             failed to add device /sys/devices/pci0000:00/0000:00:16.0/0000:00:16.0-fbf6fcf1-96cf-4e2e-a6a6-1bab8cbe36b1: failed to setup: failed to connect to MKHI: 1d10887a051b3991a3314f760163248231628504 [BootGuard Configuration] has not been opened
2026-05-11T18:52:28.489835Z INFO fwupd[3741]: FuEngine             failed to add device /sys/devices/pci0000:00/0000:00:16.0/0000:00:16.0-42b3ce2f-bd9f-485a-96ae-26406230b1ff: failed to setup: failed to connect to MCHI: 00cbe07e8537eec788c9f80b2d9f40e4bf5e16d2 [BootGuard Configuration] has not been opened
2026-05-11T18:52:28.493774Z INFO fwupd[3741]: FuEngine             failed to add device /sys/devices/pci0000:00/0000:00:16.0/0000:00:16.0-42b3ce2f-bd9f-485a-96ae-26406230b1ff: failed to setup: failed to connect to MKHI: 1d10887a051b3991a3314f760163248231628504 [BootGuard Configuration] has not been opened
2026-05-11T18:53:03.391957Z INFO fwupd[3741]: FuContext            battery level now 74
2026-05-11T18:58:04.011655Z INFO fwupd[3741]: FuContext            battery level now 73
2026-05-11T19:18:39.299579Z INFO fwupd[3741]: FuEngine             failed to add device /sys/devices/pci0000:00/0000:00:16.0/0000:00:16.0-8c2f4425-77d6-4755-aca3-891fdbc66a58: failed to setup: failed to connect to MCHI: 00cbe07e8537eec788c9f80b2d9f40e4bf5e16d2 [BootGuard Configuration] has not been opened
2026-05-11T19:18:39.314344Z INFO fwupd[3741]: FuEngine             failed to add device /sys/devices/pci0000:00/0000:00:16.0/0000:00:16.0-8c2f4425-77d6-4755-aca3-891fdbc66a58: failed to setup: failed to connect to MKHI: 1d10887a051b3991a3314f760163248231628504 [BootGuard Configuration] has not been opened
2026-05-11T19:18:39.346581Z INFO fwupd[3741]: FuEngine             failed to add device /sys/devices/pci0000:00/0000:00:16.0/0000:00:16.0-8e6a6715-9abc-4043-88ef-9e39c6f63e0f: failed to setup: failed to connect to MCHI: 00cbe07e8537eec788c9f80b2d9f40e4bf5e16d2 [BootGuard Configuration] has not been opened
2026-05-11T19:18:39.353542Z INFO fwupd[3741]: FuEngine             failed to add device /sys/devices/pci0000:00/0000:00:16.0/0000:00:16.0-8e6a6715-9abc-4043-88ef-9e39c6f63e0f: failed to setup: failed to connect to MKHI: 1d10887a051b3991a3314f760163248231628504 [BootGuard Configuration] has not been opened
2026-05-11T19:18:39.371394Z INFO fwupd[3741]: FuEngine             failed to add device /sys/devices/pci0000:00/0000:00:16.0/0000:00:16.0-6861ec7b-d07a-4673-856c-7f22b4d55769: failed to setup: failed to connect to MCHI: 00cbe07e8537eec788c9f80b2d9f40e4bf5e16d2 [BootGuard Configuration] has not been opened
2026-05-11T19:18:39.381545Z INFO fwupd[3741]: FuEngine             failed to add device /sys/devices/pci0000:00/0000:00:16.0/0000:00:16.0-6861ec7b-d07a-4673-856c-7f22b4d55769: failed to setup: failed to connect to MKHI: 1d10887a051b3991a3314f760163248231628504 [BootGuard Configuration] has not been opened
2026-05-11T19:18:39.404113Z INFO fwupd[3741]: FuEngine             failed to add device /sys/devices/pci0000:00/0000:00:16.0/0000:00:16.0-dd17041c-09ea-4b17-a271-5b989867ec65: failed to setup: failed to connect to MCHI: 00cbe07e8537eec788c9f80b2d9f40e4bf5e16d2 [BootGuard Configuration] has not been opened
2026-05-11T19:18:39.411392Z INFO fwupd[3741]: FuEngine             failed to add device /sys/devices/pci0000:00/0000:00:16.0/0000:00:16.0-dd17041c-09ea-4b17-a271-5b989867ec65: failed to setup: failed to connect to MKHI: 1d10887a051b3991a3314f760163248231628504 [BootGuard Configuration] has not been opened
2026-05-11T19:18:39.421647Z INFO fwupd[3741]: FuEngine             failed to add device /sys/devices/pci0000:00/0000:00:16.0/0000:00:16.0-082ee5a7-7c25-470a-9643-0c06f0466ea1: failed to setup: failed to connect to MCHI: 00cbe07e8537eec788c9f80b2d9f40e4bf5e16d2 [BootGuard Configuration] has not been opened
2026-05-11T19:18:39.429398Z INFO fwupd[3741]: FuEngine             failed to add device /sys/devices/pci0000:00/0000:00:16.0/0000:00:16.0-082ee5a7-7c25-470a-9643-0c06f0466ea1: failed to setup: failed to connect to MKHI: 1d10887a051b3991a3314f760163248231628504 [BootGuard Configuration] has not been opened
2026-05-11T19:18:39.438066Z INFO fwupd[3741]: FuEngine             failed to add device /sys/devices/pci0000:00/0000:00:16.0/0000:00:16.0-b638ab7e-94e2-4ea2-a552-d1c54b627f04: failed to setup: failed to connect to MCHI: 00cbe07e8537eec788c9f80b2d9f40e4bf5e16d2 [BootGuard Configuration] has not been opened
2026-05-11T19:18:39.443747Z INFO fwupd[3741]: FuEngine             failed to add device /sys/devices/pci0000:00/0000:00:16.0/0000:00:16.0-b638ab7e-94e2-4ea2-a552-d1c54b627f04: failed to setup: failed to connect to MKHI: 1d10887a051b3991a3314f760163248231628504 [BootGuard Configuration] has not been opened
2026-05-11T19:18:39.454924Z INFO fwupd[3741]: FuEngine             failed to add device /sys/devices/pci0000:00/0000:00:16.0/0000:00:16.0-42b3ce2f-bd9f-485a-96ae-26406230b1ff: failed to setup: failed to connect to MCHI: 00cbe07e8537eec788c9f80b2d9f40e4bf5e16d2 [BootGuard Configuration] has not been opened
2026-05-11T19:18:39.459667Z INFO fwupd[3741]: FuEngine             failed to add device /sys/devices/pci0000:00/0000:00:16.0/0000:00:16.0-42b3ce2f-bd9f-485a-96ae-26406230b1ff: failed to setup: failed to connect to MKHI: 1d10887a051b3991a3314f760163248231628504 [BootGuard Configuration] has not been opened
2026-05-11T19:18:39.471153Z INFO fwupd[3741]: FuEngine             failed to add device /sys/devices/pci0000:00/0000:00:16.0/0000:00:16.0-55213584-9a29-4916-badf-0fb7ed682aeb: failed to setup: failed to connect to MCHI: 00cbe07e8537eec788c9f80b2d9f40e4bf5e16d2 [BootGuard Configuration] has not been opened
2026-05-11T19:18:39.479381Z INFO fwupd[3741]: FuEngine             failed to add device /sys/devices/pci0000:00/0000:00:16.0/0000:00:16.0-55213584-9a29-4916-badf-0fb7ed682aeb: failed to setup: failed to connect to MKHI: 1d10887a051b3991a3314f760163248231628504 [BootGuard Configuration] has not been opened
2026-05-11T19:18:39.488169Z INFO fwupd[3741]: FuEngine             failed to add device /sys/devices/pci0000:00/0000:00:16.0/0000:00:16.0-fbf6fcf1-96cf-4e2e-a6a6-1bab8cbe36b1: failed to setup: failed to connect to MCHI: 00cbe07e8537eec788c9f80b2d9f40e4bf5e16d2 [BootGuard Configuration] has not been opened
2026-05-11T19:18:39.492989Z INFO fwupd[3741]: FuEngine             failed to add device /sys/devices/pci0000:00/0000:00:16.0/0000:00:16.0-fbf6fcf1-96cf-4e2e-a6a6-1bab8cbe36b1: failed to setup: failed to connect to MKHI: 1d10887a051b3991a3314f760163248231628504 [BootGuard Configuration] has not been opened
2026-05-11T19:20:44.412726Z INFO fwupd[3741]: FuContext            battery level now 72
2026-05-11T19:23:14.426844Z INFO fwupd[3741]: FuContext            battery level now 71
2026-05-11T19:25:44.444534Z INFO fwupd[3741]: FuContext            battery level now 70
2026-05-11T19:28:14.458675Z INFO fwupd[3741]: FuContext            battery level now 69
2026-05-11T19:30:44.477934Z INFO fwupd[3741]: FuContext            battery level now 68
2026-05-12T12:38:19.302798Z INFO fwupd[3741]: FuEngine             failed to add device /sys/devices/pci0000:00/0000:00:16.0/0000:00:16.0-082ee5a7-7c25-470a-9643-0c06f0466ea1: failed to setup: failed to connect to MCHI: 00cbe07e8537eec788c9f80b2d9f40e4bf5e16d2 [BootGuard Configuration] has not been opened
2026-05-12T12:38:19.317078Z INFO fwupd[3741]: FuEngine             failed to add device /sys/devices/pci0000:00/0000:00:16.0/0000:00:16.0-082ee5a7-7c25-470a-9643-0c06f0466ea1: failed to setup: failed to connect to MKHI: 1d10887a051b3991a3314f760163248231628504 [BootGuard Configuration] has not been opened
2026-05-12T12:38:19.337622Z INFO fwupd[3741]: FuEngine             failed to add device /sys/devices/pci0000:00/0000:00:16.0/0000:00:16.0-8c2f4425-77d6-4755-aca3-891fdbc66a58: failed to setup: failed to connect to MCHI: 00cbe07e8537eec788c9f80b2d9f40e4bf5e16d2 [BootGuard Configuration] has not been opened
2026-05-12T12:38:19.343851Z INFO fwupd[3741]: FuEngine             failed to add device /sys/devices/pci0000:00/0000:00:16.0/0000:00:16.0-8c2f4425-77d6-4755-aca3-891fdbc66a58: failed to setup: failed to connect to MKHI: 1d10887a051b3991a3314f760163248231628504 [BootGuard Configuration] has not been opened
2026-05-12T12:38:19.354918Z INFO fwupd[3741]: FuEngine             failed to add device /sys/devices/pci0000:00/0000:00:16.0/0000:00:16.0-8e6a6715-9abc-4043-88ef-9e39c6f63e0f: failed to setup: failed to connect to MCHI: 00cbe07e8537eec788c9f80b2d9f40e4bf5e16d2 [BootGuard Configuration] has not been opened
2026-05-12T12:38:19.362954Z INFO fwupd[3741]: FuEngine             failed to add device /sys/devices/pci0000:00/0000:00:16.0/0000:00:16.0-8e6a6715-9abc-4043-88ef-9e39c6f63e0f: failed to setup: failed to connect to MKHI: 1d10887a051b3991a3314f760163248231628504 [BootGuard Configuration] has not been opened
2026-05-12T12:38:19.369517Z INFO fwupd[3741]: FuContext            battery level now 67
2026-05-12T12:38:19.379092Z INFO fwupd[3741]: FuEngine             failed to add device /sys/devices/pci0000:00/0000:00:16.0/0000:00:16.0-6861ec7b-d07a-4673-856c-7f22b4d55769: failed to setup: failed to connect to MCHI: 00cbe07e8537eec788c9f80b2d9f40e4bf5e16d2 [BootGuard Configuration] has not been opened
2026-05-12T12:38:19.387249Z INFO fwupd[3741]: FuEngine             failed to add device /sys/devices/pci0000:00/0000:00:16.0/0000:00:16.0-6861ec7b-d07a-4673-856c-7f22b4d55769: failed to setup: failed to connect to MKHI: 1d10887a051b3991a3314f760163248231628504 [BootGuard Configuration] has not been opened
2026-05-12T12:38:19.404170Z INFO fwupd[3741]: FuEngine             failed to add device /sys/devices/pci0000:00/0000:00:16.0/0000:00:16.0-dd17041c-09ea-4b17-a271-5b989867ec65: failed to setup: failed to connect to MCHI: 00cbe07e8537eec788c9f80b2d9f40e4bf5e16d2 [BootGuard Configuration] has not been opened
2026-05-12T12:38:19.410994Z INFO fwupd[3741]: FuEngine             failed to add device /sys/devices/pci0000:00/0000:00:16.0/0000:00:16.0-dd17041c-09ea-4b17-a271-5b989867ec65: failed to setup: failed to connect to MKHI: 1d10887a051b3991a3314f760163248231628504 [BootGuard Configuration] has not been opened
2026-05-12T12:38:19.426232Z INFO fwupd[3741]: FuEngine             failed to add device /sys/devices/pci0000:00/0000:00:16.0/0000:00:16.0-b638ab7e-94e2-4ea2-a552-d1c54b627f04: failed to setup: failed to connect to MCHI: 00cbe07e8537eec788c9f80b2d9f40e4bf5e16d2 [BootGuard Configuration] has not been opened
2026-05-12T12:38:19.430657Z INFO fwupd[3741]: FuEngine             failed to add device /sys/devices/pci0000:00/0000:00:16.0/0000:00:16.0-b638ab7e-94e2-4ea2-a552-d1c54b627f04: failed to setup: failed to connect to MKHI: 1d10887a051b3991a3314f760163248231628504 [BootGuard Configuration] has not been opened
2026-05-12T12:38:19.439422Z INFO fwupd[3741]: FuEngine             failed to add device /sys/devices/pci0000:00/0000:00:16.0/0000:00:16.0-55213584-9a29-4916-badf-0fb7ed682aeb: failed to setup: failed to connect to MCHI: 00cbe07e8537eec788c9f80b2d9f40e4bf5e16d2 [BootGuard Configuration] has not been opened
2026-05-12T12:38:19.444172Z INFO fwupd[3741]: FuEngine             failed to add device /sys/devices/pci0000:00/0000:00:16.0/0000:00:16.0-55213584-9a29-4916-badf-0fb7ed682aeb: failed to setup: failed to connect to MKHI: 1d10887a051b3991a3314f760163248231628504 [BootGuard Configuration] has not been opened
2026-05-12T12:38:19.453211Z INFO fwupd[3741]: FuEngine             failed to add device /sys/devices/pci0000:00/0000:00:16.0/0000:00:16.0-fbf6fcf1-96cf-4e2e-a6a6-1bab8cbe36b1: failed to setup: failed to connect to MCHI: 00cbe07e8537eec788c9f80b2d9f40e4bf5e16d2 [BootGuard Configuration] has not been opened
2026-05-12T12:38:19.457312Z INFO fwupd[3741]: FuEngine             failed to add device /sys/devices/pci0000:00/0000:00:16.0/0000:00:16.0-fbf6fcf1-96cf-4e2e-a6a6-1bab8cbe36b1: failed to setup: failed to connect to MKHI: 1d10887a051b3991a3314f760163248231628504 [BootGuard Configuration] has not been opened
2026-05-12T12:38:19.464656Z INFO fwupd[3741]: FuEngine             failed to add device /sys/devices/pci0000:00/0000:00:16.0/0000:00:16.0-42b3ce2f-bd9f-485a-96ae-26406230b1ff: failed to setup: failed to connect to MCHI: 00cbe07e8537eec788c9f80b2d9f40e4bf5e16d2 [BootGuard Configuration] has not been opened
2026-05-12T12:38:19.468300Z INFO fwupd[3741]: FuEngine             failed to add device /sys/devices/pci0000:00/0000:00:16.0/0000:00:16.0-42b3ce2f-bd9f-485a-96ae-26406230b1ff: failed to setup: failed to connect to MKHI: 1d10887a051b3991a3314f760163248231628504 [BootGuard Configuration] has not been opened
2026-05-12T12:38:40.083161Z WARNING fwupdtool-activate[45648]: Decompressing…: 0%
2026-05-12T12:38:40.086418Z WARNING fwupdtool-activate[45648]: [31m[1mWARNING[0m: UEFI ESP partition not detected or configured
2026-05-12T12:38:40.086418Z WARNING fwupdtool-activate[45648]: See https://github.com/fwupd/fwupd/wiki/PluginFlag:esp-not-found for more information.
2026-05-12T12:38:40.087826Z WARNING fwupdtool-activate[45648]: No firmware to activate
2026-05-12T12:40:24.723465Z INFO fwupd[3741]: FuContext            battery level now 66
2026-05-12T12:43:35.844588Z INFO fwupd[3741]: FuContext            battery level now 65
2026-05-12T13:32:30.339196Z INFO fwupd[3741]: FuEngine             failed to add device /sys/devices/pci0000:00/0000:00:16.0/0000:00:16.0-082ee5a7-7c25-470a-9643-0c06f0466ea1: failed to setup: failed to connect to MCHI: 00cbe07e8537eec788c9f80b2d9f40e4bf5e16d2 [BootGuard Configuration] has not been opened
2026-05-12T13:32:30.363311Z INFO fwupd[3741]: FuEngine             failed to add device /sys/devices/pci0000:00/0000:00:16.0/0000:00:16.0-082ee5a7-7c25-470a-9643-0c06f0466ea1: failed to setup: failed to connect to MKHI: 1d10887a051b3991a3314f760163248231628504 [BootGuard Configuration] has not been opened
2026-05-12T13:32:30.403508Z INFO fwupd[3741]: FuEngine             failed to add device /sys/devices/pci0000:00/0000:00:16.0/0000:00:16.0-fbf6fcf1-96cf-4e2e-a6a6-1bab8cbe36b1: failed to setup: failed to connect to MCHI: 00cbe07e8537eec788c9f80b2d9f40e4bf5e16d2 [BootGuard Configuration] has not been opened
2026-05-12T13:32:30.417784Z INFO fwupd[3741]: FuEngine             failed to add device /sys/devices/pci0000:00/0000:00:16.0/0000:00:16.0-fbf6fcf1-96cf-4e2e-a6a6-1bab8cbe36b1: failed to setup: failed to connect to MKHI: 1d10887a051b3991a3314f760163248231628504 [BootGuard Configuration] has not been opened
2026-05-12T13:32:30.434984Z INFO fwupd[3741]: FuEngine             failed to add device /sys/devices/pci0000:00/0000:00:16.0/0000:00:16.0-42b3ce2f-bd9f-485a-96ae-26406230b1ff: failed to setup: failed to connect to MCHI: 00cbe07e8537eec788c9f80b2d9f40e4bf5e16d2 [BootGuard Configuration] has not been opened
2026-05-12T13:32:30.445889Z INFO fwupd[3741]: FuEngine             failed to add device /sys/devices/pci0000:00/0000:00:16.0/0000:00:16.0-42b3ce2f-bd9f-485a-96ae-26406230b1ff: failed to setup: failed to connect to MKHI: 1d10887a051b3991a3314f760163248231628504 [BootGuard Configuration] has not been opened
2026-05-12T13:32:30.469648Z INFO fwupd[3741]: FuEngine             failed to add device /sys/devices/pci0000:00/0000:00:16.0/0000:00:16.0-8c2f4425-77d6-4755-aca3-891fdbc66a58: failed to setup: failed to connect to MCHI: 00cbe07e8537eec788c9f80b2d9f40e4bf5e16d2 [BootGuard Configuration] has not been opened
2026-05-12T13:32:30.482839Z INFO fwupd[3741]: FuEngine             failed to add device /sys/devices/pci0000:00/0000:00:16.0/0000:00:16.0-8c2f4425-77d6-4755-aca3-891fdbc66a58: failed to setup: failed to connect to MKHI: 1d10887a051b3991a3314f760163248231628504 [BootGuard Configuration] has not been opened
2026-05-12T13:32:30.502024Z INFO fwupd[3741]: FuEngine             failed to add device /sys/devices/pci0000:00/0000:00:16.0/0000:00:16.0-8e6a6715-9abc-4043-88ef-9e39c6f63e0f: failed to setup: failed to connect to MCHI: 00cbe07e8537eec788c9f80b2d9f40e4bf5e16d2 [BootGuard Configuration] has not been opened
2026-05-12T13:32:30.509861Z INFO fwupd[3741]: FuEngine             failed to add device /sys/devices/pci0000:00/0000:00:16.0/0000:00:16.0-8e6a6715-9abc-4043-88ef-9e39c6f63e0f: failed to setup: failed to connect to MKHI: 1d10887a051b3991a3314f760163248231628504 [BootGuard Configuration] has not been opened
2026-05-12T13:32:30.527230Z INFO fwupd[3741]: FuEngine             failed to add device /sys/devices/pci0000:00/0000:00:16.0/0000:00:16.0-b638ab7e-94e2-4ea2-a552-d1c54b627f04: failed to setup: failed to connect to MCHI: 00cbe07e8537eec788c9f80b2d9f40e4bf5e16d2 [BootGuard Configuration] has not been opened
2026-05-12T13:32:30.535762Z INFO fwupd[3741]: FuEngine             failed to add device /sys/devices/pci0000:00/0000:00:16.0/0000:00:16.0-b638ab7e-94e2-4ea2-a552-d1c54b627f04: failed to setup: failed to connect to MKHI: 1d10887a051b3991a3314f760163248231628504 [BootGuard Configuration] has not been opened
2026-05-12T13:32:30.548365Z INFO fwupd[3741]: FuEngine             failed to add device /sys/devices/pci0000:00/0000:00:16.0/0000:00:16.0-dd17041c-09ea-4b17-a271-5b989867ec65: failed to setup: failed to connect to MCHI: 00cbe07e8537eec788c9f80b2d9f40e4bf5e16d2 [BootGuard Configuration] has not been opened
2026-05-12T13:32:30.554091Z INFO fwupd[3741]: FuEngine             failed to add device /sys/devices/pci0000:00/0000:00:16.0/0000:00:16.0-dd17041c-09ea-4b17-a271-5b989867ec65: failed to setup: failed to connect to MKHI: 1d10887a051b3991a3314f760163248231628504 [BootGuard Configuration] has not been opened
2026-05-12T13:32:30.566412Z INFO fwupd[3741]: FuEngine             failed to add device /sys/devices/pci0000:00/0000:00:16.0/0000:00:16.0-55213584-9a29-4916-badf-0fb7ed682aeb: failed to setup: failed to connect to MCHI: 00cbe07e8537eec788c9f80b2d9f40e4bf5e16d2 [BootGuard Configuration] has not been opened
2026-05-12T13:32:30.577375Z INFO fwupd[3741]: FuEngine             failed to add device /sys/devices/pci0000:00/0000:00:16.0/0000:00:16.0-55213584-9a29-4916-badf-0fb7ed682aeb: failed to setup: failed to connect to MKHI: 1d10887a051b3991a3314f760163248231628504 [BootGuard Configuration] has not been opened
2026-05-12T13:32:30.585219Z INFO fwupd[3741]: FuEngine             failed to add device /sys/devices/pci0000:00/0000:00:16.0/0000:00:16.0-6861ec7b-d07a-4673-856c-7f22b4d55769: failed to setup: failed to connect to MCHI: 00cbe07e8537eec788c9f80b2d9f40e4bf5e16d2 [BootGuard Configuration] has not been opened
2026-05-12T13:32:30.591216Z INFO fwupd[3741]: FuEngine             failed to add device /sys/devices/pci0000:00/0000:00:16.0/0000:00:16.0-6861ec7b-d07a-4673-856c-7f22b4d55769: failed to setup: failed to connect to MKHI: 1d10887a051b3991a3314f760163248231628504 [BootGuard Configuration] has not been opened
2026-05-12T13:32:35.113740Z INFO fwupd[3741]: FuEngine             timestamp increased, so no rollback
2026-05-12T13:32:35.479177Z INFO fwupd[3741]: FuEngine             loading metadata for remote 'vendor-directory'
2026-05-12T13:32:35.479354Z INFO fwupd[3741]: FuEngine             using /usr/share/fwupd/remotes.d/vendor/firmware/C7FMF11-3_v0015.cab as metadata source
2026-05-12T13:32:35.479453Z INFO fwupd[3741]: FuEngine             using /usr/share/fwupd/remotes.d/vendor/firmware/20250505_Shinetech_ASUS_DK235C-1C_RTS5859_GC2607_v0008.5051.cab as metadata source
2026-05-12T13:32:35.479525Z INFO fwupd[3741]: FuEngine             using /usr/share/fwupd/remotes.d/vendor/firmware/unsigned_SOLVIT_V6_TLC_256Gb_UFS31_GEN1_128GB_P21_FW01_e52a9b8_241106_13h23m.cab as metadata source
2026-05-12T13:32:35.479591Z INFO fwupd[3741]: FuEngine             using /usr/share/fwupd/remotes.d/vendor/firmware/9cfa3af86e5e72df127fecd43c6255ee7bf3b3516a26c94bad0e3a21038baefd-firmware_v0004_1.cab as metadata source
2026-05-12T13:32:35.479655Z INFO fwupd[3741]: FuEngine             using /usr/share/fwupd/remotes.d/vendor/firmware/YHVN-5_v0010.cab as metadata source
2026-05-12T13:32:35.479727Z INFO fwupd[3741]: FuEngine             using /usr/share/fwupd/remotes.d/vendor/firmware/b98f12abc69cae57e65f2f436cb31a4562766fbbc1539aef563feec42756809b-FW0_v1112_CAP.cab as metadata source
2026-05-12T13:32:35.479761Z INFO fwupd[3741]: FuEngine             using /usr/share/fwupd/remotes.d/vendor/firmware/YHVA-5_V0038.cab as metadata source
2026-05-12T13:32:35.479832Z INFO fwupd[3741]: FuEngine             ignoring: /usr/share/fwupd/remotes.d/vendor/firmware/README.md
2026-05-12T13:32:35.479832Z INFO fwupd[3741]: FuEngine             using /usr/share/fwupd/remotes.d/vendor/firmware/20250822_CHICONY_LENOVO_CKFO518_RTS5862_GC05A2_V9808.0011.cab as metadata source
2026-05-12T13:32:35.479909Z INFO fwupd[3741]: FuEngine             using /usr/share/fwupd/remotes.d/vendor/firmware/C7FOF10-1_V0011_20250225.cab as metadata source
2026-05-12T13:32:35.479969Z INFO fwupd[3741]: FuEngine             using /usr/share/fwupd/remotes.d/vendor/firmware/YHVA-3_V0038.cab as metadata source
2026-05-12T13:32:35.480026Z INFO fwupd[3741]: FuEngine             using /usr/share/fwupd/remotes.d/vendor/firmware/2SF202N3B_v0005.cab as metadata source
2026-05-12T13:32:35.480082Z INFO fwupd[3741]: FuEngine             using /usr/share/fwupd/remotes.d/vendor/firmware/303bef0da8ff6acd8590bfcebdbdbc8e13bfebd63ca81df5bb6796b8b68c45d5-20230724_YHVA-3_RTS5856_OV2740_Chrome_acerR1-15_cache.cab as metadata source
2026-05-12T13:32:35.480144Z INFO fwupd[3741]: FuEngine             using /usr/share/fwupd/remotes.d/vendor/firmware/BBF503N3B_V0018_20250409.cab as metadata source
2026-05-12T13:32:35.480202Z INFO fwupd[3741]: FuEngine             using /usr/share/fwupd/remotes.d/vendor/firmware/20250823_BNN755UBP_RTS5862FL_SC521PC_v2510.cab as metadata source
2026-05-12T13:32:35.480260Z INFO fwupd[3741]: FuEngine             using /usr/share/fwupd/remotes.d/vendor/firmware/HAA-N1H8D3-00Z_V0021_20250409.cab as metadata source
2026-05-12T13:32:35.480417Z INFO fwupd[3741]: FuEngine             ignoring: Error opening directory "/var/lib/fwupd/local.d": No such file or directory
2026-05-12T13:32:35.480472Z INFO fwupd[3741]: FuEngine             loading local metadata: /usr/share/fwupd/local.d/fwupd-camera-bkc.xml
2026-05-12T13:32:35.603657Z INFO fwupd[3741]: FuEngine             loading local metadata: /usr/share/fwupd/local.d/fwupd-camera-nissa-bkc.xml
2026-05-12T13:32:35.604092Z INFO fwupd[3741]: FuEngine             loading local metadata: /usr/share/fwupd/local.d/fwupd-storage-bkc.xml
2026-05-12T13:32:35.604869Z INFO fwupd[3741]: FuEngine             loading local metadata: /usr/share/fwupd/local.d/mmc-firmware-bkc.xml
2026-05-12T13:32:35.619237Z INFO fwupd[3741]: FuCabinet            failed to verify FW.metainfo.xml: no JcatItem
2026-05-12T13:32:35.619237Z INFO fwupd[3741]: FuCabinet            processing file: FW.metainfo.xml
2026-05-12T13:32:35.619237Z INFO fwupd[3741]: FuCabinet            processing release: 0.15
2026-05-12T13:32:35.650349Z INFO fwupd[3741]: FuCabinet            failed to verify FW.metainfo.xml: no JcatItem
2026-05-12T13:32:35.650349Z INFO fwupd[3741]: FuCabinet            processing file: FW.metainfo.xml
2026-05-12T13:32:35.650792Z INFO fwupd[3741]: FuCabinet            processing release: 00.08
2026-05-12T13:32:35.665894Z INFO fwupd[3741]: FuCabinet            failed to verify firmware.metainfo.xml: no JcatItem
2026-05-12T13:32:35.665894Z INFO fwupd[3741]: FuCabinet            processing file: firmware.metainfo.xml
2026-05-12T13:32:35.666363Z INFO fwupd[3741]: FuCabinet            processing release: 2101
2026-05-12T13:32:35.682383Z INFO fwupd[3741]: FuCabinet            verified metadata FW.metainfo.xml: 2
2026-05-12T13:32:35.682383Z INFO fwupd[3741]: FuCabinet            processing file: FW.metainfo.xml
2026-05-12T13:32:35.682383Z INFO fwupd[3741]: FuCabinet            processing release: 0.04
2026-05-12T13:32:35.683717Z INFO fwupd[3741]: FuCabinet            verified payload FW0_v0004_CAP.bin: 2
2026-05-12T13:32:35.687232Z INFO fwupd[3741]: FuCabinet            failed to verify FW.metainfo.xml: no JcatItem
2026-05-12T13:32:35.687232Z INFO fwupd[3741]: FuCabinet            processing file: FW.metainfo.xml
2026-05-12T13:32:35.687232Z INFO fwupd[3741]: FuCabinet            processing release: 0.10
2026-05-12T13:32:35.689662Z INFO fwupd[3741]: FuCabinet            verified metadata FW.metainfo.xml: 2
2026-05-12T13:32:35.689662Z INFO fwupd[3741]: FuCabinet            processing file: FW.metainfo.xml
2026-05-12T13:32:35.689833Z INFO fwupd[3741]: FuCabinet            processing release: 11.12
2026-05-12T13:32:35.691280Z INFO fwupd[3741]: FuCabinet            verified payload FW0_v1112_CAP.bin: 2
2026-05-12T13:32:35.698241Z INFO fwupd[3741]: FuCabinet            failed to verify FW.metainfo.xml: no JcatItem
2026-05-12T13:32:35.698241Z INFO fwupd[3741]: FuCabinet            processing file: FW.metainfo.xml
2026-05-12T13:32:35.698505Z INFO fwupd[3741]: FuCabinet            processing release: 0.38
2026-05-12T13:32:35.705250Z INFO fwupd[3741]: FuCabinet            failed to verify FW.metainfo.xml: no JcatItem
2026-05-12T13:32:35.705250Z INFO fwupd[3741]: FuCabinet            processing file: FW.metainfo.xml
2026-05-12T13:32:35.705643Z INFO fwupd[3741]: FuCabinet            processing release: 98.08
2026-05-12T13:32:35.711795Z INFO fwupd[3741]: FuCabinet            failed to verify USB camera updater.metainfo.xml: no JcatItem
2026-05-12T13:32:35.711795Z INFO fwupd[3741]: FuCabinet            processing file: USB camera updater.metainfo.xml
2026-05-12T13:32:35.712169Z INFO fwupd[3741]: FuCabinet            processing release: 0.11
2026-05-12T13:32:35.726771Z INFO fwupd[3741]: FuCabinet            failed to verify FW.metainfo.xml: no JcatItem
2026-05-12T13:32:35.726771Z INFO fwupd[3741]: FuCabinet            processing file: FW.metainfo.xml
2026-05-12T13:32:35.727081Z INFO fwupd[3741]: FuCabinet            processing release: 0.38
2026-05-12T13:32:35.733057Z INFO fwupd[3741]: FuCabinet            failed to verify USB camera updater.metainfo.xml: no JcatItem
2026-05-12T13:32:35.733057Z INFO fwupd[3741]: FuCabinet            processing file: USB camera updater.metainfo.xml
2026-05-12T13:32:35.733281Z INFO fwupd[3741]: FuCabinet            processing release: 0.5
2026-05-12T13:32:35.737766Z INFO fwupd[3741]: FuCabinet            verified metadata FW.metainfo.xml: 2
2026-05-12T13:32:35.737766Z INFO fwupd[3741]: FuCabinet            processing file: FW.metainfo.xml
2026-05-12T13:32:35.741352Z INFO fwupd[3741]: FuCabinet            processing release: 0.15
2026-05-12T13:32:35.741352Z INFO fwupd[3741]: FuCabinet            verified payload 20230724_YHVA-3_RTS5856_OV2740_Chrome_acerR1-15_cache.dfu: 2
2026-05-12T13:32:35.744190Z INFO fwupd[3741]: FuCabinet            failed to verify USB camera updater.metainfo.xml: no JcatItem
2026-05-12T13:32:35.744190Z INFO fwupd[3741]: FuCabinet            processing file: USB camera updater.metainfo.xml
2026-05-12T13:32:35.744400Z INFO fwupd[3741]: FuCabinet            processing release: 00.18
2026-05-12T13:32:35.750146Z INFO fwupd[3741]: FuCabinet            failed to verify FW.metainfo.xml: no JcatItem
2026-05-12T13:32:35.750146Z INFO fwupd[3741]: FuCabinet            processing file: FW.metainfo.xml
2026-05-12T13:32:35.750320Z INFO fwupd[3741]: FuCabinet            processing release: 25.10
2026-05-12T13:32:35.811719Z INFO fwupd[3741]: FuCabinet            failed to verify USB camera updater.metainfo.xml: no JcatItem
2026-05-12T13:32:35.811719Z INFO fwupd[3741]: FuCabinet            processing file: USB camera updater.metainfo.xml
2026-05-12T13:32:35.812061Z INFO fwupd[3741]: FuCabinet            processing release: 00.21
2026-05-12T13:32:36.741686Z INFO fwupd[3741]: FuEngine             3994 components now in silo
2026-05-12T13:32:36.751139Z INFO fwupd[3741]: FuEngine             resetting update motd timeout
2026-05-12T13:32:36.751707Z INFO fwupd[3741]: FuRemoteList         /var/lib/fwupd/metadata/lvfs/firmware.xml.zst.TVV6O3 changed, reloading all remotes
2026-05-12T13:32:36.751921Z INFO fwupd[3741]: FuRemoteList         loading remote from /etc/fwupd/remotes.d/fwupd-peripherals.conf
2026-05-12T13:32:36.754729Z INFO fwupd[3741]: FuRemoteList         loading remote from /etc/fwupd/remotes.d/lvfs-testing.conf
2026-05-12T13:32:36.758435Z INFO fwupd[3741]: FuRemoteList         loading remote from /etc/fwupd/remotes.d/lvfs.conf
2026-05-12T13:32:36.759215Z INFO fwupd[3741]: FuRemoteList         auto-fixing remote lvfs MetadataURI from https://storage.googleapis.com/chromeos-localmirror/lvfs/firmware.xml.xz to https://storage.googleapis.com/chromeos-localmirror/lvfs/firmware.xml.zst
2026-05-12T13:32:36.759215Z INFO fwupd[3741]: FuRemoteList         loading remote from /etc/fwupd/remotes.d/vendor-directory.conf
2026-05-12T13:32:36.761137Z INFO fwupd[3741]: FuRemoteList         enabled remotes: fwupd-peripherals[1000], vendor-directory[1000], lvfs[0]
2026-05-12T13:32:36.761466Z INFO fwupd[3741]: FuEngine             loading metadata for remote 'vendor-directory'
2026-05-12T13:32:36.761562Z INFO fwupd[3741]: FuEngine             using /usr/share/fwupd/remotes.d/vendor/firmware/C7FMF11-3_v0015.cab as metadata source
2026-05-12T13:32:36.761595Z INFO fwupd[3741]: FuEngine             using /usr/share/fwupd/remotes.d/vendor/firmware/20250505_Shinetech_ASUS_DK235C-1C_RTS5859_GC2607_v0008.5051.cab as metadata source
2026-05-12T13:32:36.761629Z INFO fwupd[3741]: FuEngine             using /usr/share/fwupd/remotes.d/vendor/firmware/unsigned_SOLVIT_V6_TLC_256Gb_UFS31_GEN1_128GB_P21_FW01_e52a9b8_241106_13h23m.cab as metadata source
2026-05-12T13:32:36.761661Z INFO fwupd[3741]: FuEngine             using /usr/share/fwupd/remotes.d/vendor/firmware/9cfa3af86e5e72df127fecd43c6255ee7bf3b3516a26c94bad0e3a21038baefd-firmware_v0004_1.cab as metadata source
2026-05-12T13:32:36.761692Z INFO fwupd[3741]: FuEngine             using /usr/share/fwupd/remotes.d/vendor/firmware/YHVN-5_v0010.cab as metadata source
2026-05-12T13:32:36.761720Z INFO fwupd[3741]: FuEngine             using /usr/share/fwupd/remotes.d/vendor/firmware/b98f12abc69cae57e65f2f436cb31a4562766fbbc1539aef563feec42756809b-FW0_v1112_CAP.cab as metadata source
2026-05-12T13:32:36.761750Z INFO fwupd[3741]: FuEngine             using /usr/share/fwupd/remotes.d/vendor/firmware/YHVA-5_V0038.cab as metadata source
2026-05-12T13:32:36.761775Z INFO fwupd[3741]: FuEngine             ignoring: /usr/share/fwupd/remotes.d/vendor/firmware/README.md
2026-05-12T13:32:36.761784Z INFO fwupd[3741]: FuEngine             using /usr/share/fwupd/remotes.d/vendor/firmware/20250822_CHICONY_LENOVO_CKFO518_RTS5862_GC05A2_V9808.0011.cab as metadata source
2026-05-12T13:32:36.761812Z INFO fwupd[3741]: FuEngine             using /usr/share/fwupd/remotes.d/vendor/firmware/C7FOF10-1_V0011_20250225.cab as metadata source
2026-05-12T13:32:36.761840Z INFO fwupd[3741]: FuEngine             using /usr/share/fwupd/remotes.d/vendor/firmware/YHVA-3_V0038.cab as metadata source
2026-05-12T13:32:36.761867Z INFO fwupd[3741]: FuEngine             using /usr/share/fwupd/remotes.d/vendor/firmware/2SF202N3B_v0005.cab as metadata source
2026-05-12T13:32:36.761893Z INFO fwupd[3741]: FuEngine             using /usr/share/fwupd/remotes.d/vendor/firmware/303bef0da8ff6acd8590bfcebdbdbc8e13bfebd63ca81df5bb6796b8b68c45d5-20230724_YHVA-3_RTS5856_OV2740_Chrome_acerR1-15_cache.cab as metadata source
2026-05-12T13:32:36.761922Z INFO fwupd[3741]: FuEngine             using /usr/share/fwupd/remotes.d/vendor/firmware/BBF503N3B_V0018_20250409.cab as metadata source
2026-05-12T13:32:36.761950Z INFO fwupd[3741]: FuEngine             using /usr/share/fwupd/remotes.d/vendor/firmware/20250823_BNN755UBP_RTS5862FL_SC521PC_v2510.cab as metadata source
2026-05-12T13:32:36.761977Z INFO fwupd[3741]: FuEngine             using /usr/share/fwupd/remotes.d/vendor/firmware/HAA-N1H8D3-00Z_V0021_20250409.cab as metadata source
2026-05-12T13:32:36.762049Z INFO fwupd[3741]: FuEngine             ignoring: Error opening directory "/var/lib/fwupd/local.d": No such file or directory
2026-05-12T13:32:36.762073Z INFO fwupd[3741]: FuEngine             loading local metadata: /usr/share/fwupd/local.d/fwupd-camera-bkc.xml
2026-05-12T13:32:36.764360Z INFO fwupd[3741]: FuEngine             loading local metadata: /usr/share/fwupd/local.d/fwupd-camera-nissa-bkc.xml
2026-05-12T13:32:36.764360Z INFO fwupd[3741]: FuEngine             loading local metadata: /usr/share/fwupd/local.d/fwupd-storage-bkc.xml
2026-05-12T13:32:36.764360Z INFO fwupd[3741]: FuEngine             loading local metadata: /usr/share/fwupd/local.d/mmc-firmware-bkc.xml
2026-05-12T13:32:36.765023Z INFO fwupd[3741]: FuEngine             3994 components now in silo
2026-05-12T13:32:36.774054Z INFO fwupd[3741]: FuEngine             resetting update motd timeout
2026-05-12T13:35:05.484462Z INFO fwupd[3741]: FuContext            battery level now 64
