2026-05-12T13:48:37.381429Z INFO fwupd[3741]: FuEngine             failed to add device /sys/devices/pci0000:00/0000:00:16.0/0000:00:16.0-8e6a6715-9abc-4043-88ef-9e39c6f63e0f: failed to setup: failed to connect to MCHI: 00cbe07e8537eec788c9f80b2d9f40e4bf5e16d2 [BootGuard Configuration] has not been opened
2026-05-12T13:48:37.391683Z INFO fwupd[3741]: FuEngine             failed to add device /sys/devices/pci0000:00/0000:00:16.0/0000:00:16.0-8e6a6715-9abc-4043-88ef-9e39c6f63e0f: failed to setup: failed to connect to MKHI: 1d10887a051b3991a3314f760163248231628504 [BootGuard Configuration] has not been opened
2026-05-12T13:48:37.407812Z INFO fwupd[3741]: FuEngine             failed to add device /sys/devices/pci0000:00/0000:00:16.0/0000:00:16.0-b638ab7e-94e2-4ea2-a552-d1c54b627f04: failed to setup: failed to connect to MCHI: 00cbe07e8537eec788c9f80b2d9f40e4bf5e16d2 [BootGuard Configuration] has not been opened
2026-05-12T13:48:37.412723Z INFO fwupd[3741]: FuEngine             failed to add device /sys/devices/pci0000:00/0000:00:16.0/0000:00:16.0-b638ab7e-94e2-4ea2-a552-d1c54b627f04: failed to setup: failed to connect to MKHI: 1d10887a051b3991a3314f760163248231628504 [BootGuard Configuration] has not been opened
2026-05-12T13:48:37.424889Z INFO fwupd[3741]: FuEngine             failed to add device /sys/devices/pci0000:00/0000:00:16.0/0000:00:16.0-fbf6fcf1-96cf-4e2e-a6a6-1bab8cbe36b1: failed to setup: failed to connect to MCHI: 00cbe07e8537eec788c9f80b2d9f40e4bf5e16d2 [BootGuard Configuration] has not been opened
2026-05-12T13:48:37.435343Z INFO fwupd[3741]: FuEngine             failed to add device /sys/devices/pci0000:00/0000:00:16.0/0000:00:16.0-fbf6fcf1-96cf-4e2e-a6a6-1bab8cbe36b1: failed to setup: failed to connect to MKHI: 1d10887a051b3991a3314f760163248231628504 [BootGuard Configuration] has not been opened
2026-05-12T13:48:37.445181Z INFO fwupd[3741]: FuEngine             failed to add device /sys/devices/pci0000:00/0000:00:16.0/0000:00:16.0-55213584-9a29-4916-badf-0fb7ed682aeb: failed to setup: failed to connect to MCHI: 00cbe07e8537eec788c9f80b2d9f40e4bf5e16d2 [BootGuard Configuration] has not been opened
2026-05-12T13:48:37.449881Z INFO fwupd[3741]: FuEngine             failed to add device /sys/devices/pci0000:00/0000:00:16.0/0000:00:16.0-55213584-9a29-4916-badf-0fb7ed682aeb: failed to setup: failed to connect to MKHI: 1d10887a051b3991a3314f760163248231628504 [BootGuard Configuration] has not been opened
2026-05-12T13:48:37.458247Z INFO fwupd[3741]: FuEngine             failed to add device /sys/devices/pci0000:00/0000:00:16.0/0000:00:16.0-6861ec7b-d07a-4673-856c-7f22b4d55769: failed to setup: failed to connect to MCHI: 00cbe07e8537eec788c9f80b2d9f40e4bf5e16d2 [BootGuard Configuration] has not been opened
2026-05-12T13:48:37.461925Z INFO fwupd[3741]: FuEngine             failed to add device /sys/devices/pci0000:00/0000:00:16.0/0000:00:16.0-6861ec7b-d07a-4673-856c-7f22b4d55769: failed to setup: failed to connect to MKHI: 1d10887a051b3991a3314f760163248231628504 [BootGuard Configuration] has not been opened
2026-05-12T13:48:37.468867Z INFO fwupd[3741]: FuEngine             failed to add device /sys/devices/pci0000:00/0000:00:16.0/0000:00:16.0-42b3ce2f-bd9f-485a-96ae-26406230b1ff: failed to setup: failed to connect to MCHI: 00cbe07e8537eec788c9f80b2d9f40e4bf5e16d2 [BootGuard Configuration] has not been opened
2026-05-12T13:48:37.472235Z INFO fwupd[3741]: FuEngine             failed to add device /sys/devices/pci0000:00/0000:00:16.0/0000:00:16.0-42b3ce2f-bd9f-485a-96ae-26406230b1ff: failed to setup: failed to connect to MKHI: 1d10887a051b3991a3314f760163248231628504 [BootGuard Configuration] has not been opened
2026-05-12T13:48:37.479143Z INFO fwupd[3741]: FuEngine             failed to add device /sys/devices/pci0000:00/0000:00:16.0/0000:00:16.0-082ee5a7-7c25-470a-9643-0c06f0466ea1: failed to setup: failed to connect to MCHI: 00cbe07e8537eec788c9f80b2d9f40e4bf5e16d2 [BootGuard Configuration] has not been opened
2026-05-12T13:48:37.482674Z INFO fwupd[3741]: FuEngine             failed to add device /sys/devices/pci0000:00/0000:00:16.0/0000:00:16.0-082ee5a7-7c25-470a-9643-0c06f0466ea1: failed to setup: failed to connect to MKHI: 1d10887a051b3991a3314f760163248231628504 [BootGuard Configuration] has not been opened
2026-05-12T13:48:37.490959Z INFO fwupd[3741]: FuEngine             failed to add device /sys/devices/pci0000:00/0000:00:16.0/0000:00:16.0-8c2f4425-77d6-4755-aca3-891fdbc66a58: failed to setup: failed to connect to MCHI: 00cbe07e8537eec788c9f80b2d9f40e4bf5e16d2 [BootGuard Configuration] has not been opened
2026-05-12T13:48:37.494682Z INFO fwupd[3741]: FuEngine             failed to add device /sys/devices/pci0000:00/0000:00:16.0/0000:00:16.0-8c2f4425-77d6-4755-aca3-891fdbc66a58: failed to setup: failed to connect to MKHI: 1d10887a051b3991a3314f760163248231628504 [BootGuard Configuration] has not been opened
2026-05-12T13:48:37.502275Z INFO fwupd[3741]: FuEngine             failed to add device /sys/devices/pci0000:00/0000:00:16.0/0000:00:16.0-dd17041c-09ea-4b17-a271-5b989867ec65: failed to setup: failed to connect to MCHI: 00cbe07e8537eec788c9f80b2d9f40e4bf5e16d2 [BootGuard Configuration] has not been opened
2026-05-12T13:48:37.505987Z INFO fwupd[3741]: FuEngine             failed to add device /sys/devices/pci0000:00/0000:00:16.0/0000:00:16.0-dd17041c-09ea-4b17-a271-5b989867ec65: failed to setup: failed to connect to MKHI: 1d10887a051b3991a3314f760163248231628504 [BootGuard Configuration] has not been opened
2026-05-12T13:49:42.394060Z INFO fwupd[3741]: FuContext            battery level now 63
2026-05-12T13:53:42.424783Z INFO fwupd[3741]: FuContext            battery level now 62
2026-05-12T13:58:12.467206Z INFO fwupd[3741]: FuContext            battery level now 61
2026-05-12T14:01:42.491690Z INFO fwupd[3741]: FuContext            battery level now 60
2026-05-12T19:17:11.319450Z INFO fwupd[3741]: FuEngine             failed to add device /sys/devices/pci0000:00/0000:00:16.0/0000:00:16.0-b638ab7e-94e2-4ea2-a552-d1c54b627f04: failed to setup: failed to connect to MCHI: 00cbe07e8537eec788c9f80b2d9f40e4bf5e16d2 [BootGuard Configuration] has not been opened
2026-05-12T19:17:11.333424Z INFO fwupd[3741]: FuEngine             failed to add device /sys/devices/pci0000:00/0000:00:16.0/0000:00:16.0-b638ab7e-94e2-4ea2-a552-d1c54b627f04: failed to setup: failed to connect to MKHI: 1d10887a051b3991a3314f760163248231628504 [BootGuard Configuration] has not been opened
2026-05-12T19:17:11.353386Z INFO fwupd[3741]: FuEngine             failed to add device /sys/devices/pci0000:00/0000:00:16.0/0000:00:16.0-dd17041c-09ea-4b17-a271-5b989867ec65: failed to setup: failed to connect to MCHI: 00cbe07e8537eec788c9f80b2d9f40e4bf5e16d2 [BootGuard Configuration] has not been opened
2026-05-12T19:17:11.358851Z INFO fwupd[3741]: FuEngine             failed to add device /sys/devices/pci0000:00/0000:00:16.0/0000:00:16.0-dd17041c-09ea-4b17-a271-5b989867ec65: failed to setup: failed to connect to MKHI: 1d10887a051b3991a3314f760163248231628504 [BootGuard Configuration] has not been opened
2026-05-12T19:17:11.388348Z INFO fwupd[3741]: FuEngine             failed to add device /sys/devices/pci0000:00/0000:00:16.0/0000:00:16.0-8c2f4425-77d6-4755-aca3-891fdbc66a58: failed to setup: failed to connect to MCHI: 00cbe07e8537eec788c9f80b2d9f40e4bf5e16d2 [BootGuard Configuration] has not been opened
2026-05-12T19:17:11.406937Z INFO fwupd[3741]: FuEngine             failed to add device /sys/devices/pci0000:00/0000:00:16.0/0000:00:16.0-8c2f4425-77d6-4755-aca3-891fdbc66a58: failed to setup: failed to connect to MKHI: 1d10887a051b3991a3314f760163248231628504 [BootGuard Configuration] has not been opened
2026-05-12T19:17:11.423422Z INFO fwupd[3741]: FuEngine             failed to add device /sys/devices/pci0000:00/0000:00:16.0/0000:00:16.0-fbf6fcf1-96cf-4e2e-a6a6-1bab8cbe36b1: failed to setup: failed to connect to MCHI: 00cbe07e8537eec788c9f80b2d9f40e4bf5e16d2 [BootGuard Configuration] has not been opened
2026-05-12T19:17:11.428176Z INFO fwupd[3741]: FuEngine             failed to add device /sys/devices/pci0000:00/0000:00:16.0/0000:00:16.0-fbf6fcf1-96cf-4e2e-a6a6-1bab8cbe36b1: failed to setup: failed to connect to MKHI: 1d10887a051b3991a3314f760163248231628504 [BootGuard Configuration] has not been opened
2026-05-12T19:17:11.438604Z INFO fwupd[3741]: FuEngine             failed to add device /sys/devices/pci0000:00/0000:00:16.0/0000:00:16.0-6861ec7b-d07a-4673-856c-7f22b4d55769: failed to setup: failed to connect to MCHI: 00cbe07e8537eec788c9f80b2d9f40e4bf5e16d2 [BootGuard Configuration] has not been opened
2026-05-12T19:17:11.444787Z INFO fwupd[3741]: FuEngine             failed to add device /sys/devices/pci0000:00/0000:00:16.0/0000:00:16.0-6861ec7b-d07a-4673-856c-7f22b4d55769: failed to setup: failed to connect to MKHI: 1d10887a051b3991a3314f760163248231628504 [BootGuard Configuration] has not been opened
2026-05-12T19:17:11.454448Z INFO fwupd[3741]: FuEngine             failed to add device /sys/devices/pci0000:00/0000:00:16.0/0000:00:16.0-42b3ce2f-bd9f-485a-96ae-26406230b1ff: failed to setup: failed to connect to MCHI: 00cbe07e8537eec788c9f80b2d9f40e4bf5e16d2 [BootGuard Configuration] has not been opened
2026-05-12T19:17:11.461117Z INFO fwupd[3741]: FuEngine             failed to add device /sys/devices/pci0000:00/0000:00:16.0/0000:00:16.0-42b3ce2f-bd9f-485a-96ae-26406230b1ff: failed to setup: failed to connect to MKHI: 1d10887a051b3991a3314f760163248231628504 [BootGuard Configuration] has not been opened
2026-05-12T19:17:11.474501Z INFO fwupd[3741]: FuEngine             failed to add device /sys/devices/pci0000:00/0000:00:16.0/0000:00:16.0-8e6a6715-9abc-4043-88ef-9e39c6f63e0f: failed to setup: failed to connect to MCHI: 00cbe07e8537eec788c9f80b2d9f40e4bf5e16d2 [BootGuard Configuration] has not been opened
2026-05-12T19:17:11.481313Z INFO fwupd[3741]: FuEngine             failed to add device /sys/devices/pci0000:00/0000:00:16.0/0000:00:16.0-8e6a6715-9abc-4043-88ef-9e39c6f63e0f: failed to setup: failed to connect to MKHI: 1d10887a051b3991a3314f760163248231628504 [BootGuard Configuration] has not been opened
2026-05-12T19:17:11.489937Z INFO fwupd[3741]: FuEngine             failed to add device /sys/devices/pci0000:00/0000:00:16.0/0000:00:16.0-082ee5a7-7c25-470a-9643-0c06f0466ea1: failed to setup: failed to connect to MCHI: 00cbe07e8537eec788c9f80b2d9f40e4bf5e16d2 [BootGuard Configuration] has not been opened
2026-05-12T19:17:11.494750Z INFO fwupd[3741]: FuEngine             failed to add device /sys/devices/pci0000:00/0000:00:16.0/0000:00:16.0-082ee5a7-7c25-470a-9643-0c06f0466ea1: failed to setup: failed to connect to MKHI: 1d10887a051b3991a3314f760163248231628504 [BootGuard Configuration] has not been opened
2026-05-12T19:17:11.507379Z INFO fwupd[3741]: FuEngine             failed to add device /sys/devices/pci0000:00/0000:00:16.0/0000:00:16.0-55213584-9a29-4916-badf-0fb7ed682aeb: failed to setup: failed to connect to MCHI: 00cbe07e8537eec788c9f80b2d9f40e4bf5e16d2 [BootGuard Configuration] has not been opened
2026-05-12T19:17:11.515266Z INFO fwupd[3741]: FuEngine             failed to add device /sys/devices/pci0000:00/0000:00:16.0/0000:00:16.0-55213584-9a29-4916-badf-0fb7ed682aeb: failed to setup: failed to connect to MKHI: 1d10887a051b3991a3314f760163248231628504 [BootGuard Configuration] has not been opened
2026-05-12T19:20:17.000664Z INFO fwupd[3741]: FuContext            battery level now 59
2026-05-13T14:53:40.291537Z INFO fwupd[3741]: FuEngine             failed to add device /sys/devices/pci0000:00/0000:00:16.0/0000:00:16.0-8e6a6715-9abc-4043-88ef-9e39c6f63e0f: failed to setup: failed to connect to MCHI: 00cbe07e8537eec788c9f80b2d9f40e4bf5e16d2 [BootGuard Configuration] has not been opened
2026-05-13T14:53:40.310642Z INFO fwupd[3741]: FuEngine             failed to add device /sys/devices/pci0000:00/0000:00:16.0/0000:00:16.0-8e6a6715-9abc-4043-88ef-9e39c6f63e0f: failed to setup: failed to connect to MKHI: 1d10887a051b3991a3314f760163248231628504 [BootGuard Configuration] has not been opened
2026-05-13T14:53:40.333054Z INFO fwupd[3741]: FuEngine             failed to add device /sys/devices/pci0000:00/0000:00:16.0/0000:00:16.0-b638ab7e-94e2-4ea2-a552-d1c54b627f04: failed to setup: failed to connect to MCHI: 00cbe07e8537eec788c9f80b2d9f40e4bf5e16d2 [BootGuard Configuration] has not been opened
2026-05-13T14:53:40.349178Z INFO fwupd[3741]: FuEngine             failed to add device /sys/devices/pci0000:00/0000:00:16.0/0000:00:16.0-b638ab7e-94e2-4ea2-a552-d1c54b627f04: failed to setup: failed to connect to MKHI: 1d10887a051b3991a3314f760163248231628504 [BootGuard Configuration] has not been opened
2026-05-13T14:53:40.351004Z INFO fwupd[3741]: FuContext            battery level now 58
2026-05-13T14:53:40.365435Z INFO fwupd[3741]: FuEngine             failed to add device /sys/devices/pci0000:00/0000:00:16.0/0000:00:16.0-42b3ce2f-bd9f-485a-96ae-26406230b1ff: failed to setup: failed to connect to MCHI: 00cbe07e8537eec788c9f80b2d9f40e4bf5e16d2 [BootGuard Configuration] has not been opened
2026-05-13T14:53:40.373006Z INFO fwupd[3741]: FuEngine             failed to add device /sys/devices/pci0000:00/0000:00:16.0/0000:00:16.0-42b3ce2f-bd9f-485a-96ae-26406230b1ff: failed to setup: failed to connect to MKHI: 1d10887a051b3991a3314f760163248231628504 [BootGuard Configuration] has not been opened
2026-05-13T14:53:40.393093Z INFO fwupd[3741]: FuEngine             failed to add device /sys/devices/pci0000:00/0000:00:16.0/0000:00:16.0-dd17041c-09ea-4b17-a271-5b989867ec65: failed to setup: failed to connect to MCHI: 00cbe07e8537eec788c9f80b2d9f40e4bf5e16d2 [BootGuard Configuration] has not been opened
2026-05-13T14:53:40.402429Z INFO fwupd[3741]: FuEngine             failed to add device /sys/devices/pci0000:00/0000:00:16.0/0000:00:16.0-dd17041c-09ea-4b17-a271-5b989867ec65: failed to setup: failed to connect to MKHI: 1d10887a051b3991a3314f760163248231628504 [BootGuard Configuration] has not been opened
2026-05-13T14:53:40.416650Z INFO fwupd[3741]: FuEngine             failed to add device /sys/devices/pci0000:00/0000:00:16.0/0000:00:16.0-8c2f4425-77d6-4755-aca3-891fdbc66a58: failed to setup: failed to connect to MCHI: 00cbe07e8537eec788c9f80b2d9f40e4bf5e16d2 [BootGuard Configuration] has not been opened
2026-05-13T14:53:40.424496Z INFO fwupd[3741]: FuEngine             failed to add device /sys/devices/pci0000:00/0000:00:16.0/0000:00:16.0-8c2f4425-77d6-4755-aca3-891fdbc66a58: failed to setup: failed to connect to MKHI: 1d10887a051b3991a3314f760163248231628504 [BootGuard Configuration] has not been opened
2026-05-13T14:53:40.433314Z INFO fwupd[3741]: FuEngine             failed to add device /sys/devices/pci0000:00/0000:00:16.0/0000:00:16.0-55213584-9a29-4916-badf-0fb7ed682aeb: failed to setup: failed to connect to MCHI: 00cbe07e8537eec788c9f80b2d9f40e4bf5e16d2 [BootGuard Configuration] has not been opened
2026-05-13T14:53:40.438732Z INFO fwupd[3741]: FuEngine             failed to add device /sys/devices/pci0000:00/0000:00:16.0/0000:00:16.0-55213584-9a29-4916-badf-0fb7ed682aeb: failed to setup: failed to connect to MKHI: 1d10887a051b3991a3314f760163248231628504 [BootGuard Configuration] has not been opened
2026-05-13T14:53:40.457386Z INFO fwupd[3741]: FuEngine             failed to add device /sys/devices/pci0000:00/0000:00:16.0/0000:00:16.0-082ee5a7-7c25-470a-9643-0c06f0466ea1: failed to setup: failed to connect to MCHI: 00cbe07e8537eec788c9f80b2d9f40e4bf5e16d2 [BootGuard Configuration] has not been opened
2026-05-13T14:53:40.464173Z INFO fwupd[3741]: FuEngine             failed to add device /sys/devices/pci0000:00/0000:00:16.0/0000:00:16.0-082ee5a7-7c25-470a-9643-0c06f0466ea1: failed to setup: failed to connect to MKHI: 1d10887a051b3991a3314f760163248231628504 [BootGuard Configuration] has not been opened
2026-05-13T14:53:40.486517Z INFO fwupd[3741]: FuEngine             failed to add device /sys/devices/pci0000:00/0000:00:16.0/0000:00:16.0-fbf6fcf1-96cf-4e2e-a6a6-1bab8cbe36b1: failed to setup: failed to connect to MCHI: 00cbe07e8537eec788c9f80b2d9f40e4bf5e16d2 [BootGuard Configuration] has not been opened
2026-05-13T14:53:40.486517Z INFO fwupd[3741]: FuEngine             failed to add device /sys/devices/pci0000:00/0000:00:16.0/0000:00:16.0-fbf6fcf1-96cf-4e2e-a6a6-1bab8cbe36b1: failed to setup: failed to connect to MKHI: 1d10887a051b3991a3314f760163248231628504 [BootGuard Configuration] has not been opened
2026-05-13T14:53:40.495785Z INFO fwupd[3741]: FuEngine             failed to add device /sys/devices/pci0000:00/0000:00:16.0/0000:00:16.0-6861ec7b-d07a-4673-856c-7f22b4d55769: failed to setup: failed to connect to MCHI: 00cbe07e8537eec788c9f80b2d9f40e4bf5e16d2 [BootGuard Configuration] has not been opened
2026-05-13T14:53:40.500370Z INFO fwupd[3741]: FuEngine             failed to add device /sys/devices/pci0000:00/0000:00:16.0/0000:00:16.0-6861ec7b-d07a-4673-856c-7f22b4d55769: failed to setup: failed to connect to MKHI: 1d10887a051b3991a3314f760163248231628504 [BootGuard Configuration] has not been opened
2026-05-13T15:14:05.267729Z INFO fwupd[3741]: FuEngine             failed to add device /sys/devices/pci0000:00/0000:00:16.0/0000:00:16.0-dd17041c-09ea-4b17-a271-5b989867ec65: failed to setup: failed to connect to MCHI: 00cbe07e8537eec788c9f80b2d9f40e4bf5e16d2 [BootGuard Configuration] has not been opened
2026-05-13T15:14:05.278256Z INFO fwupd[3741]: FuEngine             failed to add device /sys/devices/pci0000:00/0000:00:16.0/0000:00:16.0-dd17041c-09ea-4b17-a271-5b989867ec65: failed to setup: failed to connect to MKHI: 1d10887a051b3991a3314f760163248231628504 [BootGuard Configuration] has not been opened
2026-05-13T15:14:05.296411Z INFO fwupd[3741]: FuEngine             failed to add device /sys/devices/pci0000:00/0000:00:16.0/0000:00:16.0-b638ab7e-94e2-4ea2-a552-d1c54b627f04: failed to setup: failed to connect to MCHI: 00cbe07e8537eec788c9f80b2d9f40e4bf5e16d2 [BootGuard Configuration] has not been opened
2026-05-13T15:14:05.309469Z INFO fwupd[3741]: FuEngine             failed to add device /sys/devices/pci0000:00/0000:00:16.0/0000:00:16.0-b638ab7e-94e2-4ea2-a552-d1c54b627f04: failed to setup: failed to connect to MKHI: 1d10887a051b3991a3314f760163248231628504 [BootGuard Configuration] has not been opened
2026-05-13T15:14:05.343260Z INFO fwupd[3741]: FuEngine             failed to add device /sys/devices/pci0000:00/0000:00:16.0/0000:00:16.0-082ee5a7-7c25-470a-9643-0c06f0466ea1: failed to setup: failed to connect to MCHI: 00cbe07e8537eec788c9f80b2d9f40e4bf5e16d2 [BootGuard Configuration] has not been opened
2026-05-13T15:14:05.359349Z INFO fwupd[3741]: FuEngine             failed to add device /sys/devices/pci0000:00/0000:00:16.0/0000:00:16.0-082ee5a7-7c25-470a-9643-0c06f0466ea1: failed to setup: failed to connect to MKHI: 1d10887a051b3991a3314f760163248231628504 [BootGuard Configuration] has not been opened
2026-05-13T15:14:05.375719Z INFO fwupd[3741]: FuEngine             failed to add device /sys/devices/pci0000:00/0000:00:16.0/0000:00:16.0-8e6a6715-9abc-4043-88ef-9e39c6f63e0f: failed to setup: failed to connect to MCHI: 00cbe07e8537eec788c9f80b2d9f40e4bf5e16d2 [BootGuard Configuration] has not been opened
2026-05-13T15:14:05.380892Z INFO fwupd[3741]: FuEngine             failed to add device /sys/devices/pci0000:00/0000:00:16.0/0000:00:16.0-8e6a6715-9abc-4043-88ef-9e39c6f63e0f: failed to setup: failed to connect to MKHI: 1d10887a051b3991a3314f760163248231628504 [BootGuard Configuration] has not been opened
2026-05-13T15:14:05.392053Z INFO fwupd[3741]: FuEngine             failed to add device /sys/devices/pci0000:00/0000:00:16.0/0000:00:16.0-42b3ce2f-bd9f-485a-96ae-26406230b1ff: failed to setup: failed to connect to MCHI: 00cbe07e8537eec788c9f80b2d9f40e4bf5e16d2 [BootGuard Configuration] has not been opened
2026-05-13T15:14:05.398152Z INFO fwupd[3741]: FuEngine             failed to add device /sys/devices/pci0000:00/0000:00:16.0/0000:00:16.0-42b3ce2f-bd9f-485a-96ae-26406230b1ff: failed to setup: failed to connect to MKHI: 1d10887a051b3991a3314f760163248231628504 [BootGuard Configuration] has not been opened
2026-05-13T15:14:05.409821Z INFO fwupd[3741]: FuEngine             failed to add device /sys/devices/pci0000:00/0000:00:16.0/0000:00:16.0-fbf6fcf1-96cf-4e2e-a6a6-1bab8cbe36b1: failed to setup: failed to connect to MCHI: 00cbe07e8537eec788c9f80b2d9f40e4bf5e16d2 [BootGuard Configuration] has not been opened
2026-05-13T15:14:05.415093Z INFO fwupd[3741]: FuEngine             failed to add device /sys/devices/pci0000:00/0000:00:16.0/0000:00:16.0-fbf6fcf1-96cf-4e2e-a6a6-1bab8cbe36b1: failed to setup: failed to connect to MKHI: 1d10887a051b3991a3314f760163248231628504 [BootGuard Configuration] has not been opened
2026-05-13T15:14:05.427888Z INFO fwupd[3741]: FuEngine             failed to add device /sys/devices/pci0000:00/0000:00:16.0/0000:00:16.0-8c2f4425-77d6-4755-aca3-891fdbc66a58: failed to setup: failed to connect to MCHI: 00cbe07e8537eec788c9f80b2d9f40e4bf5e16d2 [BootGuard Configuration] has not been opened
2026-05-13T15:14:05.437208Z INFO fwupd[3741]: FuEngine             failed to add device /sys/devices/pci0000:00/0000:00:16.0/0000:00:16.0-8c2f4425-77d6-4755-aca3-891fdbc66a58: failed to setup: failed to connect to MKHI: 1d10887a051b3991a3314f760163248231628504 [BootGuard Configuration] has not been opened
2026-05-13T15:14:05.449010Z INFO fwupd[3741]: FuEngine             failed to add device /sys/devices/pci0000:00/0000:00:16.0/0000:00:16.0-6861ec7b-d07a-4673-856c-7f22b4d55769: failed to setup: failed to connect to MCHI: 00cbe07e8537eec788c9f80b2d9f40e4bf5e16d2 [BootGuard Configuration] has not been opened
2026-05-13T15:14:05.456548Z INFO fwupd[3741]: FuEngine             failed to add device /sys/devices/pci0000:00/0000:00:16.0/0000:00:16.0-6861ec7b-d07a-4673-856c-7f22b4d55769: failed to setup: failed to connect to MKHI: 1d10887a051b3991a3314f760163248231628504 [BootGuard Configuration] has not been opened
2026-05-13T15:14:05.467559Z INFO fwupd[3741]: FuEngine             failed to add device /sys/devices/pci0000:00/0000:00:16.0/0000:00:16.0-55213584-9a29-4916-badf-0fb7ed682aeb: failed to setup: failed to connect to MCHI: 00cbe07e8537eec788c9f80b2d9f40e4bf5e16d2 [BootGuard Configuration] has not been opened
2026-05-13T15:14:05.474465Z INFO fwupd[3741]: FuEngine             failed to add device /sys/devices/pci0000:00/0000:00:16.0/0000:00:16.0-55213584-9a29-4916-badf-0fb7ed682aeb: failed to setup: failed to connect to MKHI: 1d10887a051b3991a3314f760163248231628504 [BootGuard Configuration] has not been opened
2026-05-13T15:15:40.428899Z INFO fwupd[3741]: FuContext            battery level now 57
