2026-05-16T17:40:15.541137Z WARNING fwupdtool-activate[24004]: Decompressing…: 0%
2026-05-16T17:40:15.544371Z WARNING fwupdtool-activate[24004]: [31m[1mWARNING[0m: UEFI ESP partition not detected or configured
2026-05-16T17:40:15.544371Z WARNING fwupdtool-activate[24004]: See https://github.com/fwupd/fwupd/wiki/PluginFlag:esp-not-found for more information.
2026-05-16T17:40:15.546183Z WARNING fwupdtool-activate[24004]: No firmware to activate
2026-05-16T17:40:18.740307Z WARNING fwupdtool-activate[24766]: Decompressing…: 0%
2026-05-16T17:40:18.750168Z WARNING fwupdtool-activate[24766]: [31m[1mWARNING[0m: UEFI ESP partition not detected or configured
2026-05-16T17:40:18.750168Z WARNING fwupdtool-activate[24766]: See https://github.com/fwupd/fwupd/wiki/PluginFlag:esp-not-found for more information.
2026-05-16T17:40:18.755848Z WARNING fwupdtool-activate[24766]: No firmware to activate
2026-05-16T17:40:19.238237Z INFO fwupd[3857]: FuMain               Received SIGTERM
2026-05-18T17:59:52.964371Z INFO fwupd[3766]: FuDebug              verbose to info (on console 0)
2026-05-18T17:59:52.970653Z INFO fwupd[3766]: FuRemoteList         loading remote from /etc/fwupd/remotes.d/fwupd-peripherals.conf
2026-05-18T17:59:52.988600Z INFO fwupd[3766]: FuRemoteList         loading remote from /etc/fwupd/remotes.d/lvfs-testing.conf
2026-05-18T17:59:52.998434Z INFO fwupd[3766]: FuRemoteList         loading remote from /etc/fwupd/remotes.d/lvfs.conf
2026-05-18T17:59:52.998684Z INFO fwupd[3766]: FuRemoteList         auto-fixing remote lvfs MetadataURI from https://storage.googleapis.com/chromeos-localmirror/lvfs/firmware.xml.xz to https://storage.googleapis.com/chromeos-localmirror/lvfs/firmware.xml.zst
2026-05-18T17:59:53.004675Z INFO fwupd[3766]: FuRemoteList         loading remote from /etc/fwupd/remotes.d/vendor-directory.conf
2026-05-18T17:59:53.005331Z INFO fwupd[3766]: FuRemoteList         enabled remotes: fwupd-peripherals[1000], vendor-directory[1000], lvfs[0]
2026-05-18T17:59:53.028817Z INFO fwupd[3766]: FuEngine             client certificate now exists: nothing to do
2026-05-18T17:59:53.076262Z INFO fwupd[3766]: FuQuirks             loading quirks from /usr/share/fwupd/quirks.d
2026-05-18T17:59:53.077842Z INFO fwupd[3766]: FuQuirks             loading quirks from /var/lib/fwupd/quirks.d
2026-05-18T17:59:53.108643Z INFO fwupd[3766]: FuContext            failed to load smbios: Failed to open file "/sys/firmware/dmi/tables/smbios_entry_point": Permission denied
2026-05-18T17:59:53.108643Z INFO fwupd[3766]: FuContext            failed to load fdt: cannot find /sys/firmware/fdt or override /var/lib/fwupd/system.dtb
2026-05-18T17:59:53.152140Z INFO fwupd[3766]: FuContext            Failed to get block devices: failed to call org.freedesktop.UDisks2.Manager.GetBlockDevices(): The name org.freedesktop.UDisks2 was not provided by any .service files
2026-05-18T17:59:53.152140Z INFO fwupd[3766]: FuContext            added udev subsystem watch of firmware-attributes
2026-05-18T17:59:53.153337Z INFO fwupd[3766]: FuEngine             loading metadata for remote 'vendor-directory'
2026-05-18T17:59:53.155903Z INFO fwupd[3766]: FuEngine             using /usr/share/fwupd/remotes.d/vendor/firmware/20250822_CHICONY_LENOVO_CKFO518_RTS5862_GC05A2_V9808.0011.cab as metadata source
2026-05-18T17:59:53.156673Z INFO fwupd[3766]: FuEngine             using /usr/share/fwupd/remotes.d/vendor/firmware/20250505_Shinetech_ASUS_DK235C-1C_RTS5859_GC2607_v0008.5051.cab as metadata source
2026-05-18T17:59:53.158899Z INFO fwupd[3766]: FuEngine             using /usr/share/fwupd/remotes.d/vendor/firmware/BBF503N3B_V0018_20250409.cab as metadata source
2026-05-18T17:59:53.163303Z INFO fwupd[3766]: FuEngine             using /usr/share/fwupd/remotes.d/vendor/firmware/YHVA-5_V0038.cab as metadata source
2026-05-18T17:59:53.163847Z INFO fwupd[3766]: FuEngine             ignoring: /usr/share/fwupd/remotes.d/vendor/firmware/README.md
2026-05-18T17:59:53.163847Z INFO fwupd[3766]: FuEngine             using /usr/share/fwupd/remotes.d/vendor/firmware/20250823_BNN755UBP_RTS5862FL_SC521PC_v2510.cab as metadata source
2026-05-18T17:59:53.164858Z INFO fwupd[3766]: FuEngine             using /usr/share/fwupd/remotes.d/vendor/firmware/b98f12abc69cae57e65f2f436cb31a4562766fbbc1539aef563feec42756809b-FW0_v1112_CAP.cab as metadata source
2026-05-18T17:59:53.165633Z INFO fwupd[3766]: FuEngine             using /usr/share/fwupd/remotes.d/vendor/firmware/C7FMF11-3_v0015.cab as metadata source
2026-05-18T17:59:53.167288Z INFO fwupd[3766]: FuEngine             using /usr/share/fwupd/remotes.d/vendor/firmware/9cfa3af86e5e72df127fecd43c6255ee7bf3b3516a26c94bad0e3a21038baefd-firmware_v0004_1.cab as metadata source
2026-05-18T17:59:53.167862Z INFO fwupd[3766]: FuEngine             using /usr/share/fwupd/remotes.d/vendor/firmware/2SF202N3B_v0005.cab as metadata source
2026-05-18T17:59:53.168441Z INFO fwupd[3766]: FuEngine             using /usr/share/fwupd/remotes.d/vendor/firmware/303bef0da8ff6acd8590bfcebdbdbc8e13bfebd63ca81df5bb6796b8b68c45d5-20230724_YHVA-3_RTS5856_OV2740_Chrome_acerR1-15_cache.cab as metadata source
2026-05-18T17:59:53.169487Z INFO fwupd[3766]: FuEngine             using /usr/share/fwupd/remotes.d/vendor/firmware/YHVN-5_v0010.cab as metadata source
2026-05-18T17:59:53.173233Z INFO fwupd[3766]: FuEngine             using /usr/share/fwupd/remotes.d/vendor/firmware/unsigned_SOLVIT_V6_TLC_256Gb_UFS31_GEN1_128GB_P21_FW01_e52a9b8_241106_13h23m.cab as metadata source
2026-05-18T17:59:53.174280Z INFO fwupd[3766]: FuEngine             using /usr/share/fwupd/remotes.d/vendor/firmware/YHVA-3_V0038.cab as metadata source
2026-05-18T17:59:53.175687Z INFO fwupd[3766]: FuEngine             using /usr/share/fwupd/remotes.d/vendor/firmware/C7FOF10-1_V0011_20250225.cab as metadata source
2026-05-18T17:59:53.179335Z INFO fwupd[3766]: FuEngine             using /usr/share/fwupd/remotes.d/vendor/firmware/HAA-N1H8D3-00Z_V0021_20250409.cab as metadata source
2026-05-18T17:59:53.191381Z INFO fwupd[3766]: FuEngine             ignoring: Error opening directory "/var/lib/fwupd/local.d": No such file or directory
2026-05-18T17:59:53.195227Z INFO fwupd[3766]: FuEngine             loading local metadata: /usr/share/fwupd/local.d/fwupd-camera-bkc.xml
2026-05-18T17:59:53.199266Z INFO fwupd[3766]: FuEngine             loading local metadata: /usr/share/fwupd/local.d/fwupd-camera-nissa-bkc.xml
2026-05-18T17:59:53.203261Z INFO fwupd[3766]: FuEngine             loading local metadata: /usr/share/fwupd/local.d/fwupd-storage-bkc.xml
2026-05-18T17:59:53.206290Z INFO fwupd[3766]: FuEngine             loading local metadata: /usr/share/fwupd/local.d/mmc-firmware-bkc.xml
2026-05-18T17:59:53.075403Z INFO fwupd[3766]: FuEngine             4008 components now in silo
2026-05-18T17:59:53.218216Z INFO fwupd[3766]: FuContext            added udev subsystem watch of usb
2026-05-18T17:59:53.218252Z INFO fwupd[3766]: FuContext            added udev subsystem watch of block
2026-05-18T17:59:53.218252Z INFO fwupd[3766]: FuContext            added udev subsystem watch of block:disk for plugin algoltek_usbcr
2026-05-18T17:59:53.218281Z INFO fwupd[3766]: FuContext            added udev subsystem watch of i2c
2026-05-18T17:59:53.218294Z INFO fwupd[3766]: FuContext            added udev subsystem watch of platform
2026-05-18T17:59:53.218421Z INFO fwupd[3766]: FuContext            added udev subsystem watch of block:partition for plugin android_boot
2026-05-18T17:59:53.218421Z INFO fwupd[3766]: FuContext            added udev subsystem watch of hidraw
2026-05-18T17:59:53.218441Z INFO fwupd[3766]: FuContext            added udev subsystem watch of pci
2026-05-18T17:59:53.218508Z INFO fwupd[3766]: FuContext            added udev subsystem watch of drm
2026-05-18T17:59:53.218784Z INFO fwupd[3766]: FuContext            added udev subsystem watch of drm_dp_aux_dev for plugin bnr_dp
2026-05-18T17:59:53.219084Z INFO fwupd[3766]: FuContext            added udev subsystem watch of i2c-dev
2026-05-18T17:59:53.219415Z INFO fwupd[3766]: FuContext            added udev subsystem watch of mei
2026-05-18T17:59:53.220995Z INFO fwupd[3766]: FuContext            added udev subsystem watch of mtd for plugin mtd
2026-05-18T17:59:53.221030Z INFO fwupd[3766]: FuContext            added udev subsystem watch of nvme for plugin nvme
2026-05-18T17:59:53.221140Z INFO fwupd[3766]: FuContext            added udev subsystem watch of wwan
2026-05-18T17:59:53.236069Z INFO fwupd[3766]: FuContext            added udev subsystem watch of serio
2026-05-18T17:59:53.236177Z INFO fwupd[3766]: FuContext            added udev subsystem watch of thunderbolt
2026-05-18T17:59:53.258583Z INFO fwupd[3766]: FuPluginUefiDbx      cannot find default ESP: failed to call org.freedesktop.UDisks2.Manager.GetBlockDevices(): The name org.freedesktop.UDisks2 was not provided by any .service files
2026-05-18T17:59:53.258936Z INFO fwupd[3766]: FuEngine             plugins disabled: uefi_capsule, fastboot, logitech_scribe, logitech_tap, test, test_ble, uefi_pk
2026-05-18T17:59:53.262035Z INFO fwupd[3766]: FuContext            battery threshold now 10
2026-05-18T17:59:53.262590Z INFO fwupd[3766]: FuEngine             disabling plugin because: failed to startup using amd_kria: only for aarch64
2026-05-18T17:59:53.262614Z INFO fwupd[3766]: FuEngine             disabling plugin because: failed to startup using bios: system uses coreboot
2026-05-18T17:59:53.262614Z INFO fwupd[3766]: FuEngine             disabling plugin because: failed to startup using dell: firmware updating not supported: no structures with type de
2026-05-18T17:59:53.262668Z INFO fwupd[3766]: FuEngine             disabling plugin because: failed to startup using lenovo_thinklmi: unsupported manufacturer
2026-05-18T17:59:53.277465Z INFO fwupd[3766]: FuContext            battery level now 48
2026-05-18T17:59:53.277465Z INFO fwupd[3766]: FuContext            power state now battery
2026-05-18T17:59:53.277608Z INFO fwupd[3766]: FuEngine             disabling plugin because: failed to startup using redfish: no username and password specified, and no vendor quirk for 'ipmi-create-user'
2026-05-18T17:59:53.277608Z INFO fwupd[3766]: FuEngine             disabling plugin because: failed to startup using snap: not run as a snap and no snap FDE
2026-05-18T17:59:53.277608Z INFO fwupd[3766]: FuEngine             disabling plugin because: failed to startup using uefi_mok: /sys/firmware/efi/mok-variables/HSIStatus does not exist
2026-05-18T17:59:53.277634Z INFO fwupd[3766]: FuEngine             disabling plugin because: failed to startup using uefi_recovery: kernel efivars support missing: /sys/firmware/efi/efivars
2026-05-18T17:59:53.277664Z INFO fwupd[3766]: FuEngine             disabling plugin because: failed to startup using uefi_sbat: SecureBoot is not available
2026-05-18T17:59:53.285918Z INFO fwupd[3766]: FuEngine             disabling plugin because: failed to startup using upower: no owner for org.freedesktop.UPower
2026-05-18T17:59:53.286424Z INFO fwupd[3766]: FuEngine             disabling plugin because: failed to coldplug using acpi_phat: Failed to open file "/sys/firmware/acpi/tables/PHAT": No such file or directory
2026-05-18T17:59:53.286662Z INFO fwupd[3766]: FuEngine             disabling plugin because: failed to coldplug using vbe: cannot find /sys/firmware/fdt or override /var/lib/fwupd/system.dtb
2026-05-18T17:59:53.286662Z INFO fwupd[3766]: FuEngine             using plugins: algoltek_usb, algoltek_usbcr, amd_pmc, analogix, android_boot, asus_hid, ata, aver_hid, bcm57xx, bnr_dp, ccgx, ccgx_dmc, cfu, corsair, cros_ec, dell_dock, dell_kestrel, dfu, ebitdo, egis_moc, elan_kbd, elanfp, elantp, emmc, ep963x, focalfp, fpc, framework_qmk, fresco_pd, genesys, genesys_gl32xx, goodix_moc, goodixtp, hpi_cfu, huddly_usb, hughski_colorhug, igsc, ilitek_its, intel_amt, intel_cvs, intel_mchi, intel_mkhi, intel_usb4, jabra, jabra_file, jabra_gnp, kinetic_dp, legion_hid, legion_hid2, linux_display, logitech_hidpp, logitech_rallysystem, mediatek_scaler, mtd, nordic_hid, nvme, parade_lspcon, parade_usbhub, pixart_rf, powerd, qc_firehose, qc_s5gen2, qsi_dock, realtek_mst, rp_pico, rts54hub, scsi, steelseries, synaptics_cape, synaptics_cxaudio, synaptics_mst, synaptics_prometheus, synaptics_rmi, synaptics_vmm9, system76_launch, telink_dfu, thelio_io, ti_tps6598x, uefi_db, uefi_dbx, uefi_esrt, uefi_kek, uf2, usi_dock, vli, wacom_raw, wacom_usb, wch_ch341a, wch_ch347, wistron_dock, thunderbolt
2026-05-18T17:59:53.796233Z INFO fwupd[3766]: FuDeviceList         ::added 10feb8f8641be9b4f44d52078baa6338209a53ef [N116BCA-EA1]
2026-05-18T17:59:53.798990Z INFO fwupd[3766]: FuPluginDfu          DFU v1.1
2026-05-18T17:59:53.823291Z INFO fwupd[3766]: FuDeviceList         ::added 71d1c58c2a49c133825341887ed230da06146708 [ACER HD User Facing]
2026-05-18T17:59:53.866162Z INFO fwupd[3766]: FuEngine             failed to add device /sys/devices/pci0000:00/0000:00:16.0/mei/mei0: failed to subclass open: failed to open /dev/mei0: Permission denied
2026-05-18T17:59:53.882932Z INFO fwupd[3766]: FuEngine             failed to add device /sys/devices/pci0000:00/0000:00:16.0/mei/mei0: failed to subclass open: failed to open /dev/mei0: Permission denied
2026-05-18T17:59:53.906836Z INFO fwupd[3766]: FuDeviceList         ::added ed4bece7e5c86fef111edaf6c005e528af3b6c92 [DV4032]
2026-05-18T17:59:53.912037Z INFO fwupd[3766]: FuPluginScsi         found ufshci controller at /sys/devices/pci0000:00/0000:00:1a.0
2026-05-18T17:59:53.953858Z INFO fwupd[3766]: FuPluginScsi         found ufshci controller at /sys/devices/pci0000:00/0000:00:1a.0
2026-05-18T17:59:54.004384Z INFO fwupd[3766]: FuPluginScsi         found ufshci controller at /sys/devices/pci0000:00/0000:00:1a.0
2026-05-18T17:59:54.257043Z INFO fwupd[3766]: FuContext            display-state now connected
2026-05-18T17:59:54.257961Z INFO fwupd[3766]: FuEngine             resetting update motd timeout
2026-05-18T17:59:54.261352Z INFO fwupd[3766]: FuMain               fwupd 2.0.19 ready for requests (locale en_US.UTF-8)
2026-05-18T18:00:28.086629Z INFO fwupd[3766]: FuEngine             timestamp increased, so no rollback
2026-05-18T18:00:28.162716Z INFO fwupd[3766]: FuEngine             loading metadata for remote 'vendor-directory'
2026-05-18T18:00:28.162716Z INFO fwupd[3766]: FuEngine             using /usr/share/fwupd/remotes.d/vendor/firmware/20250822_CHICONY_LENOVO_CKFO518_RTS5862_GC05A2_V9808.0011.cab as metadata source
2026-05-18T18:00:28.162716Z INFO fwupd[3766]: FuEngine             using /usr/share/fwupd/remotes.d/vendor/firmware/20250505_Shinetech_ASUS_DK235C-1C_RTS5859_GC2607_v0008.5051.cab as metadata source
2026-05-18T18:00:28.162716Z INFO fwupd[3766]: FuEngine             using /usr/share/fwupd/remotes.d/vendor/firmware/BBF503N3B_V0018_20250409.cab as metadata source
2026-05-18T18:00:28.162716Z INFO fwupd[3766]: FuEngine             using /usr/share/fwupd/remotes.d/vendor/firmware/YHVA-5_V0038.cab as metadata source
2026-05-18T18:00:28.162716Z INFO fwupd[3766]: FuEngine             ignoring: /usr/share/fwupd/remotes.d/vendor/firmware/README.md
2026-05-18T18:00:28.162716Z INFO fwupd[3766]: FuEngine             using /usr/share/fwupd/remotes.d/vendor/firmware/20250823_BNN755UBP_RTS5862FL_SC521PC_v2510.cab as metadata source
2026-05-18T18:00:28.162716Z INFO fwupd[3766]: FuEngine             using /usr/share/fwupd/remotes.d/vendor/firmware/b98f12abc69cae57e65f2f436cb31a4562766fbbc1539aef563feec42756809b-FW0_v1112_CAP.cab as metadata source
2026-05-18T18:00:28.162716Z INFO fwupd[3766]: FuEngine             using /usr/share/fwupd/remotes.d/vendor/firmware/C7FMF11-3_v0015.cab as metadata source
2026-05-18T18:00:28.162716Z INFO fwupd[3766]: FuEngine             using /usr/share/fwupd/remotes.d/vendor/firmware/9cfa3af86e5e72df127fecd43c6255ee7bf3b3516a26c94bad0e3a21038baefd-firmware_v0004_1.cab as metadata source
2026-05-18T18:00:28.162716Z INFO fwupd[3766]: FuEngine             using /usr/share/fwupd/remotes.d/vendor/firmware/2SF202N3B_v0005.cab as metadata source
2026-05-18T18:00:28.162716Z INFO fwupd[3766]: FuEngine             using /usr/share/fwupd/remotes.d/vendor/firmware/303bef0da8ff6acd8590bfcebdbdbc8e13bfebd63ca81df5bb6796b8b68c45d5-20230724_YHVA-3_RTS5856_OV2740_Chrome_acerR1-15_cache.cab as metadata source
2026-05-18T18:00:28.162716Z INFO fwupd[3766]: FuEngine             using /usr/share/fwupd/remotes.d/vendor/firmware/YHVN-5_v0010.cab as metadata source
2026-05-18T18:00:28.162716Z INFO fwupd[3766]: FuEngine             using /usr/share/fwupd/remotes.d/vendor/firmware/unsigned_SOLVIT_V6_TLC_256Gb_UFS31_GEN1_128GB_P21_FW01_e52a9b8_241106_13h23m.cab as metadata source
2026-05-18T18:00:28.162716Z INFO fwupd[3766]: FuEngine             using /usr/share/fwupd/remotes.d/vendor/firmware/YHVA-3_V0038.cab as metadata source
2026-05-18T18:00:28.162716Z INFO fwupd[3766]: FuEngine             using /usr/share/fwupd/remotes.d/vendor/firmware/C7FOF10-1_V0011_20250225.cab as metadata source
2026-05-18T18:00:28.162716Z INFO fwupd[3766]: FuEngine             using /usr/share/fwupd/remotes.d/vendor/firmware/HAA-N1H8D3-00Z_V0021_20250409.cab as metadata source
2026-05-18T18:00:28.162716Z INFO fwupd[3766]: FuEngine             ignoring: Error opening directory "/var/lib/fwupd/local.d": No such file or directory
2026-05-18T18:00:28.162716Z INFO fwupd[3766]: FuEngine             loading local metadata: /usr/share/fwupd/local.d/fwupd-camera-bkc.xml
2026-05-18T18:00:28.162716Z INFO fwupd[3766]: FuEngine             loading local metadata: /usr/share/fwupd/local.d/fwupd-camera-nissa-bkc.xml
2026-05-18T18:00:28.162716Z INFO fwupd[3766]: FuEngine             loading local metadata: /usr/share/fwupd/local.d/fwupd-storage-bkc.xml
2026-05-18T18:00:28.162716Z INFO fwupd[3766]: FuEngine             loading local metadata: /usr/share/fwupd/local.d/mmc-firmware-bkc.xml
2026-05-18T18:00:28.171645Z INFO fwupd[3766]: FuCabinet            failed to verify FW.metainfo.xml: no JcatItem
2026-05-18T18:00:28.171757Z INFO fwupd[3766]: FuCabinet            processing file: FW.metainfo.xml
2026-05-18T18:00:28.172209Z INFO fwupd[3766]: FuCabinet            processing release: 98.08
2026-05-18T18:00:28.183991Z INFO fwupd[3766]: FuCabinet            failed to verify FW.metainfo.xml: no JcatItem
2026-05-18T18:00:28.183991Z INFO fwupd[3766]: FuCabinet            processing file: FW.metainfo.xml
2026-05-18T18:00:28.183991Z INFO fwupd[3766]: FuCabinet            processing release: 00.08
2026-05-18T18:00:28.188689Z INFO fwupd[3766]: FuCabinet            failed to verify USB camera updater.metainfo.xml: no JcatItem
2026-05-18T18:00:28.188689Z INFO fwupd[3766]: FuCabinet            processing file: USB camera updater.metainfo.xml
2026-05-18T18:00:28.188689Z INFO fwupd[3766]: FuCabinet            processing release: 00.18
2026-05-18T18:00:28.192369Z INFO fwupd[3766]: FuCabinet            failed to verify FW.metainfo.xml: no JcatItem
2026-05-18T18:00:28.192472Z INFO fwupd[3766]: FuCabinet            processing file: FW.metainfo.xml
2026-05-18T18:00:28.192722Z INFO fwupd[3766]: FuCabinet            processing release: 0.38
2026-05-18T18:00:28.197043Z INFO fwupd[3766]: FuCabinet            failed to verify FW.metainfo.xml: no JcatItem
2026-05-18T18:00:28.197139Z INFO fwupd[3766]: FuCabinet            processing file: FW.metainfo.xml
2026-05-18T18:00:28.197372Z INFO fwupd[3766]: FuCabinet            processing release: 25.10
2026-05-18T18:00:28.201366Z INFO fwupd[3766]: FuCabinet            verified metadata FW.metainfo.xml: 2
2026-05-18T18:00:28.201458Z INFO fwupd[3766]: FuCabinet            processing file: FW.metainfo.xml
2026-05-18T18:00:28.201716Z INFO fwupd[3766]: FuCabinet            processing release: 11.12
2026-05-18T18:00:28.203850Z INFO fwupd[3766]: FuCabinet            verified payload FW0_v1112_CAP.bin: 2
2026-05-18T18:00:28.207978Z INFO fwupd[3766]: FuCabinet            failed to verify FW.metainfo.xml: no JcatItem
2026-05-18T18:00:28.207978Z INFO fwupd[3766]: FuCabinet            processing file: FW.metainfo.xml
2026-05-18T18:00:28.207978Z INFO fwupd[3766]: FuCabinet            processing release: 0.15
2026-05-18T18:00:28.214176Z INFO fwupd[3766]: FuCabinet            verified metadata FW.metainfo.xml: 2
2026-05-18T18:00:28.214263Z INFO fwupd[3766]: FuCabinet            processing file: FW.metainfo.xml
2026-05-18T18:00:28.214515Z INFO fwupd[3766]: FuCabinet            processing release: 0.04
2026-05-18T18:00:28.217567Z INFO fwupd[3766]: FuCabinet            verified payload FW0_v0004_CAP.bin: 2
2026-05-18T18:00:28.219236Z INFO fwupd[3766]: FuCabinet            failed to verify USB camera updater.metainfo.xml: no JcatItem
2026-05-18T18:00:28.219300Z INFO fwupd[3766]: FuCabinet            processing file: USB camera updater.metainfo.xml
2026-05-18T18:00:28.219521Z INFO fwupd[3766]: FuCabinet            processing release: 0.5
2026-05-18T18:00:28.225234Z INFO fwupd[3766]: FuCabinet            verified metadata FW.metainfo.xml: 2
2026-05-18T18:00:28.225234Z INFO fwupd[3766]: FuCabinet            processing file: FW.metainfo.xml
2026-05-18T18:00:28.225234Z INFO fwupd[3766]: FuCabinet            processing release: 0.15
2026-05-18T18:00:28.227522Z INFO fwupd[3766]: FuCabinet            verified payload 20230724_YHVA-3_RTS5856_OV2740_Chrome_acerR1-15_cache.dfu: 2
2026-05-18T18:00:28.230690Z INFO fwupd[3766]: FuCabinet            failed to verify FW.metainfo.xml: no JcatItem
2026-05-18T18:00:28.230690Z INFO fwupd[3766]: FuCabinet            processing file: FW.metainfo.xml
2026-05-18T18:00:28.230939Z INFO fwupd[3766]: FuCabinet            processing release: 0.10
2026-05-18T18:00:28.266866Z INFO fwupd[3766]: FuCabinet            failed to verify firmware.metainfo.xml: no JcatItem
2026-05-18T18:00:28.266866Z INFO fwupd[3766]: FuCabinet            processing file: firmware.metainfo.xml
2026-05-18T18:00:28.267191Z INFO fwupd[3766]: FuCabinet            processing release: 2101
2026-05-18T18:00:28.296194Z INFO fwupd[3766]: FuCabinet            failed to verify FW.metainfo.xml: no JcatItem
2026-05-18T18:00:28.296194Z INFO fwupd[3766]: FuCabinet            processing file: FW.metainfo.xml
2026-05-18T18:00:28.296449Z INFO fwupd[3766]: FuCabinet            processing release: 0.38
2026-05-18T18:00:28.301213Z INFO fwupd[3766]: FuCabinet            failed to verify USB camera updater.metainfo.xml: no JcatItem
2026-05-18T18:00:28.301213Z INFO fwupd[3766]: FuCabinet            processing file: USB camera updater.metainfo.xml
2026-05-18T18:00:28.301538Z INFO fwupd[3766]: FuCabinet            processing release: 0.11
2026-05-18T18:00:28.307233Z INFO fwupd[3766]: FuCabinet            failed to verify USB camera updater.metainfo.xml: no JcatItem
2026-05-18T18:00:28.307233Z INFO fwupd[3766]: FuCabinet            processing file: USB camera updater.metainfo.xml
2026-05-18T18:00:28.307539Z INFO fwupd[3766]: FuCabinet            processing release: 00.21
2026-05-18T18:00:29.403697Z INFO fwupd[3766]: FuEngine             4008 components now in silo
2026-05-18T18:00:29.413100Z INFO fwupd[3766]: FuEngine             resetting update motd timeout
2026-05-18T18:00:29.413521Z INFO fwupd[3766]: FuRemoteList         /var/lib/fwupd/metadata/lvfs/firmware.xml.zst.99FHP3 changed, reloading all remotes
2026-05-18T18:00:29.413981Z INFO fwupd[3766]: FuRemoteList         loading remote from /etc/fwupd/remotes.d/fwupd-peripherals.conf
2026-05-18T18:00:29.414145Z INFO fwupd[3766]: FuRemoteList         loading remote from /etc/fwupd/remotes.d/lvfs-testing.conf
2026-05-18T18:00:29.414322Z INFO fwupd[3766]: FuRemoteList         loading remote from /etc/fwupd/remotes.d/lvfs.conf
2026-05-18T18:00:29.414392Z INFO fwupd[3766]: FuRemoteList         auto-fixing remote lvfs MetadataURI from https://storage.googleapis.com/chromeos-localmirror/lvfs/firmware.xml.xz to https://storage.googleapis.com/chromeos-localmirror/lvfs/firmware.xml.zst
2026-05-18T18:00:29.414697Z INFO fwupd[3766]: FuRemoteList         loading remote from /etc/fwupd/remotes.d/vendor-directory.conf
2026-05-18T18:00:29.414870Z INFO fwupd[3766]: FuRemoteList         enabled remotes: fwupd-peripherals[1000], vendor-directory[1000], lvfs[0]
2026-05-18T18:00:29.415209Z INFO fwupd[3766]: FuEngine             loading metadata for remote 'vendor-directory'
2026-05-18T18:00:29.415342Z INFO fwupd[3766]: FuEngine             using /usr/share/fwupd/remotes.d/vendor/firmware/20250822_CHICONY_LENOVO_CKFO518_RTS5862_GC05A2_V9808.0011.cab as metadata source
2026-05-18T18:00:29.415422Z INFO fwupd[3766]: FuEngine             using /usr/share/fwupd/remotes.d/vendor/firmware/20250505_Shinetech_ASUS_DK235C-1C_RTS5859_GC2607_v0008.5051.cab as metadata source
2026-05-18T18:00:29.415516Z INFO fwupd[3766]: FuEngine             using /usr/share/fwupd/remotes.d/vendor/firmware/BBF503N3B_V0018_20250409.cab as metadata source
2026-05-18T18:00:29.415586Z INFO fwupd[3766]: FuEngine             using /usr/share/fwupd/remotes.d/vendor/firmware/YHVA-5_V0038.cab as metadata source
2026-05-18T18:00:29.415661Z INFO fwupd[3766]: FuEngine             ignoring: /usr/share/fwupd/remotes.d/vendor/firmware/README.md
2026-05-18T18:00:29.415712Z INFO fwupd[3766]: FuEngine             using /usr/share/fwupd/remotes.d/vendor/firmware/20250823_BNN755UBP_RTS5862FL_SC521PC_v2510.cab as metadata source
2026-05-18T18:00:29.415794Z INFO fwupd[3766]: FuEngine             using /usr/share/fwupd/remotes.d/vendor/firmware/b98f12abc69cae57e65f2f436cb31a4562766fbbc1539aef563feec42756809b-FW0_v1112_CAP.cab as metadata source
2026-05-18T18:00:29.415871Z INFO fwupd[3766]: FuEngine             using /usr/share/fwupd/remotes.d/vendor/firmware/C7FMF11-3_v0015.cab as metadata source
2026-05-18T18:00:29.415949Z INFO fwupd[3766]: FuEngine             using /usr/share/fwupd/remotes.d/vendor/firmware/9cfa3af86e5e72df127fecd43c6255ee7bf3b3516a26c94bad0e3a21038baefd-firmware_v0004_1.cab as metadata source
2026-05-18T18:00:29.416029Z INFO fwupd[3766]: FuEngine             using /usr/share/fwupd/remotes.d/vendor/firmware/2SF202N3B_v0005.cab as metadata source
2026-05-18T18:00:29.416107Z INFO fwupd[3766]: FuEngine             using /usr/share/fwupd/remotes.d/vendor/firmware/303bef0da8ff6acd8590bfcebdbdbc8e13bfebd63ca81df5bb6796b8b68c45d5-20230724_YHVA-3_RTS5856_OV2740_Chrome_acerR1-15_cache.cab as metadata source
2026-05-18T18:00:29.416179Z INFO fwupd[3766]: FuEngine             using /usr/share/fwupd/remotes.d/vendor/firmware/YHVN-5_v0010.cab as metadata source
2026-05-18T18:00:29.416245Z INFO fwupd[3766]: FuEngine             using /usr/share/fwupd/remotes.d/vendor/firmware/unsigned_SOLVIT_V6_TLC_256Gb_UFS31_GEN1_128GB_P21_FW01_e52a9b8_241106_13h23m.cab as metadata source
2026-05-18T18:00:29.416313Z INFO fwupd[3766]: FuEngine             using /usr/share/fwupd/remotes.d/vendor/firmware/YHVA-3_V0038.cab as metadata source
2026-05-18T18:00:29.416390Z INFO fwupd[3766]: FuEngine             using /usr/share/fwupd/remotes.d/vendor/firmware/C7FOF10-1_V0011_20250225.cab as metadata source
2026-05-18T18:00:29.416458Z INFO fwupd[3766]: FuEngine             using /usr/share/fwupd/remotes.d/vendor/firmware/HAA-N1H8D3-00Z_V0021_20250409.cab as metadata source
2026-05-18T18:00:29.416613Z INFO fwupd[3766]: FuEngine             ignoring: Error opening directory "/var/lib/fwupd/local.d": No such file or directory
2026-05-18T18:00:29.416698Z INFO fwupd[3766]: FuEngine             loading local metadata: /usr/share/fwupd/local.d/fwupd-camera-bkc.xml
2026-05-18T18:00:29.416775Z INFO fwupd[3766]: FuEngine             loading local metadata: /usr/share/fwupd/local.d/fwupd-camera-nissa-bkc.xml
2026-05-18T18:00:29.416844Z INFO fwupd[3766]: FuEngine             loading local metadata: /usr/share/fwupd/local.d/fwupd-storage-bkc.xml
2026-05-18T18:00:29.416912Z INFO fwupd[3766]: FuEngine             loading local metadata: /usr/share/fwupd/local.d/mmc-firmware-bkc.xml
2026-05-18T18:00:29.420147Z INFO fwupd[3766]: FuEngine             4008 components now in silo
2026-05-18T18:00:29.433505Z INFO fwupd[3766]: FuEngine             resetting update motd timeout
2026-05-18T18:02:23.870177Z INFO fwupd[3766]: FuContext            battery level now 47
