[    9602.608] Wake source: 0x00000001
[    9602.611] Which pin: 0x0000000000000003
[    9602.615] Alert[4] = 0x800
[    9663.566] Wake source: 0x00000001
[    9663.569] Which pin: 0x0000000000000003
[    9724.534] Wake source: 0x00000001
[    9724.537] Which pin: 0x0000000000000003
[    9757.936] Wake source: 0x00000001
[    9757.939] Which pin: 0x0000000000000003
[  251443.962] Wake source: 0x00000001
[  251443.965] Which pin: 0x0000000000000003
[  251504.888] Wake source: 0x00000001
[  251504.891] Which pin: 0x0000000000000003
[  251557.070] Wake source: 0x00000001
[  251557.073] Which pin: 0x0000000000000003
[  251557.077] Alert[4] = 0x800
[  251565.874] Wake source: 0x00000001
[  251565.877] Which pin: 0x0000000000000003
[  251626.817] Wake source: 0x00000001
[  251626.820] Which pin: 0x0000000000000003
[  251687.764] Wake source: 0x00000001
[  251687.767] Which pin: 0x0000000000000003
[  251748.718] Wake source: 0x00000001
[  251748.721] Which pin: 0x0000000000000003
[  251748.725] Alert[4] = 0x800
[  251809.683] Wake source: 0x00000001
[  251809.686] Which pin: 0x0000000000000003
[  251864.744] Wake source: 0x00000001
[  251864.747] Which pin: 0x0000000000000003
[  251864.751] Alert[4] = 0x800
[  251870.696] Wake source: 0x00000001
[  251870.699] Which pin: 0x0000000000000003
[  251870.703] Alert[4] = 0x800
[  251931.667] Wake source: 0x00000001
[  251931.670] Which pin: 0x0000000000000003
[  251992.643] Wake source: 0x00000001
[  251992.646] Which pin: 0x0000000000000003
[  252053.617] Wake source: 0x00000001
[  252053.620] Which pin: 0x0000000000000003
[  252114.593] Wake source: 0x00000001
[  252114.596] Which pin: 0x0000000000000003
[  252172.521] Wake source: 0x00000001
[  252172.524] Which pin: 0x0000000000000003
[  252172.528] Alert[4] = 0x800
[  252236.562] Wake source: 0x00000001
[  252236.565] Which pin: 0x0000000000000003
[  252236.569] Alert[4] = 0x800
[  252297.550] Wake source: 0x00000001
[  252297.553] Which pin: 0x0000000000000003
[  252358.536] Wake source: 0x00000001
[  252358.539] Which pin: 0x0000000000000003
[  252358.543] Alert[4] = 0x800
[  252419.528] Wake source: 0x00000001
[  252419.531] Which pin: 0x0000000000000003
[  252480.331] Wake source: 0x00000001
[  252480.334] Which pin: 0x0000000000000003
[  252480.338] Alert[4] = 0x800
[  252541.524] Wake source: 0x00000001
[  252541.527] Which pin: 0x0000000000000003
[  252541.531] Alert[4] = 0x800
[  252602.529] Wake source: 0x00000001
[  252602.532] Which pin: 0x0000000000000003
[  252663.534] Wake source: 0x00000001
[  252663.537] Which pin: 0x0000000000000003
[  252724.536] Wake source: 0x00000001
[  252724.539] Which pin: 0x0000000000000003
[  252785.542] Wake source: 0x00000001
[  252785.545] Which pin: 0x0000000000000003
[  252846.560] Wake source: 0x00000001
[  252846.563] Which pin: 0x0000000000000003
[  252907.568] Wake source: 0x00000001
[  252907.571] Which pin: 0x0000000000000003
[  252968.574] Wake source: 0x00000001
[  252968.577] Which pin: 0x0000000000000003
[  253029.585] Wake source: 0x00000001
[  253029.588] Which pin: 0x0000000000000003
[  253090.598] Wake source: 0x00000001
[  253090.601] Which pin: 0x0000000000000003
[  253096.156] Wake source: 0x00000001
[  253096.159] Which pin: 0x0000000000000003
[  253151.654] Wake source: 0x00000001
[  253151.657] Which pin: 0x0000000000000003
[  253212.671] Wake source: 0x00000001
[  253212.674] Which pin: 0x0000000000000003
[  253273.687] Wake source: 0x00000001
[  253273.690] Which pin: 0x0000000000000003
[  253279.802] Wake source: 0x00000001
[  253279.805] Which pin: 0x0000000000000003
[  253279.809] Alert[4] = 0x800
[  253334.743] Wake source: 0x00000001
[  253334.746] Which pin: 0x0000000000000003
[  253395.756] Wake source: 0x00000001
[  253395.759] Which pin: 0x0000000000000003
[  253395.763] Alert[4] = 0x800
[  253404.165] Wake source: 0x00000001
[  253404.168] Which pin: 0x0000000000000003
[  253404.172] Alert[4] = 0x800
[  253456.810] Wake source: 0x00000001
[  253456.813] Which pin: 0x0000000000000003
[  253517.823] Wake source: 0x00000001
[  253517.826] Which pin: 0x0000000000000003
[  253578.832] Wake source: 0x00000001
[  253578.835] Which pin: 0x0000000000000003
[  253639.841] Wake source: 0x00000001
[  253639.844] Which pin: 0x0000000000000003
[  253639.848] Alert[4] = 0x800
[  253700.854] Wake source: 0x00000001
[  253700.857] Which pin: 0x0000000000000003
[  253712.118] Wake source: 0x00000001
[  253712.121] Which pin: 0x0000000000000003
[  253712.125] Alert[4] = 0x800
[  253761.907] Wake source: 0x00000001
[  253761.911] Which pin: 0x0000000000000003
[  253822.919] Wake source: 0x00000001
[  253822.922] Which pin: 0x0000000000000003
[  253822.926] Alert[4] = 0x800
[  253883.933] Wake source: 0x00000001
[  253883.936] Which pin: 0x0000000000000003
[  253883.940] Alert[4] = 0x800
[  253944.954] Wake source: 0x00000001
[  253944.957] Which pin: 0x0000000000000003
[  254005.977] Wake source: 0x00000001
[  254005.980] Which pin: 0x0000000000000003
[  254005.984] Alert[4] = 0x800
[  254020.106] Wake source: 0x00000001
[  254020.109] Which pin: 0x0000000000000003
[  254020.113] Alert[4] = 0x800
[  254067.044] Wake source: 0x00000001
[  254067.047] Which pin: 0x0000000000000003
[  254128.063] Wake source: 0x00000001
[  254128.066] Which pin: 0x0000000000000003
[  254128.070] Alert[4] = 0x800
[  254189.081] Wake source: 0x00000001
[  254189.084] Which pin: 0x0000000000000003
[  254189.088] Alert[4] = 0x800
[  254250.098] Wake source: 0x00000001
[  254250.101] Which pin: 0x0000000000000003
[  254250.105] Alert[4] = 0x800
[  254311.117] Wake source: 0x00000001
[  254311.120] Which pin: 0x0000000000000003
[  254321.118] Wake source: 0x00000001
[  254321.121] Which pin: 0x0000000000000003
[  259481.520] Wake source: 0x00000001
[  259481.523] Which pin: 0x0000000000000003
[  259525.212] Wake source: 0x00000001
[  259525.215] Which pin: 0x0000000000000003
[  262668.998] Wake source: 0x00000001
[  262669.001] Which pin: 0x0000000000000003
[  263792.842] Wake source: 0x00000001
[  263792.845] Which pin: 0x0000000000000003
[  263792.849] Alert[4] = 0x800
[  264510.518] Wake source: 0x00000001
[  264510.521] Which pin: 0x0000000000000003
[  264510.525] Alert[4] = 0x800
[  264524.100] Wake source: 0x00000001
[  264524.103] Which pin: 0x0000000000000003
[  264524.107] Alert[4] = 0x800
[  266794.038] Wake source: 0x00000001
[  266794.041] Which pin: 0x0000000000000003
[  266831.459] Wake source: 0x00000001
[  266831.462] Which pin: 0x0000000000000003
[  267234.639] Wake source: 0x00000001
[  267234.642] Which pin: 0x0000000000000003
[  267245.704] Wake source: 0x00000001
[  267245.707] Which pin: 0x0000000000000003
[  267256.094] Wake source: 0x00000001
[  267256.097] Which pin: 0x0000000000000003
[  267256.101] Alert[4] = 0x800
[  267284.056] Wake source: 0x00000001
[  267284.059] Which pin: 0x0000000000000003
[  267284.063] Alert[4] = 0x800
[  267295.751] Wake source: 0x00000001
[  267295.754] Which pin: 0x0000000000000003
[  267305.985] Wake source: 0x00000001
[  267305.988] Which pin: 0x0000000000000003
[  267315.640] Wake source: 0x00000001
[  267315.643] Which pin: 0x0000000000000003
[  267356.824] Wake source: 0x00000001
[  267356.827] Which pin: 0x0000000000000003
[  267356.831] Alert[4] = 0x800
[  267417.813] Wake source: 0x00000001
[  267417.816] Which pin: 0x0000000000000003
[  267417.820] Alert[4] = 0x800
[  267478.807] Wake source: 0x00000001
[  267478.810] Which pin: 0x0000000000000003
[  267539.806] Wake source: 0x00000001
[  267539.809] Which pin: 0x0000000000000003
[  267600.807] Wake source: 0x00000001
[  267600.810] Which pin: 0x0000000000000003
[  267623.539] Wake source: 0x00000001
[  267623.542] Which pin: 0x0000000000000003
[  267661.857] Wake source: 0x00000001
[  267661.860] Which pin: 0x0000000000000003
[  267661.864] Alert[4] = 0x800
[  267722.867] Wake source: 0x00000001
[  267722.870] Which pin: 0x0000000000000003
[  267783.878] Wake source: 0x00000001
[  267783.881] Which pin: 0x0000000000000003
[  267844.890] Wake source: 0x00000001
[  267844.893] Which pin: 0x0000000000000003
[  267905.904] Wake source: 0x00000001
[  267905.907] Which pin: 0x0000000000000003
[  267931.497] Wake source: 0x00000001
[  267931.500] Which pin: 0x0000000000000003
[  267931.504] Alert[4] = 0x800
[  267966.962] Wake source: 0x00000001
[  267966.965] Which pin: 0x0000000000000003
[  268027.976] Wake source: 0x00000001
[  268027.979] Which pin: 0x0000000000000003
[  268088.992] Wake source: 0x00000001
[  268088.995] Which pin: 0x0000000000000003
[  268088.999] Alert[4] = 0x800
[  268150.011] Wake source: 0x00000001
[  268150.014] Which pin: 0x0000000000000003
[  268150.018] Alert[4] = 0x800
[  268211.033] Wake source: 0x00000001
[  268211.036] Which pin: 0x0000000000000003
[  268239.492] Wake source: 0x00000001
[  268239.495] Which pin: 0x0000000000000003
[  268272.100] Wake source: 0x00000001
[  268272.103] Which pin: 0x0000000000000003
[  268333.124] Wake source: 0x00000001
[  268333.127] Which pin: 0x0000000000000003
[  268394.149] Wake source: 0x00000001
[  268394.152] Which pin: 0x0000000000000003
[  268455.181] Wake source: 0x00000001
[  268455.184] Which pin: 0x0000000000000003
[  268516.214] Wake source: 0x00000001
[  268516.217] Which pin: 0x0000000000000003
[  268547.531] Wake source: 0x00000001
[  268547.534] Which pin: 0x0000000000000003
[  268547.538] Alert[4] = 0x800
[  268577.292] Wake source: 0x00000001
[  268577.295] Which pin: 0x0000000000000003
[  268638.327] Wake source: 0x00000001
[  268638.330] Which pin: 0x0000000000000003
[  268699.364] Wake source: 0x00000001
[  268699.367] Which pin: 0x0000000000000003
[  268699.371] Alert[4] = 0x800
[  268760.404] Wake source: 0x00000001
[  268760.407] Which pin: 0x0000000000000003
[  268760.411] Alert[4] = 0x800
[  268821.445] Wake source: 0x00000001
[  268821.449] Which pin: 0x0000000000000003
[  268821.453] Alert[4] = 0x800
[  268855.626] Wake source: 0x00000001
[  268855.629] Which pin: 0x0000000000000003
[  268855.633] Alert[4] = 0x800
[  268882.530] Wake source: 0x00000001
[  268882.533] Which pin: 0x0000000000000003
[  268943.572] Wake source: 0x00000001
[  268943.575] Which pin: 0x0000000000000003
[  269004.618] Wake source: 0x00000001
[  269004.621] Which pin: 0x0000000000000003
[  269065.663] Wake source: 0x00000001
[  269065.666] Which pin: 0x0000000000000003
[  269126.696] Wake source: 0x00000001
[  269126.699] Which pin: 0x0000000000000003
[  269163.730] Wake source: 0x00000001
[  269163.733] Which pin: 0x0000000000000003
[  269187.774] Wake source: 0x00000001
[  269187.777] Which pin: 0x0000000000000003
[  269248.812] Wake source: 0x00000001
[  269248.815] Which pin: 0x0000000000000003
[  269309.853] Wake source: 0x00000001
[  269309.856] Which pin: 0x0000000000000003
[  269370.898] Wake source: 0x00000001
[  269370.901] Which pin: 0x0000000000000003
[  269370.905] Alert[4] = 0x800
[  269431.940] Wake source: 0x00000001
[  269431.943] Which pin: 0x0000000000000003
[  269431.947] Alert[4] = 0x800
[  269471.836] Wake source: 0x00000001
[  269471.839] Which pin: 0x0000000000000003
[  269493.024] Wake source: 0x00000001
[  269493.027] Which pin: 0x0000000000000003
[  269493.031] Alert[4] = 0x800
[  271156.954] Wake source: 0x00000001
[  271156.957] Which pin: 0x0000000000000003
[  271175.647] Wake source: 0x00000001
[  271175.650] Which pin: 0x0000000000000003
[  271175.654] Alert[4] = 0x800
[  271236.626] Wake source: 0x00000001
[  271236.629] Which pin: 0x0000000000000003
[  271236.633] Alert[4] = 0x800
[  271297.615] Wake source: 0x00000001
[  271297.618] Which pin: 0x0000000000000003
[  271358.608] Wake source: 0x00000001
[  271358.611] Which pin: 0x0000000000000003
[  271401.331] Wake source: 0x00000001
[  271401.334] Which pin: 0x0000000000000003
[  271401.338] Alert[4] = 0x800
[  271419.654] Wake source: 0x00000001
[  271419.657] Which pin: 0x0000000000000003
[  271419.661] Alert[4] = 0x800
[  271424.658] Wake source: 0x00000000
[  271480.707] Wake source: 0x00000001
[  271480.710] Which pin: 0x0000000000000003
[  271541.720] Wake source: 0x00000001
[  271541.723] Which pin: 0x0000000000000003
[  271551.425] Wake source: 0x00000001
[  271551.428] Which pin: 0x0000000000000003
[  271551.432] Alert[4] = 0x800
[  272725.004] Wake source: 0x00000001
[  272725.007] Which pin: 0x0000000000000003
[  272785.978] Wake source: 0x00000001
[  272785.982] Which pin: 0x0000000000000003
[  272831.568] Wake source: 0x00000001
[  272831.571] Which pin: 0x0000000000000003
[  272847.020] Wake source: 0x00000001
[  272847.023] Which pin: 0x0000000000000003
[  272908.037] Wake source: 0x00000001
[  272908.040] Which pin: 0x0000000000000003
[  272969.063] Wake source: 0x00000001
[  272969.066] Which pin: 0x0000000000000003
[  272969.070] Alert[4] = 0x800
[  273030.105] Wake source: 0x00000001
[  273030.108] Which pin: 0x0000000000000003
[  273091.157] Wake source: 0x00000001
[  273091.160] Which pin: 0x0000000000000003
[  273139.652] Wake source: 0x00000001
[  273139.655] Which pin: 0x0000000000000003
[  273152.257] Wake source: 0x00000001
[  273152.260] Which pin: 0x0000000000000003
[  273213.325] Wake source: 0x00000001
[  273213.328] Which pin: 0x0000000000000003
[  273213.332] Alert[4] = 0x800
[  273274.398] Wake source: 0x00000001
[  273274.401] Which pin: 0x0000000000000003
[  273335.476] Wake source: 0x00000001
[  273335.479] Which pin: 0x0000000000000003
[  273396.559] Wake source: 0x00000001
[  273396.562] Which pin: 0x0000000000000003
[  273396.566] Alert[4] = 0x800
[  273447.928] Wake source: 0x00000001
[  273447.931] Which pin: 0x0000000000000003
[  273447.935] Alert[4] = 0x800
[  273457.681] Wake source: 0x00000001
[  273457.684] Which pin: 0x0000000000000003
[  273518.767] Wake source: 0x00000001
[  273518.770] Which pin: 0x0000000000000003
[  273518.774] Alert[4] = 0x800
[  273535.760] Wake source: 0x00000001
[  273535.763] Which pin: 0x0000000000000003
[  334492.427] Wake source: 0x00000001
[  334492.430] Which pin: 0x0000000000000003
[  334502.819] Wake source: 0x00000001
[  334502.822] Which pin: 0x0000000000000003
[  334514.117] Wake source: 0x00000001
[  334514.120] Which pin: 0x0000000000000003
[  334514.124] Alert[4] = 0x800
[  334515.413] Idle erase.
[  334552.697] Wake source: 0x00000001
[  334552.700] Which pin: 0x0000000000000003
[  334575.117] Wake source: 0x00000001
[  334575.120] Which pin: 0x0000000000000003
[  334575.124] Alert[4] = 0x800
[  334636.084] Wake source: 0x00000001
[  334636.087] Which pin: 0x0000000000000003
[  334690.206] Wake source: 0x00000001
[  334690.209] Which pin: 0x0000000000000003
