P true
[       0.493] RBOX: WP true
[       0.495] AP RO verification result: OK (0xfffff000)
[       0.513] Key ladder state: Prod
[       0.517] Console is enabled
[       0.536] RBOX: WP true
[       0.538] RBOX: WP true
[       0.541] FWMP: WP forced enabled
[       0.548] EC_COMM: enabled
[       0.552] EC_COMM: disabled
[       0.952] EC_COMM: enabled
[       0.971] EFS2: boot_mode: TrustedRO -> Verified
[       0.975] EC_COMM: disabled
[       1.044] Servo: debouncing -> disconnected
[       2.113] PLT_RST_L DEASSERTED
[       2.164] Deferring NV write.
[       2.168] PinWeaver init
[       2.418] PCR0 updated
[       2.434] Deferring NV write.
[       2.441] Deferring NV write.
[       2.662] PLT_RST_L ASSERTED
[       6.052] Idle erase.
[       6.981] PLT_RST_L DEASSERTED
[       7.033] Deferring NV write.
[       7.037] PinWeaver init
[       7.286] PCR0 updated
[       7.303] Deferring NV write.
[       7.310] Deferring NV write.
[      11.939] Roll back counter 1
[      11.942] Kernel booted.
[      12.124] RBOX: WP true
[      45.119] Idle erase.
[      77.117] Wake source: 0x00000001
[      77.120] Which pin: 0x0000000000000003
[      77.124] Alert[4] = 0x800
[      92.268] Wake source: 0x00000001
[      92.271] Which pin: 0x0000000000000003
[     112.235] Wake source: 0x00000001
[     112.238] Which pin: 0x0000000000000003
[     165.077] Wake source: 0x00000001
[     165.080] Which pin: 0x0000000000000003
[     226.058] Wake source: 0x00000001
[     226.061] Which pin: 0x0000000000000003
[     226.065] Alert[4] = 0x800
[     287.038] Wake source: 0x00000001
[     287.041] Which pin: 0x0000000000000003
[     287.045] Alert[4] = 0x800
[     324.832] Wake source: 0x00000001
[     324.835] Which pin: 0x0000000000000003
[     348.065] Wake source: 0x00000001
[     348.068] Which pin: 0x0000000000000003
[     409.046] Wake source: 0x00000001
[     409.049] Which pin: 0x0000000000000003
[     409.053] Alert[4] = 0x800
[     470.031] Wake source: 0x00000001
[     470.034] Which pin: 0x0000000000000003
[     531.016] Wake source: 0x00000001
[     531.019] Which pin: 0x0000000000000003
[     592.014] Wake source: 0x00000001
[     592.017] Which pin: 0x0000000000000003
[     632.760] Wake source: 0x00000001
[     632.763] Which pin: 0x0000000000000003
[     653.065] Wake source: 0x00000001
[     653.068] Which pin: 0x0000000000000003
[     714.075] Wake source: 0x00000001
[     714.078] Which pin: 0x0000000000000003
[     714.082] Alert[4] = 0x800
[     775.086] Wake source: 0x00000001
[     775.089] Which pin: 0x0000000000000003
[     836.098] Wake source: 0x00000001
[     836.101] Which pin: 0x0000000000000003
[     836.105] Alert[4] = 0x800
[     897.109] Wake source: 0x00000001
[     897.112] Which pin: 0x0000000000000003
[     897.116] Alert[4] = 0x800
[     940.711] Wake source: 0x00000001
[     940.714] Which pin: 0x0000000000000003
[     940.718] Alert[4] = 0x800
[     958.160] Wake source: 0x00000001
[     958.163] Which pin: 0x0000000000000003
[    1019.165] Wake source: 0x00000001
[    1019.168] Which pin: 0x0000000000000003
[    1019.172] Alert[4] = 0x800
[    1080.172] Wake source: 0x00000001
[    1080.175] Which pin: 0x0000000000000003
[    1141.180] Wake source: 0x00000001
[    1141.183] Which pin: 0x0000000000000003
[    1202.189] Wake source: 0x00000001
[    1202.192] Which pin: 0x0000000000000003
[    1248.651] Wake source: 0x00000001
[    1248.654] Which pin: 0x0000000000000003
[    1263.244] Wake source: 0x00000001
[    1263.247] Which pin: 0x0000000000000003
[    1324.250] Wake source: 0x00000001
[    1324.253] Which pin: 0x0000000000000003
[    1324.257] Alert[4] = 0x800
[    1385.258] Wake source: 0x00000001
[    1385.261] Which pin: 0x0000000000000003
[    1385.265] Alert[4] = 0x800
[    1446.267] Wake source: 0x00000001
[    1446.270] Which pin: 0x0000000000000003
[    1507.274] Wake source: 0x00000001
[    1507.277] Which pin: 0x0000000000000003
[    1556.592] Wake source: 0x00000001
[    1556.595] Which pin: 0x0000000000000003
[    1568.326] Wake source: 0x00000001
[    1568.329] Which pin: 0x0000000000000003
[    1568.333] Alert[4] = 0x800
[    1629.332] Wake source: 0x00000001
[    1629.335] Which pin: 0x0000000000000003
[    1690.337] Wake source: 0x00000001
[    1690.340] Which pin: 0x0000000000000003
[    1751.343] Wake source: 0x00000001
[    1751.346] Which pin: 0x0000000000000003
[    1812.345] Wake source: 0x00000001
[    1812.348] Which pin: 0x0000000000000003
[    1864.517] Wake source: 0x00000001
[    1864.520] Which pin: 0x0000000000000003
[    1864.524] Alert[4] = 0x800
[    1873.395] Wake source: 0x00000001
[    1873.398] Which pin: 0x0000000000000003
[    1873.402] Alert[4] = 0x800
[    1934.404] Wake source: 0x00000001
[    1934.407] Which pin: 0x0000000000000003
[    1995.414] Wake source: 0x00000001
[    1995.417] Which pin: 0x0000000000000003
[    2056.423] Wake source: 0x00000001
[    2056.426] Which pin: 0x0000000000000003
[    2117.428] Wake source: 0x00000001
[    2117.431] Which pin: 0x0000000000000003
[    2117.435] Alert[4] = 0x800
[    2172.455] Wake source: 0x00000001
[    2172.458] Which pin: 0x0000000000000003
[    2172.462] Alert[4] = 0x800
[    2178.477] Wake source: 0x00000001
[    2178.480] Which pin: 0x0000000000000003
[    2239.478] Wake source: 0x00000001
[    2239.481] Which pin: 0x0000000000000003
[    2239.485] Alert[4] = 0x800
[    2300.474] Wake source: 0x00000001
[    2300.477] Which pin: 0x0000000000000003
[    2300.481] Alert[4] = 0x800
[    2361.472] Wake source: 0x00000001
[    2361.475] Which pin: 0x0000000000000003
[    2361.479] Alert[4] = 0x800
[    2422.469] Wake source: 0x00000001
[    2422.472] Which pin: 0x0000000000000003
[    2480.339] Wake source: 0x00000001
[    2480.342] Which pin: 0x0000000000000003
[    2544.473] Wake source: 0x00000001
[    2544.476] Which pin: 0x0000000000000003
[    2599.204] Wake source: 0x00000001
[    2599.207] Which pin: 0x0000000000000003
[    2599.211] Alert[4] = 0x800
[    8181.458] Wake source: 0x00000004
[    8181.461] RBOX: power button pressed
[    8181.827] RBOX: power button released
[    8186.667] Wake source: 0x00000001
[    8186.670] Which pin: 0x0000000000000003
[    8186.674] Alert[4] = 0x800
[    8195.060] Wake source: 0x00000001
[    8195.063] Which pin: 0x0000000000000003
[   20002.237] Wake source: 0x00000001
[   20002.240] Which pin: 0x0000000000000003
[   20002.244] Alert[4] = 0x800
[   20063.183] Wake source: 0x00000001
[   20063.186] Which pin: 0x0000000000000003
[   20063.190] Alert[4] = 0x800
[   20123.869] Wake source: 0x00000001
[   20123.872] Which pin: 0x0000000000000003
[   20185.101] Wake source: 0x00000001
[   20185.104] Which pin: 0x0000000000000003
[   20246.069] Wake source: 0x00000001
[   20246.072] Which pin: 0x0000000000000003
[   20246.076] Alert[4] = 0x800
[   20307.039] Wake source: 0x00000001
[   20307.042] Which pin: 0x0000000000000003
[   20368.011] Wake source: 0x00000001
[   20368.014] Which pin: 0x0000000000000003
[   20368.018] Alert[4] = 0x800
[   20428.987] Wake source: 0x00000001
[   20428.990] Which pin: 0x0000000000000003
[   20428.994] Alert[4] = 0x800
[   20489.973] Wake source: 0x00000001
[   20489.976] Which pin: 0x0000000000000003
[   20550.956] Wake source: 0x00000001
[   20550.959] Which pin: 0x0000000000000003
[   20611.943] Wake source: 0x00000001
[   20611.946] Which pin: 0x0000000000000003
[   20672.934] Wake source: 0x00000001
[   20672.937] Which pin: 0x0000000000000003
[   20733.928] Wake source: 0x00000001
[   20733.931] Which pin: 0x0000000000000003
[   20739.425] Wake source: 0x00000001
[   20739.428] Which pin: 0x0000000000000003
[   20794.973] Wake source: 0x00000001
[   20794.976] Which pin: 0x0000000000000003
[   20794.980] Alert[4] = 0x800
[   20855.981] Wake source: 0x00000001
[   20855.984] Which pin: 0x0000000000000003
[   20916.993] Wake source: 0x00000001
[   20916.996] Which pin: 0x0000000000000003
[   20923.203] Wake source: 0x00000001
[   20923.206] Which pin: 0x0000000000000003
[   20923.210] Alert[4] = 0x800
[   20978.050] Wake source: 0x00000001
[   20978.053] Which pin: 0x0000000000000003
[   21039.066] Wake source: 0x00000001
[   21039.069] Which pin: 0x0000000000000003
[   21047.422] Wake source: 0x00000001
[   21047.425] Which pin: 0x0000000000000003
[   21047.429] Alert[4] = 0x800
[   21100.127] Wake source: 0x00000001
[   21100.130] Which pin: 0x0000000000000003
[   21161.142] Wake source: 0x00000001
[   21161.145] Which pin: 0x0000000000000003
[   21222.156] Wake source: 0x00000001
[   21222.159] Which pin: 0x0000000000000003
[   21222.163] Alert[4] = 0x800
[   21283.173] Wake source: 0x00000001
[   21283.176] Which pin: 0x0000000000000003
[   21344.194] Wake source: 0x00000001
[   21344.197] Which pin: 0x0000000000000003
[   21344.201] Alert[4] = 0x800
[   21355.405] Wake source: 0x00000001
[   21355.408] Which pin: 0x0000000000000003
[   21355.412] Alert[4] = 0x800
[   21405.261] Wake source: 0x00000001
[   21405.264] Which pin: 0x0000000000000003
[   21466.281] Wake source: 0x00000001
[   21466.284] Which pin: 0x0000000000000003
[   21527.301] Wake source: 0x00000001
[   21527.304] Which pin: 0x0000000000000003
[   21588.318] Wake source: 0x00000001
[   21588.321] Which pin: 0x0000000000000003
[   21649.329] Wake source: 0x00000001
[   21649.332] Which pin: 0x0000000000000003
[   21663.396] Wake source: 0x00000001
[   21663.399] Which pin: 0x0000000000000003
[   21710.385] Wake source: 0x00000001
[   21710.388] Which pin: 0x0000000000000003
[   21771.391] Wake source: 0x00000001
[   21771.394] Which pin: 0x0000000000000003
[   21832.395] Wake source: 0x00000001
[   21832.398] Which pin: 0x0000000000000003
[   21832.402] Alert[4] = 0x800
[   21893.393] Wake source: 0x00000001
[   21893.396] Which pin: 0x0000000000000003
[   21954.390] Wake source: 0x00000001
[   21954.393] Which pin: 0x0000000000000003
[   21954.397] Alert[4] = 0x800
[   21971.309] Wake source: 0x00000001
[   21971.312] Which pin: 0x0000000000000003
[   22015.433] Wake source: 0x00000001
[   22015.436] Which pin: 0x0000000000000003
[   22076.428] Wake source: 0x00000001
[   22076.431] Which pin: 0x0000000000000003
[   22137.421] Wake source: 0x00000001
[   22137.424] Which pin: 0x0000000000000003
[   22137.428] Alert[4] = 0x800
[   22198.417] Wake source: 0x00000001
[   22198.420] Which pin: 0x0000000000000003
[   22259.412] Wake source: 0x00000001
[   22259.415] Which pin: 0x0000000000000003
[   22279.184] Wake source: 0x00000001
[   22279.187] Which pin: 0x0000000000000003
[   22320.456] Wake source: 0x00000001
[   22320.459] Which pin: 0x0000000000000003
[   22381.454] Wake source: 0x00000001
[   22381.457] Which pin: 0x0000000000000003
[   22442.452] Wake source: 0x00000001
[   22442.455] Which pin: 0x0000000000000003
[   22503.453] Wake source: 0x00000001
[   22503.456] Which pin: 0x0000000000000003
[   22564.452] Wake source: 0x00000001
[   22564.455] Which pin: 0x0000000000000003
[   22564.459] Alert[4] = 0x800
[   22587.086] Wake source: 0x00000001
[   22587.089] Which pin: 0x0000000000000003
[   22587.093] Alert[4] = 0x800
[   22625.503] Wake source: 0x00000001
[   22625.506] Which pin: 0x0000000000000003
[   22686.516] Wake source: 0x00000001
[   22686.519] Which pin: 0x0000000000000003
[   22747.534] Wake source: 0x00000001
[   22747.537] Which pin: 0x0000000000000003
[   22747.541] Alert[4] = 0x800
[   22808.550] Wake source: 0x00000001
[   22808.553] Which pin: 0x0000000000000003
[   22808.557] Alert[4] = 0x800
[   22869.573] Wake source: 0x00000001
[   22869.576] Which pin: 0x0000000000000003
[   22895.070] Wake source: 0x00000001
[   22895.073] Which pin: 0x0000000000000003
