[   22930.643] Wake source: 0x00000001
[   22930.646] Which pin: 0x0000000000000003
[   22982.861] Wake source: 0x00000001
[   22982.864] Which pin: 0x0000000000000003
[  170775.175] Wake source: 0x00000001
[  170775.178] Which pin: 0x0000000000000003
[  170800.872] Wake source: 0x00000001
[  170800.875] Which pin: 0x0000000000000003
[  170800.879] Alert[4] = 0x800
[  170810.142] Wake source: 0x00000001
[  170810.145] Which pin: 0x0000000000000003
[  170830.877] Wake source: 0x00000001
[  170830.880] Which pin: 0x0000000000000003
[  170836.255] Wake source: 0x00000001
[  170836.258] Which pin: 0x0000000000000003
[  170869.480] Wake source: 0x00000001
[  170869.483] Which pin: 0x0000000000000003
[  170897.255] Wake source: 0x00000001
[  170897.258] Which pin: 0x0000000000000003
[  170958.215] Wake source: 0x00000001
[  170958.218] Which pin: 0x0000000000000003
[  170986.536] Wake source: 0x00000001
[  170986.540] Which pin: 0x0000000000000003
