2026-05-22T02:40:45.292303Z INFO typecd[2579]: INFO typecd: [../../../../../tmp/portage/chromeos-base/typecd-0.0.1-r688/work/typecd-0.0.1/platform2/typecd/peripheral.cc:61] Partner Product VDO: 00000000
2026-05-22T02:40:45.295626Z INFO typecd[2579]: INFO typecd: [../../../../../tmp/portage/chromeos-base/typecd-0.0.1-r688/work/typecd-0.0.1/platform2/typecd/peripheral.cc:66] Partner Cert stat VDO: 00000000
2026-05-22T02:40:45.295700Z INFO typecd[2579]: INFO typecd: [../../../../../tmp/portage/chromeos-base/typecd-0.0.1-r688/work/typecd-0.0.1/platform2/typecd/peripheral.cc:71] Partner Id Header VDO: 00000000
2026-05-22T02:40:45.295758Z INFO typecd[2579]: INFO typecd: [../../../../../tmp/portage/chromeos-base/typecd-0.0.1-r688/work/typecd-0.0.1/platform2/typecd/peripheral.cc:76] Partner Product Type VDO 1: 00000000
2026-05-22T02:40:45.295812Z INFO typecd[2579]: INFO typecd: [../../../../../tmp/portage/chromeos-base/typecd-0.0.1-r688/work/typecd-0.0.1/platform2/typecd/peripheral.cc:82] Partner Product Type VDO 2: 00000000
2026-05-22T02:40:45.295866Z INFO typecd[2579]: INFO typecd: [../../../../../tmp/portage/chromeos-base/typecd-0.0.1-r688/work/typecd-0.0.1/platform2/typecd/peripheral.cc:88] Partner Product Type VDO 3: 00000000
2026-05-22T02:40:45.295988Z INFO typecd[2579]: INFO typecd: [../../../../../tmp/portage/chromeos-base/typecd-0.0.1-r688/work/typecd-0.0.1/platform2/typecd/peripheral.cc:130] Unsupported PD revision: 0.0
2026-05-22T02:40:45.296476Z INFO typecd[2579]: INFO typecd: [../../../../../tmp/portage/chromeos-base/typecd-0.0.1-r688/work/typecd-0.0.1/platform2/typecd/port.cc:87] Partner enumerated for port 0
2026-05-22T02:40:45.296813Z WARNING typecd[2579]: WARNING typecd: [../../../../../tmp/portage/chromeos-base/typecd-0.0.1-r688/work/typecd-0.0.1/platform2/typecd/port_manager.cc:379] Can't enter mode; data role is not DFP on port 0
2026-05-22T02:40:45.309439Z INFO typecd[2579]: INFO typecd: [../../../../../tmp/portage/chromeos-base/typecd-0.0.1-r688/work/typecd-0.0.1/platform2/typecd/peripheral.cc:61] Partner Product VDO: 00000000
2026-05-22T02:40:45.309489Z INFO typecd[2579]: INFO typecd: [../../../../../tmp/portage/chromeos-base/typecd-0.0.1-r688/work/typecd-0.0.1/platform2/typecd/peripheral.cc:66] Partner Cert stat VDO: 00000000
2026-05-22T02:40:45.309527Z INFO typecd[2579]: INFO typecd: [../../../../../tmp/portage/chromeos-base/typecd-0.0.1-r688/work/typecd-0.0.1/platform2/typecd/peripheral.cc:71] Partner Id Header VDO: 00000000
2026-05-22T02:40:45.309563Z INFO typecd[2579]: INFO typecd: [../../../../../tmp/portage/chromeos-base/typecd-0.0.1-r688/work/typecd-0.0.1/platform2/typecd/peripheral.cc:76] Partner Product Type VDO 1: 00000000
2026-05-22T02:40:45.309598Z INFO typecd[2579]: INFO typecd: [../../../../../tmp/portage/chromeos-base/typecd-0.0.1-r688/work/typecd-0.0.1/platform2/typecd/peripheral.cc:82] Partner Product Type VDO 2: 00000000
2026-05-22T02:40:45.309634Z INFO typecd[2579]: INFO typecd: [../../../../../tmp/portage/chromeos-base/typecd-0.0.1-r688/work/typecd-0.0.1/platform2/typecd/peripheral.cc:88] Partner Product Type VDO 3: 00000000
2026-05-22T02:40:45.309715Z INFO typecd[2579]: INFO typecd: [../../../../../tmp/portage/chromeos-base/typecd-0.0.1-r688/work/typecd-0.0.1/platform2/typecd/peripheral.cc:130] Unsupported PD revision: 0.0
2026-05-22T02:40:45.309761Z INFO typecd[2579]: INFO typecd: [../../../../../tmp/portage/chromeos-base/typecd-0.0.1-r688/work/typecd-0.0.1/platform2/typecd/port_manager.cc:385] Can't enter mode; partner discovery not complete for port 0
2026-05-22T02:40:45.623221Z INFO typecd[2579]: INFO typecd: [../../../../../tmp/portage/chromeos-base/typecd-0.0.1-r688/work/typecd-0.0.1/platform2/typecd/peripheral.cc:61] Partner Product VDO: 00000000
2026-05-22T02:40:45.623273Z INFO typecd[2579]: INFO typecd: [../../../../../tmp/portage/chromeos-base/typecd-0.0.1-r688/work/typecd-0.0.1/platform2/typecd/peripheral.cc:66] Partner Cert stat VDO: 00000000
2026-05-22T02:40:45.623346Z INFO typecd[2579]: INFO typecd: [../../../../../tmp/portage/chromeos-base/typecd-0.0.1-r688/work/typecd-0.0.1/platform2/typecd/peripheral.cc:71] Partner Id Header VDO: 01c0311c
2026-05-22T02:40:45.623399Z INFO typecd[2579]: INFO typecd: [../../../../../tmp/portage/chromeos-base/typecd-0.0.1-r688/work/typecd-0.0.1/platform2/typecd/peripheral.cc:76] Partner Product Type VDO 1: 20800000
2026-05-22T02:40:45.623443Z INFO typecd[2579]: INFO typecd: [../../../../../tmp/portage/chromeos-base/typecd-0.0.1-r688/work/typecd-0.0.1/platform2/typecd/peripheral.cc:82] Partner Product Type VDO 2: 00000000
2026-05-22T02:40:45.623498Z INFO typecd[2579]: INFO typecd: [../../../../../tmp/portage/chromeos-base/typecd-0.0.1-r688/work/typecd-0.0.1/platform2/typecd/peripheral.cc:88] Partner Product Type VDO 3: 00000000
2026-05-22T02:40:45.623632Z INFO typecd[2579]: INFO typecd: [../../../../../tmp/portage/chromeos-base/typecd-0.0.1-r688/work/typecd-0.0.1/platform2/typecd/peripheral.cc:134] PD revision: 3.0
2026-05-22T02:40:45.623747Z INFO typecd[2579]: INFO typecd: [../../../../../tmp/portage/chromeos-base/typecd-0.0.1-r688/work/typecd-0.0.1/platform2/typecd/port.cc:418] Trying to check discovery complete for a non-existent cable.
2026-05-22T02:40:45.623759Z INFO typecd[2579]: INFO typecd: [../../../../../tmp/portage/chromeos-base/typecd-0.0.1-r688/work/typecd-0.0.1/platform2/typecd/port_manager.cc:391] Can't enter mode; cable discovery not complete for port 0
2026-05-22T02:40:45.624641Z INFO typecd[2579]: INFO typecd: [../../../../../tmp/portage/chromeos-base/typecd-0.0.1-r688/work/typecd-0.0.1/platform2/typecd/peripheral.cc:61] Partner Product VDO: 00000000
2026-05-22T02:40:45.624689Z INFO typecd[2579]: INFO typecd: [../../../../../tmp/portage/chromeos-base/typecd-0.0.1-r688/work/typecd-0.0.1/platform2/typecd/peripheral.cc:66] Partner Cert stat VDO: 00000000
2026-05-22T02:40:45.624733Z INFO typecd[2579]: INFO typecd: [../../../../../tmp/portage/chromeos-base/typecd-0.0.1-r688/work/typecd-0.0.1/platform2/typecd/peripheral.cc:71] Partner Id Header VDO: 01c0311c
2026-05-22T02:40:45.624774Z INFO typecd[2579]: INFO typecd: [../../../../../tmp/portage/chromeos-base/typecd-0.0.1-r688/work/typecd-0.0.1/platform2/typecd/peripheral.cc:76] Partner Product Type VDO 1: 20800000
2026-05-22T02:40:45.624817Z INFO typecd[2579]: INFO typecd: [../../../../../tmp/portage/chromeos-base/typecd-0.0.1-r688/work/typecd-0.0.1/platform2/typecd/peripheral.cc:82] Partner Product Type VDO 2: 00000000
2026-05-22T02:40:45.624865Z INFO typecd[2579]: INFO typecd: [../../../../../tmp/portage/chromeos-base/typecd-0.0.1-r688/work/typecd-0.0.1/platform2/typecd/peripheral.cc:88] Partner Product Type VDO 3: 00000000
2026-05-22T02:40:45.624925Z INFO typecd[2579]: INFO typecd: [../../../../../tmp/portage/chromeos-base/typecd-0.0.1-r688/work/typecd-0.0.1/platform2/typecd/port.cc:418] Trying to check discovery complete for a non-existent cable.
2026-05-22T02:40:45.624934Z INFO typecd[2579]: INFO typecd: [../../../../../tmp/portage/chromeos-base/typecd-0.0.1-r688/work/typecd-0.0.1/platform2/typecd/port_manager.cc:391] Can't enter mode; cable discovery not complete for port 0
2026-05-22T02:40:45.625983Z INFO typecd[2579]: INFO typecd: [../../../../../tmp/portage/chromeos-base/typecd-0.0.1-r688/work/typecd-0.0.1/platform2/typecd/peripheral.cc:61] Partner Product VDO: 00000000
2026-05-22T02:40:45.626027Z INFO typecd[2579]: INFO typecd: [../../../../../tmp/portage/chromeos-base/typecd-0.0.1-r688/work/typecd-0.0.1/platform2/typecd/peripheral.cc:66] Partner Cert stat VDO: 00000000
2026-05-22T02:40:45.626066Z INFO typecd[2579]: INFO typecd: [../../../../../tmp/portage/chromeos-base/typecd-0.0.1-r688/work/typecd-0.0.1/platform2/typecd/peripheral.cc:71] Partner Id Header VDO: 01c0311c
2026-05-22T02:40:45.626105Z INFO typecd[2579]: INFO typecd: [../../../../../tmp/portage/chromeos-base/typecd-0.0.1-r688/work/typecd-0.0.1/platform2/typecd/peripheral.cc:76] Partner Product Type VDO 1: 20800000
2026-05-22T02:40:45.626141Z INFO typecd[2579]: INFO typecd: [../../../../../tmp/portage/chromeos-base/typecd-0.0.1-r688/work/typecd-0.0.1/platform2/typecd/peripheral.cc:82] Partner Product Type VDO 2: 00000000
2026-05-22T02:40:45.626175Z INFO typecd[2579]: INFO typecd: [../../../../../tmp/portage/chromeos-base/typecd-0.0.1-r688/work/typecd-0.0.1/platform2/typecd/peripheral.cc:88] Partner Product Type VDO 3: 00000000
2026-05-22T02:40:45.626707Z INFO typecd[2579]: INFO typecd: [../../../../../tmp/portage/chromeos-base/typecd-0.0.1-r688/work/typecd-0.0.1/platform2/typecd/power_profile.cc:25] Registered a power profile with path: /sys/devices/pci0000:00/0000:00:1f.0/PNP0C09:00/GOOG0004:00/GOOG0014:00/typec/port0/port0-partner/usb_power_delivery
2026-05-22T02:40:45.626722Z INFO typecd[2579]: INFO typecd: [../../../../../tmp/portage/chromeos-base/typecd-0.0.1-r688/work/typecd-0.0.1/platform2/typecd/port.cc:418] Trying to check discovery complete for a non-existent cable.
2026-05-22T02:40:45.626730Z INFO typecd[2579]: INFO typecd: [../../../../../tmp/portage/chromeos-base/typecd-0.0.1-r688/work/typecd-0.0.1/platform2/typecd/port_manager.cc:391] Can't enter mode; cable discovery not complete for port 0
2026-05-22T02:40:45.636304Z INFO typecd[2579]: INFO typecd: [../../../../../tmp/portage/chromeos-base/typecd-0.0.1-r688/work/typecd-0.0.1/platform2/typecd/peripheral.cc:61] Cable Product VDO: 00000000
2026-05-22T02:40:45.636382Z INFO typecd[2579]: INFO typecd: [../../../../../tmp/portage/chromeos-base/typecd-0.0.1-r688/work/typecd-0.0.1/platform2/typecd/peripheral.cc:66] Cable Cert stat VDO: 00000000
2026-05-22T02:40:45.636440Z INFO typecd[2579]: INFO typecd: [../../../../../tmp/portage/chromeos-base/typecd-0.0.1-r688/work/typecd-0.0.1/platform2/typecd/peripheral.cc:71] Cable Id Header VDO: 00000000
2026-05-22T02:40:45.636499Z INFO typecd[2579]: INFO typecd: [../../../../../tmp/portage/chromeos-base/typecd-0.0.1-r688/work/typecd-0.0.1/platform2/typecd/peripheral.cc:76] Cable Product Type VDO 1: 00000000
2026-05-22T02:40:45.636559Z INFO typecd[2579]: INFO typecd: [../../../../../tmp/portage/chromeos-base/typecd-0.0.1-r688/work/typecd-0.0.1/platform2/typecd/peripheral.cc:82] Cable Product Type VDO 2: 00000000
2026-05-22T02:40:45.636611Z INFO typecd[2579]: INFO typecd: [../../../../../tmp/portage/chromeos-base/typecd-0.0.1-r688/work/typecd-0.0.1/platform2/typecd/peripheral.cc:88] Cable Product Type VDO 3: 00000000
2026-05-22T02:40:45.636702Z INFO typecd[2579]: INFO typecd: [../../../../../tmp/portage/chromeos-base/typecd-0.0.1-r688/work/typecd-0.0.1/platform2/typecd/peripheral.cc:130] Unsupported PD revision: 0.0
2026-05-22T02:40:45.636711Z INFO typecd[2579]: INFO typecd: [../../../../../tmp/portage/chromeos-base/typecd-0.0.1-r688/work/typecd-0.0.1/platform2/typecd/port.cc:58] Cable enumerated for port 0
2026-05-22T02:40:55.306216Z INFO typecd[2579]: INFO typecd: [../../../../../tmp/portage/chromeos-base/metrics-0.0.2-r3903/work/metrics-0.0.2/platform2/metrics/structured/batch_event_storage.cc:135] Events at exceeded timer. Triggering a flush.
2026-05-22T02:40:55.309663Z INFO typecd[2579]: INFO typecd: [../../../../../tmp/portage/chromeos-base/metrics-0.0.2-r3903/work/metrics-0.0.2/platform2/metrics/structured/batch_event_storage.cc:135] Events at exceeded timer. Triggering a flush.
2026-05-22T03:19:13.661794Z INFO typecd[2622]: INFO typecd: [../../../../../tmp/portage/chromeos-base/typecd-0.0.1-r688/work/typecd-0.0.1/platform2/typecd/main.cc:13] Starting Type C daemon.#012
2026-05-22T03:19:13.662874Z INFO typecd[2622]: INFO typecd: [../../../../../tmp/portage/chromeos-base/typecd-0.0.1-r688/work/typecd-0.0.1/platform2/typecd/daemon.cc:37] Daemon started.
2026-05-22T03:19:13.817032Z INFO typecd[2622]: INFO typecd: [../../../../../tmp/portage/chromeos-base/typecd-0.0.1-r688/work/typecd-0.0.1/platform2/typecd/daemon.cc:66] Mode entry currently not supported on this device.
2026-05-22T03:19:13.865366Z INFO typecd[2622]: INFO typecd: [../../../../../tmp/portage/chromeos-base/typecd-0.0.1-r688/work/typecd-0.0.1/platform2/typecd/port.cc:48] Port 0 enumerated.
2026-05-22T03:19:13.865519Z INFO typecd[2622]: INFO typecd: [../../../../../tmp/portage/chromeos-base/typecd-0.0.1-r688/work/typecd-0.0.1/platform2/typecd/peripheral.cc:61] Cable Product VDO: 00000000
2026-05-22T03:19:13.865556Z INFO typecd[2622]: INFO typecd: [../../../../../tmp/portage/chromeos-base/typecd-0.0.1-r688/work/typecd-0.0.1/platform2/typecd/peripheral.cc:66] Cable Cert stat VDO: 00000000
2026-05-22T03:19:13.865591Z INFO typecd[2622]: INFO typecd: [../../../../../tmp/portage/chromeos-base/typecd-0.0.1-r688/work/typecd-0.0.1/platform2/typecd/peripheral.cc:71] Cable Id Header VDO: 00000000
2026-05-22T03:19:13.865624Z INFO typecd[2622]: INFO typecd: [../../../../../tmp/portage/chromeos-base/typecd-0.0.1-r688/work/typecd-0.0.1/platform2/typecd/peripheral.cc:76] Cable Product Type VDO 1: 00000000
2026-05-22T03:19:13.865656Z INFO typecd[2622]: INFO typecd: [../../../../../tmp/portage/chromeos-base/typecd-0.0.1-r688/work/typecd-0.0.1/platform2/typecd/peripheral.cc:82] Cable Product Type VDO 2: 00000000
2026-05-22T03:19:13.865687Z INFO typecd[2622]: INFO typecd: [../../../../../tmp/portage/chromeos-base/typecd-0.0.1-r688/work/typecd-0.0.1/platform2/typecd/peripheral.cc:88] Cable Product Type VDO 3: 00000000
2026-05-22T03:19:13.865740Z INFO typecd[2622]: INFO typecd: [../../../../../tmp/portage/chromeos-base/typecd-0.0.1-r688/work/typecd-0.0.1/platform2/typecd/peripheral.cc:130] Unsupported PD revision: 0.0
2026-05-22T03:19:13.865746Z INFO typecd[2622]: INFO typecd: [../../../../../tmp/portage/chromeos-base/typecd-0.0.1-r688/work/typecd-0.0.1/platform2/typecd/port.cc:58] Cable enumerated for port 0
2026-05-22T03:19:13.866019Z INFO typecd[2622]: INFO typecd: [../../../../../tmp/portage/chromeos-base/typecd-0.0.1-r688/work/typecd-0.0.1/platform2/typecd/port.cc:395] Trying to check discovery complete for a non-existent partner.
2026-05-22T03:19:13.866025Z INFO typecd[2622]: INFO typecd: [../../../../../tmp/portage/chromeos-base/typecd-0.0.1-r688/work/typecd-0.0.1/platform2/typecd/port_manager.cc:385] Can't enter mode; partner discovery not complete for port 0
2026-05-22T03:19:13.874936Z INFO typecd[2622]: INFO typecd: [../../../../../tmp/portage/chromeos-base/typecd-0.0.1-r688/work/typecd-0.0.1/platform2/typecd/peripheral.cc:61] Partner Product VDO: 00000000
2026-05-22T03:19:13.883109Z INFO typecd[2622]: INFO typecd: [../../../../../tmp/portage/chromeos-base/typecd-0.0.1-r688/work/typecd-0.0.1/platform2/typecd/peripheral.cc:66] Partner Cert stat VDO: 00000000
2026-05-22T03:19:13.883167Z INFO typecd[2622]: INFO typecd: [../../../../../tmp/portage/chromeos-base/typecd-0.0.1-r688/work/typecd-0.0.1/platform2/typecd/peripheral.cc:71] Partner Id Header VDO: 01c0311c
2026-05-22T03:19:13.883207Z INFO typecd[2622]: INFO typecd: [../../../../../tmp/portage/chromeos-base/typecd-0.0.1-r688/work/typecd-0.0.1/platform2/typecd/peripheral.cc:76] Partner Product Type VDO 1: 20800000
2026-05-22T03:19:13.883242Z INFO typecd[2622]: INFO typecd: [../../../../../tmp/portage/chromeos-base/typecd-0.0.1-r688/work/typecd-0.0.1/platform2/typecd/peripheral.cc:82] Partner Product Type VDO 2: 00000000
2026-05-22T03:19:13.883275Z INFO typecd[2622]: INFO typecd: [../../../../../tmp/portage/chromeos-base/typecd-0.0.1-r688/work/typecd-0.0.1/platform2/typecd/peripheral.cc:88] Partner Product Type VDO 3: 00000000
2026-05-22T03:19:13.883351Z INFO typecd[2622]: INFO typecd: [../../../../../tmp/portage/chromeos-base/typecd-0.0.1-r688/work/typecd-0.0.1/platform2/typecd/peripheral.cc:134] PD revision: 3.0
2026-05-22T03:19:13.886934Z INFO typecd[2622]: INFO typecd: [../../../../../tmp/portage/chromeos-base/typecd-0.0.1-r688/work/typecd-0.0.1/platform2/typecd/port.cc:87] Partner enumerated for port 0
2026-05-22T03:19:13.898071Z INFO typecd[2622]: INFO typecd: [../../../../../tmp/portage/chromeos-base/typecd-0.0.1-r688/work/typecd-0.0.1/platform2/typecd/power_profile.cc:25] Registered a power profile with path: /sys/devices/pci0000:00/0000:00:1f.0/PNP0C09:00/GOOG0004:00/GOOG0014:00/typec/port0/port0-partner/usb_power_delivery
2026-05-22T03:19:13.898370Z INFO typecd[2622]: INFO typecd: [../../../../../tmp/portage/chromeos-base/typecd-0.0.1-r688/work/typecd-0.0.1/platform2/typecd/port.cc:48] Port 1 enumerated.
2026-05-22T03:19:14.435716Z WARNING typecd[2622]: WARNING typecd: [../../../../../tmp/portage/chromeos-base/typecd-0.0.1-r688/work/typecd-0.0.1/platform2/typecd/port_manager.cc:75] Attempting to add an already added port.
2026-05-22T03:19:14.436840Z WARNING typecd[2622]: WARNING typecd: [../../../../../tmp/portage/chromeos-base/typecd-0.0.1-r688/work/typecd-0.0.1/platform2/typecd/port_manager.cc:75] Attempting to add an already added port.
2026-05-22T03:19:14.508275Z WARNING typecd[2622]: WARNING typecd: [../../../../../tmp/portage/chromeos-base/typecd-0.0.1-r688/work/typecd-0.0.1/platform2/typecd/port.cc:82] Partner already exists for port 0
2026-05-22T03:19:14.509917Z INFO typecd[2622]: INFO typecd: [../../../../../tmp/portage/chromeos-base/typecd-0.0.1-r688/work/typecd-0.0.1/platform2/typecd/peripheral.cc:61] Partner Product VDO: 00000000
2026-05-22T03:19:14.509955Z INFO typecd[2622]: INFO typecd: [../../../../../tmp/portage/chromeos-base/typecd-0.0.1-r688/work/typecd-0.0.1/platform2/typecd/peripheral.cc:66] Partner Cert stat VDO: 00000000
2026-05-22T03:19:14.509986Z INFO typecd[2622]: INFO typecd: [../../../../../tmp/portage/chromeos-base/typecd-0.0.1-r688/work/typecd-0.0.1/platform2/typecd/peripheral.cc:71] Partner Id Header VDO: 01c0311c
2026-05-22T03:19:14.510016Z INFO typecd[2622]: INFO typecd: [../../../../../tmp/portage/chromeos-base/typecd-0.0.1-r688/work/typecd-0.0.1/platform2/typecd/peripheral.cc:76] Partner Product Type VDO 1: 20800000
2026-05-22T03:19:14.510043Z INFO typecd[2622]: INFO typecd: [../../../../../tmp/portage/chromeos-base/typecd-0.0.1-r688/work/typecd-0.0.1/platform2/typecd/peripheral.cc:82] Partner Product Type VDO 2: 00000000
2026-05-22T03:19:14.510080Z INFO typecd[2622]: INFO typecd: [../../../../../tmp/portage/chromeos-base/typecd-0.0.1-r688/work/typecd-0.0.1/platform2/typecd/peripheral.cc:88] Partner Product Type VDO 3: 00000000
2026-05-22T03:19:14.515877Z INFO typecd[2622]: INFO typecd: [../../../../../tmp/portage/chromeos-base/typecd-0.0.1-r688/work/typecd-0.0.1/platform2/typecd/peripheral.cc:61] Partner Product VDO: 00000000
2026-05-22T03:19:14.515914Z INFO typecd[2622]: INFO typecd: [../../../../../tmp/portage/chromeos-base/typecd-0.0.1-r688/work/typecd-0.0.1/platform2/typecd/peripheral.cc:66] Partner Cert stat VDO: 00000000
2026-05-22T03:19:14.515944Z INFO typecd[2622]: INFO typecd: [../../../../../tmp/portage/chromeos-base/typecd-0.0.1-r688/work/typecd-0.0.1/platform2/typecd/peripheral.cc:71] Partner Id Header VDO: 01c0311c
2026-05-22T03:19:14.515972Z INFO typecd[2622]: INFO typecd: [../../../../../tmp/portage/chromeos-base/typecd-0.0.1-r688/work/typecd-0.0.1/platform2/typecd/peripheral.cc:76] Partner Product Type VDO 1: 20800000
2026-05-22T03:19:14.516001Z INFO typecd[2622]: INFO typecd: [../../../../../tmp/portage/chromeos-base/typecd-0.0.1-r688/work/typecd-0.0.1/platform2/typecd/peripheral.cc:82] Partner Product Type VDO 2: 00000000
2026-05-22T03:19:14.516028Z INFO typecd[2622]: INFO typecd: [../../../../../tmp/portage/chromeos-base/typecd-0.0.1-r688/work/typecd-0.0.1/platform2/typecd/peripheral.cc:88] Partner Product Type VDO 3: 00000000
2026-05-22T03:19:14.519680Z INFO typecd[2622]: INFO typecd: [../../../../../tmp/portage/chromeos-base/typecd-0.0.1-r688/work/typecd-0.0.1/platform2/typecd/peripheral.cc:61] Partner Product VDO: 00000000
2026-05-22T03:19:14.519719Z INFO typecd[2622]: INFO typecd: [../../../../../tmp/portage/chromeos-base/typecd-0.0.1-r688/work/typecd-0.0.1/platform2/typecd/peripheral.cc:66] Partner Cert stat VDO: 00000000
2026-05-22T03:19:14.519751Z INFO typecd[2622]: INFO typecd: [../../../../../tmp/portage/chromeos-base/typecd-0.0.1-r688/work/typecd-0.0.1/platform2/typecd/peripheral.cc:71] Partner Id Header VDO: 01c0311c
2026-05-22T03:19:14.519781Z INFO typecd[2622]: INFO typecd: [../../../../../tmp/portage/chromeos-base/typecd-0.0.1-r688/work/typecd-0.0.1/platform2/typecd/peripheral.cc:76] Partner Product Type VDO 1: 20800000
2026-05-22T03:19:14.519809Z INFO typecd[2622]: INFO typecd: [../../../../../tmp/portage/chromeos-base/typecd-0.0.1-r688/work/typecd-0.0.1/platform2/typecd/peripheral.cc:82] Partner Product Type VDO 2: 00000000
2026-05-22T03:19:14.519836Z INFO typecd[2622]: INFO typecd: [../../../../../tmp/portage/chromeos-base/typecd-0.0.1-r688/work/typecd-0.0.1/platform2/typecd/peripheral.cc:88] Partner Product Type VDO 3: 00000000
2026-05-22T03:19:14.535496Z WARNING typecd[2622]: WARNING typecd: [../../../../../tmp/portage/chromeos-base/typecd-0.0.1-r688/work/typecd-0.0.1/platform2/typecd/port.cc:53] Cable already exists for port 0
2026-05-22T03:19:24.855120Z INFO typecd[2622]: INFO typecd: [../../../../../tmp/portage/chromeos-base/metrics-0.0.2-r3903/work/metrics-0.0.2/platform2/metrics/structured/batch_event_storage.cc:135] Events at exceeded timer. Triggering a flush.
2026-05-22T03:19:24.858855Z INFO typecd[2622]: INFO typecd: [../../../../../tmp/portage/chromeos-base/metrics-0.0.2-r3903/work/metrics-0.0.2/platform2/metrics/structured/batch_event_storage.cc:135] Events at exceeded timer. Triggering a flush.
