2026-05-15T13:05:01.364265Z INFO typecd[2530]: INFO typecd: [../../../../../tmp/portage/chromeos-base/typecd-0.0.1-r688/work/typecd-0.0.1/platform2/typecd/peripheral.cc:61] Partner Product VDO: 00000000
2026-05-15T13:05:01.364454Z INFO typecd[2530]: INFO typecd: [../../../../../tmp/portage/chromeos-base/typecd-0.0.1-r688/work/typecd-0.0.1/platform2/typecd/peripheral.cc:66] Partner Cert stat VDO: 00000000
2026-05-15T13:05:01.364557Z INFO typecd[2530]: INFO typecd: [../../../../../tmp/portage/chromeos-base/typecd-0.0.1-r688/work/typecd-0.0.1/platform2/typecd/peripheral.cc:71] Partner Id Header VDO: 00000000
2026-05-15T13:05:01.364652Z INFO typecd[2530]: INFO typecd: [../../../../../tmp/portage/chromeos-base/typecd-0.0.1-r688/work/typecd-0.0.1/platform2/typecd/peripheral.cc:76] Partner Product Type VDO 1: 00000000
2026-05-15T13:05:01.364738Z INFO typecd[2530]: INFO typecd: [../../../../../tmp/portage/chromeos-base/typecd-0.0.1-r688/work/typecd-0.0.1/platform2/typecd/peripheral.cc:82] Partner Product Type VDO 2: 00000000
2026-05-15T13:05:01.365174Z INFO typecd[2530]: INFO typecd: [../../../../../tmp/portage/chromeos-base/typecd-0.0.1-r688/work/typecd-0.0.1/platform2/typecd/peripheral.cc:88] Partner Product Type VDO 3: 00000000
2026-05-15T13:05:01.365708Z INFO typecd[2530]: INFO typecd: [../../../../../tmp/portage/chromeos-base/typecd-0.0.1-r688/work/typecd-0.0.1/platform2/typecd/peripheral.cc:130] Unsupported PD revision: 0.0
2026-05-15T13:05:01.367263Z INFO typecd[2530]: INFO typecd: [../../../../../tmp/portage/chromeos-base/typecd-0.0.1-r688/work/typecd-0.0.1/platform2/typecd/port.cc:87] Partner enumerated for port 0
2026-05-15T13:05:01.373289Z WARNING typecd[2530]: WARNING typecd: [../../../../../tmp/portage/chromeos-base/typecd-0.0.1-r688/work/typecd-0.0.1/platform2/typecd/port_manager.cc:379] Can't enter mode; data role is not DFP on port 0
2026-05-15T13:05:01.520295Z INFO typecd[2530]: INFO typecd: [../../../../../tmp/portage/chromeos-base/typecd-0.0.1-r688/work/typecd-0.0.1/platform2/typecd/peripheral.cc:61] Partner Product VDO: 00000000
2026-05-15T13:05:01.520322Z INFO typecd[2530]: INFO typecd: [../../../../../tmp/portage/chromeos-base/typecd-0.0.1-r688/work/typecd-0.0.1/platform2/typecd/peripheral.cc:66] Partner Cert stat VDO: 00000000
2026-05-15T13:05:01.520342Z INFO typecd[2530]: INFO typecd: [../../../../../tmp/portage/chromeos-base/typecd-0.0.1-r688/work/typecd-0.0.1/platform2/typecd/peripheral.cc:71] Partner Id Header VDO: 00000000
2026-05-15T13:05:01.520361Z INFO typecd[2530]: INFO typecd: [../../../../../tmp/portage/chromeos-base/typecd-0.0.1-r688/work/typecd-0.0.1/platform2/typecd/peripheral.cc:76] Partner Product Type VDO 1: 00000000
2026-05-15T13:05:01.520379Z INFO typecd[2530]: INFO typecd: [../../../../../tmp/portage/chromeos-base/typecd-0.0.1-r688/work/typecd-0.0.1/platform2/typecd/peripheral.cc:82] Partner Product Type VDO 2: 00000000
2026-05-15T13:05:01.520398Z INFO typecd[2530]: INFO typecd: [../../../../../tmp/portage/chromeos-base/typecd-0.0.1-r688/work/typecd-0.0.1/platform2/typecd/peripheral.cc:88] Partner Product Type VDO 3: 00000000
2026-05-15T13:05:01.520439Z INFO typecd[2530]: INFO typecd: [../../../../../tmp/portage/chromeos-base/typecd-0.0.1-r688/work/typecd-0.0.1/platform2/typecd/peripheral.cc:130] Unsupported PD revision: 0.0
2026-05-15T13:05:01.520472Z INFO typecd[2530]: INFO typecd: [../../../../../tmp/portage/chromeos-base/typecd-0.0.1-r688/work/typecd-0.0.1/platform2/typecd/port_manager.cc:385] Can't enter mode; partner discovery not complete for port 0
2026-05-15T13:05:01.831594Z INFO typecd[2530]: INFO typecd: [../../../../../tmp/portage/chromeos-base/typecd-0.0.1-r688/work/typecd-0.0.1/platform2/typecd/peripheral.cc:61] Partner Product VDO: 00000000
2026-05-15T13:05:01.831640Z INFO typecd[2530]: INFO typecd: [../../../../../tmp/portage/chromeos-base/typecd-0.0.1-r688/work/typecd-0.0.1/platform2/typecd/peripheral.cc:66] Partner Cert stat VDO: 00000000
2026-05-15T13:05:01.831697Z INFO typecd[2530]: INFO typecd: [../../../../../tmp/portage/chromeos-base/typecd-0.0.1-r688/work/typecd-0.0.1/platform2/typecd/peripheral.cc:71] Partner Id Header VDO: 2c00413c
2026-05-15T13:05:01.831736Z INFO typecd[2530]: INFO typecd: [../../../../../tmp/portage/chromeos-base/typecd-0.0.1-r688/work/typecd-0.0.1/platform2/typecd/peripheral.cc:76] Partner Product Type VDO 1: 00000000
2026-05-15T13:05:01.831774Z INFO typecd[2530]: INFO typecd: [../../../../../tmp/portage/chromeos-base/typecd-0.0.1-r688/work/typecd-0.0.1/platform2/typecd/peripheral.cc:82] Partner Product Type VDO 2: 00000000
2026-05-15T13:05:01.831814Z INFO typecd[2530]: INFO typecd: [../../../../../tmp/portage/chromeos-base/typecd-0.0.1-r688/work/typecd-0.0.1/platform2/typecd/peripheral.cc:88] Partner Product Type VDO 3: 00000000
2026-05-15T13:05:01.831881Z INFO typecd[2530]: INFO typecd: [../../../../../tmp/portage/chromeos-base/typecd-0.0.1-r688/work/typecd-0.0.1/platform2/typecd/peripheral.cc:134] PD revision: 3.0
2026-05-15T13:05:01.831938Z INFO typecd[2530]: INFO typecd: [../../../../../tmp/portage/chromeos-base/typecd-0.0.1-r688/work/typecd-0.0.1/platform2/typecd/port_manager.cc:385] Can't enter mode; partner discovery not complete for port 0
2026-05-15T13:05:01.833579Z INFO typecd[2530]: INFO typecd: [../../../../../tmp/portage/chromeos-base/typecd-0.0.1-r688/work/typecd-0.0.1/platform2/typecd/peripheral.cc:61] Partner Product VDO: 00000000
2026-05-15T13:05:01.833622Z INFO typecd[2530]: INFO typecd: [../../../../../tmp/portage/chromeos-base/typecd-0.0.1-r688/work/typecd-0.0.1/platform2/typecd/peripheral.cc:66] Partner Cert stat VDO: 00000000
2026-05-15T13:05:01.833655Z INFO typecd[2530]: INFO typecd: [../../../../../tmp/portage/chromeos-base/typecd-0.0.1-r688/work/typecd-0.0.1/platform2/typecd/peripheral.cc:71] Partner Id Header VDO: 2c00413c
2026-05-15T13:05:01.833746Z INFO typecd[2530]: INFO typecd: [../../../../../tmp/portage/chromeos-base/typecd-0.0.1-r688/work/typecd-0.0.1/platform2/typecd/peripheral.cc:76] Partner Product Type VDO 1: 00000000
2026-05-15T13:05:01.833779Z INFO typecd[2530]: INFO typecd: [../../../../../tmp/portage/chromeos-base/typecd-0.0.1-r688/work/typecd-0.0.1/platform2/typecd/peripheral.cc:82] Partner Product Type VDO 2: 00000000
2026-05-15T13:05:01.833813Z INFO typecd[2530]: INFO typecd: [../../../../../tmp/portage/chromeos-base/typecd-0.0.1-r688/work/typecd-0.0.1/platform2/typecd/peripheral.cc:88] Partner Product Type VDO 3: 00000000
2026-05-15T13:05:01.833890Z INFO typecd[2530]: INFO typecd: [../../../../../tmp/portage/chromeos-base/typecd-0.0.1-r688/work/typecd-0.0.1/platform2/typecd/port_manager.cc:385] Can't enter mode; partner discovery not complete for port 0
2026-05-15T13:05:01.840477Z INFO typecd[2530]: INFO typecd: [../../../../../tmp/portage/chromeos-base/typecd-0.0.1-r688/work/typecd-0.0.1/platform2/typecd/partner.cc:108] Alt mode not found at index 0
2026-05-15T13:05:01.840676Z INFO typecd[2530]: INFO typecd: [../../../../../tmp/portage/chromeos-base/typecd-0.0.1-r688/work/typecd-0.0.1/platform2/typecd/partner.cc:76] Added SOP alt mode. Port: 0, Index: 0, SVID: 413c, VDO: 00000002
2026-05-15T13:05:01.840686Z INFO typecd[2530]: INFO typecd: [../../../../../tmp/portage/chromeos-base/typecd-0.0.1-r688/work/typecd-0.0.1/platform2/typecd/port.cc:418] Trying to check discovery complete for a non-existent cable.
2026-05-15T13:05:01.840692Z INFO typecd[2530]: INFO typecd: [../../../../../tmp/portage/chromeos-base/typecd-0.0.1-r688/work/typecd-0.0.1/platform2/typecd/port_manager.cc:391] Can't enter mode; cable discovery not complete for port 0
2026-05-15T13:05:01.841410Z INFO typecd[2530]: INFO typecd: [../../../../../tmp/portage/chromeos-base/typecd-0.0.1-r688/work/typecd-0.0.1/platform2/typecd/peripheral.cc:61] Partner Product VDO: 00000000
2026-05-15T13:05:01.841444Z INFO typecd[2530]: INFO typecd: [../../../../../tmp/portage/chromeos-base/typecd-0.0.1-r688/work/typecd-0.0.1/platform2/typecd/peripheral.cc:66] Partner Cert stat VDO: 00000000
2026-05-15T13:05:01.841479Z INFO typecd[2530]: INFO typecd: [../../../../../tmp/portage/chromeos-base/typecd-0.0.1-r688/work/typecd-0.0.1/platform2/typecd/peripheral.cc:71] Partner Id Header VDO: 2c00413c
2026-05-15T13:05:01.841510Z INFO typecd[2530]: INFO typecd: [../../../../../tmp/portage/chromeos-base/typecd-0.0.1-r688/work/typecd-0.0.1/platform2/typecd/peripheral.cc:76] Partner Product Type VDO 1: 00000000
2026-05-15T13:05:01.841543Z INFO typecd[2530]: INFO typecd: [../../../../../tmp/portage/chromeos-base/typecd-0.0.1-r688/work/typecd-0.0.1/platform2/typecd/peripheral.cc:82] Partner Product Type VDO 2: 00000000
2026-05-15T13:05:01.841574Z INFO typecd[2530]: INFO typecd: [../../../../../tmp/portage/chromeos-base/typecd-0.0.1-r688/work/typecd-0.0.1/platform2/typecd/peripheral.cc:88] Partner Product Type VDO 3: 00000000
2026-05-15T13:05:01.842134Z INFO typecd[2530]: INFO typecd: [../../../../../tmp/portage/chromeos-base/typecd-0.0.1-r688/work/typecd-0.0.1/platform2/typecd/power_profile.cc:25] Registered a power profile with path: /sys/devices/pci0000:00/0000:00:1f.0/PNP0C09:00/GOOG0004:00/GOOG0014:00/typec/port0/port0-partner/usb_power_delivery
2026-05-15T13:05:01.842148Z INFO typecd[2530]: INFO typecd: [../../../../../tmp/portage/chromeos-base/typecd-0.0.1-r688/work/typecd-0.0.1/platform2/typecd/port.cc:418] Trying to check discovery complete for a non-existent cable.
2026-05-15T13:05:01.842155Z INFO typecd[2530]: INFO typecd: [../../../../../tmp/portage/chromeos-base/typecd-0.0.1-r688/work/typecd-0.0.1/platform2/typecd/port_manager.cc:391] Can't enter mode; cable discovery not complete for port 0
2026-05-15T13:05:01.851143Z INFO typecd[2530]: INFO typecd: [../../../../../tmp/portage/chromeos-base/typecd-0.0.1-r688/work/typecd-0.0.1/platform2/typecd/peripheral.cc:61] Cable Product VDO: 00000000
2026-05-15T13:05:01.851205Z INFO typecd[2530]: INFO typecd: [../../../../../tmp/portage/chromeos-base/typecd-0.0.1-r688/work/typecd-0.0.1/platform2/typecd/peripheral.cc:66] Cable Cert stat VDO: 00000000
2026-05-15T13:05:01.851264Z INFO typecd[2530]: INFO typecd: [../../../../../tmp/portage/chromeos-base/typecd-0.0.1-r688/work/typecd-0.0.1/platform2/typecd/peripheral.cc:71] Cable Id Header VDO: 00000000
2026-05-15T13:05:01.851314Z INFO typecd[2530]: INFO typecd: [../../../../../tmp/portage/chromeos-base/typecd-0.0.1-r688/work/typecd-0.0.1/platform2/typecd/peripheral.cc:76] Cable Product Type VDO 1: 00000000
2026-05-15T13:05:01.851371Z INFO typecd[2530]: INFO typecd: [../../../../../tmp/portage/chromeos-base/typecd-0.0.1-r688/work/typecd-0.0.1/platform2/typecd/peripheral.cc:82] Cable Product Type VDO 2: 00000000
2026-05-15T13:05:01.851418Z INFO typecd[2530]: INFO typecd: [../../../../../tmp/portage/chromeos-base/typecd-0.0.1-r688/work/typecd-0.0.1/platform2/typecd/peripheral.cc:88] Cable Product Type VDO 3: 00000000
2026-05-15T13:05:01.851501Z INFO typecd[2530]: INFO typecd: [../../../../../tmp/portage/chromeos-base/typecd-0.0.1-r688/work/typecd-0.0.1/platform2/typecd/peripheral.cc:130] Unsupported PD revision: 0.0
2026-05-15T13:05:01.851511Z INFO typecd[2530]: INFO typecd: [../../../../../tmp/portage/chromeos-base/typecd-0.0.1-r688/work/typecd-0.0.1/platform2/typecd/port.cc:58] Cable enumerated for port 0
2026-05-15T13:05:11.383258Z INFO typecd[2530]: INFO typecd: [../../../../../tmp/portage/chromeos-base/metrics-0.0.2-r3903/work/metrics-0.0.2/platform2/metrics/structured/batch_event_storage.cc:135] Events at exceeded timer. Triggering a flush.
2026-05-15T13:05:11.387144Z INFO typecd[2530]: INFO typecd: [../../../../../tmp/portage/chromeos-base/metrics-0.0.2-r3903/work/metrics-0.0.2/platform2/metrics/structured/batch_event_storage.cc:135] Events at exceeded timer. Triggering a flush.
2026-05-15T13:12:09.281391Z ERR typecd[2530]: ERROR typecd: [../../../../../tmp/portage/chromeos-base/typecd-0.0.1-r688/work/typecd-0.0.1/platform2/typecd/utils.cc:39] Couldn't read value from path /sys/devices/pci0000:00/0000:00:1f.0/PNP0C09:00/GOOG0004:00/GOOG0014:00/typec/port0/port0-partner/identity/product
2026-05-15T13:12:09.281425Z ERR typecd[2530]: ERROR typecd: [../../../../../tmp/portage/chromeos-base/typecd-0.0.1-r688/work/typecd-0.0.1/platform2/typecd/partner.cc:181] Couldn't read value from path /sys/devices/pci0000:00/0000:00:1f.0/PNP0C09:00/GOOG0004:00/GOOG0014:00/typec/port0/port0-partner/supports_usb_power_delivery
2026-05-15T13:12:09.281438Z WARNING typecd[2530]: WARNING typecd: [../../../../../tmp/portage/chromeos-base/typecd-0.0.1-r688/work/typecd-0.0.1/platform2/typecd/port_manager.cc:379] Can't enter mode; data role is not DFP on port 0
2026-05-15T13:12:09.293324Z INFO typecd[2530]: INFO typecd: [../../../../../tmp/portage/chromeos-base/typecd-0.0.1-r688/work/typecd-0.0.1/platform2/typecd/partner.cc:99] Removed alt mode for port 0 index 0
2026-05-15T13:12:09.294399Z ERR typecd[2530]: ERROR typecd: [../../../../../tmp/portage/chromeos-base/typecd-0.0.1-r688/work/typecd-0.0.1/platform2/typecd/port_manager.cc:157] Failed to read symlink at path: /sys/devices/pci0000:00/0000:00:1f.0/PNP0C09:00/GOOG0004:00/GOOG0014:00/typec/port0/port0-partner/pd0/device: No such file or directory (2)
2026-05-15T13:12:09.294705Z WARNING typecd[2530]: WARNING typecd: [../../../../../tmp/portage/chromeos-base/typecd-0.0.1-r688/work/typecd-0.0.1/platform2/typecd/port_manager.cc:379] Can't enter mode; data role is not DFP on port 0
2026-05-15T13:12:09.294827Z INFO typecd[2530]: INFO typecd: [../../../../../tmp/portage/chromeos-base/typecd-0.0.1-r688/work/typecd-0.0.1/platform2/typecd/port.cc:101] Partner removed for port 0
2026-05-15T13:12:09.295263Z INFO typecd[2530]: INFO typecd: [../../../../../tmp/portage/chromeos-base/typecd-0.0.1-r688/work/typecd-0.0.1/platform2/typecd/port.cc:68] Cable removed for port 0
2026-05-15T16:19:37.366646Z INFO typecd[2530]: INFO typecd: [../../../../../tmp/portage/chromeos-base/typecd-0.0.1-r688/work/typecd-0.0.1/platform2/typecd/daemon.cc:120] Update received from debugd ().
2026-05-15T16:19:37.367803Z ERR typecd[2530]: ERROR typecd: [../libchrome-0.0.1/platform2/libchrome/dbus/object_proxy.cc:572] Failed to call method: org.chromium.debugd.EcGetInventory: object_path= /org/chromium/debugd: org.freedesktop.DBus.Error.ServiceUnknown: The name org.chromium.debugd was not provided by any .service files
2026-05-15T16:19:37.367817Z ERR typecd[2530]: ERROR typecd: [/build/nissa/usr/include/brillo/dbus/dbus_method_invoker.h:114] CallMethodAndBlockWithTimeout(...): Domain=dbus, Code=org.freedesktop.DBus.Error.ServiceUnknown, Message=Error calling D-Bus method: org.chromium.debugd.EcGetInventory: The name org.chromium.debugd was not provided by any .service files
2026-05-15T16:19:37.367825Z INFO typecd[2530]: INFO typecd: [../../../../../tmp/portage/chromeos-base/typecd-0.0.1-r688/work/typecd-0.0.1/platform2/typecd/cros_ec_util.cc:54] Inventory attempts remaining: 39
2026-05-15T16:19:37.568329Z ERR typecd[2530]: ERROR typecd: [../libchrome-0.0.1/platform2/libchrome/dbus/object_proxy.cc:572] Failed to call method: org.chromium.debugd.EcGetInventory: object_path= /org/chromium/debugd: org.freedesktop.DBus.Error.ServiceUnknown: The name org.chromium.debugd was not provided by any .service files
2026-05-15T16:19:37.568343Z ERR typecd[2530]: ERROR typecd: [/build/nissa/usr/include/brillo/dbus/dbus_method_invoker.h:114] CallMethodAndBlockWithTimeout(...): Domain=dbus, Code=org.freedesktop.DBus.Error.ServiceUnknown, Message=Error calling D-Bus method: org.chromium.debugd.EcGetInventory: The name org.chromium.debugd was not provided by any .service files
2026-05-15T16:19:37.568352Z INFO typecd[2530]: INFO typecd: [../../../../../tmp/portage/chromeos-base/typecd-0.0.1-r688/work/typecd-0.0.1/platform2/typecd/cros_ec_util.cc:54] Inventory attempts remaining: 38
2026-05-15T16:19:37.768959Z ERR typecd[2530]: ERROR typecd: [../libchrome-0.0.1/platform2/libchrome/dbus/object_proxy.cc:572] Failed to call method: org.chromium.debugd.EcGetInventory: object_path= /org/chromium/debugd: org.freedesktop.DBus.Error.ServiceUnknown: The name org.chromium.debugd was not provided by any .service files
2026-05-15T16:19:37.769123Z ERR typecd[2530]: ERROR typecd: [/build/nissa/usr/include/brillo/dbus/dbus_method_invoker.h:114] CallMethodAndBlockWithTimeout(...): Domain=dbus, Code=org.freedesktop.DBus.Error.ServiceUnknown, Message=Error calling D-Bus method: org.chromium.debugd.EcGetInventory: The name org.chromium.debugd was not provided by any .service files
2026-05-15T16:19:37.769136Z INFO typecd[2530]: INFO typecd: [../../../../../tmp/portage/chromeos-base/typecd-0.0.1-r688/work/typecd-0.0.1/platform2/typecd/cros_ec_util.cc:54] Inventory attempts remaining: 37
2026-05-15T16:19:37.969612Z ERR typecd[2530]: ERROR typecd: [../libchrome-0.0.1/platform2/libchrome/dbus/object_proxy.cc:572] Failed to call method: org.chromium.debugd.EcGetInventory: object_path= /org/chromium/debugd: org.freedesktop.DBus.Error.ServiceUnknown: The name org.chromium.debugd was not provided by any .service files
2026-05-15T16:19:37.969628Z ERR typecd[2530]: ERROR typecd: [/build/nissa/usr/include/brillo/dbus/dbus_method_invoker.h:114] CallMethodAndBlockWithTimeout(...): Domain=dbus, Code=org.freedesktop.DBus.Error.ServiceUnknown, Message=Error calling D-Bus method: org.chromium.debugd.EcGetInventory: The name org.chromium.debugd was not provided by any .service files
2026-05-15T16:19:37.969638Z INFO typecd[2530]: INFO typecd: [../../../../../tmp/portage/chromeos-base/typecd-0.0.1-r688/work/typecd-0.0.1/platform2/typecd/cros_ec_util.cc:54] Inventory attempts remaining: 36
2026-05-15T16:19:38.170953Z ERR typecd[2530]: ERROR typecd: [../libchrome-0.0.1/platform2/libchrome/dbus/object_proxy.cc:572] Failed to call method: org.chromium.debugd.EcGetInventory: object_path= /org/chromium/debugd: org.freedesktop.DBus.Error.ServiceUnknown: The name org.chromium.debugd was not provided by any .service files
2026-05-15T16:19:38.170987Z ERR typecd[2530]: ERROR typecd: [/build/nissa/usr/include/brillo/dbus/dbus_method_invoker.h:114] CallMethodAndBlockWithTimeout(...): Domain=dbus, Code=org.freedesktop.DBus.Error.ServiceUnknown, Message=Error calling D-Bus method: org.chromium.debugd.EcGetInventory: The name org.chromium.debugd was not provided by any .service files
2026-05-15T16:19:38.171008Z INFO typecd[2530]: INFO typecd: [../../../../../tmp/portage/chromeos-base/typecd-0.0.1-r688/work/typecd-0.0.1/platform2/typecd/cros_ec_util.cc:54] Inventory attempts remaining: 35
2026-05-15T16:19:38.371714Z ERR typecd[2530]: ERROR typecd: [../libchrome-0.0.1/platform2/libchrome/dbus/object_proxy.cc:572] Failed to call method: org.chromium.debugd.EcGetInventory: object_path= /org/chromium/debugd: org.freedesktop.DBus.Error.ServiceUnknown: The name org.chromium.debugd was not provided by any .service files
2026-05-15T16:19:38.371727Z ERR typecd[2530]: ERROR typecd: [/build/nissa/usr/include/brillo/dbus/dbus_method_invoker.h:114] CallMethodAndBlockWithTimeout(...): Domain=dbus, Code=org.freedesktop.DBus.Error.ServiceUnknown, Message=Error calling D-Bus method: org.chromium.debugd.EcGetInventory: The name org.chromium.debugd was not provided by any .service files
2026-05-15T16:19:38.371735Z INFO typecd[2530]: INFO typecd: [../../../../../tmp/portage/chromeos-base/typecd-0.0.1-r688/work/typecd-0.0.1/platform2/typecd/cros_ec_util.cc:54] Inventory attempts remaining: 34
2026-05-15T16:19:38.572556Z ERR typecd[2530]: ERROR typecd: [../libchrome-0.0.1/platform2/libchrome/dbus/object_proxy.cc:572] Failed to call method: org.chromium.debugd.EcGetInventory: object_path= /org/chromium/debugd: org.freedesktop.DBus.Error.ServiceUnknown: The name org.chromium.debugd was not provided by any .service files
2026-05-15T16:19:38.572602Z ERR typecd[2530]: ERROR typecd: [/build/nissa/usr/include/brillo/dbus/dbus_method_invoker.h:114] CallMethodAndBlockWithTimeout(...): Domain=dbus, Code=org.freedesktop.DBus.Error.ServiceUnknown, Message=Error calling D-Bus method: org.chromium.debugd.EcGetInventory: The name org.chromium.debugd was not provided by any .service files
2026-05-15T16:19:38.572618Z INFO typecd[2530]: INFO typecd: [../../../../../tmp/portage/chromeos-base/typecd-0.0.1-r688/work/typecd-0.0.1/platform2/typecd/cros_ec_util.cc:54] Inventory attempts remaining: 33
2026-05-15T16:19:38.773130Z ERR typecd[2530]: ERROR typecd: [../libchrome-0.0.1/platform2/libchrome/dbus/object_proxy.cc:572] Failed to call method: org.chromium.debugd.EcGetInventory: object_path= /org/chromium/debugd: org.freedesktop.DBus.Error.ServiceUnknown: The name org.chromium.debugd was not provided by any .service files
2026-05-15T16:19:38.773143Z ERR typecd[2530]: ERROR typecd: [/build/nissa/usr/include/brillo/dbus/dbus_method_invoker.h:114] CallMethodAndBlockWithTimeout(...): Domain=dbus, Code=org.freedesktop.DBus.Error.ServiceUnknown, Message=Error calling D-Bus method: org.chromium.debugd.EcGetInventory: The name org.chromium.debugd was not provided by any .service files
2026-05-15T16:19:38.773150Z INFO typecd[2530]: INFO typecd: [../../../../../tmp/portage/chromeos-base/typecd-0.0.1-r688/work/typecd-0.0.1/platform2/typecd/cros_ec_util.cc:54] Inventory attempts remaining: 32
2026-05-15T16:19:38.973719Z ERR typecd[2530]: ERROR typecd: [../libchrome-0.0.1/platform2/libchrome/dbus/object_proxy.cc:572] Failed to call method: org.chromium.debugd.EcGetInventory: object_path= /org/chromium/debugd: org.freedesktop.DBus.Error.ServiceUnknown: The name org.chromium.debugd was not provided by any .service files
2026-05-15T16:19:38.973731Z ERR typecd[2530]: ERROR typecd: [/build/nissa/usr/include/brillo/dbus/dbus_method_invoker.h:114] CallMethodAndBlockWithTimeout(...): Domain=dbus, Code=org.freedesktop.DBus.Error.ServiceUnknown, Message=Error calling D-Bus method: org.chromium.debugd.EcGetInventory: The name org.chromium.debugd was not provided by any .service files
2026-05-15T16:19:38.973740Z INFO typecd[2530]: INFO typecd: [../../../../../tmp/portage/chromeos-base/typecd-0.0.1-r688/work/typecd-0.0.1/platform2/typecd/cros_ec_util.cc:54] Inventory attempts remaining: 31
2026-05-15T16:19:39.174321Z ERR typecd[2530]: ERROR typecd: [../libchrome-0.0.1/platform2/libchrome/dbus/object_proxy.cc:572] Failed to call method: org.chromium.debugd.EcGetInventory: object_path= /org/chromium/debugd: org.freedesktop.DBus.Error.ServiceUnknown: The name org.chromium.debugd was not provided by any .service files
2026-05-15T16:19:39.174332Z ERR typecd[2530]: ERROR typecd: [/build/nissa/usr/include/brillo/dbus/dbus_method_invoker.h:114] CallMethodAndBlockWithTimeout(...): Domain=dbus, Code=org.freedesktop.DBus.Error.ServiceUnknown, Message=Error calling D-Bus method: org.chromium.debugd.EcGetInventory: The name org.chromium.debugd was not provided by any .service files
2026-05-15T16:19:39.174344Z INFO typecd[2530]: INFO typecd: [../../../../../tmp/portage/chromeos-base/typecd-0.0.1-r688/work/typecd-0.0.1/platform2/typecd/cros_ec_util.cc:54] Inventory attempts remaining: 30
2026-05-15T17:44:56.346548Z INFO typecd[2548]: INFO typecd: [../../../../../tmp/portage/chromeos-base/typecd-0.0.1-r688/work/typecd-0.0.1/platform2/typecd/main.cc:13] Starting Type C daemon.#012
2026-05-15T17:44:56.348231Z INFO typecd[2548]: INFO typecd: [../../../../../tmp/portage/chromeos-base/typecd-0.0.1-r688/work/typecd-0.0.1/platform2/typecd/daemon.cc:37] Daemon started.
2026-05-15T17:44:56.393039Z INFO typecd[2548]: INFO typecd: [../../../../../tmp/portage/chromeos-base/typecd-0.0.1-r688/work/typecd-0.0.1/platform2/typecd/daemon.cc:66] Mode entry currently not supported on this device.
2026-05-15T17:44:56.440029Z INFO typecd[2548]: INFO typecd: [../../../../../tmp/portage/chromeos-base/typecd-0.0.1-r688/work/typecd-0.0.1/platform2/typecd/port.cc:48] Port 0 enumerated.
2026-05-15T17:44:56.440299Z INFO typecd[2548]: INFO typecd: [../../../../../tmp/portage/chromeos-base/typecd-0.0.1-r688/work/typecd-0.0.1/platform2/typecd/port.cc:48] Port 1 enumerated.
2026-05-15T17:44:57.113971Z WARNING typecd[2548]: WARNING typecd: [../../../../../tmp/portage/chromeos-base/typecd-0.0.1-r688/work/typecd-0.0.1/platform2/typecd/port_manager.cc:75] Attempting to add an already added port.
2026-05-15T17:44:57.140891Z WARNING typecd[2548]: WARNING typecd: [../../../../../tmp/portage/chromeos-base/typecd-0.0.1-r688/work/typecd-0.0.1/platform2/typecd/port_manager.cc:75] Attempting to add an already added port.
