2026-05-13T17:42:27.865785Z INFO typecd[2975]: INFO typecd: [../../../../../tmp/portage/chromeos-base/typecd-0.0.1-r688/work/typecd-0.0.1/platform2/typecd/daemon.cc:120] Update received from debugd ().
2026-05-13T17:42:27.866922Z ERR typecd[2975]: ERROR typecd: [../libchrome-0.0.1/platform2/libchrome/dbus/object_proxy.cc:572] Failed to call method: org.chromium.debugd.EcGetInventory: object_path= /org/chromium/debugd: org.freedesktop.DBus.Error.ServiceUnknown: The name org.chromium.debugd was not provided by any .service files
2026-05-13T17:42:27.866943Z ERR typecd[2975]: ERROR typecd: [/build/nissa/usr/include/brillo/dbus/dbus_method_invoker.h:114] CallMethodAndBlockWithTimeout(...): Domain=dbus, Code=org.freedesktop.DBus.Error.ServiceUnknown, Message=Error calling D-Bus method: org.chromium.debugd.EcGetInventory: The name org.chromium.debugd was not provided by any .service files
2026-05-13T17:42:27.866956Z INFO typecd[2975]: INFO typecd: [../../../../../tmp/portage/chromeos-base/typecd-0.0.1-r688/work/typecd-0.0.1/platform2/typecd/cros_ec_util.cc:54] Inventory attempts remaining: 39
2026-05-13T17:42:28.067419Z ERR typecd[2975]: ERROR typecd: [../libchrome-0.0.1/platform2/libchrome/dbus/object_proxy.cc:572] Failed to call method: org.chromium.debugd.EcGetInventory: object_path= /org/chromium/debugd: org.freedesktop.DBus.Error.ServiceUnknown: The name org.chromium.debugd was not provided by any .service files
2026-05-13T17:42:28.067433Z ERR typecd[2975]: ERROR typecd: [/build/nissa/usr/include/brillo/dbus/dbus_method_invoker.h:114] CallMethodAndBlockWithTimeout(...): Domain=dbus, Code=org.freedesktop.DBus.Error.ServiceUnknown, Message=Error calling D-Bus method: org.chromium.debugd.EcGetInventory: The name org.chromium.debugd was not provided by any .service files
2026-05-13T17:42:28.067441Z INFO typecd[2975]: INFO typecd: [../../../../../tmp/portage/chromeos-base/typecd-0.0.1-r688/work/typecd-0.0.1/platform2/typecd/cros_ec_util.cc:54] Inventory attempts remaining: 38
2026-05-13T17:42:28.267876Z ERR typecd[2975]: ERROR typecd: [../libchrome-0.0.1/platform2/libchrome/dbus/object_proxy.cc:572] Failed to call method: org.chromium.debugd.EcGetInventory: object_path= /org/chromium/debugd: org.freedesktop.DBus.Error.ServiceUnknown: The name org.chromium.debugd was not provided by any .service files
2026-05-13T17:42:28.267886Z ERR typecd[2975]: ERROR typecd: [/build/nissa/usr/include/brillo/dbus/dbus_method_invoker.h:114] CallMethodAndBlockWithTimeout(...): Domain=dbus, Code=org.freedesktop.DBus.Error.ServiceUnknown, Message=Error calling D-Bus method: org.chromium.debugd.EcGetInventory: The name org.chromium.debugd was not provided by any .service files
2026-05-13T17:42:28.267891Z INFO typecd[2975]: INFO typecd: [../../../../../tmp/portage/chromeos-base/typecd-0.0.1-r688/work/typecd-0.0.1/platform2/typecd/cros_ec_util.cc:54] Inventory attempts remaining: 37
2026-05-13T17:42:28.468814Z ERR typecd[2975]: ERROR typecd: [../libchrome-0.0.1/platform2/libchrome/dbus/object_proxy.cc:572] Failed to call method: org.chromium.debugd.EcGetInventory: object_path= /org/chromium/debugd: org.freedesktop.DBus.Error.ServiceUnknown: The name org.chromium.debugd was not provided by any .service files
2026-05-13T17:42:28.468833Z ERR typecd[2975]: ERROR typecd: [/build/nissa/usr/include/brillo/dbus/dbus_method_invoker.h:114] CallMethodAndBlockWithTimeout(...): Domain=dbus, Code=org.freedesktop.DBus.Error.ServiceUnknown, Message=Error calling D-Bus method: org.chromium.debugd.EcGetInventory: The name org.chromium.debugd was not provided by any .service files
2026-05-13T17:42:28.468845Z INFO typecd[2975]: INFO typecd: [../../../../../tmp/portage/chromeos-base/typecd-0.0.1-r688/work/typecd-0.0.1/platform2/typecd/cros_ec_util.cc:54] Inventory attempts remaining: 36
2026-05-13T17:42:28.669532Z ERR typecd[2975]: ERROR typecd: [../libchrome-0.0.1/platform2/libchrome/dbus/object_proxy.cc:572] Failed to call method: org.chromium.debugd.EcGetInventory: object_path= /org/chromium/debugd: org.freedesktop.DBus.Error.ServiceUnknown: The name org.chromium.debugd was not provided by any .service files
2026-05-13T17:42:28.669550Z ERR typecd[2975]: ERROR typecd: [/build/nissa/usr/include/brillo/dbus/dbus_method_invoker.h:114] CallMethodAndBlockWithTimeout(...): Domain=dbus, Code=org.freedesktop.DBus.Error.ServiceUnknown, Message=Error calling D-Bus method: org.chromium.debugd.EcGetInventory: The name org.chromium.debugd was not provided by any .service files
2026-05-13T17:42:28.669562Z INFO typecd[2975]: INFO typecd: [../../../../../tmp/portage/chromeos-base/typecd-0.0.1-r688/work/typecd-0.0.1/platform2/typecd/cros_ec_util.cc:54] Inventory attempts remaining: 35
2026-05-13T17:42:28.869944Z ERR typecd[2975]: ERROR typecd: [../libchrome-0.0.1/platform2/libchrome/dbus/object_proxy.cc:572] Failed to call method: org.chromium.debugd.EcGetInventory: object_path= /org/chromium/debugd: org.freedesktop.DBus.Error.ServiceUnknown: The name org.chromium.debugd was not provided by any .service files
2026-05-13T17:42:28.869954Z ERR typecd[2975]: ERROR typecd: [/build/nissa/usr/include/brillo/dbus/dbus_method_invoker.h:114] CallMethodAndBlockWithTimeout(...): Domain=dbus, Code=org.freedesktop.DBus.Error.ServiceUnknown, Message=Error calling D-Bus method: org.chromium.debugd.EcGetInventory: The name org.chromium.debugd was not provided by any .service files
2026-05-13T17:42:28.869961Z INFO typecd[2975]: INFO typecd: [../../../../../tmp/portage/chromeos-base/typecd-0.0.1-r688/work/typecd-0.0.1/platform2/typecd/cros_ec_util.cc:54] Inventory attempts remaining: 34
2026-05-13T17:42:29.070603Z ERR typecd[2975]: ERROR typecd: [../libchrome-0.0.1/platform2/libchrome/dbus/object_proxy.cc:572] Failed to call method: org.chromium.debugd.EcGetInventory: object_path= /org/chromium/debugd: org.freedesktop.DBus.Error.ServiceUnknown: The name org.chromium.debugd was not provided by any .service files
2026-05-13T17:42:29.070620Z ERR typecd[2975]: ERROR typecd: [/build/nissa/usr/include/brillo/dbus/dbus_method_invoker.h:114] CallMethodAndBlockWithTimeout(...): Domain=dbus, Code=org.freedesktop.DBus.Error.ServiceUnknown, Message=Error calling D-Bus method: org.chromium.debugd.EcGetInventory: The name org.chromium.debugd was not provided by any .service files
2026-05-13T17:42:29.070631Z INFO typecd[2975]: INFO typecd: [../../../../../tmp/portage/chromeos-base/typecd-0.0.1-r688/work/typecd-0.0.1/platform2/typecd/cros_ec_util.cc:54] Inventory attempts remaining: 33
2026-05-13T17:43:22.418446Z INFO typecd[2530]: INFO typecd: [../../../../../tmp/portage/chromeos-base/typecd-0.0.1-r688/work/typecd-0.0.1/platform2/typecd/main.cc:13] Starting Type C daemon.#012
2026-05-13T17:43:22.426143Z INFO typecd[2530]: INFO typecd: [../../../../../tmp/portage/chromeos-base/typecd-0.0.1-r688/work/typecd-0.0.1/platform2/typecd/daemon.cc:37] Daemon started.
2026-05-13T17:43:22.589846Z INFO typecd[2530]: INFO typecd: [../../../../../tmp/portage/chromeos-base/typecd-0.0.1-r688/work/typecd-0.0.1/platform2/typecd/daemon.cc:66] Mode entry currently not supported on this device.
2026-05-13T17:43:22.607871Z INFO typecd[2530]: INFO typecd: [../../../../../tmp/portage/chromeos-base/typecd-0.0.1-r688/work/typecd-0.0.1/platform2/typecd/udev_monitor.cc:60] No devices found.#012
2026-05-13T17:43:23.124871Z INFO typecd[2530]: INFO typecd: [../../../../../tmp/portage/chromeos-base/typecd-0.0.1-r688/work/typecd-0.0.1/platform2/typecd/port.cc:48] Port 1 enumerated.
2026-05-13T17:43:23.138621Z INFO typecd[2530]: INFO typecd: [../../../../../tmp/portage/chromeos-base/typecd-0.0.1-r688/work/typecd-0.0.1/platform2/typecd/port.cc:48] Port 0 enumerated.
